Log file open, 03/15/16 11:58:19
LogInit:Display: Running engine for game: Learning
LogPlatformFile: Not using cached read wrapper
LogInit:Display: RandInit(-195696461) SRandInit(-195696459).
LogInit: Using version manifest at CL 0 with build ID '522db101-c336-4385-9103-ce87a654d5e1'
LogTaskGraph: Started task graph with 4 named threads and 5 total threads.
LogStats: Stats thread started at 0.147874
OCULUS: Info: 03/15/16 11:58:19: [CAPI] LibOVR module is located at C:\Windows\SYSTEM32\LibOVRRT64_0_8.dll

OCULUS: Info: 03/15/16 11:58:19: [IPC] Call Stats for SetInitialState : x1: C2S=22.2275, S2C=3.83234, Runtime=62.8503 (microseconds) C2Ssize=80, S2Csize=81 (bytes)

OCULUS: Info: 03/15/16 11:58:19: [IPC] Call Stats for IsLatencyTesterAvailable : x1: C2S=56.9741, S2C=2.81038, Runtime=0.766467 (microseconds) C2Ssize=33, S2Csize=18 (bytes)

LogInit: Version: 4.11.0-0+UE4
LogInit: API Version: 0
LogInit: Compiled (64-bit): Mar 14 2016 17:29:30
LogInit: Compiled with Visual C++: 19.00.23506.00
LogInit: Build Configuration: Debug
LogInit: Branch Name: UE4
LogInit: Command line:  -debug
LogInit: Base directory: C:/Users/Jack/Documents/GitHub/UnrealEngine/Engine/Binaries/Win64/
LogInit: Installed Engine Build: 0
LogInit: Using libcurl 7.41.0
LogInit:  - built for x86_64-pc-win32
LogInit:  - supports SSL with WinSSL
LogInit:  - other features:
LogInit:      CURL_VERSION_SSL
LogInit:      CURL_VERSION_IPV6
LogInit:      CURL_VERSION_ASYNCHDNS
LogInit:      CURL_VERSION_LARGEFILE
LogInit:      CURL_VERSION_IDN
LogInit:  CurlRequestOptions (configurable via config and command line):
LogInit:  - bVerifyPeer = true  - Libcurl will verify peer certificate
LogInit:  - bUseHttpProxy = false  - Libcurl will NOT use HTTP proxy
LogInit:  - bDontReuseConnections = false  - Libcurl will reuse connections
LogInit:  - CertBundlePath = nullptr  - Libcurl will use whatever was configured at build time.
LogInit: Presizing for max 16777216 objects, including 0 objects not considered by GC, pre-allocating 0 bytes for permanent pool.
LogInit: Object subsystem initialized
[2016.03.15-11.58.19:778][  0]LogInit: Selected Device Profile: [Windows]
[2016.03.15-11.58.19:778][  0]LogInit: Applying CVar settings loaded from the selected device profile: [Windows]
[2016.03.15-11.58.19:796][  0]LogInit: Computer: JACK
[2016.03.15-11.58.19:796][  0]LogInit: User: Jack
[2016.03.15-11.58.19:796][  0]LogInit: CPU Page size=65536, Cores=2
[2016.03.15-11.58.19:796][  0]LogInit: High frequency timer resolution =3.914062 MHz
[2016.03.15-11.58.19:797][  0]LogMemory: Memory total: Physical=15.9GB (16GB approx)
[2016.03.15-11.58.19:797][  0]LogMemory: Platform Memory Stats for Windows
[2016.03.15-11.58.19:797][  0]LogMemory: Process Physical Memory: 322.38 MB used, 322.38 MB peak
[2016.03.15-11.58.19:797][  0]LogMemory: Process Virtual Memory: 313.61 MB used, 313.61 MB peak
[2016.03.15-11.58.19:797][  0]LogMemory: Physical Memory: 7152.63 MB used, 16304.48 MB total
[2016.03.15-11.58.19:797][  0]LogMemory: Virtual Memory: 772.43 MB used, 134217728.00 MB total
[2016.03.15-11.58.19:915][  0]LogPhysics:Warning: PHYSX: ..\..\module\clothing\src\ModuleClothing.cpp (386) 2 : physx::apex::clothing::ModuleClothing::ModuleClothing: Failed to load the GPU dll 'APEX_ClothingGPUPROFILE_x64.dll'
[2016.03.15-11.58.19:920][  0]LogTextLocalizationManager: No specific translations for ('en-GB') exist, so ('en') translations will be used.
[2016.03.15-11.58.20:551][  0]LogD3D11RHI: D3D11 adapters:
[2016.03.15-11.58.20:614][  0]LogD3D11RHI:    0. 'NVIDIA GeForce GTX 980 Ti' (Feature Level 11_0)
[2016.03.15-11.58.20:614][  0]LogD3D11RHI:       6047MB of dedicated video memory, 0MB of dedicated system memory, and 8152MB of shared system memory, 1 output[s]
[2016.03.15-11.58.20:618][  0]LogD3D11RHI:    1. 'Microsoft Basic Render Driver' (Feature Level 11_0)
[2016.03.15-11.58.20:618][  0]LogD3D11RHI:       0MB of dedicated video memory, 0MB of dedicated system memory, and 8152MB of shared system memory, 0 output[s]
[2016.03.15-11.58.20:618][  0]LogD3D11RHI: Chosen D3D11 Adapter: 0
[2016.03.15-11.58.20:622][  0]LogD3D11RHI: Creating new Direct3DDevice
[2016.03.15-11.58.20:622][  0]LogD3D11RHI:     Adapter Name: NVIDIA GeForce GTX 980 Ti
[2016.03.15-11.58.20:622][  0]LogD3D11RHI:   Driver Version: Unknown (internal Unknown)
[2016.03.15-11.58.20:622][  0]LogD3D11RHI:      Driver Date: Unknown
[2016.03.15-11.58.20:622][  0]LogRHI: Texture pool is 1361 MB (70% of 1945 MB)
[2016.03.15-11.58.20:636][  0]LogD3D11RHI: Async texture creation enabled
[2016.03.15-11.58.20:651][  0]LogShaderCompilers: Guid format shader working directory is 21 characters bigger than the processId version (../../../../UE4/Learning/Intermediate/Shaders/WorkingDirectory/4828/).
[2016.03.15-11.58.20:651][  0]LogShaderCompilers: Cleaned the shader compiler working directory 'C:/Users/Jack/AppData/Local/Temp/UnrealShaderWorkingDir/5B7BFFB643DBF1A7868E9DA5C1B0E7CA/'.
[2016.03.15-11.58.20:651][  0]LogShaderCompilers:Display: Using Local Shader Compiler.
[2016.03.15-11.58.21:668][  0]LogTemp:Display: Loaded TP WindowsTargetPlatform
[2016.03.15-11.58.21:684][  0]LogTemp:Display: Loaded TP WindowsNoEditorTargetPlatform
[2016.03.15-11.58.21:702][  0]LogTemp:Display: Loaded TP WindowsServerTargetPlatform
[2016.03.15-11.58.21:716][  0]LogTemp:Display: Loaded TP WindowsClientTargetPlatform
[2016.03.15-11.58.21:730][  0]LogTemp:Display: Loaded TP AllDesktopTargetPlatform
[2016.03.15-11.58.21:745][  0]LogTemp:Display: Loaded TP AndroidTargetPlatform
[2016.03.15-11.58.21:761][  0]LogTemp:Display: Loaded TP Android_PVRTCTargetPlatform
[2016.03.15-11.58.21:772][  0]LogTemp:Display: Loaded TP Android_ATCTargetPlatform
[2016.03.15-11.58.21:786][  0]LogTemp:Display: Loaded TP Android_DXTTargetPlatform
[2016.03.15-11.58.21:797][  0]LogTemp:Display: Loaded TP Android_ETC1TargetPlatform
[2016.03.15-11.58.21:811][  0]LogTemp:Display: Loaded TP Android_ETC2TargetPlatform
[2016.03.15-11.58.21:824][  0]LogTemp:Display: Loaded TP Android_ASTCTargetPlatform
[2016.03.15-11.58.21:835][  0]LogTemp:Display: Loaded TP Android_MultiTargetPlatform
[2016.03.15-11.58.21:843][  0]LogTemp:Display: Loaded TP HTML5TargetPlatform
[2016.03.15-11.58.21:885][  0]LogTemp:Display: Loaded TP IOSTargetPlatform
[2016.03.15-11.58.21:898][  0]LogTemp:Display: Loaded TP TVOSTargetPlatform
[2016.03.15-11.58.21:898][  0]LogTargetPlatformManager:Display: Building Assets For Windows
[2016.03.15-11.58.22:131][  0]LogDerivedDataCache:Display: Max Cache Size: 512 MB
[2016.03.15-11.58.22:172][  0]LogDerivedDataCache: Loaded boot cache 0.04s 47MB ../../../../UE4/Learning/DerivedDataCache/Boot.ddc.
[2016.03.15-11.58.22:172][  0]LogDerivedDataCache:Display: Loaded Boot cache: ../../../../UE4/Learning/DerivedDataCache/Boot.ddc
[2016.03.15-11.58.22:172][  0]LogDerivedDataCache: FDerivedDataBackendGraph:  Pak pak cache file ../../../../UE4/Learning/DerivedDataCache/DDC.ddp not found, will not use a pak cache.
[2016.03.15-11.58.22:172][  0]LogDerivedDataCache: Unable to find inner node Pak for hierarchical cache Hierarchy.
[2016.03.15-11.58.22:172][  0]LogDerivedDataCache: FDerivedDataBackendGraph:  EnginePak pak cache file ../../../Engine/DerivedDataCache/DDC.ddp not found, will not use a pak cache.
[2016.03.15-11.58.22:173][  0]LogDerivedDataCache: Unable to find inner node EnginePak for hierarchical cache Hierarchy.
[2016.03.15-11.58.22:187][  0]LogDerivedDataCache: Using Local data cache path ../../../Engine/DerivedDataCache: Writable
[2016.03.15-11.58.22:187][  0]LogDerivedDataCache: Shared data cache path not found in *engine.ini, will not use an Shared cache.
[2016.03.15-11.58.22:187][  0]LogDerivedDataCache: Unable to find inner node Shared for hierarchical cache Hierarchy.
[2016.03.15-11.58.22:604][  0]LogInit: Selected Device Profile: [Windows]
[2016.03.15-11.58.22:605][  0]LogContentStreaming: Texture pool size is 0.00 MB
[2016.03.15-11.58.22:677][  0]LogMaterial: Uniform references updated for custom material expression Custom.
[2016.03.15-11.58.22:974][  0]LogMeshUtilities: No automatic mesh reduction module available
[2016.03.15-11.58.22:974][  0]LogMeshUtilities: No automatic mesh merging module available
[2016.03.15-11.58.22:974][  0]LogMeshUtilities: No distributed automatic mesh merging module available
[2016.03.15-11.58.23:363][  0]LogInit: WinSock: version 1.1 (2.2), MaxSocks=32767, MaxUdp=65467
[2016.03.15-11.58.23:734][  0]LogSlate: SlateFontCache - WITH_FREETYPE: 1, WITH_HARFBUZZ: 1
[2016.03.15-11.58.23:734][  0]LogSlate: SlateFontCache - WITH_FREETYPE: 1, WITH_HARFBUZZ: 1
[2016.03.15-11.58.23:811][  0]LogStreaming:Warning: Failed to read file '../../../Engine/Content/Editor/Slate/Common/Selection_16x.png' error.
[2016.03.15-11.58.23:811][  0]LogSlate: Could not find file for Slate resource: ../../../Engine/Content/Editor/Slate/Common/Selection_16x.png
[2016.03.15-11.58.23:811][  0]LogStreaming:Warning: Failed to read file '../../../Engine/Content/Editor/Slate/Common/Selection_16x.png' error.
[2016.03.15-11.58.23:812][  0]LogSlate: Could not find file for Slate resource: ../../../Engine/Content/Editor/Slate/Common/Selection_16x.png
[2016.03.15-11.58.23:812][  0]LogStreaming:Warning: Failed to read file '../../../Engine/Content/Editor/Slate/Common/Selection_16x.png' error.
[2016.03.15-11.58.23:812][  0]LogSlate: Could not find file for Slate resource: ../../../Engine/Content/Editor/Slate/Common/Selection_16x.png
[2016.03.15-11.58.24:400][  0]LogUdpMessaging: Initializing bridge on interface 0.0.0.0:0 to multicast group 230.0.0.1:6666.
[2016.03.15-11.58.24:566][  0]LogAssetRegistry: FAssetRegistry took 0.0262 seconds to start up
[2016.03.15-11.58.24:993][  0]SourceControl: Info Source control is disabled
[2016.03.15-11.58.24:994][  0]SourceControl: Info Source control is disabled
[2016.03.15-11.58.25:019][  0]SourceControl: Info Source control is disabled
[2016.03.15-11.58.25:042][  0]SourceControl: Info Source control is disabled
[2016.03.15-11.58.25:479][  0]LogUObjectArray: 30022 objects as part of root set at end of initial load.
[2016.03.15-11.58.25:479][  0]LogUObjectAllocator: 6411960 out of 0 bytes used by permanent object pool.
[2016.03.15-11.58.25:479][  0]LogUObjectArray: CloseDisregardForGC: 0/0 objects in disregard for GC pool
[2016.03.15-11.58.25:613][  0]LogEngine: Initializing Engine...
[2016.03.15-11.58.26:379][  0]LogHMD: SteamVR failed to initialize.  Err: 108
[2016.03.15-11.58.26:748][  0]LogAIModule: Creating AISystem for world NewWorld
[2016.03.15-11.58.26:763][  0]LogInit: XAudio2 using 'Speakers (Realtek High Definition Audio)' : 2 channels at 48 kHz using 32 bits per sample (channel mask 0x3)
[2016.03.15-11.58.26:846][  0]LogInit: FAudioDevice initialized.
[2016.03.15-11.58.26:865][  0]LogDerivedDataCache: Saved boot cache 0.02s 47MB ../../../../UE4/Learning/DerivedDataCache/Boot.ddc.
[2016.03.15-11.58.26:868][  0]LogInit: Texture streaming: Enabled
[2016.03.15-11.58.26:928][  0]LogInit: Transaction tracking system initialized
[2016.03.15-11.58.27:004][  0]BlueprintLog: New page: Editor Load
[2016.03.15-11.58.27:273][  0]LocalizationService: Info Localization service is disabled
[2016.03.15-11.58.27:466][  0]LogConsoleResponse:Display: 
[2016.03.15-11.58.27:679][  0]LogCook:Display: Max memory allowance for cook 8192mb
[2016.03.15-11.58.27:679][  0]LogCook:Display: Mobile HDR setting 1
[2016.03.15-11.58.27:679][  0]LogCook:Display: Done creating registry. It took  0.00s.
[2016.03.15-11.58.27:826][  0]LogFileCache: Scanning file cache for directory 'C:/Users/Jack/Documents/GitHub/UE4/Learning/Content/' took 0.02s
[2016.03.15-11.58.27:826][  0]SourceControl: Info Source control is disabled
[2016.03.15-11.58.27:826][  0]Cmd: MAP LOAD FILE="../../../../UE4/Learning/Content/StarterContent/Maps/Minimal_Default.umap" TEMPLATE=0 SHOWPROGRESS=1 FEATURELEVEL=3
[2016.03.15-11.58.27:827][  0]LightingResults: New page: Lighting Build
[2016.03.15-11.58.27:833][  0]MapCheck: New page: Map Check
[2016.03.15-11.58.27:833][  0]LightingResults: New page: Lighting Build
[2016.03.15-11.58.28:612][  0]LogAIModule: Creating AISystem for world Minimal_Default
[2016.03.15-11.58.28:628][  0]LogEditorServer: Finished looking for orphan Actors (0.000 secs)
[2016.03.15-11.58.28:629][  0]Cmd: MAP CHECKDEP NOCLEARLOG
[2016.03.15-11.58.28:678][  0]MapCheck: Info Map check complete: 0 Error(s), 0 Warning(s), took 47.962ms to complete.
[2016.03.15-11.58.28:678][  0]LogFileHelpers: Loading map 'Minimal_Default' took 0.852
[2016.03.15-11.58.28:850][  0]LogCollectionManager: Loaded 0 collections in 0.002890 seconds
[2016.03.15-11.58.28:899][  0]LogFileCache: Scanning file cache for directory 'C:/Users/Jack/Documents/GitHub/UE4/Learning/Saved/Collections/' took 0.01s
[2016.03.15-11.58.28:900][  0]LogFileCache: Scanning file cache for directory 'C:/Users/Jack/Documents/GitHub/UE4/Learning/Content/Developers/Jack/Collections/' took 0.01s
[2016.03.15-11.58.28:900][  0]LogFileCache: Scanning file cache for directory 'C:/Users/Jack/Documents/GitHub/UE4/Learning/Content/Collections/' took 0.01s
[2016.03.15-11.58.28:900][  0]LogCollectionManager: Rebuilt the GUID cache for 0 collections in 0.000002 seconds
[2016.03.15-11.58.28:922][  0]LogContentBrowser: Native class hierarchy populated in 0.0226 seconds. Added 1986 classes and 346 folders.
[2016.03.15-11.58.28:928][  0]LogStats: UGameplayTagsManager::ConstructGameplayTagTree: Construct from data asset -  0.000 s
[2016.03.15-11.58.28:928][  0]LogStats: UGameplayTagsManager::ConstructGameplayTagTree: GameplayTagTreeChangedEvent.Broadcast -  0.000 s
[2016.03.15-11.58.28:930][  0]LogContentBrowser: Native class hierarchy updated for 'GameplayTags' in 0.0014 seconds. Added 12 classes and 0 folders.
[2016.03.15-11.58.28:941][  0]LogContentBrowser: Native class hierarchy updated for 'WidgetCarousel' in 0.0018 seconds. Added 0 classes and 0 folders.
[2016.03.15-11.58.28:996][  0]LogContentBrowser: Native class hierarchy updated for 'AddContentDialog' in 0.0012 seconds. Added 0 classes and 0 folders.
[2016.03.15-11.58.29:011][  0]LogContentBrowser: Native class hierarchy updated for 'SceneOutliner' in 0.0013 seconds. Added 1 classes and 2 folders.
[2016.03.15-11.58.29:052][  0]LogCrashTracker: Crashtracker disabled due to settings.
[2016.03.15-11.58.29:127][  0]LogContentBrowser: Native class hierarchy updated for 'HierarchicalLODOutliner' in 0.0020 seconds. Added 1 classes and 2 folders.
[2016.03.15-11.58.29:127][  0]LogLoad: Full Startup: 11.24 seconds (BP compile: 0.13 seconds)
[2016.03.15-11.58.29:127][  0]LogExternalProfiler:Warning: No registered external profiler was matched with a command-line switch (or the DLL could not be loaded).  External profiling features will not be available.
[2016.03.15-11.58.29:137][  0]LogOcInput: OculusInput is initialized. Init status 0. Runtime version: 0.8.0.0
[2016.03.15-11.58.29:202][  0]LogContentStreaming: Texture pool size now 1000 MB
[2016.03.15-11.58.29:451][  0]LogRenderer: Reallocating scene render targets to support 1616x808 (Frame:2).
[2016.03.15-11.58.29:784][  3]LogAssetRegistry: Asset discovery search completed in 5.2433 seconds
[2016.03.15-11.58.29:784][  3]LogCollectionManager: Rebuilt the object cache for 0 collections in 0.000001 seconds (found 0 objects)
[2016.03.15-11.58.29:784][  3]LogCollectionManager: Fixed up redirectors for 0 collections in 0.000090 seconds (updated 0 objects)
[2016.03.15-11.58.32:243][143]LogEditorViewport: Clicking on Actor (LMB): FloatingActor (FloatingActor)
[2016.03.15-11.58.43:563][546]Cmd: OBJ SAVEPACKAGE PACKAGE="/Game/StarterContent/Maps/Minimal_Default" FILE="../../../../UE4/Learning/Content/StarterContent/Maps/Minimal_Default.umap" SILENT=true AUTOSAVING=false KEEPDIRTY=false
[2016.03.15-11.58.43:923][546]LogSavePackage: Save=252.12ms
[2016.03.15-11.58.43:923][546]LogSavePackage: Moving '../../../../UE4/Learning/Saved/Minimal_Default30F7B43440575F50FA5870804347D624.tmp' to '../../../../UE4/Learning/Content/StarterContent/Maps/Minimal_Default.umap'
[2016.03.15-11.58.43:928][546]LogSavePackage: Total save time: 257.75ms
[2016.03.15-11.58.43:928][546]LogSavePackage:Display: Finished SavePackage ../../../../UE4/Learning/Content/StarterContent/Maps/Minimal_Default.umap
[2016.03.15-11.58.45:375][602]Recompiling Learning...
[2016.03.15-11.58.45:375][602]Building UnrealBuildTool...
[2016.03.15-11.58.45:375][602]Building UnrealBuildTool in C:/Users/Jack/Documents/GitHub/UnrealEngine/...
[2016.03.15-11.58.45:376][602]Running: C:\Windows\system32\cmd.exe /c "C:\Users\Jack\Documents\GitHub\UnrealEngine\Engine\Intermediate\Build\UnrealBuildTool\BuildUBT.bat"
[2016.03.15-11.58.47:179][602]Launching UnrealBuildTool... [C:/Users/Jack/Documents/GitHub/UnrealEngine/Engine/Binaries/DotNET/UnrealBuildTool.exe Learning -ModuleWithSuffix Learning 3489 Win64 Debug -editorrecompile -canskiplink "C:/Users/Jack/Documents/GitHub/UE4/Learning/Learning.uproject"  -2015]
[2016.03.15-11.58.47:194][602]Warning: Starting HotReload took  1.8s.
[2016.03.15-11.58.52:252][762]CompilerResultsLog: New page: Compilation - 15 Mar 2016 11:58:52
[2016.03.15-11.58.52:252][762]CompilerResultsLog: Info Creating makefile for hot reloading Learning (working set of source files changed)
[2016.03.15-11.58.52:253][762]CompilerResultsLog: Info Compiling game modules for hot reload
[2016.03.15-11.58.52:253][762]CompilerResultsLog: Info Target is up to date
[2016.03.15-11.58.52:253][762]LogMainFrame: MainFrame: Module compiling took 6.882 seconds
[2016.03.15-11.58.54:052][827]LogBlueprintUserMessages: Early PlayInEditor Detection: Level '/Game/StarterContent/Maps/Minimal_Default.Minimal_Default:PersistentLevel' has LevelScriptBlueprint '/Game/StarterContent/Maps/Minimal_Default.Minimal_Default:PersistentLevel.Minimal_Default' with GeneratedClass '/Game/StarterContent/Maps/Minimal_Default.Minimal_Default_C' with ClassGeneratedBy '/Game/StarterContent/Maps/Minimal_Default.Minimal_Default:PersistentLevel.Minimal_Default'
[2016.03.15-11.58.54:052][827]LogPlayLevel: PlayLevel: No blueprints needed recompiling
[2016.03.15-11.58.54:053][827]PIE: New page: PIE session: Minimal_Default (15 Mar 2016 11:58:54)
[2016.03.15-11.58.54:053][827]LogPlayLevel: Creating play world package: /Game/StarterContent/Maps/UEDPIE_0_Minimal_Default
[2016.03.15-11.58.54:063][827]LogPlayLevel: PIE: StaticDuplicateObject took: (0.010096s)
[2016.03.15-11.58.54:064][827]LogAIModule: Creating AISystem for world Minimal_Default
[2016.03.15-11.58.54:065][827]LogPlayLevel: PIE: World Init took: (0.001097s)
[2016.03.15-11.58.54:065][827]LogPlayLevel: PIE: Created PIE world by copying editor world from /Game/StarterContent/Maps/Minimal_Default.Minimal_Default to /Game/StarterContent/Maps/UEDPIE_0_Minimal_Default.Minimal_Default (0.011939s)
[2016.03.15-11.58.54:154][827]LogInit: XAudio2 using 'Speakers (Realtek High Definition Audio)' : 2 channels at 48 kHz using 32 bits per sample (channel mask 0x3)
[2016.03.15-11.58.54:189][827]LogInit: FAudioDevice initialized.
[2016.03.15-11.58.54:256][827]LogWorld: Game class is 'LearningGameMode'
[2016.03.15-11.58.54:260][827]LogWorld: Bringing World /Game/StarterContent/Maps/UEDPIE_0_Minimal_Default.Minimal_Default up for play (max tick rate 0) at 2016.03.15-11.58.54
[2016.03.15-11.58.54:261][827]LogWorld: Bringing up level for play took: 0.003984
[2016.03.15-11.58.54:283][827]LogContentBrowser: Native class hierarchy updated for 'MovieSceneCapture' in 0.0013 seconds. Added 9 classes and 0 folders.
[2016.03.15-11.58.54:285][827]PIE: Info Play in editor start time for /Game/StarterContent/Maps/UEDPIE_0_Minimal_Default 0.971
[2016.03.15-11.58.54:285][827]LogBlueprintUserMessages: Late PlayInEditor Detection: Level '/Game/StarterContent/Maps/Minimal_Default.Minimal_Default:PersistentLevel' has LevelScriptBlueprint '/Game/StarterContent/Maps/Minimal_Default.Minimal_Default:PersistentLevel.Minimal_Default' with GeneratedClass '/Game/StarterContent/Maps/Minimal_Default.Minimal_Default_C' with ClassGeneratedBy '/Game/StarterContent/Maps/Minimal_Default.Minimal_Default:PersistentLevel.Minimal_Default'
[2016.03.15-11.59.05:357][450]LogBlueprintUserMessages: Early EndPlayMap Detection: Level '/Game/StarterContent/Maps/Minimal_Default.Minimal_Default:PersistentLevel' has LevelScriptBlueprint '/Game/StarterContent/Maps/Minimal_Default.Minimal_Default:PersistentLevel.Minimal_Default' with GeneratedClass '/Game/StarterContent/Maps/Minimal_Default.Minimal_Default_C' with ClassGeneratedBy '/Game/StarterContent/Maps/Minimal_Default.Minimal_Default:PersistentLevel.Minimal_Default'
[2016.03.15-11.59.05:414][450]LogBlueprintUserMessages: Late EndPlayMap Detection: Level '/Game/StarterContent/Maps/Minimal_Default.Minimal_Default:PersistentLevel' has LevelScriptBlueprint '/Game/StarterContent/Maps/Minimal_Default.Minimal_Default:PersistentLevel.Minimal_Default' with GeneratedClass '/Game/StarterContent/Maps/Minimal_Default.Minimal_Default_C' with ClassGeneratedBy '/Game/StarterContent/Maps/Minimal_Default.Minimal_Default:PersistentLevel.Minimal_Default'
[2016.03.15-11.59.14:767][570]Cmd: OBJ SAVEPACKAGE PACKAGE="/Game/StarterContent/Maps/Minimal_Default" FILE="../../../../UE4/Learning/Content/StarterContent/Maps/Minimal_Default.umap" SILENT=true AUTOSAVING=false KEEPDIRTY=false
[2016.03.15-11.59.15:114][570]LogSavePackage: Save=262.76ms
[2016.03.15-11.59.15:114][570]LogSavePackage: Moving '../../../../UE4/Learning/Saved/Minimal_Default92DA6CA442AC5AC495D9CF8E7664781D.tmp' to '../../../../UE4/Learning/Content/StarterContent/Maps/Minimal_Default.umap'
[2016.03.15-11.59.15:116][570]LogSavePackage: Total save time: 267.21ms
[2016.03.15-11.59.15:116][570]LogSavePackage:Display: Finished SavePackage ../../../../UE4/Learning/Content/StarterContent/Maps/Minimal_Default.umap
[2016.03.15-11.59.16:016][599]Recompiling Learning...
[2016.03.15-11.59.16:016][599]Launching UnrealBuildTool... [C:/Users/Jack/Documents/GitHub/UnrealEngine/Engine/Binaries/DotNET/UnrealBuildTool.exe Learning -ModuleWithSuffix Learning 4308 Win64 Debug -editorrecompile -canskiplink "C:/Users/Jack/Documents/GitHub/UE4/Learning/Learning.uproject"  -2015]
[2016.03.15-11.59.16:027][599]Warning: Starting HotReload took  0.0s.
[2016.03.15-11.59.27:749][  6]CompilerResultsLog: New page: Compilation - 15 Mar 2016 11:59:27
[2016.03.15-11.59.27:749][  6]CompilerResultsLog: Info Creating makefile for hot reloading Learning (working set of source files changed)
[2016.03.15-11.59.27:749][  6]CompilerResultsLog: Info Compiling game modules for hot reload
[2016.03.15-11.59.27:749][  6]CompilerResultsLog: Info Building UnrealHeaderTool...
[2016.03.15-11.59.27:749][  6]CompilerResultsLog: Info Target is up to date
[2016.03.15-11.59.27:749][  6]CompilerResultsLog: Info Parsing headers for LearningEditor
[2016.03.15-11.59.27:750][  6]CompilerResultsLog: Info   Running UnrealHeaderTool "C:\Users\Jack\Documents\GitHub\UE4\Learning\Learning.uproject" "C:\Users\Jack\Documents\GitHub\UE4\Learning\Intermediate\Build\Win64\LearningEditor\Debug\UnrealHeaderTool.manifest" -LogCmds="loginit warning, logexit warning, logdatabase error" -Unattended -WarningsAsErrors
[2016.03.15-11.59.27:750][  6]CompilerResultsLog: Info Reflection code generated for LearningEditor in 3.6103306 seconds
[2016.03.15-11.59.27:750][  6]CompilerResultsLog: Info Performing 2 actions (2 in parallel)
[2016.03.15-11.59.27:750][  6]CompilerResultsLog: Info FloatingActor.cpp
[2016.03.15-11.59.27:750][  6]CompilerResultsLog: Info [2/2] Link UE4Editor-Learning-4308-Win64-Debug.dll
[2016.03.15-11.59.27:750][  6]CompilerResultsLog: Info    Creating library C:\Users\Jack\Documents\GitHub\UE4\Learning\Intermediate\Build\Win64\UE4Editor\Debug\UE4Editor-Learning-4308-Win64-Debug.lib and object C:\Users\Jack\Documents\GitHub\UE4\Learning\Intermediate\Build\Win64\UE4Editor\Debug\UE4Editor-Learning-4308-Win64-Debug.exp
[2016.03.15-11.59.27:750][  6]CompilerResultsLog: Info -------- End Detailed Actions Stats -----------------------------------------------------------
[2016.03.15-11.59.27:750][  6]CompilerResultsLog: Info Total build time: 11.65 seconds
[2016.03.15-11.59.27:751][  6]LogMainFrame: MainFrame: Module compiling took 11.742 seconds
[2016.03.15-11.59.27:872][  6]LogContentBrowser: Native class hierarchy updated for 'Learning' in 0.0019 seconds. Added 2 classes and 2 folders.
[2016.03.15-11.59.27:875][  6]Warning: HotReload successful (0 functions remapped  0 scriptstructs remapped)
[2016.03.15-11.59.28:085][  6]LogContentBrowser: Native class hierarchy populated in 0.0244 seconds. Added 1988 classes and 350 folders.
[2016.03.15-11.59.28:086][  6]Warning: HotReload took 12.1s.
[2016.03.15-11.59.29:664][ 62]LogBlueprintUserMessages: Early PlayInEditor Detection: Level '/Game/StarterContent/Maps/Minimal_Default.Minimal_Default:PersistentLevel' has LevelScriptBlueprint '/Game/StarterContent/Maps/Minimal_Default.Minimal_Default:PersistentLevel.Minimal_Default' with GeneratedClass '/Game/StarterContent/Maps/Minimal_Default.Minimal_Default_C' with ClassGeneratedBy '/Game/StarterContent/Maps/Minimal_Default.Minimal_Default:PersistentLevel.Minimal_Default'
[2016.03.15-11.59.29:664][ 62]LogPlayLevel: PlayLevel: No blueprints needed recompiling
[2016.03.15-11.59.29:665][ 62]PIE: New page: PIE session: Minimal_Default (15 Mar 2016 11:59:29)
[2016.03.15-11.59.29:665][ 62]LogPlayLevel: Creating play world package: /Game/StarterContent/Maps/UEDPIE_0_Minimal_Default
[2016.03.15-11.59.29:675][ 62]LogPlayLevel: PIE: StaticDuplicateObject took: (0.010119s)
[2016.03.15-11.59.29:676][ 62]LogAIModule: Creating AISystem for world Minimal_Default
[2016.03.15-11.59.29:677][ 62]LogPlayLevel: PIE: World Init took: (0.001084s)
[2016.03.15-11.59.29:677][ 62]LogPlayLevel: PIE: Created PIE world by copying editor world from /Game/StarterContent/Maps/Minimal_Default.Minimal_Default to /Game/StarterContent/Maps/UEDPIE_0_Minimal_Default.Minimal_Default (0.011988s)
[2016.03.15-11.59.29:766][ 62]LogInit: XAudio2 using 'Speakers (Realtek High Definition Audio)' : 2 channels at 48 kHz using 32 bits per sample (channel mask 0x3)
[2016.03.15-11.59.29:798][ 62]LogInit: FAudioDevice initialized.
[2016.03.15-11.59.29:849][ 62]LogWorld: Game class is 'LearningGameMode'
[2016.03.15-11.59.29:853][ 62]LogWorld: Bringing World /Game/StarterContent/Maps/UEDPIE_0_Minimal_Default.Minimal_Default up for play (max tick rate 0) at 2016.03.15-11.59.29
[2016.03.15-11.59.29:854][ 62]LogWorld: Bringing up level for play took: 0.004027
[2016.03.15-11.59.29:857][ 62]PIE: Info Play in editor start time for /Game/StarterContent/Maps/UEDPIE_0_Minimal_Default 0.544
[2016.03.15-11.59.29:858][ 62]LogBlueprintUserMessages: Late PlayInEditor Detection: Level '/Game/StarterContent/Maps/Minimal_Default.Minimal_Default:PersistentLevel' has LevelScriptBlueprint '/Game/StarterContent/Maps/Minimal_Default.Minimal_Default:PersistentLevel.Minimal_Default' with GeneratedClass '/Game/StarterContent/Maps/Minimal_Default.Minimal_Default_C' with ClassGeneratedBy '/Game/StarterContent/Maps/Minimal_Default.Minimal_Default:PersistentLevel.Minimal_Default'
[2016.03.15-11.59.53:068][512]LogBlueprintUserMessages: Early EndPlayMap Detection: Level '/Game/StarterContent/Maps/Minimal_Default.Minimal_Default:PersistentLevel' has LevelScriptBlueprint '/Game/StarterContent/Maps/Minimal_Default.Minimal_Default:PersistentLevel.Minimal_Default' with GeneratedClass '/Game/StarterContent/Maps/Minimal_Default.Minimal_Default_C' with ClassGeneratedBy '/Game/StarterContent/Maps/Minimal_Default.Minimal_Default:PersistentLevel.Minimal_Default'
[2016.03.15-11.59.53:120][512]LogBlueprintUserMessages: Late EndPlayMap Detection: Level '/Game/StarterContent/Maps/Minimal_Default.Minimal_Default:PersistentLevel' has LevelScriptBlueprint '/Game/StarterContent/Maps/Minimal_Default.Minimal_Default:PersistentLevel.Minimal_Default' with GeneratedClass '/Game/StarterContent/Maps/Minimal_Default.Minimal_Default_C' with ClassGeneratedBy '/Game/StarterContent/Maps/Minimal_Default.Minimal_Default:PersistentLevel.Minimal_Default'
[2016.03.15-12.00.12:459][661]Recompiling Learning...
[2016.03.15-12.00.12:459][661]Launching UnrealBuildTool... [C:/Users/Jack/Documents/GitHub/UnrealEngine/Engine/Binaries/DotNET/UnrealBuildTool.exe Learning -ModuleWithSuffix Learning 5860 Win64 Debug -editorrecompile -canskiplink "C:/Users/Jack/Documents/GitHub/UE4/Learning/Learning.uproject"  -2015]
[2016.03.15-12.00.12:471][661]Warning: Starting HotReload took  0.0s.
[2016.03.15-12.00.24:194][ 64]CompilerResultsLog: New page: Compilation - 15 Mar 2016 12:00:24
[2016.03.15-12.00.24:195][ 64]CompilerResultsLog: Info Creating makefile for hot reloading Learning (working set of source files changed)
[2016.03.15-12.00.24:196][ 64]CompilerResultsLog: Info Compiling game modules for hot reload
[2016.03.15-12.00.24:196][ 64]CompilerResultsLog: Info Building UnrealHeaderTool...
[2016.03.15-12.00.24:196][ 64]CompilerResultsLog: Info Target is up to date
[2016.03.15-12.00.24:196][ 64]CompilerResultsLog: Info Parsing headers for LearningEditor
[2016.03.15-12.00.24:196][ 64]CompilerResultsLog: Info   Running UnrealHeaderTool "C:\Users\Jack\Documents\GitHub\UE4\Learning\Learning.uproject" "C:\Users\Jack\Documents\GitHub\UE4\Learning\Intermediate\Build\Win64\LearningEditor\Debug\UnrealHeaderTool.manifest" -LogCmds="loginit warning, logexit warning, logdatabase error" -Unattended -WarningsAsErrors
[2016.03.15-12.00.24:196][ 64]CompilerResultsLog: Info Reflection code generated for LearningEditor in 3.5367996 seconds
[2016.03.15-12.00.24:197][ 64]CompilerResultsLog: Info Performing 2 actions (2 in parallel)
[2016.03.15-12.00.24:197][ 64]CompilerResultsLog: Info FloatingActor.cpp
[2016.03.15-12.00.24:197][ 64]CompilerResultsLog: Info [2/2] Link UE4Editor-Learning-5860-Win64-Debug.dll
[2016.03.15-12.00.24:197][ 64]CompilerResultsLog: Info    Creating library C:\Users\Jack\Documents\GitHub\UE4\Learning\Intermediate\Build\Win64\UE4Editor\Debug\UE4Editor-Learning-5860-Win64-Debug.lib and object C:\Users\Jack\Documents\GitHub\UE4\Learning\Intermediate\Build\Win64\UE4Editor\Debug\UE4Editor-Learning-5860-Win64-Debug.exp
[2016.03.15-12.00.24:197][ 64]CompilerResultsLog: Info -------- End Detailed Actions Stats -----------------------------------------------------------
[2016.03.15-12.00.24:197][ 64]CompilerResultsLog: Info Total build time: 11.66 seconds
[2016.03.15-12.00.24:197][ 64]LogMainFrame: MainFrame: Module compiling took 11.745 seconds
[2016.03.15-12.00.24:319][ 64]LogContentBrowser: Native class hierarchy updated for 'Learning' in 0.0017 seconds. Added 2 classes and 2 folders.
[2016.03.15-12.00.24:324][ 64]Warning: HotReload successful (0 functions remapped  0 scriptstructs remapped)
[2016.03.15-12.00.24:515][ 64]LogContentBrowser: Native class hierarchy populated in 0.0260 seconds. Added 1988 classes and 350 folders.
[2016.03.15-12.00.24:516][ 64]Warning: HotReload took 12.1s.
[2016.03.15-12.00.25:110][ 85]LogBlueprintUserMessages: Early PlayInEditor Detection: Level '/Game/StarterContent/Maps/Minimal_Default.Minimal_Default:PersistentLevel' has LevelScriptBlueprint '/Game/StarterContent/Maps/Minimal_Default.Minimal_Default:PersistentLevel.Minimal_Default' with GeneratedClass '/Game/StarterContent/Maps/Minimal_Default.Minimal_Default_C' with ClassGeneratedBy '/Game/StarterContent/Maps/Minimal_Default.Minimal_Default:PersistentLevel.Minimal_Default'
[2016.03.15-12.00.25:110][ 85]LogPlayLevel: PlayLevel: No blueprints needed recompiling
[2016.03.15-12.00.25:110][ 85]PIE: New page: PIE session: Minimal_Default (15 Mar 2016 12:00:25)
[2016.03.15-12.00.25:110][ 85]LogPlayLevel: Creating play world package: /Game/StarterContent/Maps/UEDPIE_0_Minimal_Default
[2016.03.15-12.00.25:120][ 85]LogPlayLevel: PIE: StaticDuplicateObject took: (0.009394s)
[2016.03.15-12.00.25:121][ 85]LogAIModule: Creating AISystem for world Minimal_Default
[2016.03.15-12.00.25:121][ 85]LogPlayLevel: PIE: World Init took: (0.000966s)
[2016.03.15-12.00.25:122][ 85]LogPlayLevel: PIE: Created PIE world by copying editor world from /Game/StarterContent/Maps/Minimal_Default.Minimal_Default to /Game/StarterContent/Maps/UEDPIE_0_Minimal_Default.Minimal_Default (0.011086s)
[2016.03.15-12.00.25:202][ 85]LogInit: XAudio2 using 'Speakers (Realtek High Definition Audio)' : 2 channels at 48 kHz using 32 bits per sample (channel mask 0x3)
[2016.03.15-12.00.25:233][ 85]LogInit: FAudioDevice initialized.
[2016.03.15-12.00.25:280][ 85]LogWorld: Game class is 'LearningGameM