Log file open, 03/15/16 18:24:27
LogInit:Display: Running engine for game: Learning
LogPlatformFile: Not using cached read wrapper
LogInit:Display: RandInit(288243139) SRandInit(288243143).
LogInit: Using version manifest at CL 0 with build ID '522db101-c336-4385-9103-ce87a654d5e1'
LogTaskGraph: Started task graph with 4 named threads and 5 total threads.
LogStats: Stats thread started at 0.191116
OCULUS: Info: 03/15/16 18:24:27: [CAPI] LibOVR module is located at C:\Windows\SYSTEM32\LibOVRRT64_0_8.dll

OCULUS: Info: 03/15/16 18:24:27: [IPC] Call Stats for SetInitialState : x1: C2S=48.7984, S2C=4.34331, Runtime=52.1198 (microseconds) C2Ssize=80, S2Csize=81 (bytes)

OCULUS: Info: 03/15/16 18:24:27: [IPC] Call Stats for IsLatencyTesterAvailable : x1: C2S=4.5988, S2C=2.04391, Runtime=1.02196 (microseconds) C2Ssize=33, S2Csize=18 (bytes)

LogInit: Version: 4.11.0-0+UE4
LogInit: API Version: 0
LogInit: Compiled (64-bit): Mar 14 2016 17:29:30
LogInit: Compiled with Visual C++: 19.00.23506.00
LogInit: Build Configuration: Debug
LogInit: Branch Name: UE4
LogInit: Command line:  -debug
LogInit: Base directory: C:/Users/Jack/Documents/GitHub/UnrealEngine/Engine/Binaries/Win64/
LogInit: Installed Engine Build: 0
LogInit: Using libcurl 7.41.0
LogInit:  - built for x86_64-pc-win32
LogInit:  - supports SSL with WinSSL
LogInit:  - other features:
LogInit:      CURL_VERSION_SSL
LogInit:      CURL_VERSION_IPV6
LogInit:      CURL_VERSION_ASYNCHDNS
LogInit:      CURL_VERSION_LARGEFILE
LogInit:      CURL_VERSION_IDN
LogInit:  CurlRequestOptions (configurable via config and command line):
LogInit:  - bVerifyPeer = true  - Libcurl will verify peer certificate
LogInit:  - bUseHttpProxy = false  - Libcurl will NOT use HTTP proxy
LogInit:  - bDontReuseConnections = false  - Libcurl will reuse connections
LogInit:  - CertBundlePath = nullptr  - Libcurl will use whatever was configured at build time.
LogInit: Presizing for max 16777216 objects, including 0 objects not considered by GC, pre-allocating 0 bytes for permanent pool.
LogInit: Object subsystem initialized
[2016.03.15-18.24.28:120][  0]LogInit: Selected Device Profile: [Windows]
[2016.03.15-18.24.28:120][  0]LogInit: Applying CVar settings loaded from the selected device profile: [Windows]
[2016.03.15-18.24.28:145][  0]LogInit: Computer: JACK
[2016.03.15-18.24.28:145][  0]LogInit: User: Jack
[2016.03.15-18.24.28:145][  0]LogInit: CPU Page size=65536, Cores=2
[2016.03.15-18.24.28:145][  0]LogInit: High frequency timer resolution =3.914062 MHz
[2016.03.15-18.24.28:146][  0]LogMemory: Memory total: Physical=15.9GB (16GB approx)
[2016.03.15-18.24.28:146][  0]LogMemory: Platform Memory Stats for Windows
[2016.03.15-18.24.28:146][  0]LogMemory: Process Physical Memory: 322.32 MB used, 322.32 MB peak
[2016.03.15-18.24.28:146][  0]LogMemory: Process Virtual Memory: 313.54 MB used, 313.54 MB peak
[2016.03.15-18.24.28:146][  0]LogMemory: Physical Memory: 7251.74 MB used, 16304.48 MB total
[2016.03.15-18.24.28:146][  0]LogMemory: Virtual Memory: 772.43 MB used, 134217728.00 MB total
[2016.03.15-18.24.28:410][  0]LogPhysics:Warning: PHYSX: ..\..\module\clothing\src\ModuleClothing.cpp (386) 2 : physx::apex::clothing::ModuleClothing::ModuleClothing: Failed to load the GPU dll 'APEX_ClothingGPUPROFILE_x64.dll'
[2016.03.15-18.24.28:417][  0]LogTextLocalizationManager: No specific translations for ('en-GB') exist, so ('en') translations will be used.
[2016.03.15-18.24.29:244][  0]LogD3D11RHI: D3D11 adapters:
[2016.03.15-18.24.29:315][  0]LogD3D11RHI:    0. 'NVIDIA GeForce GTX 980 Ti' (Feature Level 11_0)
[2016.03.15-18.24.29:315][  0]LogD3D11RHI:       6047MB of dedicated video memory, 0MB of dedicated system memory, and 8152MB of shared system memory, 1 output[s]
[2016.03.15-18.24.29:319][  0]LogD3D11RHI:    1. 'Microsoft Basic Render Driver' (Feature Level 11_0)
[2016.03.15-18.24.29:319][  0]LogD3D11RHI:       0MB of dedicated video memory, 0MB of dedicated system memory, and 8152MB of shared system memory, 0 output[s]
[2016.03.15-18.24.29:319][  0]LogD3D11RHI: Chosen D3D11 Adapter: 0
[2016.03.15-18.24.29:324][  0]LogD3D11RHI: Creating new Direct3DDevice
[2016.03.15-18.24.29:324][  0]LogD3D11RHI:     Adapter Name: NVIDIA GeForce GTX 980 Ti
[2016.03.15-18.24.29:324][  0]LogD3D11RHI:   Driver Version: Unknown (internal Unknown)
[2016.03.15-18.24.29:324][  0]LogD3D11RHI:      Driver Date: Unknown
[2016.03.15-18.24.29:324][  0]LogRHI: Texture pool is 1361 MB (70% of 1945 MB)
[2016.03.15-18.24.29:338][  0]LogD3D11RHI: Async texture creation enabled
[2016.03.15-18.24.29:355][  0]LogShaderCompilers: Guid format shader working directory is 20 characters bigger than the processId version (../../../../UE4/Learning/Intermediate/Shaders/WorkingDirectory/12676/).
[2016.03.15-18.24.29:356][  0]LogShaderCompilers: Cleaned the shader compiler working directory 'C:/Users/Jack/AppData/Local/Temp/UnrealShaderWorkingDir/8F5A28E341D4CB0D0E09B5A8F937DBE4/'.
[2016.03.15-18.24.29:357][  0]LogShaderCompilers:Display: Using Local Shader Compiler.
[2016.03.15-18.24.31:641][  0]LogTemp:Display: Loaded TP WindowsTargetPlatform
[2016.03.15-18.24.31:659][  0]LogTemp:Display: Loaded TP WindowsNoEditorTargetPlatform
[2016.03.15-18.24.31:681][  0]LogTemp:Display: Loaded TP WindowsServerTargetPlatform
[2016.03.15-18.24.31:701][  0]LogTemp:Display: Loaded TP WindowsClientTargetPlatform
[2016.03.15-18.24.31:720][  0]LogTemp:Display: Loaded TP AllDesktopTargetPlatform
[2016.03.15-18.24.31:740][  0]LogTemp:Display: Loaded TP AndroidTargetPlatform
[2016.03.15-18.24.31:755][  0]LogTemp:Display: Loaded TP Android_PVRTCTargetPlatform
[2016.03.15-18.24.31:770][  0]LogTemp:Display: Loaded TP Android_ATCTargetPlatform
[2016.03.15-18.24.31:784][  0]LogTemp:Display: Loaded TP Android_DXTTargetPlatform
[2016.03.15-18.24.31:799][  0]LogTemp:Display: Loaded TP Android_ETC1TargetPlatform
[2016.03.15-18.24.31:816][  0]LogTemp:Display: Loaded TP Android_ETC2TargetPlatform
[2016.03.15-18.24.31:835][  0]LogTemp:Display: Loaded TP Android_ASTCTargetPlatform
[2016.03.15-18.24.31:858][  0]LogTemp:Display: Loaded TP Android_MultiTargetPlatform
[2016.03.15-18.24.31:880][  0]LogTemp:Display: Loaded TP HTML5TargetPlatform
[2016.03.15-18.24.31:967][  0]LogTemp:Display: Loaded TP IOSTargetPlatform
[2016.03.15-18.24.31:984][  0]LogTemp:Display: Loaded TP TVOSTargetPlatform
[2016.03.15-18.24.31:984][  0]LogTargetPlatformManager:Display: Building Assets For Windows
[2016.03.15-18.24.32:540][  0]LogDerivedDataCache:Display: Max Cache Size: 512 MB
[2016.03.15-18.24.32:591][  0]LogDerivedDataCache: Loaded boot cache 0.05s 47MB ../../../../UE4/Learning/DerivedDataCache/Boot.ddc.
[2016.03.15-18.24.32:593][  0]LogDerivedDataCache:Display: Loaded Boot cache: ../../../../UE4/Learning/DerivedDataCache/Boot.ddc
[2016.03.15-18.24.32:593][  0]LogDerivedDataCache: FDerivedDataBackendGraph:  Pak pak cache file ../../../../UE4/Learning/DerivedDataCache/DDC.ddp not found, will not use a pak cache.
[2016.03.15-18.24.32:594][  0]LogDerivedDataCache: Unable to find inner node Pak for hierarchical cache Hierarchy.
[2016.03.15-18.24.32:594][  0]LogDerivedDataCache: FDerivedDataBackendGraph:  EnginePak pak cache file ../../../Engine/DerivedDataCache/DDC.ddp not found, will not use a pak cache.
[2016.03.15-18.24.32:595][  0]LogDerivedDataCache: Unable to find inner node EnginePak for hierarchical cache Hierarchy.
[2016.03.15-18.24.32:609][  0]LogDerivedDataCache: Using Local data cache path ../../../Engine/DerivedDataCache: Writable
[2016.03.15-18.24.32:609][  0]LogDerivedDataCache: Shared data cache path not found in *engine.ini, will not use an Shared cache.
[2016.03.15-18.24.32:610][  0]LogDerivedDataCache: Unable to find inner node Shared for hierarchical cache Hierarchy.
[2016.03.15-18.24.34:848][  0]LogInit: Selected Device Profile: [Windows]
[2016.03.15-18.24.34:849][  0]LogContentStreaming: Texture pool size is 0.00 MB
[2016.03.15-18.24.34:994][  0]LogMaterial: Uniform references updated for custom material expression Custom.
[2016.03.15-18.24.35:356][  0]LogMeshUtilities: No automatic mesh reduction module available
[2016.03.15-18.24.35:356][  0]LogMeshUtilities: No automatic mesh merging module available
[2016.03.15-18.24.35:356][  0]LogMeshUtilities: No distributed automatic mesh merging module available
[2016.03.15-18.24.36:138][  0]LogInit: WinSock: version 1.1 (2.2), MaxSocks=32767, MaxUdp=65467
[2016.03.15-18.24.36:643][  0]LogSlate: SlateFontCache - WITH_FREETYPE: 1, WITH_HARFBUZZ: 1
[2016.03.15-18.24.36:643][  0]LogSlate: SlateFontCache - WITH_FREETYPE: 1, WITH_HARFBUZZ: 1
[2016.03.15-18.24.36:891][  0]LogStreaming:Warning: Failed to read file '../../../Engine/Content/Editor/Slate/Common/Selection_16x.png' error.
[2016.03.15-18.24.36:891][  0]LogSlate: Could not find file for Slate resource: ../../../Engine/Content/Editor/Slate/Common/Selection_16x.png
[2016.03.15-18.24.36:891][  0]LogStreaming:Warning: Failed to read file '../../../Engine/Content/Editor/Slate/Common/Selection_16x.png' error.
[2016.03.15-18.24.36:891][  0]LogSlate: Could not find file for Slate resource: ../../../Engine/Content/Editor/Slate/Common/Selection_16x.png
[2016.03.15-18.24.36:891][  0]LogStreaming:Warning: Failed to read file '../../../Engine/Content/Editor/Slate/Common/Selection_16x.png' error.
[2016.03.15-18.24.36:891][  0]LogSlate: Could not find file for Slate resource: ../../../Engine/Content/Editor/Slate/Common/Selection_16x.png
[2016.03.15-18.24.38:108][  0]LogUdpMessaging: Initializing bridge on interface 0.0.0.0:0 to multicast group 230.0.0.1:6666.
[2016.03.15-18.24.38:328][  0]LogAssetRegistry: FAssetRegistry took 0.0236 seconds to start up
[2016.03.15-18.24.38:998][  0]SourceControl: Info Source control is disabled
[2016.03.15-18.24.38:999][  0]SourceControl: Info Source control is disabled
[2016.03.15-18.24.39:032][  0]SourceControl: Info Source control is disabled
[2016.03.15-18.24.39:070][  0]SourceControl: Info Source control is disabled
[2016.03.15-18.24.39:790][  0]LogUObjectArray: 30027 objects as part of root set at end of initial load.
[2016.03.15-18.24.39:790][  0]LogUObjectAllocator: 6413912 out of 0 bytes used by permanent object pool.
[2016.03.15-18.24.39:790][  0]LogUObjectArray: CloseDisregardForGC: 0/0 objects in disregard for GC pool
[2016.03.15-18.24.39:991][  0]LogEngine: Initializing Engine...
[2016.03.15-18.24.41:654][  0]LogHMD: SteamVR failed to initialize.  Err: 108
[2016.03.15-18.24.42:490][  0]LogAIModule: Creating AISystem for world NewWorld
[2016.03.15-18.24.42:506][  0]LogInit: XAudio2 using 'Speakers (Realtek High Definition Audio)' : 2 channels at 48 kHz using 32 bits per sample (channel mask 0x3)
[2016.03.15-18.24.42:553][  0]LogInit: FAudioDevice initialized.
[2016.03.15-18.24.42:574][  0]LogDerivedDataCache: Saved boot cache 0.02s 47MB ../../../../UE4/Learning/DerivedDataCache/Boot.ddc.
[2016.03.15-18.24.42:579][  0]LogInit: Texture streaming: Enabled
[2016.03.15-18.24.42:664][  0]LogInit: Transaction tracking system initialized
[2016.03.15-18.24.42:762][  0]BlueprintLog: New page: Editor Load
[2016.03.15-18.24.43:131][  0]LocalizationService: Info Localization service is disabled
[2016.03.15-18.24.43:398][  0]LogConsoleResponse:Display: 
[2016.03.15-18.24.43:948][  0]LogCook:Display: Max memory allowance for cook 8192mb
[2016.03.15-18.24.43:948][  0]LogCook:Display: Mobile HDR setting 1
[2016.03.15-18.24.43:948][  0]LogCook:Display: Done creating registry. It took  0.00s.
[2016.03.15-18.24.44:151][  0]LogFileCache: Scanning file cache for directory 'C:/Users/Jack/Documents/GitHub/UE4/Learning/Content/' took 0.02s
[2016.03.15-18.24.44:151][  0]SourceControl: Info Source control is disabled
[2016.03.15-18.24.44:151][  0]Cmd: MAP LOAD FILE="../../../../UE4/Learning/Content/StarterContent/Maps/Minimal_Default.umap" TEMPLATE=0 SHOWPROGRESS=1 FEATURELEVEL=3
[2016.03.15-18.24.44:152][  0]LightingResults: New page: Lighting Build
[2016.03.15-18.24.44:158][  0]MapCheck: New page: Map Check
[2016.03.15-18.24.44:158][  0]LightingResults: New page: Lighting Build
[2016.03.15-18.24.45:505][  0]LogAIModule: Creating AISystem for world Minimal_Default
[2016.03.15-18.24.45:679][  0]LogEditorServer: Finished looking for orphan Actors (0.000 secs)
[2016.03.15-18.24.45:680][  0]Cmd: MAP CHECKDEP NOCLEARLOG
[2016.03.15-18.24.45:747][  0]MapCheck: Info Map check complete: 0 Error(s), 0 Warning(s), took 67.124ms to complete.
[2016.03.15-18.24.45:747][  0]LogFileHelpers: Loading map 'Minimal_Default' took 1.596
[2016.03.15-18.24.45:977][  0]LogCollectionManager: Loaded 0 collections in 0.004418 seconds
[2016.03.15-18.24.46:029][  0]LogFileCache: Scanning file cache for directory 'C:/Users/Jack/Documents/GitHub/UE4/Learning/Saved/Collections/' took 0.01s
[2016.03.15-18.24.46:029][  0]LogFileCache: Scanning file cache for directory 'C:/Users/Jack/Documents/GitHub/UE4/Learning/Content/Developers/Jack/Collections/' took 0.01s
[2016.03.15-18.24.46:029][  0]LogFileCache: Scanning file cache for directory 'C:/Users/Jack/Documents/GitHub/UE4/Learning/Content/Collections/' took 0.02s
[2016.03.15-18.24.46:029][  0]LogCollectionManager: Rebuilt the GUID cache for 0 collections in 0.000002 seconds
[2016.03.15-18.24.46:062][  0]LogContentBrowser: Native class hierarchy populated in 0.0319 seconds. Added 1987 classes and 346 folders.
[2016.03.15-18.24.46:070][  0]LogStats: UGameplayTagsManager::ConstructGameplayTagTree: Construct from data asset -  0.000 s
[2016.03.15-18.24.46:070][  0]LogStats: UGameplayTagsManager::ConstructGameplayTagTree: GameplayTagTreeChangedEvent.Broadcast -  0.000 s
[2016.03.15-18.24.46:073][  0]LogContentBrowser: Native class hierarchy updated for 'GameplayTags' in 0.0020 seconds. Added 12 classes and 0 folders.
[2016.03.15-18.24.46:086][  0]LogContentBrowser: Native class hierarchy updated for 'WidgetCarousel' in 0.0019 seconds. Added 0 classes and 0 folders.
[2016.03.15-18.24.46:319][  0]LogContentBrowser: Native class hierarchy updated for 'AddContentDialog' in 0.0017 seconds. Added 0 classes and 0 folders.
[2016.03.15-18.24.46:337][  0]LogContentBrowser: Native class hierarchy updated for 'SceneOutliner' in 0.0017 seconds. Added 1 classes and 2 folders.
[2016.03.15-18.24.46:418][  0]LogCrashTracker: Crashtracker disabled due to settings.
[2016.03.15-18.24.46:432][  0]LogUObjectGlobals:Warning: Failed to find object 'Class None.'
[2016.03.15-18.24.46:478][  0]LogContentBrowser: Native class hierarchy updated for 'HierarchicalLODOutliner' in 0.0019 seconds. Added 1 classes and 2 folders.
[2016.03.15-18.24.46:478][  0]LogLoad: Full Startup: 21.33 seconds (BP compile: 0.19 seconds)
[2016.03.15-18.24.46:478][  0]LogExternalProfiler:Warning: No registered external profiler was matched with a command-line switch (or the DLL could not be loaded).  External profiling features will not be available.
[2016.03.15-18.24.46:818][  0]LogOcInput: OculusInput is initialized. Init status 0. Runtime version: 0.8.0.0
[2016.03.15-18.24.46:930][  0]LogContentStreaming: Texture pool size now 1000 MB
[2016.03.15-18.24.47:241][  0]LogRenderer: Reallocating scene render targets to support 1616x808 (Frame:2).
[2016.03.15-18.24.47:999][  3]LogAssetRegistry: Asset discovery search completed in 9.6939 seconds
[2016.03.15-18.24.47:999][  3]LogCollectionManager: Rebuilt the object cache for 0 collections in 0.000001 seconds (found 0 objects)
[2016.03.15-18.24.47:999][  3]LogCollectionManager: Fixed up redirectors for 0 collections in 0.000095 seconds (updated 0 objects)
[2016.03.15-18.24.57:053][209]LogEditorViewport: Clicking on Actor (LMB): MyActor (MyActor)
[2016.03.15-18.25.04:254][523]MapCheck: New page: Map Check
[2016.03.15-18.25.04:294][523]LightingResults: New page: Lighting Build - 15 Mar 2016 18:25:04
[2016.03.15-18.25.04:365][523]LogSwarmInterface: [OpenConnection] Registering TCP channel ...
[2016.03.15-18.25.04:441][523]LogSwarmInterface: [OpenConnection] Connecting to agent ...
[2016.03.15-18.25.04:459][523]LogSwarmInterface: [TryOpenConnection] Testing the Agent
[2016.03.15-18.25.05:037][523]LogSwarmInterface: [TryOpenConnection] Opening Connection to Agent
[2016.03.15-18.25.05:037][523]LogSwarmInterface: [TryOpenConnection] Local Process ID is 12676
[2016.03.15-18.25.07:458][523]LogStaticLightingSystem:Warning: No importance volume found, so the scene bounding box was used.  You can optimize your scene's quality and lighting build times by adding importance volumes.
[2016.03.15-18.25.07:459][523]LogStaticLightingSystem: Running Lightmass w/ ImmediateImport mode ENABLED
[2016.03.15-18.25.07:459][523]LogStaticLightingSystem: Running Lightmass w/ ImmediateProcess mode ENABLED
[2016.03.15-18.25.07:459][523]LogStaticLightingSystem: Running Lightmass w/ Sorting mode ENABLED
[2016.03.15-18.25.07:459][523]LogStaticLightingSystem: Running Lightmass w/ Mapping paddings ENABLED
[2016.03.15-18.25.07:459][523]LogStaticLightingSystem: Running Lightmass w/ Mapping debug paddings DISABLED
[2016.03.15-18.25.07:589][523]LogEditorBuildUtils: Build time 0:00:03
[2016.03.15-18.25.09:441][556]Job is a success!
[2016.03.15-18.25.09:659][557]LogTexture:Display: Building textures: HQ_Lightmap0_1 (AutoDXT)
[2016.03.15-18.25.09:659][557]LogTexture:Display: Building textures: SkyOcclusion0_1 (AutoDXT)
[2016.03.15-18.25.09:660][557]LogTexture:Display: Building textures: LQ_Lightmap_0_1 (DXT1)
[2016.03.15-18.25.09:660][557]LogTexture:Display: Building textures: SkyOcclusion0_2 (AutoDXT)
[2016.03.15-18.25.09:660][557]LogTexture:Display: Building textures: HQ_Lightmap0_2 (AutoDXT)
[2016.03.15-18.25.09:660][557]LogTexture:Display: Building textures: LQ_Lightmap_0_2 (DXT1)
[2016.03.15-18.25.09:660][557]LogTexture:Display: Building textures: ShadowMapTexture2D_0 (G8)
[2016.03.15-18.25.09:660][557]LogTexture:Display: Building textures: ShadowMapTexture2D_1 (G8)
[2016.03.15-18.25.09:708][557]Lightmass on JACK: 765 ms total, 131 ms importing, 18 ms setup, 121 ms photons, 454 ms processing, 0 ms extra exporting [2/2 mappings]. Threads: 1.78 sec total, 259 ms processing.
[2016.03.15-18.25.09:849][557]LogStaticLightingSystem: Illumination: 5.51 sec (60 ms encoding lightmaps, 45 ms encoding shadowmaps)
[2016.03.15-18.25.09:849][557]LogStaticLightingSystem: Lightmap texture memory:  0.2 MB (0.2 MB streaming, 0.0 MB non-streaming), 4 textures
[2016.03.15-18.25.09:850][557]LogStaticLightingSystem: Shadowmap texture memory: 0.0 MB (0.0 MB streaming, 0.0 MB non-streaming), 2 textures
[2016.03.15-18.25.10:497][558]Cmd: MAP CHECK NOTIFYRESULTS
[2016.03.15-18.25.10:500][558]MapCheck: New page: Minimal_Default - 15 Mar 2016 18:25:10
[2016.03.15-18.25.10:746][558]MapCheck: Info Map check complete: 0 Error(s), 0 Warning(s), took 247.684ms to complete.
[2016.03.15-18.25.30:279][323]Cmd: OBJ SAVEPACKAGE PACKAGE="/Game/StarterContent/Maps/Minimal_Default" FILE="../../../../UE4/Learning/Content/StarterContent/Maps/Minimal_Default.umap" SILENT=true AUTOSAVING=false KEEPDIRTY=false
[2016.03.15-18.25.30:723][323]LogSavePackage: Save=342.21ms
[2016.03.15-18.25.30:724][323]LogSavePackage: Moving '../../../../UE4/Learning/Saved/Minimal_Default3EE9B1464CDDD44B6F62EFB578CDE3F1.tmp' to '../../../../UE4/Learning/Content/StarterContent/Maps/Minimal_Default.umap'
[2016.03.15-18.25.30:726][323]LogSavePackage: Total save time: 348.99ms
[2016.03.15-18.25.30:727][323]LogSavePackage:Display: Finished SavePackage ../../../../UE4/Learning/Content/StarterContent/Maps/Minimal_Default.umap
[2016.03.15-18.25.31:285][343]LogTexture:Warning: Failed to stream mip data from the derived data cache for /Game/StarterContent/Maps/Minimal_Default.HQ_Lightmap1_1. Streaming mips will be recached.
[2016.03.15-18.25.31:292][343]LogTexture:Display: Building textures: HQ_Lightmap1_1 (AutoDXT)
[2016.03.15-18.26.43:746][662]Cmd: OBJ SAVEPACKAGE PACKAGE="/Game/StarterContent/Maps/Minimal_Default" FILE="../../../../UE4/Learning/Content/StarterContent/Maps/Minimal_Default.umap" SILENT=true AUTOSAVING=false KEEPDIRTY=false
[2016.03.15-18.26.44:099][662]LogSavePackage: Save=271.90ms
[2016.03.15-18.26.44:099][662]LogSavePackage: Moving '../../../../UE4/Learning/Saved/Minimal_Default8F864ED5416571FB988185BE1B15FCC3.tmp' to '../../../../UE4/Learning/Content/StarterContent/Maps/Minimal_Default.umap'
[2016.03.15-18.26.44:101][662]LogSavePackage: Total save time: 275.10ms
[2016.03.15-18.26.44:101][662]LogSavePackage:Display: Finished SavePackage ../../../../UE4/Learning/Content/StarterContent/Maps/Minimal_Default.umap
[2016.03.15-18.27.02:776][307]LogWindows: LaunchURL http://docs.unrealengine.com/latest/INT/index.html?utm_source=editor&utm_medium=docs&utm_campaign=help_menu
[2016.03.15-18.27.20:127][956]LogDirectoryWatcher:Warning: Failed to begin reading directory changes for ../../../../UE4/Learning/Plugins/. Error: The operation completed successfully. (0x00000000)
[2016.03.15-18.30.59:467][345]Cmd: OBJ SAVEPACKAGE PACKAGE="/Game/StarterContent/Maps/Minimal_Default" FILE="../../../../UE4/Learning/Content/StarterContent/Maps/Minimal_Default.umap" SILENT=true AUTOSAVING=false KEEPDIRTY=false
[2016.03.15-18.30.59:830][345]LogSavePackage: Save=267.18ms
[2016.03.15-18.30.59:830][34