Log file open, 03/14/16 19:10:36
LogInit:Display: Running engine for game: Learning
LogPlatformFile: Not using cached read wrapper
LogInit:Display: RandInit(-638473045) SRandInit(-638473042).
LogInit: Using version manifest at CL 0 with build ID '522db101-c336-4385-9103-ce87a654d5e1'
LogTaskGraph: Started task graph with 4 named threads and 5 total threads.
LogStats: Stats thread started at 0.590034
OCULUS: Info: 03/14/16 19:10:36: [CAPI] LibOVR module is located at C:\Windows\SYSTEM32\LibOVRRT64_0_8.dll

OCULUS: Error: 03/14/16 19:10:36: [IPC] WARNING: Overhead alert threshold exceeded for SetInitialState : x1: C2S=1132.07 (1132.07-1132.07), S2C=6.38723 (6.38723-6.38723), RTT=1186.75 (1186.75-1186.75), Runtime=48.2874 (48.2874-48.2874), IPC=1138.46 (1138.46-1138.46) (microseconds) C2Ssize=80 (80-80), S2Csize=81 (81-81) (bytes)
OCULUS: Info: 03/14/16 19:10:36: [IPC] Call Stats for IsLatencyTesterAvailable : x1: C2S=5.87625, S2C=2.81038, Runtime=1.02196 (microseconds) C2Ssize=33, S2Csize=18 (bytes)

LogInit: Version: 4.11.0-0+UE4
LogInit: API Version: 0
LogInit: Compiled (64-bit): Mar 14 2016 17:29:30
LogInit: Compiled with Visual C++: 19.00.23506.00
LogInit: Build Configuration: Debug
LogInit: Branch Name: UE4
LogInit: Command line:  -debug
LogInit: Base directory: C:/Users/Jack/Documents/GitHub/UnrealEngine/Engine/Binaries/Win64/
LogInit: Installed Engine Build: 0
LogInit: Using libcurl 7.41.0
LogInit:  - built for x86_64-pc-win32
LogInit:  - supports SSL with WinSSL
LogInit:  - other features:
LogInit:      CURL_VERSION_SSL
LogInit:      CURL_VERSION_IPV6
LogInit:      CURL_VERSION_ASYNCHDNS
LogInit:      CURL_VERSION_LARGEFILE
LogInit:      CURL_VERSION_IDN
LogInit:  CurlRequestOptions (configurable via config and command line):
LogInit:  - bVerifyPeer = true  - Libcurl will verify peer certificate
LogInit:  - bUseHttpProxy = false  - Libcurl will NOT use HTTP proxy
LogInit:  - bDontReuseConnections = false  - Libcurl will reuse connections
LogInit:  - CertBundlePath = nullptr  - Libcurl will use whatever was configured at build time.
LogInit: Presizing for max 16777216 objects, including 0 objects not considered by GC, pre-allocating 0 bytes for permanent pool.
LogInit: Object subsystem initialized
[2016.03.14-19.10.37:149][  0]LogInit: Selected Device Profile: [Windows]
[2016.03.14-19.10.37:149][  0]LogInit: Applying CVar settings loaded from the selected device profile: [Windows]
[2016.03.14-19.10.37:164][  0]LogInit: Computer: JACK
[2016.03.14-19.10.37:165][  0]LogInit: User: Jack
[2016.03.14-19.10.37:165][  0]LogInit: CPU Page size=65536, Cores=2
[2016.03.14-19.10.37:165][  0]LogInit: High frequency timer resolution =3.914062 MHz
[2016.03.14-19.10.37:166][  0]LogMemory: Memory total: Physical=15.9GB (16GB approx)
[2016.03.14-19.10.37:166][  0]LogMemory: Platform Memory Stats for Windows
[2016.03.14-19.10.37:166][  0]LogMemory: Process Physical Memory: 322.45 MB used, 322.45 MB peak
[2016.03.14-19.10.37:166][  0]LogMemory: Process Virtual Memory: 313.56 MB used, 313.56 MB peak
[2016.03.14-19.10.37:166][  0]LogMemory: Physical Memory: 6716.09 MB used, 16304.48 MB total
[2016.03.14-19.10.37:166][  0]LogMemory: Virtual Memory: 772.43 MB used, 134217728.00 MB total
[2016.03.14-19.10.37:329][  0]LogPhysics:Warning: PHYSX: ..\..\module\clothing\src\ModuleClothing.cpp (386) 2 : physx::apex::clothing::ModuleClothing::ModuleClothing: Failed to load the GPU dll 'APEX_ClothingGPUPROFILE_x64.dll'
[2016.03.14-19.10.37:335][  0]LogTextLocalizationManager: No specific translations for ('en-GB') exist, so ('en') translations will be used.
[2016.03.14-19.10.38:015][  0]LogD3D11RHI: D3D11 adapters:
[2016.03.14-19.10.38:084][  0]LogD3D11RHI:    0. 'NVIDIA GeForce GTX 980 Ti' (Feature Level 11_0)
[2016.03.14-19.10.38:084][  0]LogD3D11RHI:       6047MB of dedicated video memory, 0MB of dedicated system memory, and 8152MB of shared system memory, 1 output[s]
[2016.03.14-19.10.38:093][  0]LogD3D11RHI:    1. 'Microsoft Basic Render Driver' (Feature Level 11_0)
[2016.03.14-19.10.38:093][  0]LogD3D11RHI:       0MB of dedicated video memory, 0MB of dedicated system memory, and 8152MB of shared system memory, 0 output[s]
[2016.03.14-19.10.38:093][  0]LogD3D11RHI: Chosen D3D11 Adapter: 0
[2016.03.14-19.10.38:099][  0]LogD3D11RHI: Creating new Direct3DDevice
[2016.03.14-19.10.38:099][  0]LogD3D11RHI:     Adapter Name: NVIDIA GeForce GTX 980 Ti
[2016.03.14-19.10.38:099][  0]LogD3D11RHI:   Driver Version: Unknown (internal Unknown)
[2016.03.14-19.10.38:099][  0]LogD3D11RHI:      Driver Date: Unknown
[2016.03.14-19.10.38:099][  0]LogRHI: Texture pool is 1361 MB (70% of 1945 MB)
[2016.03.14-19.10.38:113][  0]LogD3D11RHI: Async texture creation enabled
[2016.03.14-19.10.38:153][  0]LogShaderCompilers: Guid format shader working directory is 20 characters bigger than the processId version (../../../../UE4/Learning/Intermediate/Shaders/WorkingDirectory/10872/).
[2016.03.14-19.10.38:153][  0]LogShaderCompilers: Cleaned the shader compiler working directory 'C:/Users/Jack/AppData/Local/Temp/UnrealShaderWorkingDir/8C51C1344A8024930B40F199893AA5B6/'.
[2016.03.14-19.10.38:154][  0]LogShaderCompilers:Display: Using Local Shader Compiler.
[2016.03.14-19.10.39:184][  0]LogTemp:Display: Loaded TP WindowsTargetPlatform
[2016.03.14-19.10.39:202][  0]LogTemp:Display: Loaded TP WindowsNoEditorTargetPlatform
[2016.03.14-19.10.39:220][  0]LogTemp:Display: Loaded TP WindowsServerTargetPlatform
[2016.03.14-19.10.39:238][  0]LogTemp:Display: Loaded TP WindowsClientTargetPlatform
[2016.03.14-19.10.39:255][  0]LogTemp:Display: Loaded TP AllDesktopTargetPlatform
[2016.03.14-19.10.39:272][  0]LogTemp:Display: Loaded TP AndroidTargetPlatform
[2016.03.14-19.10.39:289][  0]LogTemp:Display: Loaded TP Android_PVRTCTargetPlatform
[2016.03.14-19.10.39:303][  0]LogTemp:Display: Loaded TP Android_ATCTargetPlatform
[2016.03.14-19.10.39:320][  0]LogTemp:Display: Loaded TP Android_DXTTargetPlatform
[2016.03.14-19.10.39:335][  0]LogTemp:Display: Loaded TP Android_ETC1TargetPlatform
[2016.03.14-19.10.39:351][  0]LogTemp:Display: Loaded TP Android_ETC2TargetPlatform
[2016.03.14-19.10.39:366][  0]LogTemp:Display: Loaded TP Android_ASTCTargetPlatform
[2016.03.14-19.10.39:383][  0]LogTemp:Display: Loaded TP Android_MultiTargetPlatform
[2016.03.14-19.10.39:394][  0]LogTemp:Display: Loaded TP HTML5TargetPlatform
[2016.03.14-19.10.39:446][  0]LogTemp:Display: Loaded TP IOSTargetPlatform
[2016.03.14-19.10.39:460][  0]LogTemp:Display: Loaded TP TVOSTargetPlatform
[2016.03.14-19.10.39:460][  0]LogTargetPlatformManager:Display: Building Assets For Windows
[2016.03.14-19.10.39:754][  0]LogDerivedDataCache:Display: Max Cache Size: 512 MB
[2016.03.14-19.10.39:787][  0]LogDerivedDataCache: Loaded boot cache 0.03s 47MB ../../../../UE4/Learning/DerivedDataCache/Boot.ddc.
[2016.03.14-19.10.39:787][  0]LogDerivedDataCache:Display: Loaded Boot cache: ../../../../UE4/Learning/DerivedDataCache/Boot.ddc
[2016.03.14-19.10.39:787][  0]LogDerivedDataCache: FDerivedDataBackendGraph:  Pak pak cache file ../../../../UE4/Learning/DerivedDataCache/DDC.ddp not found, will not use a pak cache.
[2016.03.14-19.10.39:787][  0]LogDerivedDataCache: Unable to find inner node Pak for hierarchical cache Hierarchy.
[2016.03.14-19.10.39:787][  0]LogDerivedDataCache: FDerivedDataBackendGraph:  EnginePak pak cache file ../../../Engine/DerivedDataCache/DDC.ddp not found, will not use a pak cache.
[2016.03.14-19.10.39:787][  0]LogDerivedDataCache: Unable to find inner node EnginePak for hierarchical cache Hierarchy.
[2016.03.14-19.10.39:802][  0]LogDerivedDataCache: Using Local data cache path ../../../Engine/DerivedDataCache: Writable
[2016.03.14-19.10.39:802][  0]LogDerivedDataCache: Shared data cache path not found in *engine.ini, will not use an Shared cache.
[2016.03.14-19.10.39:802][  0]LogDerivedDataCache: Unable to find inner node Shared for hierarchical cache Hierarchy.
[2016.03.14-19.10.40:538][  0]LogInit: Selected Device Profile: [Windows]
[2016.03.14-19.10.40:545][  0]LogContentStreaming: Texture pool size is 0.00 MB
[2016.03.14-19.10.40:681][  0]LogMaterial: Uniform references updated for custom material expression Custom.
[2016.03.14-19.10.41:017][  0]LogMeshUtilities: No automatic mesh reduction module available
[2016.03.14-19.10.41:017][  0]LogMeshUtilities: No automatic mesh merging module available
[2016.03.14-19.10.41:018][  0]LogMeshUtilities: No distributed automatic mesh merging module available
[2016.03.14-19.10.41:518][  0]LogInit: WinSock: version 1.1 (2.2), MaxSocks=32767, MaxUdp=65467
[2016.03.14-19.10.42:239][  0]LogSlate: SlateFontCache - WITH_FREETYPE: 1, WITH_HARFBUZZ: 1
[2016.03.14-19.10.42:240][  0]LogSlate: SlateFontCache - WITH_FREETYPE: 1, WITH_HARFBUZZ: 1
[2016.03.14-19.10.42:314][  0]LogStreaming:Warning: Failed to read file '../../../Engine/Content/Editor/Slate/Common/Selection_16x.png' error.
[2016.03.14-19.10.42:314][  0]LogSlate: Could not find file for Slate resource: ../../../Engine/Content/Editor/Slate/Common/Selection_16x.png
[2016.03.14-19.10.42:314][  0]LogStreaming:Warning: Failed to read file '../../../Engine/Content/Editor/Slate/Common/Selection_16x.png' error.
[2016.03.14-19.10.42:314][  0]LogSlate: Could not find file for Slate resource: ../../../Engine/Content/Editor/Slate/Common/Selection_16x.png
[2016.03.14-19.10.42:314][  0]LogStreaming:Warning: Failed to read file '../../../Engine/Content/Editor/Slate/Common/Selection_16x.png' error.
[2016.03.14-19.10.42:314][  0]LogSlate: Could not find file for Slate resource: ../../../Engine/Content/Editor/Slate/Common/Selection_16x.png
[2016.03.14-19.10.42:895][  0]LogUdpMessaging: Initializing bridge on interface 0.0.0.0:0 to multicast group 230.0.0.1:6666.
[2016.03.14-19.10.43:119][  0]LogAssetRegistry: FAssetRegistry took 0.0330 seconds to start up
[2016.03.14-19.10.43:688][  0]SourceControl: Info Source control is disabled
[2016.03.14-19.10.43:690][  0]SourceControl: Info Source control is disabled
[2016.03.14-19.10.43:723][  0]SourceControl: Info Source control is disabled
[2016.03.14-19.10.43:759][  0]SourceControl: Info Source control is disabled
[2016.03.14-19.10.44:330][  0]LogUObjectArray: 30021 objects as part of root set at end of initial load.
[2016.03.14-19.10.44:330][  0]LogUObjectAllocator: 6411800 out of 0 bytes used by permanent object pool.
[2016.03.14-19.10.44:330][  0]LogUObjectArray: CloseDisregardForGC: 0/0 objects in disregard for GC pool
[2016.03.14-19.10.44:518][  0]LogEngine: Initializing Engine...
[2016.03.14-19.10.45:197][  0]LogHMD: SteamVR failed to initialize.  Err: 108
[2016.03.14-19.10.45:577][  0]LogAIModule: Creating AISystem for world NewWorld
[2016.03.14-19.10.45:610][  0]LogInit: XAudio2 using 'Speakers (Realtek High Definition Audio)' : 2 channels at 48 kHz using 32 bits per sample (channel mask 0x3)
[2016.03.14-19.10.45:648][  0]LogInit: FAudioDevice initialized.
[2016.03.14-19.10.45:669][  0]LogDerivedDataCache: Saved boot cache 0.02s 47MB ../../../../UE4/Learning/DerivedDataCache/Boot.ddc.
[2016.03.14-19.10.45:672][  0]LogInit: Texture streaming: Enabled
[2016.03.14-19.10.45:775][  0]LogInit: Transaction tracking system initialized
[2016.03.14-19.10.45:906][  0]BlueprintLog: New page: Editor Load
[2016.03.14-19.10.46:456][  0]LocalizationService: Info Localization service is disabled
[2016.03.14-19.10.46:773][  0]LogConsoleResponse:Display: 
[2016.03.14-19.10.47:001][  0]LogFileCache: Scanning file cache for directory 'C:/Users/Jack/Documents/GitHub/UE4/Learning/Content/' took 0.02s
[2016.03.14-19.10.47:001][  0]LogCook:Display: Max memory allowance for cook 8192mb
[2016.03.14-19.10.47:001][  0]LogCook:Display: Mobile HDR setting 1
[2016.03.14-19.10.47:002][  0]LogCook:Display: Done creating registry. It took  0.00s.
[2016.03.14-19.10.47:231][  0]SourceControl: Info Source control is disabled
[2016.03.14-19.10.47:236][  0]Cmd: MAP LOAD FILE="../../../../UE4/Learning/Content/StarterContent/Maps/Minimal_Default.umap" TEMPLATE=0 SHOWPROGRESS=1 FEATURELEVEL=3
[2016.03.14-19.10.47:240][  0]LightingResults: New page: Lighting Build
[2016.03.14-19.10.47:260][  0]MapCheck: New page: Map Check
[2016.03.14-19.10.47:260][  0]LightingResults: New page: Lighting Build
[2016.03.14-19.10.48:278][  0]LogAIModule: Creating AISystem for world Minimal_Default
[2016.03.14-19.10.48:334][  0]LogEditorServer: Finished looking for orphan Actors (0.000 secs)
[2016.03.14-19.10.48:339][  0]Cmd: MAP CHECKDEP NOCLEARLOG
[2016.03.14-19.10.48:385][  0]MapCheck: Info Map check complete: 0 Error(s), 0 Warning(s), took 46.029ms to complete.
[2016.03.14-19.10.48:386][  0]LogFileHelpers: Loading map 'Minimal_Default' took 1.152
[2016.03.14-19.10.48:684][  0]LogCollectionManager: Loaded 0 collections in 0.003542 seconds
[2016.03.14-19.10.48:779][  0]LogFileCache: Scanning file cache for directory 'C:/Users/Jack/Documents/GitHub/UE4/Learning/Saved/Collections/' took 0.02s
[2016.03.14-19.10.48:779][  0]LogFileCache: Scanning file cache for directory 'C:/Users/Jack/Documents/GitHub/UE4/Learning/Content/Developers/Jack/Collections/' took 0.01s
[2016.03.14-19.10.48:779][  0]LogFileCache: Scanning file cache for directory 'C:/Users/Jack/Documents/GitHub/UE4/Learning/Content/Collections/' took 0.01s
[2016.03.14-19.10.48:779][  0]LogCollectionManager: Rebuilt the GUID cache for 0 collections in 0.000177 seconds
[2016.03.14-19.10.48:811][  0]LogContentBrowser: Native class hierarchy populated in 0.0275 seconds. Added 1986 classes and 346 folders.
[2016.03.14-19.10.48:837][  0]LogStats: UGameplayTagsManager::ConstructGameplayTagTree: Construct from data asset -  0.000 s
[2016.03.14-19.10.48:838][  0]LogStats: UGameplayTagsManager::ConstructGameplayTagTree: GameplayTagTreeChangedEvent.Broadcast -  0.000 s
[2016.03.14-19.10.48:841][  0]LogContentBrowser: Native class hierarchy updated for 'GameplayTags' in 0.0018 seconds. Added 12 classes and 0 folders.
[2016.03.14-19.10.48:855][  0]LogContentBrowser: Native class hierarchy updated for 'WidgetCarousel' in 0.0014 seconds. Added 0 classes and 0 folders.
[2016.03.14-19.10.49:090][  0]LogContentBrowser: Native class hierarchy updated for 'AddContentDialog' in 0.0012 seconds. Added 0 classes and 0 folders.
[2016.03.14-19.10.49:123][  0]LogContentBrowser: Native class hierarchy updated for 'SceneOutliner' in 0.0013 seconds. Added 1 classes and 2 folders.
[2016.03.14-19.10.49:230][  0]LogCrashTracker: Crashtracker disabled due to settings.
[2016.03.14-19.10.49:368][  0]LogContentBrowser: Native class hierarchy updated for 'HierarchicalLODOutliner' in 0.0017 seconds. Added 1 classes and 2 folders.
[2016.03.14-19.10.49:369][  0]LogLoad: Full Startup: 14.59 seconds (BP compile: 0.15 seconds)
[2016.03.14-19.10.49:369][  0]LogExternalProfiler:Warning: No registered external profiler was matched with a command-line switch (or the DLL could not be loaded).  External profiling features will not be available.
[2016.03.14-19.10.49:382][  0]LogOcInput: OculusInput is initialized. Init status 0. Runtime version: 0.8.0.0
[2016.03.14-19.10.49:506][  0]LogContentStreaming: Texture pool size now 1000 MB
[2016.03.14-19.10.49:807][  0]LogRenderer: Reallocating scene render targets to support 1616x808 (Frame:2).
[2016.03.14-19.10.50:179][  2]LogAssetRegistry: Asset discovery search completed in 7.0903 seconds
[2016.03.14-19.10.50:179][  2]LogCollectionManager: Rebuilt the object cache for 0 collections in 0.000001 seconds (found 0 objects)
[2016.03.14-19.10.50:180][  2]LogCollectionManager: Fixed up redirectors for 0 collections in 0.000474 seconds (updated 0 objects)
[2016.03.14-19.10.54:448][267]LogBlueprintUserMessages: Early PlayInEditor Detection: Level '/Game/StarterContent/Maps/Minimal_Default.Minimal_Default:PersistentLevel' has LevelScriptBlueprint '/Game/StarterContent/Maps/Minimal_Default.Minimal_Default:PersistentLevel.Minimal_Default' with GeneratedClass '/Game/StarterContent/Maps/Minimal_Default.Minimal_Default_C' with ClassGeneratedBy '/Game/StarterContent/Maps/Minimal_Default.Minimal_Default:PersistentLevel.Minimal_Default'
[2016.03.14-19.10.54:449][267]LogPlayLevel: PlayLevel: No blueprints needed recompiling
[2016.03.14-19.10.54:461][267]PIE: New page: PIE session: Minimal_Default (14 Mar 2016 19:10:54)
[2016.03.14-19.10.54:463][267]LogPlayLevel: Creating play world package: /Game/StarterContent/Maps/UEDPIE_0_Minimal_Default
[2016.03.14-19.10.54:476][267]LogPlayLevel: PIE: StaticDuplicateObject took: (0.013555s)
[2016.03.14-19.10.54:477][267]LogAIModule: Creating AISystem for world Minimal_Default
[2016.03.14-19.10.54:478][267]LogPlayLevel: PIE: World Init took: (0.001101s)
[2016.03.14-19.10.54:479][267]LogPlayLevel: PIE: Created PIE world by copying editor world from /Game/StarterContent/Maps/Minimal_Default.Minimal_Default to /Game/StarterContent/Maps/UEDPIE_0_Minimal_Default.Minimal_Default (0.016162s)
[2016.03.14-19.10.54:571][267]LogInit: XAudio2 using 'Speakers (Realtek High Definition Audio)' : 2 channels at 48 kHz using 32 bits per sample (channel mask 0x3)
[2016.03.14-19.10.54:601][267]LogInit: FAudioDevice initialized.
[2016.03.14-19.10.54:681][267]LogWorld: Game class is 'LearningGameMode'
[2016.03.14-19.10.54:693][267]LogWorld: Bringing World /Game/StarterContent/Maps/UEDPIE_0_Minimal_Default.Minimal_Default up for play (max tick rate 0) at 2016.03.14-19.10.54
[2016.03.14-19.10.54:701][267]LogWorld: Bringing up level for play took: 0.010556
[2016.03.14-19.10.54:725][267]LogContentBrowser: Native class hierarchy updated for 'MovieSceneCapture' in 0.0013 seconds. Added 9 classes and 0 folders.
[2016.03.14-19.10.54:736][267]PIE: Info Play in editor start time for /Game/StarterContent/Maps/UEDPIE_0_Minimal_Default 0.533
[2016.03.14-19.10.54:737][267]LogBlueprintUserMessages: Late PlayInEditor Detection: Level '/Game/StarterContent/Maps/Minimal_Default.Minimal_Default:PersistentLevel' has LevelScriptBlueprint '/Game/StarterContent/Maps/Minimal_Default.Minimal_Default:PersistentLevel.Minimal_Default' with GeneratedClass '/Game/StarterContent/Maps/Minimal_Default.Minimal_Default_C' with ClassGeneratedBy '/Game/StarterContent/Maps/Minimal_Default.Minimal_Default:PersistentLevel.Minimal_Default'
[2016.03.14-19.10.58:090][504]LogBlueprintUserMessages: Early EndPlayMap Detection: Level '/Game/StarterContent/Maps/Minimal_Default.Minimal_Default:PersistentLevel' has LevelScriptBlueprint '/Game/StarterContent/Maps/Minimal_Default.Minimal_Default:PersistentLevel.Minimal_Default' with GeneratedClass '/Game/StarterContent/Maps/Minimal_Default.Minimal_Default_C' with ClassGeneratedBy '/Game/StarterContent/Maps/Minimal_Default.Minimal_Default:PersistentLevel.Minimal_Default'
[2016.03.14-19.10.58:148][504]LogBlueprintUserMessages: Late EndPlayMap Detection: Level '/Game/StarterContent/Maps/Minimal_Default.Minimal_Default:PersistentLevel' has LevelScriptBlueprint '/Game/StarterContent/Maps/Minimal_Default.Minimal_Default:PersistentLevel.Minimal_Default' with GeneratedClass '/Game/StarterContent/Maps/Minimal_Default.Minimal_Default_C' with ClassGeneratedBy '/Game/StarterContent/Maps/Minimal_Default.Minimal_Default:PersistentLevel.Minimal_Default'
[2016.03.14-19.11.00:795][655]LogEditorViewport: Clicking on Actor (LMB): StaticMeshActor (Chair)
[2016.03.14-19.11.02:011][701]Cmd: DELETE
[2016.03.14-19.11.02:011][701]Cmd: ACTOR DELETE
[2016.03.14-19.11.02:024][701]LogEditorActor: Deleted Actor: StaticMeshActor
[2016.03.14-19.11.02:093][701]LogEditorActor: Deleted 1 Actors (0.075 secs)
[2016.03.14-19.11.02:478][726]LogEditorViewport: Clicking on Actor (LMB): StaticMeshActor (Table)
[2016.03.14-19.11.02:585][727]Cmd: DELETE
[2016.03.14-19.11.02:585][727]Cmd: ACTOR DELETE
[2016.03.14-19.11.02:586][727]LogEditorActor: Deleted Actor: StaticMeshActor
[2016.03.14-19.11.02:655][727]LogEditorActor: Deleted 1 Actors (0.069 secs)
[2016.03.14-19.11.03:011][750]LogEditorViewport: Clicking on Actor (LMB): StaticMeshActor (Floor)
[2016.03.14-19.11.03:508][769]LogEditorViewport: Clicking on Actor (LMB): StaticMeshActor (Statue)
[2016.03.14-19.11.03:853][782]Cmd: DELETE
[2016.03.14-19.11.03:853][782]Cmd: ACTOR DELETE
[2016.03.14-19.11.03:854][782]LogEditorActor: Deleted Actor: StaticMeshActor
[2016.03.14-19.11.03:924][782]LogEditorActor: Deleted 1 Actors (0.071 secs)
[2016.03.14-19.11.04:260][803]LogEditorViewport: Clicking on Actor (LMB): StaticMeshActor (Chair)
[2016.03.14-19.11.04:403][806]Cmd: DELETE
[2016.03.14-19.11.04:403][806]Cmd: ACTOR DELETE
[2016.03.14-19.11.04:404][806]LogEditorActor: Deleted Actor: StaticMeshActor
[2016.03.14-19.11.04:475][806]LogEditorActor: Deleted 1 Actors (0.071 secs)
[2016.03.14-19.11.05:594][877]LogEditorViewport: Clicking on Actor (LMB): FloatingActor (FloatingActor)
[2016.03.14-19.11.05:865][888]Cmd: DELETE
[2016.03.14-19.11.05:865][888]Cmd: ACTOR DELETE
[2016.03.14-19.11.05:866][888]LogEditorActor: Deleted Actor: FloatingActor
[2016.03.14-19.11.05:935][888]LogEditorActor: Deleted 1 Actors (0.070 secs)
[2016.03.14-19.11.06:793][943]LogEditorViewport: Clicking on Actor (LMB): StaticMeshActor (Floor)
[2016.03.14-19.11.07:241][960]Cmd: DELETE
[2016.03.14-19.11.07:241][960]Cmd: ACTOR DELETE
[2016.03.14-19.11.07:241][960]LogEditorActor: Deleted Actor: StaticMeshActor
[2016.03.14-19.11.07:309][960]LogEditorActor: Deleted 1 Actors (0.068 secs)
[2016.03.14-19.11.09:982][129]LogEditorViewport: Clicking on Actor (LMB): StaticMeshActor (Floor)
[2016.03.14-19.11.17:335][407]LogEditorViewport: Clicking on Actor (LMB): StaticMeshActor (Floor)
[2016.03.14-19.11.24:008][628]LogBlueprintUserMessages: Early PlayInEditor Detection: Level '/Game/StarterContent/Maps/Minimal_Default.Minimal_Default:PersistentLevel' has LevelScriptBlueprint '/Game/StarterContent/Maps/Minimal_Default.Minimal_Default:PersistentLevel.Minimal_Default' with GeneratedClass '/Game/StarterContent/Maps/Minimal_Default.Minimal_Default_C' with ClassGeneratedBy '/Game/StarterContent/Maps/Minimal_Default.Minimal_Default:PersistentLevel.Minimal_Default'
[2016.03.14-19.11.24:008][628]LogPlayLevel: PlayLevel: No blueprints needed recompiling
[2016.03.14-19.11.24:008][628]PIE: New page: PIE session: Minimal_Default (14 Mar 2016 19:11:24)
[2016.03.14-19.11.24:008][628]LogPlayLevel: Creating play world package: /Game/StarterContent/Maps/UEDPIE_0_Minimal_Default
[2016.03.14-19.11.24:019][628]LogPlayLevel: PIE: StaticDuplicateObject took: (0.010314s)
[2016.03.14-19.11.24:020][628]LogAIModule: Creating AISystem for world Minimal_Default
[2016.03.14-19.11.24:020][628]LogPlayLevel: PIE: World Init took: (0.001039s)
[2016.03.14-19.11.24:020][628]LogPlayLevel: PIE: Created PIE world by copying editor world from /Game/StarterContent/Maps/Minimal_Default.Minimal_Default to /Game/StarterContent/Maps/UEDPIE_0_Minimal_Default.Minimal_Default (0.012048s)
[2016.03.14-19.11.24:093][628]LogInit: XAudio2 using 'Speakers (Realtek High Definition Audio)' : 2 channels at 48 kHz using 32 bits per sample (channel mask 0x3)
[2016.03.14-19.11.24:120][628]LogInit: FAudioDevice initialized.
[2016.03.14-19.11.24:166][628]LogWorld: Game class is 'LearningGameMode'
[2016.03.14-19.11.24:169][628]LogWorld: Bringing World /Game/StarterContent/Maps/UEDPIE_0_Minimal_Default.Minimal_Default up for play (max tick rate 0) at 2016.03.14-19.11.24
[2016.03.14-19.11.24:170][628]LogWorld: Bringing up level for play took: 0.003257
[2016.03.14-19.11.24:172][628]PIE: Info Play in editor start time for /Game/StarterContent/Maps/UEDPIE_0_Minimal_Default -0.031
[2016.03.14-19.11.24:173][628]LogBlueprintUserMessages: Late PlayInEditor Detection: Level '/Game/StarterContent/Maps/Minimal_Default.Minimal_Default:PersistentLevel' has LevelScriptBlueprint '/Game/StarterContent/Maps/Minimal_Default.Minimal_Default:PersistentLevel.Minimal_Default' with GeneratedClass '/Game/StarterContent/Maps/Minimal_Default.Minimal_Default_C' with ClassGeneratedBy '/Game/StarterContent/Maps/Minimal_Default.Minimal_Default:PersistentLevel.Minimal_Default'
[2016.03.14-19.11.26:176][725]LogBlueprintUserMessages: Early EndPlayMap Detection: Level '/Game/StarterContent/Maps/Minimal_Default.Minimal_Default:PersistentLevel' has LevelScriptBlueprint '/Game/StarterContent/Maps/Minimal_Default.Minimal_Default:PersistentLevel.Minimal_Default' with GeneratedClass '/Game/StarterContent/Maps/Minimal_Default.Minimal_Default_C' with ClassGeneratedBy '/Game/StarterContent/Maps/Minimal_Default.Minimal_Default:PersistentLevel.Minimal_Default'
[2016.03.14-19.11.26:248][725]LogBlueprintUserMessages: Late EndPlayMap Detection: Level '/Game/StarterContent/Maps/Minimal_Default.Minimal_Default:PersistentLevel' has LevelScriptBlueprint '/Game/StarterContent/Maps/Minimal_Default.Minimal_Default:PersistentLevel.Minimal_Default' with GeneratedClass '/Game/StarterContent/Maps/Minimal_Default.Minimal_Default_C' with ClassGeneratedBy '/Game/StarterContent/Maps/Minimal_Default.Minimal_Default:PersistentLevel.Minimal_Default'
[2016.03.14-19.11.30:704][876]Cmd: TRANSACTION UNDO
[2016.03.14-19.11.30:704][876]LogEditorTransaction: Undo Replace component used material
[2016.03.14-19.11.31:088][887]Cmd: TRANSACTION UNDO
[2016.03.14-19.11.31:088][887]LogEditorTransaction: Undo Clicking on Actors
[2016.03.14-19.11.31:985][918]Cmd: TRANSACTION UNDO
[2016.03.14-19.11.31:985][918]LogEditorTransaction: Undo Clicking on Actors
[2016.03.14-19.11.32:534][942]Cmd: TRANSACTION UNDO
[2016.03.14-19.11.32:534][942]LogEditorTransaction: Undo Delete Actors
[2016.03.14-19.11.34:593][  9]Cmd: TRANSACTION UNDO
[2016.03.14-19.11.34:594][  9]LogEditorTransaction: Undo Move Actors
[2016.03.14-19.11.46:184][446]LogEditorViewport: Clicking on Actor (LMB): StaticMeshActor (Floor)
[2016.03.14-19.11.47:027][483]Cmd: DELETE
[2016.03.14-19.11.47:027][483]Cmd: ACTOR DELETE
[2016.03.14-19.11.47:028][483]LogEditorActor: Deleted Actor: StaticMeshActor
[2016.03.14-19.11.47:095][483]LogEditorActor: Deleted 1 Actors (0.067 secs)
[2016.03.14-19.11.53:965][885]LogEditor: Attempting to add actor of class 'FloatingActor' to level at 160.00,-60.00,-80.00
[2016.03.14-19.11.54:734][928]LogEditor: Attempting to add actor of class 'FloatingActor' to level at -170.00,-110.00,30.00
[2016.03.14-19.12.16:290][806]LogBlueprintUserMessages: Early PlayInEditor Detection: Level '/Game/StarterContent/Maps/Minimal_Default.Minimal_Default:PersistentLevel' has LevelScriptBlueprint '/Game/StarterContent/Maps/Minimal_Default.Minimal_Default:PersistentLevel.Minimal_Default' with GeneratedClass '/Game/StarterContent/Maps/Minimal_Default.Minimal_Default_C' with ClassGeneratedBy '/Game/StarterContent/Maps/Minimal_Default.Minimal_Default:PersistentLevel.Minimal_Default'
[2016.03.14-19.12.16:290][806]LogPlayLevel: PlayLevel: No blueprints needed recompiling
[2016.03.14-19.12.16:290][806]PIE: New page: PIE session: Minimal_Default (14 Mar 2016 19:12:16)
[2016.03.14-19.12.16:290][806]LogPlayLevel: Creating play world package: /Game/StarterContent/Maps/UEDPIE_0_Minimal_Default
[2016.03.14-19.12.16:299][806]LogPlayLevel: PIE: StaticDuplicateObject took: (0.008341s)
[2016.03.14-19.12.16:300][806]LogAIModule: Creating AISystem for world Minimal_Default
[2016.03.14-19.12.16:300][806]LogPlayLevel: PIE: World Init took: (0.001055s)
[2016.03.14-19.12.16:300][806]LogPlayLevel: PIE: Created PIE world by copying editor world from /Game/StarterContent/Maps/Minimal_Default.Minimal_Default to /Game/StarterContent/Maps/UEDPIE_0_Minimal_Default.Minimal_Default (0.010046s)
[2016.03.14-19.12.16:371][806]LogInit: XAudio2 using 'Speakers (Realtek High Definition Audio)' : 2 channels at 48 kHz using 32 bits per sample (channel mask 0x3)
[2016.03.14-19.12.16:399][806]LogInit: FAudioDevice initialized.
[2016.03.14-19.12.16:448][806]LogWorld: Game class is 'LearningGameMode'
[2016.03.14-19.12.16:451][806]LogWorld: Bringing World /Game/StarterContent/Maps/UEDPIE_0_Minimal_Default.Minimal_Default up for play (max tick rate 0) at 2016.03.14-19.12.16
[2016.03.14-19.12.16:452][806]LogWorld: Bringing up level for play took: 0.003345
[2016.03.14-19.12.16:454][806]PIE: Info Play in editor start time for /Game/StarterContent/Maps/UEDPIE_0_Minimal_Default 0.251
[2016.03.14-19.12.16:455][806]LogBlueprintUserMessages: Late PlayInEditor Detection: Level '/Game/StarterContent/Maps/Minimal_Default.Minimal_Default:PersistentLevel' has LevelScriptBlueprint '/Game/StarterContent/Maps/Minimal_Default.Minimal_Default:PersistentLevel.Minimal_Default' with GeneratedClass '/Game/StarterContent/Maps/Minimal_Default.Minimal_Default_C' with ClassGeneratedBy '/Game/StarterContent/Maps/Minimal_Default.Minimal_Default:PersistentLevel.Minimal_Default'
[2016.03.14-19.12.22:632][205]LogBlueprintUserMessages: Early EndPlayMap Detection: Level '/Game/StarterContent/Maps/Minimal_Default.Minimal_Default:PersistentLevel' has LevelScriptBlueprint '/Game/StarterContent/Maps/Minimal_Default.Minimal_Default:PersistentLevel.Minimal_Default' with GeneratedClass '/Game/StarterContent/Maps/Minimal_Default.Minimal_Default_C' with ClassGeneratedBy '/Game/StarterContent/Maps/Minimal_Default.Minimal_Default:PersistentLevel.Minimal_Default'
[2016.03.14-19.12.22:684][205]LogBlueprintUserMessages: Late EndPlayMap Detection: Level '/Game/StarterContent/Maps/Minimal_Default.Minimal_Default:PersistentLevel' has LevelScriptBlueprint '/Game/StarterContent/Maps/Minimal_Default.Minimal_Default:PersistentLevel.Minimal_Default' with GeneratedClass '/Game/StarterContent/Maps/Minimal_Default.Minimal_Default_C' with ClassGeneratedBy '/Game/StarterContent/Maps/Minimal_Default.Minimal_Default:PersistentLevel.Minimal_Default'
[2016.03.14-19.12.34:833][708]Cmd: OBJ SAVEPACKAGE PACKAGE="/Game/StarterContent/Maps/Minimal_Default" FILE="../../../../UE4/Learning/Content/StarterContent/Maps/Minimal_Default.umap" SILENT=true AUTOSAVING=false KEEPDIRTY=false
[2016.03.14-19.12.35:166][708]LogSavePackage: Save=255.73ms
[2016.03.14-19.12.35:167][708]LogSavePackage: Moving '../../../../UE4/Learning/Saved/Minimal_DefaultE31F54A94318DDF8406D8698203374BD.tmp' to '../../../../UE4/Learning/Content/StarterContent/Maps/Minimal_Default.umap'
[2016.03.14-19.12.35:173][708]LogSavePackage: Total save time: 268.48ms
[2016.03.14-19.12.35:173][708]LogSavePackage:Display: Finished SavePackage ../../../../UE4/Learning/Content/StarterContent/Maps/Minimal_Default.umap
[2016.03.14-19.12.38:986][868]LogWindowsTextInputMethodSystem:Display: IME system now deactivated.
[2016.03.14-19.12.39:299][869]Cmd: QUIT_EDITOR
[2016.03.14-19.12.39:897][869]LogExit: Preparing to exit.
[2016.03.14-19.12.40:264][869]LogExit: Editor shut down
[2016.03.14-19.12.40:266][869]LogExit: Transaction tracking system shut down
[2016.03.14-19.12.40:594][869]LogObj: Freed 0b from 0 cluster array pools.
[2016.03.14-19.12.40:594][869]LogExit: Object subsystem successfully closed.
[2016.03.14-19.12.40:615][869]LogD3D11RHI: Shutdown
[2016.03.14-19.12.40:616][869]LogD3D11RHI: CleanupD3DDevice
[2016.03.14-19.12.40:680][869]LogD3D11RHI: ~FD3D11DynamicRHI
[2016.03.14-19.12.41:124][869]LogDerivedDataCache: Shutdown
[2016.03.14-19.12.41:140][869]LogModuleManager: Shutting down and abandoning module MovieSceneCapture (201)
[2016.03.14-19.12.41:140][869]LogModuleManager: Shutting down and abandoning module HierarchicalLODOutliner (200)
[2016.03.14-19.12.41:140][869]LogModuleManager: Shutting down and abandoning module CrashTracker (199)
[2016.03.14-19.12.41:141][869]LogModuleManager: Shutting down and abandoning module SceneOutliner (198)
[2016.03.14-19.12.41:141][869]LogModuleManager: Shutting down and abandoning module SuperSearch (197)
[2016.03.14-19.12.41:141][869]LogModuleManager: Shutting down and abandoning module WidgetCarousel (196)
[2016.03.14-19.12.41:141][869]LogModuleManager: Shutting down and abandoning module AddContentDialog (195)
[2016.03.14-19.12.41:143][869]LogModuleManager: Shutting down and abandoning module GameplayTags (194)
[2016.03.14-19.12.41:143][869]LogModuleManager: Shutting down and abandoning module EditorWidgets (193)
[2016.03.14-19.12.41:143][869]LogModuleManager: Shutting down and abandoning module CollectionManager (192)
[2016.03.14-19.12.41:144][869]LogModuleManager: Shutting down and abandoning module StatsViewer (191)
[2016.03.14-19.12.41:144][869]LogModuleManager: Shutting down and abandoning module FoliageEdit (190)
[2016.03.14-19.12.41:144][869]LogModuleManager: Shutting down and abandoning module LandscapeEditor (189)
[2016.03.14-19.12.41:146][869]LogModuleManager: Shutting down and abandoning module ActorPickerMode (188)
[2016.03.14-19.12.41:146][869]LogModuleManager: Shutting down and abandoning module GeometryMode (187)
[2016.03.14-19.12.41:146][869]LogModuleManager: Shutting down and abandoning module TextureAlignMode (186)
[2016.03.14-19.12.41:146][869]LogModuleManager: Shutting down and abandoning module BspMode (185)
[2016.03.14-19.12.41:146][869]LogModuleManager: Shutting down and abandoning module PlacementMode (184)
[2016.03.14-19.12.41:146][869]LogModuleManager: Shutting down and abandoning module AutomationWorker (183)
[2016.03.14-19.12.41:147][869]LogModuleManager: Shutting down and abandoning module CharacterAI (182)
[2016.03.14-19.12.41:147][869]LogModuleManager: Shutting down and abandoning module SmartSnapping (181)
[2016.03.14-19.12.41:147][869]LogModuleManager: Shutting down and abandoning module ViewportSnapping (180)
[2016.03.14-19.12.41:147][869]LogModuleManager: Shutting down and abandoning module LogVisualizer (179)
[2016.03.14-19.12.41:148][869]LogModuleManager: Shutting down and abandoning module GameProjectGeneration (178)
[2016.03.14-19.12.41:149][869]LogModuleManager: Shutting down and abandoning module IntroTutorials (177)
[2016.03.14-19.12.41:150][869]LogModuleManager: Shutting down and abandoning module EditorLiveStreaming (176)
[2016.03.14-19.12.41:150][869]LogModuleManager: Shutting down and abandoning module IOSPlatformEditor (175)
[2016.03.14-19.12.41:151][869]LogModuleManager: Shutting down and abandoning module HTML5PlatformEditor (174)
[2016.03.14-19.12.41:151][869]LogModuleManager: Shutting down and abandoning module AndroidDeviceDetection (173)
[2016.03.14-19.12.41:987][869]LogModuleManager: Shutting down and abandoning module AndroidPlatformEditor (172)
[2016.03.14-19.12.41:988][869]LogModuleManager: Shutting down and abandoning module IOSRuntimeSettings (171)
[2016.03.14-19.12.41:988][869]LogModuleManager: Shutting down and abandoning module AndroidRuntimeSettings (170)
[2016.03.14-19.12.41:988][869]LogModuleManager: Shutting down and abandoning module MergeActors (169)
[2016.03.14-19.12.41:989][869]LogModuleManager: Shutting down and abandoning module SizeMap (168)
[2016.03.14-19.12.41:989][869]LogModuleManager: Shutting down and abandoning module TreeMap (167)
[2016.03.14-19.12.41:990][869]LogModuleManager: Shutting down and abandoning module ReferenceViewer (166)
[2016.03.14-19.12.41:990][869]LogModuleManager: Shutting down and abandoning module LocalizationService (165)
[2016.03.14-19.12.41:990][869]LogModuleManager: Shutting down and abandoning module LocalizationDashboard (164)
[2016.03.14-19.12.41:991][869]LogModuleManager: Shutting down and abandoning module HardwareTargeting (163)
[2016.03.14-19.12.41:991][869]LogModuleManager: Shutting down and abandoning module DeviceProfileEditor (162)
[2016.03.14-19.12.41:991][869]LogModuleManager: Shutting down and abandoning module UndoHistory (161)
[2016.03.14-19.12.41:991][869]LogModuleManager: Shutting down and abandoning module UserFeedback (160)
[2016.03.14-19.12.41:991][869]LogModuleManager: Shutting down and abandoning module XmlParser (159)
[2016.03.14-19.12.41:992][869]LogModuleManager: Shutting down and abandoning module Blutility (158)
[2016.03.14-19.12.41:992][869]LogModuleManager: Shutting down and abandoning module ProjectTargetPlatformEditor (157)
[2016.03.14-19.12.41:992][869]LogModuleManager: Shutting down and abandoning module ProjectSettingsViewer (156)
[2016.03.14-19.12.41:992][869]LogModuleManager: Shutting down and abandoning module InputBindingEditor (155)
[2016.03.14-19.12.41:993][869]LogModuleManager: Shutting down and abandoning module EditorSettingsViewer (154)
[2016.03.14-19.12.41:993][869]LogModuleManager: Shutting down and abandoning module SettingsEditor (153)
[2016.03.14-19.12.41:994][869]LogModuleManager: Shutting down and abandoning module ProjectLauncher (152)
[2016.03.14-19.12.41:994][869]LogModuleManager: Shutting down and abandoning module SessionFrontend (151)
[2016.03.14-19.12.41:994][869]LogModuleManager: Shutting down and abandoning module ProfilerClient (150)
[2016.03.14-19.12.41:996][869]LogModuleManager: Shutting down and abandoning module TargetDeviceServices (149)
[2016.03.14-19.12.41:996][869]LogModuleManager: Shutting down and abandoning module DeviceManager (148)
[2016.03.14-19.12.42:025][869]LogModuleManager: Shutting down and abandoning module AutomationController (147)
[2016.03.14-19.12.42:027][869]LogModuleManager: Shutting down and abandoning module AutomationWindow (146)
[2016.03.14-19.12.42:028][869]LogModuleManager: Shutting down and abandoning module Layers (145)
[2016.03.14-19.12.42:030][869]LogModuleManager: Shutting down and abandoning module ComponentVisualizers (144)
[2016.03.14-19.12.42:030][869]LogModuleManager: Shutting down and abandoning module DetailCustomizations (143)
[2016.03.14-19.12.42:030][869]LogModuleManager: Shutting down and abandoning module PackagesDialog (142)
[2016.03.14-19.12.42:030][869]LogModuleManager: Shutting down and abandoning module Persona (141)
[2016.03.14-19.12.42:032][869]LogModuleManager: Shutting down and abandoning module Kismet (140)
[2016.03.14-19.12.42:033][869]LogModuleManager: Shutting down and abandoning module GraphEditor (139)
[2016.03.14-19.12.42:035][869]LogModuleManager: Shutting down and abandoning module ClassViewer (138)
[2016.03.14-19.12.42:035][869]LogModuleManager: Shutting down and abandoning module Toolbox (137)
[2016.03.14-19.12.42:035][869]LogModuleManager: Shutting down and abandoning module ModuleUI (136)
[2016.03.14-19.12.42:036][869]LogModuleManager: Shutting down and abandoning module MovieSceneTools (135)
[2016.03.14-19.12.42:036][869]LogModuleManager: Shutting down and abandoning module OutputLog (134)
[2016.03.14-19.12.42:037][869]LogModuleManager: Shutting down and abandoning module GammaUI (133)
[2016.03.14-19.12.42:037][869]LogModuleManager: Shutting down and abandoning module Documentation (132)
[2016.03.14-19.12.42:037][869]LogModuleManager: Shutting down and abandoning module StreamingPauseRendering (131)
[2016.03.14-19.12.42:037][869]LogModuleManager: Shutting down and abandoning module AnalyticsET (130)
[2016.03.14-19.12.42:037][869]LogModuleManager: Shutting down and abandoning module Analytics (129)
[2016.03.14-19.12.42:037][869]LogModuleManager: Shutting down and abandoning module PortalServices (128)
[2016.03.14-19.12.42:037][869]LogModuleManager: Shutting down and abandoning module PortalRpc (127)
[2016.03.14-19.12.42:037][869]LogModuleManager: Shutting down and abandoning module MessagingRpc (126)
[2016.03.14-19.12.42:038][869]LogModuleManager: Shutting down and abandoning module AITestSuite (125)
[2016.03.14-19.12.42:038][869]LogModuleManager: Shutting down and abandoning module GameplayDebugger (124)
[2016.03.14-19.12.42:038][869]LogModuleManager: Shutting down and abandoning module AIModule (123)
[2016.03.14-19.12.42:038][869]LogModuleManager: Shutting down and abandoning module ProfilerService (122)
[2016.03.14-19.12.42:083][869]LogModuleManager: Shutting down and abandoning module TaskGraph (121)
[2016.03.14-19.12.42:084][869]LogModuleManager: Shutting down and abandoning module SlateRemote (120)
[2016.03.14-19.12.42:084][869]LogModuleManager: Shutting down and abandoning module SteamVRController (119)
[2016.03.14-19.12.42:084][869]LogModuleManager: Shutting down and abandoning module SteamVR (118)
[2016.03.14-19.12.42:084][869]LogModuleManager: Shutting down and abandoning module ProceduralMeshComponent (117)
[2016.03.14-19.12.42:084][869]LogModuleManager: Shutting down and abandoning module OculusLibrary (116)
[2016.03.14-19.12.42:084][869]LogModuleManager: Shutting down and abandoning module OculusInput (115)
[2016.03.14-19.12.42:084][869]LogModuleManager: Shutting down and abandoning module LeapMotionController (114)
[2016.03.14-19.12.42:102][869]LogModuleManager: Shutting down and abandoning module CustomMeshComponent (113)
[2016.03.14-19.12.42:102][869]LogModuleManager: Shutting down and abandoning module CableComponent (112)
[2016.03.14-19.12.42:102][869]LogModuleManager: Shutting down and abandoning module ArchVisCharacter (111)
[2016.03.14-19.12.42:102][869]LogModuleManager: Shutting down and abandoning module MediaPlayerEditor (110)
[2016.03.14-19.12.42:103][869]LogModuleManager: Shutting down and abandoning module HTML5Networking (109)
[2016.03.14-19.12.42:103][869]LogModuleManager: Shutting down and abandoning module SpeedTreeImporter (108)
[2016.03.14-19.12.42:104][869]LogModuleManager: Shutting down and abandoning module PluginBrowser (107)
[2016.03.14-19.12.42:105][869]LogModuleManager: Shutting down and abandoning module EpicSurvey (106)
[2016.03.14-19.12.42:106][869]LogModuleManager: Shutting down and abandoning module DesktopPlatform (105)
[2016.03.14-19.12.42:107][869]LogModuleManager: Shutting down and abandoning module VisualStudioSourceCodeAccess (104)
[2016.03.14-19.12.42:107][869]LogModuleManager: Shutting down and abandoning module UObjectPlugin (103)
[2016.03.14-19.12.42:107][869]LogModuleManager: Shutting down and abandoning module SubversionSourceControl (102)
[2016.03.14-19.12.42:108][869]LogModuleManager: Shutting down and abandoning module PerforceSourceControl (101)
[2016.03.14-19.12.42:109][869]LogModuleManager: Shutting down and abandoning module SourceControl (100)
[2016.03.14-19.12.42:110][869]LogModuleManager: Shutting down and abandoning module GitSourceControl (99)
[2016.03.14-19.12.42:111][869]LogModuleManager: Shutting down and abandoning module LightPropagationVolumeEditor (98)
[2016.03.14-19.12.42:111][869]LogModuleManager: Shutting down and abandoning module PaperTiledImporter (97)
[2016.03.14-19.12.42:111][869]LogModuleManager: Shutting down and abandoning module PaperSpriteSheetImporter (96)
[2016.03.14-19.12.42:111][869]LogModuleManager: Shutting down and abandoning module MeshPaint (95)
[2016.03.14-19.12.42:111][869]LogModuleManager: Shutting down and abandoning module HotReload (94)
[2016.03.14-19.12.42:112][869]LogModuleManager: Shutting down and abandoning module MainFrame (93)
[2016.03.14-19.12.42:112][869]LogModuleManager: Shutting down and abandoning module LevelEditor (92)
[2016.03.14-19.12.42:113][869]LogModuleManager: Shutting down and abandoning module DirectoryWatcher (91)
[2016.03.14-19.12.42:114][869]LogModuleManager: Shutting down and abandoning module AssetRegistry (90)
[2016.03.14-19.12.42:334][869]LogModuleManager: Shutting down and abandoning module ContentBrowser (89)
[2016.03.14-19.12.42:336][869]LogModuleManager: Shutting down and abandoning module Paper2DEditor (88)
[2016.03.14-19.12.42:336][869]LogModuleManager: Shutting down and abandoning module Learning (87)
[2016.03.14-19.12.42:336][869]LogModuleManager: Shutting down and abandoning module UdpMessaging (86)
[2016.03.14-19.12.42:437][869]LogModuleManager: Shutting down and abandoning module LightPropagationVolumeRuntime (85)
[2016.03.14-19.12.42:437][869]LogModuleManager: Shutting down and abandoning module Paper2D (84)
[2016.03.14-19.12.42:439][869]LogModuleManager: Shutting down and abandoning module WindowsMoviePlayer (83)
[2016.03.14-19.12.42:440][869]LogModuleManager: Shutting down and abandoning module Media (82)
[2016.03.14-19.12.42:440][869]LogModuleManager: Shutting down and abandoning module WmfMedia (81)
[2016.03.14-19.12.42:440][869]LogModuleManager: Shutting down and abandoning module GameLiveStreaming (80)
[2016.03.14-19.12.42:441][869]LogModuleManager: Shutting down and abandoning module GameplayTagsEditor (79)
[2016.03.14-19.12.42:441][869]LogModuleManager: Shutting down and abandoning module OnlineBlueprintSupport (78)
[2016.03.14-19.12.42:441][869]LogModuleManager: Shutting down and abandoning module GameplayTasksEditor (77)
[2016.03.14-19.12.42:441][869]LogModuleManager: Shutting down and abandoning module PropertyEditor (76)
[2016.03.14-19.12.42:441][869]LogModuleManager: Shutting down and abandoning module BehaviorTreeEditor (75)
[2016.03.14-19.12.42:442][869]LogModuleManager: Shutting down and abandoning module FunctionalTesting (74)
[2016.03.14-19.12.42:442][869]LogModuleManager: Shutting down and abandoning module CollisionAnalyzer (73)
[2016.03.14-19.12.42:443][869]LogModuleManager: Shutting down and abandoning module WorkspaceMenuStructure (72)
[2016.03.14-19.12.42:443][869]LogModuleManager: Shutting down and abandoning module MessageLog (71)
[2016.03.14-19.12.42:443][869]LogModuleManager: Shutting down and abandoning module Sequencer (70)
[2016.03.14-19.12.42:444][869]LogModuleManager: Shutting down and abandoning module AssetTools (69)
[2016.03.14-19.12.42:447][869]LogModuleManager: Shutting down and abandoning module UMGEditor (68)
[2016.03.14-19.12.42:448][869]LogModuleManager: Shutting down and abandoning module UMG (67)
[2016.03.14-19.12.42:448][869]LogModuleManager: Shutting down and abandoning module SlateReflector (66)
[2016.03.14-19.12.42:449][869]LogModuleManager: Shutting down and abandoning module Slate (65)
[2016.03.14-19.12.42:449][869]LogModuleManager: Shutting down and abandoning module EditorStyle (64)
[2016.03.14-19.12.42:453][869]LogModuleManager: Shutting down and abandoning module SessionServices (63)
[2016.03.14-19.12.42:454][869]LogModuleManager: Shutting down and abandoning module SourceCodeAccess (62)
[2016.03.14-19.12.42:454][869]LogModuleManager: Shutting down and abandoning module HeadMountedDisplay (61)
[2016.03.14-19.12.42:454][869]LogModuleManager: Shutting down and abandoning module XAudio2 (60)
[2016.03.14-19.12.42:454][869]LogModuleManager: Shutting down and abandoning module Networking (58)
[2016.03.14-19.12.42:454][869]LogModuleManager: Shutting down and abandoning module Core (57)
[2016.03.14-19.12.42:454][869]LogModuleManager: Shutting down and abandoning module KismetCompiler (56)
[2016.03.14-19.12.42:454][869]LogModuleManager: Shutting down and abandoning module PhysXFormats (55)
[2016.03.14-19.12.42:454][869]LogModuleManager: Shutting down and abandoning module MeshUtilities (54)
[2016.03.14-19.12.42:454][869]LogModuleManager: Shutting down and abandoning module CookingStats (53)
[2016.03.14-19.12.42:454][869]LogModuleManager: Shutting down and abandoning module DerivedDataCache (52)
[2016.03.14-19.12.42:454][869]LogDerivedDataCache: Shutdown
[2016.03.14-19.12.42:454][869]LogModuleManager: Shutting down and abandoning module MetalShaderFormat (51)
[2016.03.14-19.12.42:454][869]LogModuleManager: Shutting down and abandoning module ShaderFormatD3D (50)
[2016.03.14-19.12.42:454][869]LogModuleManager: Shutting down and abandoning module ShaderFormatOpenGL (49)
[2016.03.14-19.12.42:455][869]LogModuleManager: Shutting down and abandoning module TextureFormatUncompressed (48)
[2016.03.14-19.12.42:456][869]LogModuleManager: Shutting down and abandoning module ImageWrapper (47)
[2016.03.14-19.12.42:456][869]LogModuleManager: Shutting down and abandoning module TextureFormatASTC (46)
[2016.03.14-19.12.42:456][869]LogModuleManager: Shutting down and abandoning module TextureFormatPVR (45)
[2016.03.14-19.12.42:456][869]LogModuleManager: Shutting down and abandoning module TextureFormatDXT (44)
[2016.03.14-19.12.42:456][869]LogModuleManager: Shutting down and abandoning module TextureFormatIntelISPCTexComp (43)
[2016.03.14-19.12.42:457][869]LogModuleManager: Shutting down and abandoning module AudioFormatOpus (42)
[2016.03.14-19.12.42:457][869]LogModuleManager: Shutting down and abandoning module AudioFormatOgg (41)
[2016.03.14-19.12.42:457][869]LogModuleManager: Shutting down and abandoning module AudioFormatADPCM (40)
[2016.03.14-19.12.42:457][869]LogModuleManager: Shutting down and abandoning module TVOSTargetPlatform (39)
[2016.03.14-19.12.42:457][869]LogModuleManager: Shutting down and abandoning module Messaging (38)
[2016.03.14-19.12.42:457][869]LogModuleManager: Shutting down and abandoning module IOSTargetPlatform (37)
[2016.03.14-19.12.42:457][869]LogModuleManager: Shutting down and abandoning module HTML5TargetPlatform (36)
[2016.03.14-19.12.42:457][869]LogModuleManager: Shutting down and abandoning module Android_MultiTargetPlatform (35)
[2016.03.14-19.12.42:457][869]LogModuleManager: Shutting down and abandoning module Android_ASTCTargetPlatform (34)
[2016.03.14-19.12.42:457][869]LogModuleManager: Shutting down and abandoning module Android_ETC2Targe