Log file open, 03/15/16 08:46:26
LogInit:Display: Running engine for game: Learning
LogPlatformFile: Not using cached read wrapper
LogInit:Display: RandInit(1987657614) SRandInit(1987657616).
LogInit: Using version manifest at CL 0 with build ID '522db101-c336-4385-9103-ce87a654d5e1'
LogTaskGraph: Started task graph with 4 named threads and 5 total threads.
LogStats: Stats thread started at 0.531932
OCULUS: Info: 03/15/16 08:46:26: [CAPI] LibOVR module is located at C:\Windows\SYSTEM32\LibOVRRT64_0_8.dll

OCULUS: Info: 03/15/16 08:46:26: [IPC] Call Stats for SetInitialState : x1: C2S=11.2415, S2C=4.08782, Runtime=37.8124 (microseconds) C2Ssize=80, S2Csize=81 (bytes)

OCULUS: Info: 03/15/16 08:46:26: [IPC] Call Stats for IsLatencyTesterAvailable : x1: C2S=4.08782, S2C=1.78842, Runtime=1.02196 (microseconds) C2Ssize=33, S2Csize=18 (bytes)

LogInit: Version: 4.11.0-0+UE4
LogInit: API Version: 0
LogInit: Compiled (64-bit): Mar 14 2016 17:29:30
LogInit: Compiled with Visual C++: 19.00.23506.00
LogInit: Build Configuration: Debug
LogInit: Branch Name: UE4
LogInit: Command line:  -debug
LogInit: Base directory: C:/Users/Jack/Documents/GitHub/UnrealEngine/Engine/Binaries/Win64/
LogInit: Installed Engine Build: 0
LogInit: Using libcurl 7.41.0
LogInit:  - built for x86_64-pc-win32
LogInit:  - supports SSL with WinSSL
LogInit:  - other features:
LogInit:      CURL_VERSION_SSL
LogInit:      CURL_VERSION_IPV6
LogInit:      CURL_VERSION_ASYNCHDNS
LogInit:      CURL_VERSION_LARGEFILE
LogInit:      CURL_VERSION_IDN
LogInit:  CurlRequestOptions (configurable via config and command line):
LogInit:  - bVerifyPeer = true  - Libcurl will verify peer certificate
LogInit:  - bUseHttpProxy = false  - Libcurl will NOT use HTTP proxy
LogInit:  - bDontReuseConnections = false  - Libcurl will reuse connections
LogInit:  - CertBundlePath = nullptr  - Libcurl will use whatever was configured at build time.
LogInit: Presizing for max 16777216 objects, including 0 objects not considered by GC, pre-allocating 0 bytes for permanent pool.
LogInit: Object subsystem initialized
[2016.03.15-08.46.27:202][  0]LogInit: Selected Device Profile: [Windows]
[2016.03.15-08.46.27:202][  0]LogInit: Applying CVar settings loaded from the selected device profile: [Windows]
[2016.03.15-08.46.27:216][  0]LogInit: Computer: JACK
[2016.03.15-08.46.27:216][  0]LogInit: User: Jack
[2016.03.15-08.46.27:216][  0]LogInit: CPU Page size=65536, Cores=2
[2016.03.15-08.46.27:217][  0]LogInit: High frequency timer resolution =3.914062 MHz
[2016.03.15-08.46.27:217][  0]LogMemory: Memory total: Physical=15.9GB (16GB approx)
[2016.03.15-08.46.27:217][  0]LogMemory: Platform Memory Stats for Windows
[2016.03.15-08.46.27:217][  0]LogMemory: Process Physical Memory: 322.39 MB used, 322.39 MB peak
[2016.03.15-08.46.27:218][  0]LogMemory: Process Virtual Memory: 313.54 MB used, 313.54 MB peak
[2016.03.15-08.46.27:218][  0]LogMemory: Physical Memory: 6692.14 MB used, 16304.48 MB total
[2016.03.15-08.46.27:218][  0]LogMemory: Virtual Memory: 772.43 MB used, 134217728.00 MB total
[2016.03.15-08.46.27:381][  0]LogPhysics:Warning: PHYSX: ..\..\module\clothing\src\ModuleClothing.cpp (386) 2 : physx::apex::clothing::ModuleClothing::ModuleClothing: Failed to load the GPU dll 'APEX_ClothingGPUPROFILE_x64.dll'
[2016.03.15-08.46.27:386][  0]LogTextLocalizationManager: No specific translations for ('en-GB') exist, so ('en') translations will be used.
[2016.03.15-08.46.28:208][  0]LogD3D11RHI: D3D11 adapters:
[2016.03.15-08.46.28:276][  0]LogD3D11RHI:    0. 'NVIDIA GeForce GTX 980 Ti' (Feature Level 11_0)
[2016.03.15-08.46.28:278][  0]LogD3D11RHI:       6047MB of dedicated video memory, 0MB of dedicated system memory, and 8152MB of shared system memory, 1 output[s]
[2016.03.15-08.46.28:284][  0]LogD3D11RHI:    1. 'Microsoft Basic Render Driver' (Feature Level 11_0)
[2016.03.15-08.46.28:284][  0]LogD3D11RHI:       0MB of dedicated video memory, 0MB of dedicated system memory, and 8152MB of shared system memory, 0 output[s]
[2016.03.15-08.46.28:285][  0]LogD3D11RHI: Chosen D3D11 Adapter: 0
[2016.03.15-08.46.28:289][  0]LogD3D11RHI: Creating new Direct3DDevice
[2016.03.15-08.46.28:290][  0]LogD3D11RHI:     Adapter Name: NVIDIA GeForce GTX 980 Ti
[2016.03.15-08.46.28:290][  0]LogD3D11RHI:   Driver Version: Unknown (internal Unknown)
[2016.03.15-08.46.28:290][  0]LogD3D11RHI:      Driver Date: Unknown
[2016.03.15-08.46.28:290][  0]LogRHI: Texture pool is 1361 MB (70% of 1945 MB)
[2016.03.15-08.46.28:304][  0]LogD3D11RHI: Async texture creation enabled
[2016.03.15-08.46.28:337][  0]LogShaderCompilers: Guid format shader working directory is 20 characters bigger than the processId version (../../../../UE4/Learning/Intermediate/Shaders/WorkingDirectory/14592/).
[2016.03.15-08.46.28:338][  0]LogShaderCompilers: Cleaned the shader compiler working directory 'C:/Users/Jack/AppData/Local/Temp/UnrealShaderWorkingDir/85892B0E43F0AD7A441DCE8AC8EF87E4/'.
[2016.03.15-08.46.28:338][  0]LogShaderCompilers:Display: Using Local Shader Compiler.
[2016.03.15-08.46.29:809][  0]LogTemp:Display: Loaded TP WindowsTargetPlatform
[2016.03.15-08.46.29:830][  0]LogTemp:Display: Loaded TP WindowsNoEditorTargetPlatform
[2016.03.15-08.46.29:853][  0]LogTemp:Display: Loaded TP WindowsServerTargetPlatform
[2016.03.15-08.46.29:872][  0]LogTemp:Display: Loaded TP WindowsClientTargetPlatform
[2016.03.15-08.46.29:891][  0]LogTemp:Display: Loaded TP AllDesktopTargetPlatform
[2016.03.15-08.46.29:910][  0]LogTemp:Display: Loaded TP AndroidTargetPlatform
[2016.03.15-08.46.29:928][  0]LogTemp:Display: Loaded TP Android_PVRTCTargetPlatform
[2016.03.15-08.46.29:957][  0]LogTemp:Display: Loaded TP Android_ATCTargetPlatform
[2016.03.15-08.46.29:976][  0]LogTemp:Display: Loaded TP Android_DXTTargetPlatform
[2016.03.15-08.46.29:995][  0]LogTemp:Display: Loaded TP Android_ETC1TargetPlatform
[2016.03.15-08.46.30:011][  0]LogTemp:Display: Loaded TP Android_ETC2TargetPlatform
[2016.03.15-08.46.30:031][  0]LogTemp:Display: Loaded TP Android_ASTCTargetPlatform
[2016.03.15-08.46.30:052][  0]LogTemp:Display: Loaded TP Android_MultiTargetPlatform
[2016.03.15-08.46.30:064][  0]LogTemp:Display: Loaded TP HTML5TargetPlatform
[2016.03.15-08.46.30:127][  0]LogTemp:Display: Loaded TP IOSTargetPlatform
[2016.03.15-08.46.30:143][  0]LogTemp:Display: Loaded TP TVOSTargetPlatform
[2016.03.15-08.46.30:143][  0]LogTargetPlatformManager:Display: Building Assets For Windows
[2016.03.15-08.46.30:555][  0]LogDerivedDataCache:Display: Max Cache Size: 512 MB
[2016.03.15-08.46.30:594][  0]LogDerivedDataCache: Loaded boot cache 0.04s 47MB ../../../../UE4/Learning/DerivedDataCache/Boot.ddc.
[2016.03.15-08.46.30:595][  0]LogDerivedDataCache:Display: Loaded Boot cache: ../../../../UE4/Learning/DerivedDataCache/Boot.ddc
[2016.03.15-08.46.30:595][  0]LogDerivedDataCache: FDerivedDataBackendGraph:  Pak pak cache file ../../../../UE4/Learning/DerivedDataCache/DDC.ddp not found, will not use a pak cache.
[2016.03.15-08.46.30:595][  0]LogDerivedDataCache: Unable to find inner node Pak for hierarchical cache Hierarchy.
[2016.03.15-08.46.30:595][  0]LogDerivedDataCache: FDerivedDataBackendGraph:  EnginePak pak cache file ../../../Engine/DerivedDataCache/DDC.ddp not found, will not use a pak cache.
[2016.03.15-08.46.30:595][  0]LogDerivedDataCache: Unable to find inner node EnginePak for hierarchical cache Hierarchy.
[2016.03.15-08.46.30:611][  0]LogDerivedDataCache: Using Local data cache path ../../../Engine/DerivedDataCache: Writable
[2016.03.15-08.46.30:611][  0]LogDerivedDataCache: Shared data cache path not found in *engine.ini, will not use an Shared cache.
[2016.03.15-08.46.30:611][  0]LogDerivedDataCache: Unable to find inner node Shared for hierarchical cache Hierarchy.
[2016.03.15-08.46.31:438][  0]LogInit: Selected Device Profile: [Windows]
[2016.03.15-08.46.31:444][  0]LogContentStreaming: Texture pool size is 0.00 MB
[2016.03.15-08.46.31:570][  0]LogMaterial: Uniform references updated for custom material expression Custom.
[2016.03.15-08.46.31:966][  0]LogMeshUtilities: No automatic mesh reduction module available
[2016.03.15-08.46.31:967][  0]LogMeshUtilities: No automatic mesh merging module available
[2016.03.15-08.46.31:967][  0]LogMeshUtilities: No distributed automatic mesh merging module available
[2016.03.15-08.46.32:538][  0]LogInit: WinSock: version 1.1 (2.2), MaxSocks=32767, MaxUdp=65467
[2016.03.15-08.46.33:413][  0]LogSlate: SlateFontCache - WITH_FREETYPE: 1, WITH_HARFBUZZ: 1
[2016.03.15-08.46.33:413][  0]LogSlate: SlateFontCache - WITH_FREETYPE: 1, WITH_HARFBUZZ: 1
[2016.03.15-08.46.33:509][  0]LogStreaming:Warning: Failed to read file '../../../Engine/Content/Editor/Slate/Common/Selection_16x.png' error.
[2016.03.15-08.46.33:509][  0]LogSlate: Could not find file for Slate resource: ../../../Engine/Content/Editor/Slate/Common/Selection_16x.png
[2016.03.15-08.46.33:509][  0]LogStreaming:Warning: Failed to read file '../../../Engine/Content/Editor/Slate/Common/Selection_16x.png' error.
[2016.03.15-08.46.33:509][  0]LogSlate: Could not find file for Slate resource: ../../../Engine/Content/Editor/Slate/Common/Selection_16x.png
[2016.03.15-08.46.33:509][  0]LogStreaming:Warning: Failed to read file '../../../Engine/Content/Editor/Slate/Common/Selection_16x.png' error.
[2016.03.15-08.46.33:509][  0]LogSlate: Could not find file for Slate resource: ../../../Engine/Content/Editor/Slate/Common/Selection_16x.png
[2016.03.15-08.46.34:163][  0]LogUdpMessaging: Initializing bridge on interface 0.0.0.0:0 to multicast group 230.0.0.1:6666.
[2016.03.15-08.46.34:390][  0]LogAssetRegistry: FAssetRegistry took 0.0321 seconds to start up
[2016.03.15-08.46.34:991][  0]SourceControl: Info Source control is disabled
[2016.03.15-08.46.34:992][  0]SourceControl: Info Source control is disabled
[2016.03.15-08.46.35:029][  0]SourceControl: Info Source control is disabled
[2016.03.15-08.46.35:068][  0]SourceControl: Info Source control is disabled
[2016.03.15-08.46.35:738][  0]LogUObjectArray: 30021 objects as part of root set at end of initial load.
[2016.03.15-08.46.35:738][  0]LogUObjectAllocator: 6411800 out of 0 bytes used by permanent object pool.
[2016.03.15-08.46.35:738][  0]LogUObjectArray: CloseDisregardForGC: 0/0 objects in disregard for GC pool
[2016.03.15-08.46.35:939][  0]LogEngine: Initializing Engine...
[2016.03.15-08.46.36:713][  0]LogHMD: SteamVR failed to initialize.  Err: 108
[2016.03.15-08.46.37:119][  0]LogAIModule: Creating AISystem for world NewWorld
[2016.03.15-08.46.37:146][  0]LogInit: XAudio2 using 'Speakers (Realtek High Definition Audio)' : 2 channels at 48 kHz using 32 bits per sample (channel mask 0x3)
[2016.03.15-08.46.37:240][  0]LogInit: FAudioDevice initialized.
[2016.03.15-08.46.37:259][  0]LogDerivedDataCache: Saved boot cache 0.02s 47MB ../../../../UE4/Learning/DerivedDataCache/Boot.ddc.
[2016.03.15-08.46.37:262][  0]LogInit: Texture streaming: Enabled
[2016.03.15-08.46.37:387][  0]LogInit: Transaction tracking system initialized
[2016.03.15-08.46.37:531][  0]BlueprintLog: New page: Editor Load
[2016.03.15-08.46.38:053][  0]LocalizationService: Info Localization service is disabled
[2016.03.15-08.46.38:393][  0]LogConsoleResponse:Display: 
[2016.03.15-08.46.38:652][  0]LogCook:Display: Max memory allowance for cook 8192mb
[2016.03.15-08.46.38:652][  0]LogCook:Display: Mobile HDR setting 1
[2016.03.15-08.46.38:652][  0]LogCook:Display: Done creating registry. It took  0.00s.
[2016.03.15-08.46.38:845][  0]LogFileCache: Scanning file cache for directory 'C:/Users/Jack/Documents/GitHub/UE4/Learning/Content/' took 0.02s
[2016.03.15-08.46.38:884][  0]SourceControl: Info Source control is disabled
[2016.03.15-08.46.38:887][  0]Cmd: MAP LOAD FILE="../../../../UE4/Learning/Content/StarterContent/Maps/Minimal_Default.umap" TEMPLATE=0 SHOWPROGRESS=1 FEATURELEVEL=3
[2016.03.15-08.46.38:888][  0]LightingResults: New page: Lighting Build
[2016.03.15-08.46.38:903][  0]MapCheck: New page: Map Check
[2016.03.15-08.46.38:903][  0]LightingResults: New page: Lighting Build
[2016.03.15-08.46.39:714][  0]LogAIModule: Creating AISystem for world Minimal_Default
[2016.03.15-08.46.39:751][  0]LogEditorServer: Finished looking for orphan Actors (0.000 secs)
[2016.03.15-08.46.39:754][  0]Cmd: MAP CHECKDEP NOCLEARLOG
[2016.03.15-08.46.39:804][  0]MapCheck: Info Map check complete: 0 Error(s), 0 Warning(s), took 50.48ms to complete.
[2016.03.15-08.46.39:804][  0]LogFileHelpers: Loading map 'Minimal_Default' took 0.918
[2016.03.15-08.46.40:057][  0]LogCollectionManager: Loaded 0 collections in 0.004206 seconds
[2016.03.15-08.46.40:139][  0]LogFileCache: Scanning file cache for directory 'C:/Users/Jack/Documents/GitHub/UE4/Learning/Saved/Collections/' took 0.02s
[2016.03.15-08.46.40:140][  0]LogFileCache: Scanning file cache for directory 'C:/Users/Jack/Documents/GitHub/UE4/Learning/Content/Developers/Jack/Collections/' took 0.01s
[2016.03.15-08.46.40:140][  0]LogFileCache: Scanning file cache for directory 'C:/Users/Jack/Documents/GitHub/UE4/Learning/Content/Collections/' took 0.01s
[2016.03.15-08.46.40:140][  0]LogCollectionManager: Rebuilt the GUID cache for 0 collections in 0.000002 seconds
[2016.03.15-08.46.40:170][  0]LogContentBrowser: Native class hierarchy populated in 0.0287 seconds. Added 1986 classes and 346 folders.
[2016.03.15-08.46.40:182][  0]LogStats: UGameplayTagsManager::ConstructGameplayTagTree: Construct from data asset -  0.000 s
[2016.03.15-08.46.40:183][  0]LogStats: UGameplayTagsManager::ConstructGameplayTagTree: GameplayTagTreeChangedEvent.Broadcast -  0.000 s
[2016.03.15-08.46.40:185][  0]LogContentBrowser: Native class hierarchy updated for 'GameplayTags' in 0.0015 seconds. Added 12 classes and 0 folders.
[2016.03.15-08.46.40:199][  0]LogContentBrowser: Native class hierarchy updated for 'WidgetCarousel' in 0.0012 seconds. Added 0 classes and 0 folders.
[2016.03.15-08.46.40:328][  0]LogContentBrowser: Native class hierarchy updated for 'AddContentDialog' in 0.0013 seconds. Added 0 classes and 0 folders.
[2016.03.15-08.46.40:361][  0]LogContentBrowser: Native class hierarchy updated for 'SceneOutliner' in 0.0014 seconds. Added 1 classes and 2 folders.
[2016.03.15-08.46.40:458][  0]LogCrashTracker: Crashtracker disabled due to settings.
[2016.03.15-08.46.40:565][  0]LogContentBrowser: Native class hierarchy updated for 'HierarchicalLODOutliner' in 0.0018 seconds. Added 1 classes and 2 folders.
[2016.03.15-08.46.40:565][  0]LogLoad: Full Startup: 15.72 seconds (BP compile: 0.14 seconds)
[2016.03.15-08.46.40:565][  0]LogExternalProfiler:Warning: No registered external profiler was matched with a command-line switch (or the DLL could not be loaded).  External profiling features will not be available.
[2016.03.15-08.46.40:576][  0]LogOcInput: OculusInput is initialized. Init status 0. Runtime version: 0.8.0.0
[2016.03.15-08.46.40:657][  0]LogContentStreaming: Texture pool size now 1000 MB
[2016.03.15-08.46.40:961][  0]LogRenderer: Reallocating scene render targets to support 1616x808 (Frame:2).
[2016.03.15-08.46.41:360][  3]LogAssetRegistry: Asset discovery search completed in 6.9985 seconds
[2016.03.15-08.46.41:360][  3]LogCollectionManager: Rebuilt the object cache for 0 collections in 0.000001 seconds (found 0 objects)
[2016.03.15-08.46.41:361][  3]LogCollectionManager: Fixed up redirectors for 0 collections in 0.000566 seconds (updated 0 objects)
[2016.03.15-08.47.52:104][668]LogBlueprintUserMessages: Early PlayInEditor Detection: Level '/Game/StarterContent/Maps/Minimal_Default.Minimal_Default:PersistentLevel' has LevelScriptBlueprint '/Game/StarterContent/Maps/Minimal_Default.Minimal_Default:PersistentLevel.Minimal_Default' with GeneratedClass '/Game/StarterContent/Maps/Minimal_Default.Minimal_Default_C' with ClassGeneratedBy '/Game/StarterContent/Maps/Minimal_Default.Minimal_Default:PersistentLevel.Minimal_Default'
[2016.03.15-08.47.52:104][668]LogPlayLevel: PlayLevel: No blueprints needed recompiling
[2016.03.15-08.47.52:109][668]PIE: New page: PIE session: Minimal_Default (15 Mar 2016 08:47:52)
[2016.03.15-08.47.52:110][668]LogPlayLevel: Creating play world package: /Game/StarterContent/Maps/UEDPIE_0_Minimal_Default
[2016.03.15-08.47.52:122][668]LogPlayLevel: PIE: StaticDuplicateObject took: (0.011738s)
[2016.03.15-08.47.52:123][668]LogAIModule: Creating AISystem for world Minimal_Default
[2016.03.15-08.47.52:123][668]LogPlayLevel: PIE: World Init took: (0.001225s)
[2016.03.15-08.47.52:124][668]LogPlayLevel: PIE: Created PIE world by copying editor world from /Game/StarterContent/Maps/Minimal_Default.Minimal_Default to /Game/StarterContent/Maps/UEDPIE_0_Minimal_Default.Minimal_Default (0.014373s)
[2016.03.15-08.47.52:233][668]LogInit: XAudio2 using 'Speakers (Realtek High Definition Audio)' : 2 channels at 48 kHz using 32 bits per sample (channel mask 0x3)
[2016.03.15-08.47.52:270][668]LogInit: FAudioDevice initialized.
[2016.03.15-08.47.52:343][668]LogWorld: Game class is 'LearningGameMode'
[2016.03.15-08.47.52:350][668]LogWorld: Bringing World /Game/StarterContent/Maps/UEDPIE_0_Minimal_Default.Minimal_Default up for play (max tick rate 0) at 2016.03.15-08.47.52
[2016.03.15-08.47.52:352][668]LogWorld: Bringing up level for play took: 0.005152
[2016.03.15-08.47.52:363][668]LogContentBrowser: Native class hierarchy updated for 'MovieSceneCapture' in 0.0013 seconds. Added 9 classes and 0 folders.
[2016.03.15-08.47.52:368][668]PIE: Info Play in editor start time for /Game/StarterContent/Maps/UEDPIE_0_Minimal_Default 1.054
[2016.03.15-08.47.52:368][668]LogBlueprintUserMessages: Late PlayInEditor Detection: Level '/Game/StarterContent/Maps/Minimal_Default.Minimal_Default:PersistentLevel' has LevelScriptBlueprint '/Game/StarterContent/Maps/Minimal_Default.Minimal_Default:PersistentLevel.Minimal_Default' with GeneratedClass '/Game/StarterContent/Maps/Minimal_Default.Minimal_Default_C' with ClassGeneratedBy '/Game/StarterContent/Maps/Minimal_Default.Minimal_Default:PersistentLevel.Minimal_Default'
[2016.03.15-08.47.54:685][810]LogBlueprintUserMessages: Early EndPlayMap Detection: Level '/Game/StarterContent/Maps/Minimal_Default.Minimal_Default:PersistentLevel' has LevelScriptBlueprint '/Game/StarterContent/Maps/Minimal_Default.Minimal_Default:PersistentLevel.Minimal_Default' with GeneratedClass '/Game/StarterContent/Maps/Minimal_Default.Minimal_Default_C' with ClassGeneratedBy '/Game/StarterContent/Maps/Minimal_Default.Minimal_Default:PersistentLevel.Minimal_Default'
[2016.03.15-08.47.54:734][810]LogBlueprintUserMessages: Late EndPlayMap Detection: Level '/Game/StarterContent/Maps/Minimal_Default.Minimal_Default:PersistentLevel' has LevelScriptBlueprint '/Game/StarterContent/Maps/Minimal_Default.Minimal_Default:PersistentLevel.Minimal_Default' with GeneratedClass '/Game/StarterContent/Maps/Minimal_Default.Minimal_Default_C' with ClassGeneratedBy '/Game/StarterContent/Maps/Minimal_Default.Minimal_Default:PersistentLevel.Minimal_Default'
[2016.03.15-08.48.04:616][971]LogBlueprintUserMessages: Early PlayInEditor Detection: Level '/Game/StarterContent/Maps/Minimal_Default.Minimal_Default:PersistentLevel' has LevelScriptBlueprint '/Game/StarterContent/Maps/Minimal_Default.Minimal_Default:PersistentLevel.Minimal_Default' with GeneratedClass '/Game/StarterContent/Maps/Minimal_Default.Minimal_Default_C' with ClassGeneratedBy '/Game/StarterContent/Maps/Minimal_Default.Minimal_Default:PersistentLevel.Minimal_Default'
[2016.03.15-08.48.04:616][971]LogPlayLevel: PlayLevel: No blueprints needed recompiling
[2016.03.15-08.48.04:616][971]PIE: New page: PIE session: Minimal_Default (15 Mar 2016 08:48:04)
[2016.03.15-08.48.04:616][971]LogPlayLevel: Creating play world package: /Game/StarterContent/Maps/UEDPIE_0_Minimal_Default
[2016.03.15-08.48.04:625][971]LogPlayLevel: PIE: StaticDuplicateObject took: (0.008448s)
[2016.03.15-08.48.04:626][971]LogAIModule: Creating AISystem for world Minimal_Default
[2016.03.15-08.48.04:626][971]LogPlayLevel: PIE: World Init took: (0.000992s)
[2016.03.15-08.48.04:626][971]LogPlayLevel: PIE: Created PIE world by copying editor world from /Game/StarterContent/Maps/Minimal_Default.Minimal_Default to /Game/StarterContent/Maps/UEDPIE_0_Minimal_Default.Minimal_Default (0.010098s)
[2016.03.15-08.48.04:695][971]LogInit: XAudio2 using 'Speakers (Realtek High Definition Audio)' : 2 channels at 48 kHz using 32 bits per sample (channel mask 0x3)
[2016.03.15-08.48.04:723][971]LogInit: FAudioDevice initialized.
[2016.03.15-08.48.04:772][971]LogWorld: Game class is 'LearningGameMode'
[2016.03.15-08.48.04:776][971]LogWorld: Bringing World /Game/StarterContent/Maps/UEDPIE_0_Minimal_Default.Minimal_Default up for play (max tick rate 0) at 2016.03.15-08.48.04
[2016.03.15-08.48.04:776][971]LogWorld: Bringing up level for play took: 0.003448
[2016.03.15-08.48.04:779][971]PIE: Info Play in editor start time for /Game/StarterContent/Maps/UEDPIE_0_Minimal_Default -0.535
[2016.03.15-08.48.04:779][971]LogBlueprintUserMessages: Late PlayInEditor Detection: Level '/Game/StarterContent/Maps/Minimal_Default.Minimal_Default:PersistentLevel' has LevelScriptBlueprint '/Game/StarterContent/Maps/Minimal_Default.Minimal_Default:PersistentLevel.Minimal_Default' with GeneratedClass '/Game/StarterContent/Maps/Minimal_Default.Minimal_Default_C' with ClassGeneratedBy '/Game/StarterContent/Maps/Minimal_Default.Minimal_Default:PersistentLevel.Minimal_Default'
[2016.03.15-08.48.07:233][118]LogBlueprintUserMessages: Early EndPlayMap Detection: Level '/Game/StarterContent/Maps/Minimal_Default.Minimal_Default:PersistentLevel' has LevelScriptBlueprint '/Game/StarterContent/Maps/Minimal_Default.Minimal_Default:PersistentLevel.Minimal_Default' with GeneratedClass '/Game/StarterContent/Maps/Minimal_Default.Minimal_Default_C' with ClassGeneratedBy '/Game/StarterContent/Maps/Minimal_Default.Minimal_Default:PersistentLevel.Minimal_Default'
[2016.03.15-08.48.07:278][118]LogBlueprintUserMessages: Late EndPlayMap Detection: Level '/Game/StarterContent/Maps/Minimal_Default.Minimal_Default:PersistentLevel' has LevelScriptBlueprint '/Game/StarterContent/Maps/Minimal_Default.Minimal_Default:PersistentLevel.Minimal_Default' with GeneratedClass '/Game/StarterContent/Maps/Minimal_Default.Minimal_Default_C' with ClassGeneratedBy '/Game/StarterContent/Maps/Minimal_Default.Minimal_Default:PersistentLevel.Minimal_Default'
[2016.03.15-08.48.21:633][285]Recompiling Learning...
[2016.03.15-08.48.21:633][285]Building UnrealBuildTool...
[2016.03.15-08.48.21:633][285]Building UnrealBuildTool in C:/Users/Jack/Documents/GitHub/UnrealEngine/...
[2016.03.15-08.48.21:635][285]Running: C:\Windows\system32\cmd.exe /c "C:\Users\Jack\Documents\GitHub\UnrealEngine\Engine\Intermediate\Build\UnrealBuildTool\BuildUBT.bat"
[2016.03.15-08.48.23:190][285]Launching UnrealBuildTool... [C:/Users/Jack/Documents/GitHub/UnrealEngine/Engine/Binaries/DotNET/UnrealBuildTool.exe Learning -ModuleWithSuffix Learning 3587 Win64 Debug -editorrecompile -canskiplink "C:/Users/Jack/Documents/GitHub/UE4/Learning/Learning.uproject"  -2015]
[2016.03.15-08.48.23:205][285]Warning: Starting HotReload took  1.6s.
[2016.03.15-08.48.34:899][843]CompilerResultsLog: New page: Compilation - 15 Mar 2016 08:48:34
[2016.03.15-08.48.34:902][843]CompilerResultsLog: Info Creating makefile for hot reloading Learning (working set of source files changed)
[2016.03.15-08.48.34:903][843]CompilerResultsLog: Info Compiling game modules for hot reload
[2016.03.15-08.48.34:903][843]CompilerResultsLog: Info Building UnrealHeaderTool...
[2016.03.15-08.48.34:903][843]CompilerResultsLog: Info Target is up to date
[2016.03.15-08.48.34:903][843]CompilerResultsLog: Info Parsing headers for LearningEditor
[2016.03.15-08.48.34:904][843]CompilerResultsLog: Info   Running UnrealHeaderTool "C:\Users\Jack\Documents\GitHub\UE4\Learning\Learning.uproject" "C:\Users\Jack\Documents\GitHub\UE4\Learning\Intermediate\Build\Win64\LearningEditor\Debug\UnrealHeaderTool.manifest" -LogCmds="loginit warning, logexit warning, logdatabase error" -Unattended -WarningsAsErrors
[2016.03.15-08.48.34:904][843]CompilerResultsLog: Info Reflection code generated for LearningEditor in 3.460857 seconds
[2016.03.15-08.48.34:905][843]CompilerResultsLog: Info Performing 2 actions (2 in parallel)
[2016.03.15-08.48.34:906][843]CompilerResultsLog: Info FloatingActor.cpp
[2016.03.15-08.48.34:907][843]CompilerResultsLog: Info [2/2] Link UE4Editor-Learning-3587-Win64-Debug.dll
[2016.03.15-08.48.34:908][843]CompilerResultsLog: Info    Creating library C:\Users\Jack\Documents\GitHub\UE4\Learning\Intermediate\Build\Win64\UE4Editor\Debug\UE4Editor-Learning-3587-Win64-Debug.lib and object C:\Users\Jack\Documents\GitHub\UE4\Learning\Intermediate\Build\Win64\UE4Editor\Debug\UE4Editor-Learning-3587-Win64-Debug.exp
[2016.03.15-08.48.34:908][843]CompilerResultsLog: Info -------- End Detailed Actions Stats -----------------------------------------------------------
[2016.03.15-08.48.34:908][843]CompilerResultsLog: Info Total build time: 11.64 seconds
[2016.03.15-08.48.34:908][843]LogMainFrame: MainFrame: Module compiling took 13.280 seconds
[2016.03.15-08.48.35:009][843]LogContentBrowser: Native class hierarchy updated for 'Learning' in 0.0019 seconds. Added 2 classes and 2 folders.
[2016.03.15-08.48.35:012][843]Warning: HotReload successful (0 functions remapped  0 scriptstructs remapped)
[2016.03.15-08.48.35:225][843]LogContentBrowser: Native class hierarchy populated in 0.0224 seconds. Added 1988 classes and 350 folders.
[2016.03.15-08.48.35:227][843]Warning: HotReload took 13.6s.
[2016.03.15-08.48.38:022][973]LogBlueprintUserMessages: Early PlayInEditor Detection: Level '/Game/StarterContent/Maps/Minimal_Default.Minimal_Default:PersistentLevel' has LevelScriptBlueprint '/Game/StarterContent/Maps/Minimal_Default.Minimal_Default:PersistentLevel.Minimal_Default' with GeneratedClass '/Game/StarterContent/Maps/Minimal_Default.Minimal_Default_C' with ClassGeneratedBy '/Game/StarterContent/Maps/Minimal_Default.Minimal_Default:PersistentLevel.Minimal_Default'
[2016.03.15-08.48.38:022][973]LogPlayLevel: PlayLevel: No blueprints needed recompiling
[2016.03.15-08.48.38:022][973]PIE: New page: PIE session: Minimal_Default (15 Mar 2016 08:48:38)
[2016.03.15-08.48.38:022][973]LogPlayLevel: Creating play world package: /Game/StarterContent/Maps/UEDPIE_0_Minimal_Default
[2016.03.15-08.48.38:034][973]LogPlayLevel: PIE: StaticDuplicateObject took: (0.011387s)
[2016.03.15-08.48.38:035][973]LogAIModule: Creating AISystem for world Minimal_Default
[2016.03.15-08.48.38:035][973]LogPlayLevel: PIE: World Init took: (0.000926s)
[2016.03.15-08.48.38:035][973]LogPlayLevel: PIE: Created PIE world by copying editor world from /Game/StarterContent/Maps/Minimal_Default.Minimal_Default to /Game/StarterContent/Maps/UEDPIE_0_Minimal_Default.Minimal_Default (0.013062s)
[2016.03.15-08.48.38:112][973]LogInit: XAudio2 using 'Speakers (Realtek High Definition Audio)' : 2 channels at 48 kHz using 32 bits per sample (channel mask 0x3)
[2016.03.15-08.48.38:143][973]LogInit: FAudioDevice initialized.
[2016.03.15-08.48.38:189][973]LogWorld: Game class is 'LearningGameMode'
[2016.03.15-08.48.38:193][973]LogWorld: Bringing World /Game/StarterContent/Maps/UEDPIE_0_Minimal_Default.Minimal_Default up for play (max tick rate 0) at 2016.03.15-08.48.38
[2016.03.15-08.48.38:193][973]LogWorld: Bringing up level for play took: 0.003563
[2016.03.15-08.48.38:196][973]PIE: Info Play in editor start time for /Game/StarterContent/Maps/UEDPIE_0_Minimal_Default 0.882
[2016.03.15-08.48.38:196][973]LogBlueprintUserMessages: Late PlayInEditor Detection: Level '/Game/StarterContent/Maps/Minimal_Default.Minimal_Default:PersistentLevel' has LevelScriptBlueprint '/Game/StarterContent/Maps/Minimal_Default.Minimal_Default:PersistentLevel.Minimal_Default' with GeneratedClass '/Game/StarterContent/Maps/Minimal_Default.Minimal_Default_C' with ClassGeneratedBy '/Game/StarterContent/Maps/Minimal_Default.Minimal_Default:PersistentLevel.Minimal_Default'
[2016.03.15-08.48.43:160][264]LogBlueprintUserMessages: Early EndPlayMap Detection: Level '/Game/StarterContent/Maps/Minimal_Default.Minimal_Default:PersistentLevel' has LevelScriptBlueprint '/Game/StarterContent/Maps/Minimal_Default.Minimal_Default:PersistentLevel.Minimal_Default' with GeneratedClass '/Game/StarterContent/Maps/Minimal_Default.Minimal_Default_C' with ClassGeneratedBy '/Game/StarterContent/Maps/Minimal_Default.Minimal_Default:PersistentLevel.Minimal_Default'
[2016.03.15-08.48.43:202][264]LogBlueprintUserMessages: Late EndPlayMap Detection: Level '/Game/StarterContent/Maps/Minimal_Default.Minimal_Default:PersistentLevel' has LevelScriptBlueprint '/Game/StarterContent/Maps/Minimal_Default.Minimal_Default:PersistentLevel.Minimal_Default' with GeneratedClass '/Game/StarterContent/Maps/Minimal_Default.Minimal_Default_C' with ClassGeneratedBy '/Game/StarterContent/Maps/Minimal_Default.Minimal_Default:PersistentLevel.Minimal_Default'
[2016.03.15-11.24.25:317][417]LogVSAccessor:Warning: Couldn't goto line number '0' in 'C:/Users/Jack/Documents/GitHub/UE4/Learning/Source/Learning/LearningGameMode.h'
[2016.03.15-11.24.25:385][417]LogVSAccessor:Warning: Couldn't goto line number '0' in 'C:/Users/Jack/Documents/GitHub/UE4/Learning/Source/Learning/LearningGameMode.cpp'
[2016.03.15-11.28.30:492][455]Recompiling Learning...
[2016.03.15-11.28.30:492][455]Launching UnrealBuildTool... [C:/Users/Jack/Documents/GitHub/UnrealEngine/Engine/Binaries/DotNET/UnrealBuildTool.exe Learning -ModuleWithSuffix Learning 4574 Win64 Debug -editorrecompile -canskiplink "C:/Users/Jack/Documents/GitHub/UE4/Learning/Learning.uproject"  -2015]
[2016.03.15-11.28.30:508][455]Warning: Starting HotReload took  0.0s.
[2016.03.15-11.28.44:908][178]LogEditorViewport: Clicking on Actor (LMB): FloatingActor (FloatingActor)
[2016.03.15-11.28.46:439][227]CompilerResultsLog: New page: Compilation - 15 Mar 2016 11:28:46
[2016.03.15-11.28.46:440][227]CompilerResultsLog: Info Creating makefile for hot reloading Learning (working set of source files changed)
[2016.03.15-11.28.46:440][227]CompilerResultsLog: Info Compiling game modules for hot reload
[2016.03.15-11.28.46:440][227]CompilerResultsLog: Info Building UnrealHeaderTool...
[2016.03.15-11.28.46:440][227]CompilerResultsLog: Info Target is up to date
[2016.03.15-11.28.46:440][227]CompilerResultsLog: Info Parsing headers for LearningEditor
[2016.03.15-11.28.46:440][227]CompilerResultsLog: Info   Running UnrealHeaderTool "C:\Users\Jack\Documents\GitHub\UE4\Learning\Learning.uproject" "C:\Users\Jack\Documents\GitHub\UE4\Learning\Intermediate\Build\Win64\LearningEditor\Debug\UnrealHeaderTool.manifest" -LogCmds="loginit warning, logexit warning, logdatabase error" -Unattended -WarningsAsErrors
[2016.03.15-11.28.46:440][227]CompilerResultsLog: Info Reflection code generated for LearningEditor in 3.7914166 seconds
[2016.03.15-11.28.46:440][227]CompilerResultsLog: Info Performing 3 actions (2 in parallel)
[2016.03.15-11.28.46:440][227]CompilerResultsLog: Info Learning.generated.cpp
[2016.03.15-11.28.46:440][227]CompilerResultsLog: Info LearningGameMode.cpp
[2016.03.15-11.28.46:440][227]CompilerResultsLog: Info [3/3] Link UE4Editor-Learning-4574-Win64-Debug.dll
[2016.03.15-11.28.46:441][227]CompilerResultsLog: Info    Creating library C:\Users\Jack\Documents\GitHub\UE4\Learning\Intermediate\Build\Win64\UE4Editor\Debug\UE4Editor-Learning-4574-Win64-Debug.lib and object C:\Users\Jack\Documents\GitHub\UE4\Learning\Intermediate\Build\Win64\UE4Editor\Debug\UE4Editor-Learning-4574-Win64-Debug.exp
[2016.03.15-11.28.46:441][227]CompilerResultsLog: Info -------- End Detailed Actions Stats -----------------------------------------------------------
[2016.03.15-11.28.46:441][227]CompilerResultsLog: Info Total build time: 15.84 seconds
[2016.03.15-11.28.46:441][227]LogMainFrame: MainFrame: Module compiling took 15.953 seconds
[2016.03.15-11.28.46:571][227]LogContentBrowser: Native class hierarchy updated for 'Learning' in 0.0013 seconds. Added 2 classes and 2 folders.
[2016.03.15-11.28.46:574][227]Warning: HotReload successful (0 functions remapped  0 scriptstructs remapped)
[2016.03.15-11.28.46:767][227]LogContentBrowser: Native class hierarchy populated in 0.0256 seconds. Added 1988 classes and 350 folders.
[2016.03.15-11.28.46:767][227]Warning: HotReload took 16.3s.
[2016.03.15-11.28.48:517][301]LogBlueprintUserMessages: Early PlayInEditor Detection: Level '/Game/StarterContent/Maps/Minimal_Default.Minimal_Default:PersistentLevel' has LevelScriptBlueprint '/Game/StarterContent/Maps/Minimal_Default.Minimal_Default:PersistentLevel.Minimal_Default' with GeneratedClass '/Game/StarterContent/Maps/Minimal_Default.Minimal_Default_C' with ClassGeneratedBy '/Game/StarterContent/Maps/Minimal_Default.Minimal_Default:PersistentLevel.Minimal_Default'
[2016.03.15-11.28.48:517][301]LogPlayLevel: PlayLevel: No blueprints needed recompiling
[2016.03.15-11.28.48:518][301]PIE: New page: PIE session: Minimal_Default (15 Mar 2016 11:28:48)
[2016.03.15-11.28.48:518][301]LogPlayLevel: Creating play world package: /Game/StarterContent/Maps/UEDPIE_0_Minimal_Default
[2016.03.15-11.28.48:534][301]LogPlayLevel: PIE: StaticDuplicateObject took: (0.016237s)
[2016.03.15-11.28.48:535][301]LogAIModule: Creating AISystem for world Minimal_Default
[2016.03.15-11.28.48:535][301]LogPlayLevel: PIE: World Init took: (0.001040s)
[2016.03.15-11.28.48:536][301]LogPlayLevel: PIE: Created PIE world by copying editor world from /Game/StarterContent/Maps/Minimal_Default.Minimal_Default to /Game/StarterContent/Maps/UEDPIE_0_Minimal_Default.Minimal_Default (0.017867s)
[2016.03.15-11.28.48:620][301]LogInit: XAudio2 using 'Speakers (Realtek High Definition Audio)' : 2 channels at 48 kHz using 32 bits per sample (channel mask 0x3)
[2016.03.15-11.28.48:654][301]LogInit: FAudioDevice initialized.
[2016.03.15-11.28.48:700][301]LogWorld: Game class is 'LearningGameMode'
[2016.03.15-11.28.48:705][301]LogWorld: Bringing World /Game/StarterContent/Maps/UEDPIE_0_Minimal_Default.Minimal_Default up for play (max tick rate 0) at 2016.03.15-11.28.48
[2016.03.15-11.28.48:706][301]LogWorld: Bringing up level for play took: 0.004911
[2016.03.15-11.28.48:710][301]PIE: Info Play in editor start time for /Game/StarterContent/Maps/UEDPIE_0_Minimal_Default -0.604
[2016.03.15-11.28.48:710][301]LogBlueprintUserMessages: Late PlayInEditor Detection: Level '/Game/StarterContent/Maps/Minimal_Default.Minimal_Default:PersistentLevel' has LevelScriptBlueprint '/Game/StarterContent/Maps/Minimal_Default.Minimal_Default:PersistentLevel.Minimal_Default' with GeneratedClass '/Game/StarterContent/Maps/Minimal_Default.Minimal_Default_C' with ClassGeneratedBy '/Game/StarterContent/Maps/Minimal_Default.Minimal_Default:PersistentLevel.Minimal_Default'
[2016.03.15-11.28.53:036][538]LogBlueprintUserMessages: Early EndPlayMap Detection: Level '/Game/StarterContent/Maps/Minimal_Default.Minimal_Default:PersistentLevel' has LevelScriptBlueprint '/Game/StarterContent/Maps/Minimal_Default.Minimal_Default:PersistentLevel.Minimal_Default' with GeneratedClass '/Game/StarterContent/Maps/Minimal_Default.Minimal_Default_C' with ClassGeneratedBy '/Game/StarterContent/Maps/Minimal_Default.Minimal_Default:PersistentLevel.Minimal_Default'
[2016.03.15-11.28.53:090][538]LogBlueprintUserMessages: Late EndPlayMap Detection: Level '/Game/StarterContent/Maps/Minimal_Default.Minimal_Default:PersistentLevel' has LevelScriptBlueprint '/Game/StarterContent/Maps/Minimal_Default.Minimal_Default:PersistentLevel.Minimal_Default' with GeneratedClass '/Game/StarterContent/Maps/Minimal_Default.Minimal_Default_C' with ClassGeneratedBy '/Game/StarterContent/Maps/Minimal_Default.Minimal_Default:PersistentLevel.Minimal_Default'
[2016.03.15-11.30.07:664][128]LogTexture:Display: Building textures: T_Smoke_Tiled_D (AutoDXT)
[2016.03.15-11.30.07:810][128]LogTexture:Display: Building textures: T_Smoke_SubUV (AutoDXT)
[2016.03.15-11.30.11:728][128]LogMaterial: Missing cached shader map for material M_smoke_subUV, compiling. 
[2016.03.15-11.30.11:802][128]LogMaterial: Missing cached shader map for material M_Radial_Gradient, compiling. 
[2016.03.15-11.30.11:842][128]LogTexture:Display: Building textures: T_Fire_SubUV (AutoDXT)
[2016.03.15-11.30.12:445][128]LogTexture:Display: Building textures: T_Fire_Tiled_D (AutoDXT)
[2016.03.15-11.30.12:873][128]LogMaterial: Missing cached shader map for material M_Fire_SubUV, compiling. 
[2016.03.15-11.30.12:958][128]LogTexture:Display: Building textures: T_Water_N (BC5)
[2016.03.15-11.30.14:181][128]LogMaterial: Missing cached shader map for material M_Heat_Distortion, compiling. 
[2016.03.15-11.30.14:214][128]LogTexture:Display: Building textures: ThumbnailTexture (DXT1)
[2016.03.15-11.30.40:169][523]LogEditorViewport: Clicking on Actor (LMB): StaticMeshActor (Floor)
[2016.03.15-11.30.40:269][523]LogEditorViewport: Clicking on Actor (context menu): StaticMeshActor (Floor)
[2016.03.15-11.30.40:344][523]LogEditorViewport: Clicking on Actor (LMB): StaticMeshActor (Floor)
[2016.03.15-11.30.43:176][624]LogBlueprintUserMessages: Early PlayInEditor Detection: Level '/Game/StarterContent/Maps/Minimal_Default.Minimal_Default:PersistentLevel' has LevelScriptBlueprint '/Game/StarterContent/Maps/Minimal_Default.Minimal_Default:PersistentLevel.Minimal_Default' with GeneratedClass '/Game/StarterContent/Maps/Minimal_Default.Minimal_Default_C' with ClassGeneratedBy '/Game/StarterContent/Maps/Minimal_Default.Minimal_Default:PersistentLevel.Minimal_Default'
[2016.03.15-11.30.43:176][624]LogPlayLevel: PlayLevel: No blueprints needed recompiling
[2016.03.15-11.30.43:176][624]PIE: New page: PIE session: Minimal_Default (15 Mar 2016 11:30:43)
[2016.03.15-11.30.43:177][624]LogPlayLevel: Creating play world package: /Game/StarterContent/Maps/UEDPIE_0_Minimal_Default
[2016.03.15-11.30.43:186][624]LogPlayLevel: PIE: StaticDuplicateObject took: (0.009291s)
[2016.03.15-11.30.43:187][624]LogAIModule: Creating AISystem for world Minimal_Default
[2016.03.15-11.30.43:187][624]LogPlayLevel: PIE: World Init took: (0.000989s)
[2016.03.15-11.30.43:188][624]LogPlayLevel: PIE: Created PIE world by copying editor world from /Game/StarterContent/Maps/Minimal_Default.Minimal_Default to /Game/StarterContent/Maps/UEDPIE_0_Minimal_Default.Minimal_Default (0.011018s)
[2016.03.15-11.30.43:189][624]LogActorComponent: UnregisterComponent: (/Engine/Transient.MovementComponent0) Not registered. Aborting.
[2016.03.15-11.30.43:269][624]LogInit: XAudio2 using 'Speakers (Realtek High Definition Audio)' : 2 channels at 48 kHz using 32 bits per sample (channel mask 0x3)
[2016.03.15-11.30.43:301][624]LogInit: FAudioDevice initialized.
[2016.03.15-11.30.43:352][624]LogWorld: Game class is 'LearningGameMode'
[2016.03.15-11.30.43:356][624]LogWorld: Bringing World /Game/StarterContent/Maps/UEDPIE_0_Minimal_Default.Minimal_Default up for play (max tick rate 0) at 2016.03.15-11.30.43
[2016.03.15-11.30.43:357][624]LogWorld: Bringing up level for play took: 0.004700
[2016.03.15-11.30.43:360][624]PIE: Info Play in editor start time for /Game/StarterContent/Maps/UEDPIE_0_Minimal_Default 0.046
[2016.03.15-11.30.43:360][624]LogBlueprintUserMessages: Late PlayInEditor Detection: Level '/Game/StarterContent/Maps/Minimal_Default.Minimal_Default:PersistentLevel' has LevelScriptBlueprint '/Game/StarterContent/Maps/Minimal_Default.Minimal_Default:PersistentLevel.Minimal_Default' with GeneratedClass '/Game/StarterContent/Maps/Minimal_Default.Minimal_Default_C' with ClassGeneratedBy '/Game/StarterContent/Maps/Minimal_Default.Minimal_Default:PersistentLevel.Minimal_Default'
[2016.03.15-11.30.48:572][880]LogBlueprintUserMessages: Early EndPlayMap Detection: Level '/Game/StarterContent/Maps/Minimal_Default.Minimal_Default:PersistentLevel' has LevelScriptBlueprint '/Game/StarterContent/Maps/Minimal_Default.Minimal_Default:PersistentLevel.Minimal_Default' with GeneratedClass '/Game/StarterContent/Maps/Minimal_Default.Minimal_Default_C' with ClassGeneratedBy '/Game/StarterContent/Maps/Minimal_Default.Minimal_Default:PersistentLevel.Minimal_Default'
[2016.03.15-11.30.48:653][880]LogBlueprintUserMessages: Late EndPlayMap Detection: Level '/Game/StarterContent/Maps/Minimal_Default.Minimal_Default:PersistentLevel' has LevelScriptBlueprint '/Game/StarterContent/Maps/Minimal_Default.Minimal_Default:PersistentLevel.Minimal_Default' with GeneratedClass '/Game/StarterContent/Maps/Minimal_Default.Minimal_Default_C' with ClassGeneratedBy '/Game/StarterContent/Maps/Minimal_Default.Minimal_Default:PersistentLevel.Minimal_Default'
[2016.03.15-11.30.50:986][951]LogTexture:Display: Building textures: ThumbnailTexture (DXT1)
[2016.03.15-11.31.09:152][561]LogEditorViewport: Clicking on Actor (LMB): FloatingActor (FloatingActor)
[2016.03.15-11.31.23:629][104]LogEditorViewport: Clicking on Actor (LMB): StaticMeshActor (Floor)
[2016.03.15-11.31.26:769][212]LogEditorViewport: Clicking on Actor (LMB): FloatingActor (FloatingActor)
[2016.03.15-11.31.31:768][402]LogEditorViewport: Clicking on Actor (LMB): BP_Sky_Sphere_C (BP_Sky_Sphere)
[2016.03.15-11.32.28:704][732]LogSavePackage: Save=287.18ms
[2016.03.15-11.32.28:704][732]LogSavePackage: Moving '../../../../UE4/Learning/Saved/Minimal_Default_Auto17D4181E9420754D5A25301B807E4ADF5.tmp' to '../../../../UE4/Learning/Saved/Autosaves/Game/StarterContent/Maps/Minimal_Default_Auto1.umap'
[2016.03.15-11.32.28:706][732]LogSavePackage: Total save time: 293.03ms
[2016.03.15-11.32.28:707][732]LogSavePackage:Display: Finished SavePackage ../../../../UE4/Learning/Saved/Autosaves/Game/StarterContent/Maps/Minimal_Default_Auto1.umap
[2016.03.15-11.32.28:711][732]LogFileHelpers: Editor autosave (incl. sublevels) for '/Game/StarterContent/Maps/Minimal_Default' took 0.397
[2016.03.15-11.32.28:711][732]LogFileHelpers: Editor autosave (incl. sublevels) for all levels took 0.397
[2016.03.15-11.37.02:227][211]Recompiling Learning...
[2016.03.15-11.37.02:228][211]Launching UnrealBuildTool... [C:/Users/Jack/Documents/GitHub/UnrealEngine/Engine/Binaries/DotNET/UnrealBuildTool.exe Learning -ModuleWithSuffix Learning 7999 Win64 Debug -editorrecompile -canskiplink "C:/Users/Jack/Documents/GitHub/UE4/Learning/Learning.uproject"  -2015]
[2016.03.15-11.37.02:243][211]Warning: Starting HotReload took  0.0s.
[2016.03.15-11.37.15:281][568]CompilerResultsLog: New page: Compilation - 15 Mar 2016 11:37:15
[2016.03.15-11.37.15:287][568]CompilerResultsLog: Info Creating makefile for hot reloading Learning (working set of source files changed)
[2016.03.15-11.37.15:287][568]CompilerResultsLog: Info Compiling game modules for hot reload
[2016.03.15-11.37.15:287][568]CompilerResultsLog: Info Building UnrealHeaderTool...
[2016.03.15-11.37.15:287][568]CompilerResultsLog: Info Target is up to date
[2016.03.15-11.37.15:287][568]CompilerResultsLog: Info Parsing headers for LearningEditor
[2016.03.15-11.37.15:287][568]CompilerResultsLog: Info   Running UnrealHeaderTool "C:\Users\Jack\Documents\GitHub\UE4\Learning\Learning.uproject" "C:\Users\Jack\Documents\GitHub\UE4\Learning\Intermediate\Build\Win64\LearningEditor\Debug\UnrealHeaderTool.manifest" -LogCmds="loginit warning, logexit warning, logdatabase error" -Unattended -WarningsAsErrors
[2016.03.15-11.37.15:287][568]CompilerResultsLog: Info Reflection code generated for LearningEditor in 4.1414752 seconds
[2016.03.15-11.37.15:287][568]CompilerResultsLog: Info Performing 3 actions (2 in parallel)
[2016.03.15-11.37.15:288][568]CompilerResultsLog: Info Learning.generated.cpp
[2016.03.15-11.37.15:288][568]CompilerResultsLog:Error: Error C:\Users\Jack\Documents\GitHub\UE4\Learning\Source\Learning\FloatingActor.h(29) : error C2144: syntax error: 'float' should be preceded by ';'
[2016.03.15-11.37.15:288][568]CompilerResultsLog: Info FloatingActor.cpp
[2016.03.15-11.37.15:288][568]CompilerResultsLog:Error: Error c:\users\jack\documents\github\ue4\learning\source\learning\FloatingActor.h(29) : error C2144: syntax error: 'float' should be preceded by ';'
[2016.03.15-11.37.15:288][568]CompilerResultsLog: Info -------- End Detailed Actions Stats -----------------------------------------------------------
[2016.03.15-11.37.15:289][568]CompilerResultsLog: Info ERROR: UBT ERROR: Failed to produce item: C:\Users\Jack\Documents\GitHub\UE4\Learning\Binaries\Win64\UE4Editor-Learning-7999-Win64-Debug.dll
[2016.03.15-11.37.15:289][568]CompilerResultsLog: Info Total build time: 12.92 seconds
[2016.03.15-11.37.15:289][568]LogMainFrame: MainFrame: Module compiling took 13.071 seconds
[2016.03.15-11.37.15:289][568]Warning: HotReload failed, recompile failed
[2016.03.15-11.37.56:794][943]Recompiling Learning...
[2016.03.15-11.37.56:795][943]Launching UnrealBuildTool... [C:/Users/Jack/Documents/GitHub/UnrealEngine/Engine/Binaries/DotNET/UnrealBuildTool.exe Learning -ModuleWithSuffix Learning 338 Win64 Debug -editorrecompile -canskiplink "C:/Users/Jack/Documents/GitHub/UE4/Learning/Learning.uproject"  -2015]
[2016.03.15-11.37.56:808][943]Warning: Starting HotReload took  0.0s.
[2016.03.15-11.38.04:055][984]CompilerResultsLog: New page: Compilation - 15 Mar 2016 11:38:04
[2016.03.15-11.38.04:058][984]CompilerResultsLog: Info Compiling game modules for hot reload
[2016.03.15-11.38.04:059][984]CompilerResultsLog: Info Parsing headers for LearningEditor
[2016.03.15-11.38.04:059][984]CompilerResultsLog: Info   Running UnrealHeaderTool "C:\Users\Jack\Documents\GitHub\UE4\Learning\Learning.uproject" "C:\Users\Jack\Documents\GitHub\UE4\Learning\Intermediate\Build\Win64\LearningEditor\Debug\UnrealHeaderTool.manifest" -LogCmds="loginit warning, logexit warning, logdatabase error" -Unattended -WarningsAsErrors
[2016.03.15-11.38.04:060][984]CompilerResultsLog: Info Reflection code generated for LearningEditor in 3.6148502 seconds
[2016.03.15-11.38.04:060][984]CompilerResultsLog: Info Performing 3 actions (2 in parallel)
[2016.03.15-11.38.04:060][984]CompilerResultsLog: Info FloatingActor.cpp
[2016.03.15-11.38.04:060][984]CompilerResultsLog: Info Learning.generated.cpp
[2016.03.15-11.38.04:062][984]CompilerResultsLog:Error: Error c:\users\jack\documents\github\ue4\learning\source\learning\FloatingActor.h(30) : error C2144: syntax error: 'float' should be preceded by ';'
[2016.03.15-11.38.04:062][984]CompilerResultsLog:Error: Error C:\Users\Jack\Documents\GitHub\UE4\Learning\Source\Learning\FloatingActor.h(30) : error C2144: syntax error: 'float' should be preceded by ';'
[2016.03.15-11.38.04:062][984]CompilerResultsLog: Info -------- End Detailed Actions Stats -----------------------------------------------------------
[2016.03.15-11.38.04:062][984]CompilerResultsLog: Info ERROR: UBT ERROR: Failed to produce item: C:\Users\Jack\Documents\GitHub\UE4\Learning\Binaries\Win64\UE4Editor-Learning-338-Win64-Debug.dll
[2016.03.15-11.38.04:062][984]CompilerResultsLog: Info Total build time: 6.98 seconds
[2016.03.15-11.38.04:063][984]LogMainFrame: MainFrame: Module compiling took 7.274 seconds
[2016.03.15-11.38.04:063][984]Warning: HotReload failed, recompile failed
[2016.03.15-11.38.44:552][444]Recompiling Learning...
[2016.03.15-11.38.44:552][444]Launching UnrealBuildTool... [C:/Users/Jack/Documents/GitHub/UnrealEngine/Engine/Binaries/DotNET/UnrealBuildTool.exe Learning -ModuleWithSuffix Learning 2562 Win64 Debug -editorrecompile -canskiplink "C:/Users/Jack/Documents/GitHub/UE4/Learning/Learning.uproject"  -2015]
[2016.03.15-11.38.44:563][444]Warning: Starting HotReload took  0.0s.
[2016.03.15-11.38.47:192][485]CompilerResultsLog: New page: Compilation - 15 Mar 2016 11:38:47
[2016.03.15-11.38.47:192][485]CompilerResultsLog: Info Compiling game modules for hot reload
[2016.03.15-11.38.47:192][485]CompilerResultsLog: Info Performing 3 actions (2 in parallel)
[2016.03.15-11.38.47:192][485]CompilerResultsLog: Info FloatingActor.cpp
[2016.03.15-11.38.47:192][485]CompilerResultsLog: Info Learning.generated.cpp
[2016.03.15-11.38.47:193][485]CompilerResultsLog:Error: Error c:\users\jack\documents\github\ue4\learning\source\learning\FloatingActor.h(30) : error C2144: syntax error: 'float' should be preceded by ';'
[2016.03.15-11.38.47:193][485]CompilerResultsLog:Error: Error C:\Users\Jack\Documents\GitHub\UE4\Learning\Source\Learning\FloatingActor.h(30) : error C2144: syntax error: 'float' should be preceded by ';'
[2016.03.15-11.38.47:193][485]CompilerResultsLog: Info -------- End Detailed Actions Stats -----------------------------------------------------------
[2016.03.15-11.38.47:193][485]CompilerResultsLog: Info ERROR: UBT ERROR: Failed to produce item: C:\Users\Jack\Documents\GitHub\UE4\Learning\Binaries\Win64\UE4Editor-Learning-2562-Win64-Debug.dll
[2016.03.15-11.38.47:193][485]CompilerResultsLog: Info Total build time: 2.54 seconds
[2016.03.15-11.38.47:193][485]LogMainFrame: MainFrame: Module compiling took 2.649 seconds
[2016.03.15-11.38.47:194][485]Warning: HotReload failed, recompile failed
[2016.03.15-11.39.17:640][641]Recompiling Learning...
[2016.03.15-11.39.17:641][641]Launching UnrealBuildTool... [C:/Users/Jack/Documents/GitHub/UnrealEngine/Engine/Binaries/DotNET/UnrealBuildTool.exe Learning -ModuleWithSuffix Learning 9412 Win64 Debug -editorrecompile -canskiplink "C:/Users/Jack/Documents/GitHub/UE4/Learning/Learning.uproject"  -2015]
[2016.03.15-11.39.17:653][641]Warning: Starting HotReload took  0.0s.
[2016.03.15-11.39.25:839][870]CompilerResultsLog: New page: Compilation - 15 Mar 2016 11:39:25
[2016.03.15-11.39.25:840][870]CompilerResultsLog: Info Compiling game modules for hot reload
[2016.03.15-11.39.25:840][870]CompilerResultsLog: Info Parsing headers for LearningEditor
[2016.03.15-11.39.25:840][870]CompilerResultsLog: Info   Running UnrealHeaderTool "C:\Users\Jack\Documents\GitHub\UE4\Learning\Learning.uproject" "C:\Users\Jack\Documents\GitHub\UE4\Learning\Intermediate\Build\Win64\LearningEditor\Debug\UnrealHeaderTool.manifest" -LogCmds="loginit warning, logexit warning, logdatabase error" -Unattended -WarningsAsErrors
[2016.03.15-11.39.25:840][870]CompilerResultsLog: Info Reflection code generated for LearningEditor in 4.2635264 seconds
[2016.03.15-11.39.25:840][870]CompilerResultsLog: Info Performing 3 actions (2 in parallel)
[2016.03.15-11.39.25:840][870]CompilerResultsLog: Info FloatingActor.cpp
[2016.03.15-11.39.25:840][870]CompilerResultsLog: Info Learning.generated.cpp
[2016.03.15-11.39.25:840][870]CompilerResultsLog: Info [3/3] Link UE4Editor-Learning-9412-Win64-Debug.dll
[2016.03.15-11.39.25:840][870]CompilerResultsLog: Info    Creating library C:\Users\Jack\Documents\GitHub\UE4\Learning\Intermediate\Build\Win64\UE4Editor\Debug\UE4Editor-Learning-9412-Win64-Debug.lib and object C:\Users\Jack\Documents\GitHub\UE4\Learning\Intermediate\Build\Win64\UE4Editor\Debug\UE4Editor-Learning-9412-Win64-Debug.exp
[2016.03.15-11.39.25:841][870]CompilerResultsLog: Info -------- End Detailed Actions Stats -----------------------------------------------------------
[2016.03.15-11.39.25:841][870]CompilerResultsLog: Info Total build time: 8.12 seconds
[2016.03.15-11.39.25:841][870]LogMainFrame: MainFrame: Module compiling took 8.213 seconds
[2016.03.15-11.39.25:951][870]LogClass: Could not find existing class FloatingActor in package /Script/Learning for HotReload, assuming new class
