Log file open, 03/14/16 16:59:40
LogInit:Display: Running engine for game: Learning
LogPlatformFile: Not using cached read wrapper
LogInit:Display: RandInit(-1323130379) SRandInit(-1323130377).
LogInit: Using version manifest at CL 0 with build ID '2bc44f07-fb9e-4168-a670-a705550e6d86'
LogTaskGraph: Started task graph with 4 named threads and 5 total threads.
LogStats: Stats thread started at 0.173424
OCULUS: Info: 03/14/16 16:59:40: [CAPI] LibOVR module is located at C:\Windows\SYSTEM32\LibOVRRT64_0_8.dll

OCULUS: Error: 03/14/16 16:59:40: [IPC] WARNING: Overhead alert threshold exceeded for SetInitialState : x1: C2S=1652.25 (1652.25-1652.25), S2C=6.8982 (6.8982-6.8982), RTT=1743.46 (1743.46-1743.46), Runtime=84.3114 (84.3114-84.3114), IPC=1659.15 (1659.15-1659.15) (microseconds) C2Ssize=80 (80-80), S2Csize=81 (81-81) (bytes)
OCULUS: Info: 03/14/16 16:59:40: [IPC] Call Stats for IsLatencyTesterAvailable : x1: C2S=6.38723, S2C=3.06587, Runtime=2.2994 (microseconds) C2Ssize=33, S2Csize=18 (bytes)

LogInit: Version: 4.11.0-0+UE4
LogInit: API Version: 0
LogInit: Compiled (64-bit): Mar 14 2016 12:24:20
LogInit: Compiled with Visual C++: 19.00.23506.00
LogInit: Build Configuration: Debug
LogInit: Branch Name: UE4
LogInit: Command line:  -debug
LogInit: Base directory: C:/Users/Jack/Documents/GitHub/UnrealEngine/Engine/Binaries/Win64/
LogInit: Installed Engine Build: 0
LogInit: Using libcurl 7.41.0
LogInit:  - built for x86_64-pc-win32
LogInit:  - supports SSL with WinSSL
LogInit:  - other features:
LogInit:      CURL_VERSION_SSL
LogInit:      CURL_VERSION_IPV6
LogInit:      CURL_VERSION_ASYNCHDNS
LogInit:      CURL_VERSION_LARGEFILE
LogInit:      CURL_VERSION_IDN
LogInit:  CurlRequestOptions (configurable via config and command line):
LogInit:  - bVerifyPeer = true  - Libcurl will verify peer certificate
LogInit:  - bUseHttpProxy = false  - Libcurl will NOT use HTTP proxy
LogInit:  - bDontReuseConnections = false  - Libcurl will reuse connections
LogInit:  - CertBundlePath = nullptr  - Libcurl will use whatever was configured at build time.
LogInit: Presizing for max 16777216 objects, including 0 objects not considered by GC, pre-allocating 0 bytes for permanent pool.
LogInit: Object subsystem initialized
[2016.03.14-16.59.40:989][  0]LogInit: Selected Device Profile: [Windows]
[2016.03.14-16.59.40:990][  0]LogInit: Applying CVar settings loaded from the selected device profile: [Windows]
[2016.03.14-16.59.41:008][  0]LogInit: Computer: JACK
[2016.03.14-16.59.41:008][  0]LogInit: User: Jack
[2016.03.14-16.59.41:008][  0]LogInit: CPU Page size=65536, Cores=2
[2016.03.14-16.59.41:008][  0]LogInit: High frequency timer resolution =3.914062 MHz
[2016.03.14-16.59.41:009][  0]LogMemory: Memory total: Physical=15.9GB (16GB approx)
[2016.03.14-16.59.41:009][  0]LogMemory: Platform Memory Stats for Windows
[2016.03.14-16.59.41:009][  0]LogMemory: Process Physical Memory: 322.37 MB used, 322.37 MB peak
[2016.03.14-16.59.41:009][  0]LogMemory: Process Virtual Memory: 313.59 MB used, 313.59 MB peak
[2016.03.14-16.59.41:009][  0]LogMemory: Physical Memory: 6349.43 MB used, 16304.48 MB total
[2016.03.14-16.59.41:009][  0]LogMemory: Virtual Memory: 772.42 MB used, 134217728.00 MB total
[2016.03.14-16.59.41:138][  0]LogPhysics:Warning: PHYSX: ..\..\module\clothing\src\ModuleClothing.cpp (386) 2 : physx::apex::clothing::ModuleClothing::ModuleClothing: Failed to load the GPU dll 'APEX_ClothingGPUPROFILE_x64.dll'
[2016.03.14-16.59.41:143][  0]LogTextLocalizationManager: No specific translations for ('en-GB') exist, so ('en') translations will be used.
[2016.03.14-16.59.41:905][  0]LogD3D11RHI: D3D11 adapters:
[2016.03.14-16.59.41:970][  0]LogD3D11RHI:    0. 'NVIDIA GeForce GTX 980 Ti' (Feature Level 11_0)
[2016.03.14-16.59.41:970][  0]LogD3D11RHI:       6047MB of dedicated video memory, 0MB of dedicated system memory, and 8152MB of shared system memory, 1 output[s]
[2016.03.14-16.59.41:974][  0]LogD3D11RHI:    1. 'Microsoft Basic Render Driver' (Feature Level 11_0)
[2016.03.14-16.59.41:974][  0]LogD3D11RHI:       0MB of dedicated video memory, 0MB of dedicated system memory, and 8152MB of shared system memory, 0 output[s]
[2016.03.14-16.59.41:975][  0]LogD3D11RHI: Chosen D3D11 Adapter: 0
[2016.03.14-16.59.41:979][  0]LogD3D11RHI: Creating new Direct3DDevice
[2016.03.14-16.59.41:979][  0]LogD3D11RHI:     Adapter Name: NVIDIA GeForce GTX 980 Ti
[2016.03.14-16.59.41:979][  0]LogD3D11RHI:   Driver Version: Unknown (internal Unknown)
[2016.03.14-16.59.41:979][  0]LogD3D11RHI:      Driver Date: Unknown
[2016.03.14-16.59.41:979][  0]LogRHI: Texture pool is 1361 MB (70% of 1945 MB)
[2016.03.14-16.59.41:994][  0]LogD3D11RHI: Async texture creation enabled
[2016.03.14-16.59.42:009][  0]LogShaderCompilers: Guid format shader working directory is 21 characters bigger than the processId version (../../../../UE4/Learning/Intermediate/Shaders/WorkingDirectory/1108/).
[2016.03.14-16.59.42:009][  0]LogShaderCompilers: Cleaned the shader compiler working directory 'C:/Users/Jack/AppData/Local/Temp/UnrealShaderWorkingDir/6FAF885349FFF95392B9E8A36FDC746E/'.
[2016.03.14-16.59.42:009][  0]LogShaderCompilers:Display: Using Local Shader Compiler.
[2016.03.14-16.59.43:296][  0]LogTemp:Display: Loaded TP WindowsTargetPlatform
[2016.03.14-16.59.43:315][  0]LogTemp:Display: Loaded TP WindowsNoEditorTargetPlatform
[2016.03.14-16.59.43:334][  0]LogTemp:Display: Loaded TP WindowsServerTargetPlatform
[2016.03.14-16.59.43:355][  0]LogTemp:Display: Loaded TP WindowsClientTargetPlatform
[2016.03.14-16.59.43:374][  0]LogTemp:Display: Loaded TP AllDesktopTargetPlatform
[2016.03.14-16.59.43:392][  0]LogTemp:Display: Loaded TP AndroidTargetPlatform
[2016.03.14-16.59.43:410][  0]LogTemp:Display: Loaded TP Android_PVRTCTargetPlatform
[2016.03.14-16.59.43:428][  0]LogTemp:Display: Loaded TP Android_ATCTargetPlatform
[2016.03.14-16.59.43:447][  0]LogTemp:Display: Loaded TP Android_DXTTargetPlatform
[2016.03.14-16.59.43:463][  0]LogTemp:Display: Loaded TP Android_ETC1TargetPlatform
[2016.03.14-16.59.43:478][  0]LogTemp:Display: Loaded TP Android_ETC2TargetPlatform
[2016.03.14-16.59.43:495][  0]LogTemp:Display: Loaded TP Android_ASTCTargetPlatform
[2016.03.14-16.59.43:515][  0]LogTemp:Display: Loaded TP Android_MultiTargetPlatform
[2016.03.14-16.59.43:526][  0]LogTemp:Display: Loaded TP HTML5TargetPlatform
[2016.03.14-16.59.43:577][  0]LogTemp:Display: Loaded TP IOSTargetPlatform
[2016.03.14-16.59.43:593][  0]LogTemp:Display: Loaded TP TVOSTargetPlatform
[2016.03.14-16.59.43:593][  0]LogTargetPlatformManager:Display: Building Assets For Windows
[2016.03.14-16.59.43:909][  0]LogDerivedDataCache:Display: Max Cache Size: 512 MB
[2016.03.14-16.59.43:947][  0]LogDerivedDataCache: Loaded boot cache 0.04s 47MB ../../../../UE4/Learning/DerivedDataCache/Boot.ddc.
[2016.03.14-16.59.43:947][  0]LogDerivedDataCache:Display: Loaded Boot cache: ../../../../UE4/Learning/DerivedDataCache/Boot.ddc
[2016.03.14-16.59.43:947][  0]LogDerivedDataCache: FDerivedDataBackendGraph:  Pak pak cache file ../../../../UE4/Learning/DerivedDataCache/DDC.ddp not found, will not use a pak cache.
[2016.03.14-16.59.43:947][  0]LogDerivedDataCache: Unable to find inner node Pak for hierarchical cache Hierarchy.
[2016.03.14-16.59.43:947][  0]LogDerivedDataCache: FDerivedDataBackendGraph:  EnginePak pak cache file ../../../Engine/DerivedDataCache/DDC.ddp not found, will not use a pak cache.
[2016.03.14-16.59.43:947][  0]LogDerivedDataCache: Unable to find inner node EnginePak for hierarchical cache Hierarchy.
[2016.03.14-16.59.43:963][  0]LogDerivedDataCache: Using Local data cache path ../../../Engine/DerivedDataCache: Writable
[2016.03.14-16.59.43:963][  0]LogDerivedDataCache: Shared data cache path not found in *engine.ini, will not use an Shared cache.
[2016.03.14-16.59.43:963][  0]LogDerivedDataCache: Unable to find inner node Shared for hierarchical cache Hierarchy.
[2016.03.14-16.59.44:482][  0]LogInit: Selected Device Profile: [Windows]
[2016.03.14-16.59.44:483][  0]LogContentStreaming: Texture pool size is 0.00 MB
[2016.03.14-16.59.44:575][  0]LogMaterial: Uniform references updated for custom material expression Custom.
[2016.03.14-16.59.44:909][  0]LogMeshUtilities: No automatic mesh reduction module available
[2016.03.14-16.59.44:910][  0]LogMeshUtilities: No automatic mesh merging module available
[2016.03.14-16.59.44:910][  0]LogMeshUtilities: No distributed automatic mesh merging module available
[2016.03.14-16.59.45:358][  0]LogInit: WinSock: version 1.1 (2.2), MaxSocks=32767, MaxUdp=65467
[2016.03.14-16.59.45:989][  0]LogSlate: SlateFontCache - WITH_FREETYPE: 1, WITH_HARFBUZZ: 1
[2016.03.14-16.59.45:989][  0]LogSlate: SlateFontCache - WITH_FREETYPE: 1, WITH_HARFBUZZ: 1
[2016.03.14-16.59.46:071][  0]LogStreaming:Warning: Failed to read file '../../../Engine/Content/Editor/Slate/Common/Selection_16x.png' error.
[2016.03.14-16.59.46:071][  0]LogSlate: Could not find file for Slate resource: ../../../Engine/Content/Editor/Slate/Common/Selection_16x.png
[2016.03.14-16.59.46:071][  0]LogStreaming:Warning: Failed to read file '../../../Engine/Content/Editor/Slate/Common/Selection_16x.png' error.
[2016.03.14-16.59.46:071][  0]LogSlate: Could not find file for Slate resource: ../../../Engine/Content/Editor/Slate/Common/Selection_16x.png
[2016.03.14-16.59.46:071][  0]LogStreaming:Warning: Failed to read file '../../../Engine/Content/Editor/Slate/Common/Selection_16x.png' error.
[2016.03.14-16.59.46:071][  0]LogSlate: Could not find file for Slate resource: ../../../Engine/Content/Editor/Slate/Common/Selection_16x.png
[2016.03.14-16.59.46:713][  0]LogUdpMessaging: Initializing bridge on interface 0.0.0.0:0 to multicast group 230.0.0.1:6666.
[2016.03.14-16.59.46:902][  0]LogAssetRegistry: FAssetRegistry took 0.0254 seconds to start up
[2016.03.14-16.59.47:374][  0]SourceControl: Info Source control is disabled
[2016.03.14-16.59.47:375][  0]SourceControl: Info Source control is disabled
[2016.03.14-16.59.47:402][  0]SourceControl: Info Source control is disabled
[2016.03.14-16.59.47:434][  0]SourceControl: Info Source control is disabled
[2016.03.14-16.59.47:970][  0]LogUObjectArray: 30021 objects as part of root set at end of initial load.
[2016.03.14-16.59.47:970][  0]LogUObjectAllocator: 6411800 out of 0 bytes used by permanent object pool.
[2016.03.14-16.59.47:970][  0]LogUObjectArray: CloseDisregardForGC: 0/0 objects in disregard for GC pool
[2016.03.14-16.59.48:130][  0]LogEngine: Initializing Engine...
[2016.03.14-16.59.48:903][  0]LogHMD: SteamVR failed to initialize.  Err: 108
[2016.03.14-16.59.49:277][  0]LogAIModule: Creating AISystem for world NewWorld
[2016.03.14-16.59.49:292][  0]LogInit: XAudio2 using 'Speakers (Realtek High Definition Audio)' : 2 channels at 48 kHz using 32 bits per sample (channel mask 0x3)
[2016.03.14-16.59.49:472][  0]LogInit: FAudioDevice initialized.
[2016.03.14-16.59.49:492][  0]LogDerivedDataCache: Saved boot cache 0.02s 47MB ../../../../UE4/Learning/DerivedDataCache/Boot.ddc.
[2016.03.14-16.59.49:495][  0]LogInit: Texture streaming: Enabled
[2016.03.14-16.59.49:577][  0]LogInit: Transaction tracking system initialized
[2016.03.14-16.59.49:674][  0]BlueprintLog: New page: Editor Load
[2016.03.14-16.59.50:040][  0]LocalizationService: Info Localization service is disabled
[2016.03.14-16.59.50:292][  0]LogConsoleResponse:Display: 
[2016.03.14-16.59.50:504][  0]LogCook:Display: Max memory allowance for cook 8192mb
[2016.03.14-16.59.50:504][  0]LogCook:Display: Mobile HDR setting 1
[2016.03.14-16.59.50:504][  0]LogCook:Display: Done creating registry. It took  0.00s.
[2016.03.14-16.59.50:708][  0]LogFileCache: Scanning file cache for directory 'C:/Users/Jack/Documents/GitHub/UE4/Learning/Content/' took 0.02s
[2016.03.14-16.59.50:708][  0]SourceControl: Info Source control is disabled
[2016.03.14-16.59.50:708][  0]Cmd: MAP LOAD FILE="../../../../UE4/Learning/Content/StarterContent/Maps/Minimal_Default.umap" TEMPLATE=0 SHOWPROGRESS=1 FEATURELEVEL=3
[2016.03.14-16.59.50:709][  0]LightingResults: New page: Lighting Build
[2016.03.14-16.59.50:715][  0]MapCheck: New page: Map Check
[2016.03.14-16.59.50:715][  0]LightingResults: New page: Lighting Build
[2016.03.14-16.59.51:581][  0]LogAIModule: Creating AISystem for world Minimal_Default
[2016.03.14-16.59.51:596][  0]LogEditorServer: Finished looking for orphan Actors (0.000 secs)
[2016.03.14-16.59.51:597][  0]Cmd: MAP CHECKDEP NOCLEARLOG
[2016.03.14-16.59.51:644][  0]MapCheck: Info Map check complete: 0 Error(s), 0 Warning(s), took 46.573ms to complete.
[2016.03.14-16.59.51:644][  0]LogFileHelpers: Loading map 'Minimal_Default' took 0.936
[2016.03.14-16.59.51:834][  0]LogCollectionManager: Loaded 0 collections in 0.003858 seconds
[2016.03.14-16.59.51:885][  0]LogFileCache: Scanning file cache for directory 'C:/Users/Jack/Documents/GitHub/UE4/Learning/Saved/Collections/' took 0.01s
[2016.03.14-16.59.51:885][  0]LogFileCache: Scanning file cache for directory 'C:/Users/Jack/Documents/GitHub/UE4/Learning/Content/Developers/Jack/Collections/' took 0.01s
[2016.03.14-16.59.51:885][  0]LogFileCache: Scanning file cache for directory 'C:/Users/Jack/Documents/GitHub/UE4/Learning/Content/Collections/' took 0.01s
[2016.03.14-16.59.51:885][  0]LogCollectionManager: Rebuilt the GUID cache for 0 collections in 0.000002 seconds
[2016.03.14-16.59.51:909][  0]LogContentBrowser: Native class hierarchy populated in 0.0236 seconds. Added 1986 classes and 346 folders.
[2016.03.14-16.59.51:915][  0]LogStats: UGameplayTagsManager::ConstructGameplayTagTree: Construct from data asset -  0.000 s
[2016.03.14-16.59.51:915][  0]LogStats: UGameplayTagsManager::ConstructGameplayTagTree: GameplayTagTreeChangedEvent.Broadcast -  0.000 s
[2016.03.14-16.59.51:917][  0]LogContentBrowser: Native class hierarchy updated for 'GameplayTags' in 0.0014 seconds. Added 12 classes and 0 folders.
[2016.03.14-16.59.51:928][  0]LogContentBrowser: Native class hierarchy updated for 'WidgetCarousel' in 0.0012 seconds. Added 0 classes and 0 folders.
[2016.03.14-16.59.51:991][  0]LogContentBrowser: Native class hierarchy updated for 'AddContentDialog' in 0.0016 seconds. Added 0 classes and 0 folders.
[2016.03.14-16.59.52:014][  0]LogContentBrowser: Native class hierarchy updated for 'SceneOutliner' in 0.0012 seconds. Added 1 classes and 2 folders.
[2016.03.14-16.59.52:058][  0]LogCrashTracker: Crashtracker disabled due to settings.
[2016.03.14-16.59.52:142][  0]LogContentBrowser: Native class hierarchy updated for 'HierarchicalLODOutliner' in 0.0018 seconds. Added 1 classes and 2 folders.
[2016.03.14-16.59.52:142][  0]LogLoad: Full Startup: 13.10 seconds (BP compile: 0.11 seconds)
[2016.03.14-16.59.52:142][  0]LogExternalProfiler:Warning: No registered external profiler was matched with a command-line switch (or the DLL could not be loaded).  External profiling features will not be available.
[2016.03.14-16.59.52:152][  0]LogOcInput: OculusInput is initialized. Init status 0. Runtime version: 0.8.0.0
[2016.03.14-16.59.52:216][  0]LogContentStreaming: Texture pool size now 1000 MB
[2016.03.14-16.59.52:471][  0]LogRenderer: Reallocating scene render targets to support 1616x808 (Frame:2).
[2016.03.14-16.59.52:771][  2]LogAssetRegistry: Asset discovery search completed in 5.8940 seconds
[2016.03.14-16.59.52:771][  2]LogCollectionManager: Rebuilt the object cache for 0 collections in 0.000001 seconds (found 0 objects)
[2016.03.14-16.59.52:771][  2]LogCollectionManager: Fixed up redirectors for 0 collections in 0.000097 seconds (updated 0 objects)
[2016.03.14-16.59.56:447][210]LogBlueprintUserMessages: Early PlayInEditor Detection: Level '/Game/StarterContent/Maps/Minimal_Default.Minimal_Default:PersistentLevel' has LevelScriptBlueprint '/Game/StarterContent/Maps/Minimal_Default.Minimal_Default:PersistentLevel.Minimal_Default' with GeneratedClass '/Game/StarterContent/Maps/Minimal_Default.Minimal_Default_C' with ClassGeneratedBy '/Game/StarterContent/Maps/Minimal_Default.Minimal_Default:PersistentLevel.Minimal_Default'
[2016.03.14-16.59.56:448][210]LogPlayLevel: PlayLevel: No blueprints needed recompiling
[2016.03.14-16.59.56:449][210]PIE: New page: PIE session: Minimal_Default (14 Mar 2016 16:59:56)
[2016.03.14-16.59.56:449][210]LogPlayLevel: Creating play world package: /Game/StarterContent/Maps/UEDPIE_0_Minimal_Default
[2016.03.14-16.59.56:462][210]LogPlayLevel: PIE: StaticDuplicateObject took: (0.011541s)
[2016.03.14-16.59.56:462][210]LogAIModule: Creating AISystem for world Minimal_Default
[2016.03.14-16.59.56:463][210]LogPlayLevel: PIE: World Init took: (0.000939s)
[2016.03.14-16.59.56:463][210]LogPlayLevel: PIE: Created PIE world by copying editor world from /Game/StarterContent/Maps/Minimal_Default.Minimal_Default to /Game/StarterContent/Maps/UEDPIE_0_Minimal_Default.Minimal_Default (0.014052s)
[2016.03.14-16.59.56:561][210]LogInit: XAudio2 using 'Speakers (Realtek High Definition Audio)' : 2 channels at 48 kHz using 32 bits per sample (channel mask 0x3)
[2016.03.14-16.59.56:596][210]LogInit: FAudioDevice initialized.
[2016.03.14-16.59.56:661][210]LogWorld: Game class is 'LearningGameMode'
[2016.03.14-16.59.56:666][210]LogWorld: Bringing World /Game/StarterContent/Maps/UEDPIE_0_Minimal_Default.Minimal_Default up for play (max tick rate 0) at 2016.03.14-16.59.56
[2016.03.14-16.59.56:667][210]LogWorld: Bringing up level for play took: 0.004524
[2016.03.14-16.59.56:675][210]LogContentBrowser: Native class hierarchy updated for 'MovieSceneCapture' in 0.0013 seconds. Added 9 classes and 0 folders.
[2016.03.14-16.59.56:677][210]PIE: Info Play in editor start time for /Game/StarterContent/Maps/UEDPIE_0_Minimal_Default 0.473
[2016.03.14-16.59.56:677][210]LogBlueprintUserMessages: Late PlayInEditor Detection: Level '/Game/StarterContent/Maps/Minimal_Default.Minimal_Default:PersistentLevel' has LevelScriptBlueprint '/Game/StarterContent/Maps/Minimal_Default.Minimal_Default:PersistentLevel.Minimal_Default' with GeneratedClass '/Game/StarterContent/Maps/Minimal_Default.Minimal_Default_C' with ClassGeneratedBy '/Game/StarterContent/Maps/Minimal_Default.Minimal_Default:PersistentLevel.Minimal_Default'
[2016.03.14-16.59.59:894][410]LogBlueprintUserMessages: Early EndPlayMap Detection: Level '/Game/StarterContent/Maps/Minimal_Default.Minimal_Default:PersistentLevel' has LevelScriptBlueprint '/Game/StarterContent/Maps/Minimal_Default.Minimal_Default:PersistentLevel.Minimal_Default' with GeneratedClass '/Game/StarterContent/Maps/Minimal_Default.Minimal_Default_C' with ClassGeneratedBy '/Game/StarterContent/Maps/Minimal_Default.Minimal_Default:PersistentLevel.Minimal_Default'
[2016.03.14-16.59.59:944][410]LogBlueprintUserMessages: Late EndPlayMap Detection: Level '/Game/StarterContent/Maps/Minimal_Default.Minimal_Default:PersistentLevel' has LevelScriptBlueprint '/Game/StarterContent/Maps/Minimal_Default.Minimal_Default:PersistentLevel.Minimal_Default' with GeneratedClass '/Game/StarterContent/Maps/Minimal_Default.Minimal_Default_C' with ClassGeneratedBy '/Game/StarterContent/Maps/Minimal_Default.Minimal_Default:PersistentLevel.Minimal_Default'
[2016.03.14-17.00.03:268][588]LogEditorViewport: Clicking on Actor (LMB): StaticMeshActor (Floor)
[2016.03.14-17.00.04:312][627]Cmd: DELETE
[2016.03.14-17.00.04:312][627]Cmd: ACTOR DELETE
[2016.03.14-17.00.04:314][627]LogEditorActor: Deleted Actor: StaticMeshActor
[2016.03.14-17.00.04:384][627]LogEditorActor: Deleted 1 Actors (0.072 secs)
[2016.03.14-17.00.05:996][735]LogEditorViewport: Clicking on Actor (LMB): StaticMeshActor (Chair)
[2016.03.14-17.00.06:293][746]Cmd: DELETE
[2016.03.14-17.00.06:293][746]Cmd: ACTOR DELETE
[2016.03.14-17.00.06:294][746]LogEditorActor: Deleted Actor: StaticMeshActor
[2016.03.14-17.00.06:362][746]LogEditorActor: Deleted 1 Actors (0.069 secs)
[2016.03.14-17.00.06:727][769]LogEditorViewport: Clicking on Actor (LMB): StaticMeshActor (Table)
[2016.03.14-17.00.07:100][783]Cmd: DELETE
[2016.03.14-17.00.07:100][783]Cmd: ACTOR DELETE
[2016.03.14-17.00.07:101][783]LogEditorActor: Deleted Actor: StaticMeshActor
[2016.03.14-17.00.07:170][783]LogEditorActor: Deleted 1 Actors (0.070 secs)
[2016.03.14-17.00.07:852][829]LogEditorViewport: Clicking on Actor (LMB): StaticMeshActor (Statue)
[2016.03.14-17.00.08:194][841]Cmd: DELETE
[2016.03.14-17.00.08:195][841]Cmd: ACTOR DELETE
[2016.03.14-17.00.08:196][841]LogEditorActor: Deleted Actor: StaticMeshActor
[2016.03.14-17.00.08:275][841]LogEditorActor: Deleted 1 Actors (0.080 secs)
[2016.03.14-17.00.08:681][868]LogEditorViewport: Clicking on Actor (LMB): StaticMeshActor (Floor)
[2016.03.14-17.00.09:433][900]LogEditorViewport: Clicking on Actor (LMB): StaticMeshActor (Chair)
[2016.03.14-17.00.10:034][926]Cmd: DELETE
[2016.03.14-17.00.10:034][926]Cmd: ACTOR DELETE
[2016.03.14-17.00.10:035][926]LogEditorActor: Deleted Actor: StaticMeshActor
[2016.03.14-17.00.10:101][926]LogEditorActor: Deleted 1 Actors (0.066 secs)
[2016.03.14-17.00.13:286][134]LogEditorViewport: Clicking on Actor (LMB): FloatingActor (FloatingActor)
[2016.03.14-17.00.16:460][283]LogBlueprintUserMessages: Early PlayInEditor Detection: Level '/Game/StarterContent/Maps/Minimal_Default.Minimal_Default:PersistentLevel' has LevelScriptBlueprint '/Game/StarterContent/Maps/Minimal_Default.Minimal_Default:PersistentLevel.Minimal_Default' with GeneratedClass '/Game/StarterContent/Maps/Minimal_Default.Minimal_Default_C' with ClassGeneratedBy '/Game/StarterContent/Maps/Minimal_Default.Minimal_Default:PersistentLevel.Minimal_Default'
[2016.03.14-17.00.16:460][283]LogPlayLevel: PlayLevel: No blueprints needed recompiling
[2016.03.14-17.00.16:460][283]PIE: New page: PIE session: Minimal_Default (14 Mar 2016 17:00:16)
[2016.03.14-17.00.16:460][283]LogPlayLevel: Creating play world package: /Game/StarterContent/Maps/UEDPIE_0_Minimal_Default
[2016.03.14-17.00.16:469][283]LogPlayLevel: PIE: StaticDuplicateObject took: (0.009540s)
[2016.03.14-17.00.16:471][283]LogAIModule: Creating AISystem for world Minimal_Default
[2016.03.14-17.00.16:472][283]LogPlayLevel: PIE: World Init took: (0.001197s)
[2016.03.14-17.00.16:472][283]LogPlayLevel: PIE: Created PIE world by copying editor world from /Game/StarterContent/Maps/Minimal_Default.Minimal_Default to /Game/StarterContent/Maps/UEDPIE_0_Minimal_Default.Minimal_Default (0.011414s)
[2016.03.14-17.00.16:541][283]LogInit: XAudio2 using 'Speakers (Realtek High Definition Audio)' : 2 channels at 48 kHz using 32 bits per sample (channel mask 0x3)
[2016.03.14-17.00.16:568][283]LogInit: FAudioDevice initialized.
[2016.03.14-17.00.16:613][283]LogWorld: Game class is 'LearningGameMode'
[2016.03.14-17.00.16:616][283]LogWorld: Bringing World /Game/StarterContent/Maps/UEDPIE_0_Minimal_Default.Minimal_Default up for play (max tick rate 0) at 2016.03.14-17.00.16
[2016.03.14-17.00.16:617][283]LogWorld: Bringing up level for play took: 0.003398
[2016.03.14-17.00.16:619][283]PIE: Info Play in editor start time for /Game/StarterContent/Maps/UEDPIE_0_Minimal_Default 0.416
[2016.03.14-17.00.16:620][283]LogBlueprintUserMessages: Late PlayInEditor Detection: Level '/Game/StarterContent/Maps/Minimal_Default.Minimal_Default:PersistentLevel' has LevelScriptBlueprint '/Game/StarterContent/Maps/Minimal_Default.Minimal_Default:PersistentLevel.Minimal_Default' with GeneratedClass '/Game/StarterContent/Maps/Minimal_Default.Minimal_Default_C' with ClassGeneratedBy '/Game/StarterContent/Maps/Minimal_Default.Minimal_Default:PersistentLevel.Minimal_Default'
[2016.03.14-17.00.21:422][632]LogBlueprintUserMessages: Early EndPlayMap Detection: Level '/Game/StarterContent/Maps/Minimal_Default.Minimal_Default:PersistentLevel' has LevelScriptBlueprint '/Game/StarterContent/Maps/Minimal_Default.Minimal_Default:PersistentLevel.Minimal_Default' with GeneratedClass '/Game/StarterContent/Maps/Minimal_Default.Minimal_Default_C' with ClassGeneratedBy '/Game/StarterContent/Maps/Minimal_Default.Minimal_Default:PersistentLevel.Minimal_Default'
[2016.03.14-17.00.21:475][632]LogBlueprintUserMessages: Late EndPlayMap Detection: Level '/Game/StarterContent/Maps/Minimal_Default.Minimal_Default:PersistentLevel' has LevelScriptBlueprint '/Game/StarterContent/Maps/Minimal_Default.Minimal_Default:PersistentLevel.Minimal_Default' with GeneratedClass '/Game/StarterContent/Maps/Minimal_Default.Minimal_Default_C' with ClassGeneratedBy '/Game/StarterContent/Maps/Minimal_Default.Minimal_Default:PersistentLevel.Minimal_Default'
[2016.03.14-17.00.25:283][796]LogBlueprintUserMessages: Early PlayInEditor Detection: Level '/Game/StarterContent/Maps/Minimal_Default.Minimal_Default:PersistentLevel' has LevelScriptBlueprint '/Game/StarterContent/Maps/Minimal_Default.Minimal_Default:PersistentLevel.Minimal_Default' with GeneratedClass '/Game/StarterContent/Maps/Minimal_Default.Minimal_Default_C' with ClassGeneratedBy '/Game/StarterContent/Maps/Minimal_Default.Minimal_Default:PersistentLevel.Minimal_Default'
[2016.03.14-17.00.25:283][796]LogPlayLevel: PlayLevel: No blueprints needed recompiling
[2016.03.14-17.00.25:284][796]PIE: New page: PIE session: Minimal_Default (14 Mar 2016 17:00:25)
[2016.03.14-17.00.25:284][796]LogPlayLevel: Creating play world package: /Game/StarterContent/Maps/UEDPIE_0_Minimal_Default
[2016.03.14-17.00.25:294][796]LogPlayLevel: PIE: StaticDuplicateObject took: (0.010026s)
[2016.03.14-17.00.25:295][796]LogAIModule: Creating AISystem for world Minimal_Default
[2016.03.14-17.00.25:295][796]LogPlayLevel: PIE: World Init took: (0.001000s)
[2016.03.14-17.00.25:296][796]LogPlayLevel: PIE: Created PIE world by copying editor world from /Game/StarterContent/Maps/Minimal_Default.Minimal_Default to /Game/StarterContent/Maps/UEDPIE_0_Minimal_Default.Minimal_Default (0.011674s)
[2016.03.14-17.00.25:367][796]LogInit: XAudio2 using 'Speakers (Realtek High Definition Audio)' : 2 channels at 48 kHz using 32 bits per sample (channel mask 0x3)
[2016.03.14-17.00.25:393][796]LogInit: FAudioDevice initialized.
[2016.03.14-17.00.25:439][796]LogWorld: Game class is 'LearningGameMode'
[2016.03.14-17.00.25:442][796]LogWorld: Bringing World /Game/StarterContent/Maps/UEDPIE_0_Minimal_Default.Minimal_Default up for play (max tick rate 0) at 2016.03.14-17.00.25
[2016.03.14-17.00.25:443][796]LogWorld: Bringing up level for play took: 0.003356
[2016.03.14-17.00.25:445][796]PIE: Info Play in editor start time for /Game/StarterContent/Maps/UEDPIE_0_Minimal_Default -0.758
[2016.03.14-17.00.25:446][796]LogBlueprintUserMessages: Late PlayInEditor Detection: Level '/Game/StarterContent/Maps/Minimal_Default.Minimal_Default:PersistentLevel' has LevelScriptBlueprint '/Game/StarterContent/Maps/Minimal_Default.Minimal_Default:PersistentLevel.Minimal_Default' with GeneratedClass '/Game/StarterContent/Maps/Minimal_Default.Minimal_Default_C' with ClassGeneratedBy '/Game/StarterContent/Maps/Minimal_Default.Minimal_Default:PersistentLevel.Minimal_Default'
[2016.03.14-17.00.31:237][209]LogBlueprintUserMessages: Early EndPlayMap Detection: Level '/Game/StarterContent/Maps/Minimal_Default.Minimal_Default:PersistentLevel' has LevelScriptBlueprint '/Game/StarterContent/Maps/Minimal_Default.Minimal_Default:PersistentLevel.Minimal_Default' with GeneratedClass '/Game/StarterContent/Maps/Minimal_Default.Minimal_Default_C' with ClassGeneratedBy '/Game/StarterContent/Maps/Minimal_Default.Minimal_Default:PersistentLevel.Minimal_Default'
[2016.03.14-17.00.31:288][209]LogBlueprintUserMessages: Late EndPlayMap Detection: Level '/Game/StarterContent/Maps/Minimal_Default.Minimal_Default:PersistentLevel' has LevelScriptBlueprint '/Game/StarterContent/Maps/Minimal_Default.Minimal_Default:PersistentLevel.Minimal_Default' with GeneratedClass '/Game/StarterContent/Maps/Minimal_Default.Minimal_Default_C' with ClassGeneratedBy '/Game/StarterContent/Maps/Minimal_Default.Minimal_Default:PersistentLevel.Minimal_Default'
[2016.03.14-17.00.32:645][265]LogEditorViewport: Clicking on Actor (LMB): BP_Sky_Sphere_C (BP_Sky_Sphere)
[2016.03.14-17.00.41:863][602]LogMaterial: Missing cached shader map for material M_AssetPlatform, compiling. 
[2016.03.14-17.00.44:304][653]LogEditorViewport: Clicking on Actor (LMB): StaticMeshActor (Floor)
[2016.03.14-17.00.50:511][831]LogTexture:Display: Building textures: T_Perlin_Noise_M (AutoDXT)
[2016.03.14-17.00.55:728][831]LogTexture:Display: Building textures: T_Brick_Clay_Old_N (BC5)
[2016.03.14-17.00.56:940][831]LogTexture:Display: Building textures: T_Brick_Clay_Old_D (AutoDXT)
[2016.03.14-17.01.02:136][831]LogMaterial: Missing cached shader map for material M_Brick_Clay_Old, compiling. 
[2016.03.14-17.01.13:066][ 21]LogTexture:Display: Building textures: T_CobbleStone_Pebble_D (AutoDXT)
[2016.03.14-17.01.18:461][ 21]LogTexture:Display: Building textures: T_CobbleStone_Pebble_M (AutoDXT)
[2016.03.14-17.01.20:052][ 21]LogTexture:Display: Building textures: T_CobbleStone_Pebble_N (BC5)
[2016.03.14-17.01.21:139][ 21]LogMaterial: Missing cached shader map for material M_CobbleStone_Pebble, compiling. 
[2016.03.14-17.01.41:503][377]LogBlueprintUserMessages: Early PlayInEditor Detection: Level '/Game/StarterContent/Maps/Minimal_Default.Minimal_Default:PersistentLevel' has LevelScriptBlueprint '/Game/StarterContent/Maps/Minimal_Default.Minimal_Default:PersistentLevel.Minimal_Default' with GeneratedClass '/Game/StarterContent/Maps/Minimal_Default.Minimal_Default_C' with ClassGeneratedBy '/Game/StarterContent/Maps/Minimal_Default.Minimal_Default:PersistentLevel.Minimal_Default'
[2016.03.14-17.01.41:504][377]LogPlayLevel: PlayLevel: No blueprints needed recompiling
[2016.03.14-17.01.41:504][377]PIE: New page: PIE session: Minimal_Default (14 Mar 2016 17:01:41)
[2016.03.14-17.01.41:504][377]LogPlayLevel: Creating play world package: /Game/StarterContent/Maps/UEDPIE_0_Minimal_Default
[2016.03.14-17.01.41:515][377]LogPlayLevel: PIE: StaticDuplicateObject took: (0.010539s)
[2016.03.14-17.01.41:516][377]LogAIModule: Creating AISystem for world Minimal_Default
[2016.03.14-17.01.41:516][377]LogPlayLevel: PIE: World Init took: (0.001030s)
[2016.03.14-17.01.41:516][377]LogPlayLevel: PIE: Created PIE world by copying editor world from /Game/StarterContent/Maps/Minimal_Default.Minimal_Default to /Game/StarterContent/Maps/UEDPIE_0_Minimal_Default.Minimal_Default (0.012211s)
[2016.03.14-17.01.41:595][377]LogInit: XAudio2 using 'Speakers (Realtek High Definition Audio)' : 2 channels at 48 kHz using 32 bits per sample (channel mask 0x3)
[2016.03.14-17.01.41:623][377]LogInit: FAudioDevice initialized.
[2016.03.14-17.01.41:670][377]LogWorld: Game class is 'LearningGameMode'
[2016.03.14-17.01.41:674][377]LogWorld: Bringing World /Game/StarterContent/Maps/UEDPIE_0_Minimal_Default.Minimal_Default up for play (max tick rate 0) at 2016.03.14-17.01.41
[2016.03.14-17.01.41:674][377]LogWorld: Bringing up level for play took: 0.003365
[2016.03.14-17.01.41:677][377]PIE: Info Play in editor start time for /Game/StarterContent/Maps/UEDPIE_0_Minimal_Default -0.526
[2016.03.14-17.01.41:677][377]LogBlueprintUserMessages: Late PlayInEditor Detection: Level '/Game/StarterContent/Maps/Minimal_Default.Minimal_Default:PersistentLevel' has LevelScriptBlueprint '/Game/StarterContent/Maps/Minimal_Default.Minimal_Default:PersistentLevel.Minimal_Default' with GeneratedClass '/Game/StarterContent/Maps/Minimal_Default.Minimal_Default_C' with ClassGeneratedBy '/Game/StarterContent/Maps/Minimal_Default.Minimal_Default:PersistentLevel.Minimal_Default'
[2016.03.14-17.01.45:773][574]LogBlueprintUserMessages: Early EndPlayMap Detection: Level '/Game/StarterContent/Maps/Minimal_Default.Minimal_Default:PersistentLevel' has LevelScriptBlueprint '/Game/StarterContent/Maps/Minimal_Default.Minimal_Default:PersistentLevel.Minimal_Default' with GeneratedClass '/Game/StarterContent/Maps/Minimal_Default.Minimal_Default_C' with ClassGeneratedBy '/Game/StarterContent/Maps/Minimal_Default.Minimal_Default:PersistentLevel.Minimal_Default'
[2016.03.14-17.01.45:846][574]LogBlueprintUserMessages: Late EndPlayMap Detection: Level '/Game/StarterContent/Maps/Minimal_Default.Minimal_Default:PersistentLevel' has LevelScriptBlueprint '/Game/StarterContent/Maps/Minimal_Default.Minimal_Default:PersistentLevel.Minimal_Default' with GeneratedClass '/Game/StarterContent/Maps/Minimal_Default.Minimal_Default_C' with ClassGeneratedBy '/Game/StarterContent/Maps/Minimal_Default.Minimal_Default:PersistentLevel.Minimal_Default'
[2016.03.14-17.01.55:841][890]MapCheck: New page: Map Check
[2016.03.14-17.01.55:878][890]LightingResults: New page: Lighting Build - 14 Mar 2016 17:01:55
[2016.03.14-17.01.55:972][890]LogSwarmInterface: [OpenConnection] Registering TCP channel ...
[2016.03.14-17.01.56:280][890]LogSwarmInterface: [OpenConnection] Connecting to agent ...
[2016.03.14-17.01.56:299][890]LogSwarmInterface: [TryOpenConnection] Testing the Agent
[2016.03.14-17.01.56:829][890]LogSwarmInterface: [TryOpenConnection] Opening Connection to Agent
[2016.03.14-17.01.56:829][890]LogSwarmInterface: [TryOpenConnection] Local Process ID is 1108
[2016.03.14-17.01.59:273][890]LogStaticLightingSystem:Warning: No importance volume found, so the scene bounding box was used.  You can optimize your scene's quality and lighting build times by adding importance volumes.
[2016.03.14-17.01.59:275][890]LogStaticLightingSystem: Running Lightmass w/ ImmediateImport mode ENABLED
[2016.03.14-17.01.59:275][890]LogStaticLightingSystem: Running Lightmass w/ ImmediateProcess mode ENABLED
[2016.03.14-17.01.59:276][890]LogStaticLightingSystem: Running Lightmass w/ Sorting mode ENABLED
[2016.03.14-17.01.59:276][890]LogStaticLightingSystem: Running Lightmass w/ Mapping paddings ENABLED
[2016.03.14-17.01.59:276][890]LogStaticLightingSystem: Running Lightmass w/ Mapping debug paddings DISABLED
[2016.03.14-17.01.59:429][890]LogEditorBuildUtils: Build time 0:00:03
[2016.03.14-17.01.59:437][890]LogMaterial: Missing cached shader map for material FLightmassMaterialRenderer M_AssetPlatform, compiling. 
[2016.03.14-17.01.59:448][890]LogMaterial: Missing cached shader map for material FLightmassMaterialRenderer M_AssetPlatform, compiling. 
[2016.03.14-17.01.59:499][891]LogMaterial: Missing cached shader map for material FLightmassMaterialRenderer MaterialInstanceDynamic_4, compiling. 
[2016.03.14-17.01.59:510][891]LogMaterial: Missing cached shader map for material FLightmassMaterialRenderer MaterialInstanceDynamic_4, compiling. 
[2016.03.14-17.01.59:615][892]LogMaterial: Missing cached shader map for material FLightmassMaterialRenderer WorldGridMaterial, compiling. Is special engine material.
[2016.03.14-17.01.59:639][892]LogMaterial: Missing cached shader map for material FLightmassMaterialRenderer WorldGridMaterial, compiling. Is special engine material.
[2016.03.14-17.02.01:435][899]Error, fatal in BeginJobSpecification
[2016.03.14-17.02.01:435][899]Error, fatal in EndJobSpecification
[2016.03.14-17.02.18:278][374]MapCheck: New page: Map Check
[2016.03.14-17.02.18:315][374]LightingResults: New page: Lighting Build - 14 Mar 2016 17:02:18
[2016.03.14-17.02.18:333][374]LogSwarmInterface: [OpenConnection] Registering TCP channel ...
[2016.03.14-17.02.18:335][374]LogSwarmInterface: [OpenConnection] Connecting to agent ...
[2016.03.14-17.02.18:335][374]LogSwarmInterface: [TryOpenConnection] Testing the Agent
[2016.03.14-17.02.18:346][374]LogSwarmInterface: [TryOpenConnection] Opening Connection to Agent
[2016.03.14-17.02.18:346][374]LogSwarmInterface: [TryOpenConnection] Local Process ID is 1108
[2016.03.14-17.02.22:861][374]LogStaticLightingSystem:Warning: No importance volume found, so the scene bounding box was used.  You can optimize your scene's quality and lighting build times by adding importance volumes.
[2016.03.14-17.02.22:861][374]LogStaticLightingSystem: Running Lightmass w/ ImmediateImport mode ENABLED
[2016.03.14-17.02.22:861][374]LogStaticLightingSystem: Running Lightmass w/ ImmediateProcess mode ENABLED
[2016.03.14-17.02.22:861][374]LogStaticLightingSystem: Running Lightmass w/ Sorting mode ENABLED
[2016.03.14-17.02.22:862][374]LogStaticLightingSystem: Running Lightmass w/ Mapping paddings ENABLED
[2016.03.14-17.02.22:862][374]LogStaticLightingSystem: Running Lightmass w/ Mapping debug paddings DISABLED
[2016.03.14-17.02.22:937][374]LogEditorBuildUtils: Build time 0:00:04
[2016.03.14-17.02.23:039][375]Error, fatal in BeginJobSpecification
[2016.03.14-17.02.23:039][375]Error, fatal in EndJobSpecification
[2016.03.14-17.02.29:765][577]LogBlueprintUserMessages: Early PlayInEditor Detection: Level '/Game/StarterContent/Maps/Minimal_Default.Minimal_Default:PersistentLevel' has LevelScriptBlueprint '/Game/StarterContent/Maps/Minimal_Default.Minimal_Default:PersistentLevel.Minimal_Default' with GeneratedClass '/Game/StarterContent/Maps/Minimal_Default.Minimal_Default_C' with ClassGeneratedBy '/Game/StarterContent/Maps/Minimal_Default.Minimal_Default:PersistentLevel.Minimal_Default'
[2016.03.14-17.02.29:765][577]LogPlayLevel: PlayLevel: No blueprints needed recompiling
[2016.03.14-17.02.29:765][577]PIE: New page: PIE session: Minimal_Default (14 Mar 2016 17:02:29)
[2016.03.14-17.02.29:766][577]LogPlayLevel: Creating play world package: /Game/StarterContent/Maps/UEDPIE_0_Minimal_Default
[2016.03.14-17.02.29:776][577]LogPlayLevel: PIE: StaticDuplicateObject took: (0.009851s)
[2016.03.14-17.02.29:776][577]LogAIModule: Creating AISystem for world Minimal_Default
[2016.03.14-17.02.29:777][577]LogPlayLevel: PIE: World Init took: (0.000964s)
[2016.03.14-17.02.29:777][577]LogPlayLevel: PIE: Created PIE world by copying editor world from /Game/StarterContent/Maps/Minimal_Default.Minimal_Default to /Game/StarterContent/Maps/UEDPIE_0_Minimal_Default.Minimal_Default (0.011559s)
[2016.03.14-17.02.29:847][577]LogInit: XAudio2 using 'Speakers (Realtek High Definition Audio)' : 2 channels at 48 kHz using 32 bits per sample (channel mask 0x3)
[2016.03.14-17.02.29:873][577]LogInit: FAudioDevice initialized.
[2016.03.14-17.02.29:922][577]LogWorld: Game class is 'LearningGameMode'
[2016.03.14-17.02.29:925][577]LogWorld: Bringing World /Game/StarterContent/Maps/UEDPIE_0_Minimal_Default.Minimal_Default up for play (max tick rate 0) at 2016.03.14-17.02.29
[2016.03.14-17.02.29:926][577]LogWorld: Bringing up level for play took: 0.003391
[2016.03.14-17.02.29:929][577]PIE: Info Play in editor start time for /Game/StarterContent/Maps/UEDPIE_0_Minimal_Default -0.275
[2016.03.14-17.02.29:929][577]LogBlueprintUserMessages: Late PlayInEditor Detection: Level '/Game/StarterContent/Maps/Minimal_Default.Minimal_Default:PersistentLevel' has LevelScriptBlueprint '/Game/StarterContent/Maps/Minimal_Default.Minimal_Default:PersistentLevel.Minimal_Default' with GeneratedClass '/Game/StarterContent/Maps/Minimal_Default.Minimal_Default_C' with ClassGeneratedBy '/Game/StarterContent/Maps/Minimal_Default.Minimal_Default:PersistentLevel.Minimal_Default'
[2016.03.14-17.02.32:406][690]LogBlueprintUserMessages: Early EndPlayMap Detection: Level '/Game/StarterContent/Maps/Minimal_Default.Minimal_Default:PersistentLevel' has LevelScriptBlueprint '/Game/StarterContent/Maps/Minimal_Default.Minimal_Default:PersistentLevel.Minimal_Default' with GeneratedClass '/Game/StarterContent/Maps/Minimal_Default.Minimal_Default_C' with ClassGeneratedBy '/Game/StarterContent/Maps/Minimal_Default.Minimal_Default:PersistentLevel.Minimal_Default'
[2016.03.14-17.02.32:477][690]LogBlueprintUserMessages: Late EndPlayMap Detection: Level '/Game/StarterContent/Maps/Minimal_Default.Minimal_Default:PersistentLevel' has LevelScriptBlueprint '/Game/StarterContent/Maps/Minimal_Default.Minimal_Default:PersistentLevel.Minimal_Default' with GeneratedClass '/Game/StarterContent/Maps/Minimal_Default.Minimal_Default_C' with ClassGeneratedBy '/Game/StarterContent/Maps/Minimal_Default.Minimal_Default:PersistentLevel.Minimal_Default'
[2016.03.14-17.02.33:795][732]LogBlueprintUserMessages: Early PlayInEditor Detection: Level '/Game/StarterContent/Maps/Minimal_Default.Minimal_Default:PersistentLevel' has LevelScriptBlueprint '/Game/StarterContent/Maps/Minimal_Default.Minimal_Default:PersistentLevel.Minimal_Default' with GeneratedClass '/Game/StarterContent/Maps/Minimal_Default.Minimal_Default_C' with ClassGeneratedBy '/Game/StarterContent/Maps/Minimal_Default.Minimal_Default:PersistentLevel.Minimal_Default'
[2016.03.14-17.02.33:795][732]LogPlayLevel: PlayLevel: No blueprints needed recompiling
[2016.03.14-17.02.33:795][732]PIE: New page: PIE session: Minimal_Default (14 Mar 2016 17:02:33)
[2016.03.14-17.02.33:796][732]LogPlayLevel: Creating play world package: /Game/StarterContent/Maps/UEDPIE_0_Minimal_Default
[2016.03.14-17.02.33:806][732]LogPlayL