Log file open, 03/14/16 19:14:55
LogInit:Display: Running engine for game: Learning
LogPlatformFile: Not using cached read wrapper
LogInit:Display: RandInit(375561645) SRandInit(375561646).
LogInit: Using version manifest at CL 0 with build ID '522db101-c336-4385-9103-ce87a654d5e1'
LogTaskGraph: Started task graph with 4 named threads and 5 total threads.
LogStats: Stats thread started at 0.143320
OCULUS: Info: 03/14/16 19:14:55: [CAPI] LibOVR module is located at C:\Windows\SYSTEM32\LibOVRRT64_0_8.dll

OCULUS: Info: 03/14/16 19:14:55: [IPC] Call Stats for SetInitialState : x1: C2S=73.8363, S2C=4.08782, Runtime=110.627 (microseconds) C2Ssize=80, S2Csize=81 (bytes)

OCULUS: Info: 03/14/16 19:14:55: [IPC] Call Stats for IsLatencyTesterAvailable : x1: C2S=22.483, S2C=3.06587, Runtime=1.53293 (microseconds) C2Ssize=33, S2Csize=18 (bytes)

LogInit: Version: 4.11.0-0+UE4
LogInit: API Version: 0
LogInit: Compiled (64-bit): Mar 14 2016 17:29:30
LogInit: Compiled with Visual C++: 19.00.23506.00
LogInit: Build Configuration: Debug
LogInit: Branch Name: UE4
LogInit: Command line:  -debug
LogInit: Base directory: C:/Users/Jack/Documents/GitHub/UnrealEngine/Engine/Binaries/Win64/
LogInit: Installed Engine Build: 0
LogInit: Using libcurl 7.41.0
LogInit:  - built for x86_64-pc-win32
LogInit:  - supports SSL with WinSSL
LogInit:  - other features:
LogInit:      CURL_VERSION_SSL
LogInit:      CURL_VERSION_IPV6
LogInit:      CURL_VERSION_ASYNCHDNS
LogInit:      CURL_VERSION_LARGEFILE
LogInit:      CURL_VERSION_IDN
LogInit:  CurlRequestOptions (configurable via config and command line):
LogInit:  - bVerifyPeer = true  - Libcurl will verify peer certificate
LogInit:  - bUseHttpProxy = false  - Libcurl will NOT use HTTP proxy
LogInit:  - bDontReuseConnections = false  - Libcurl will reuse connections
LogInit:  - CertBundlePath = nullptr  - Libcurl will use whatever was configured at build time.
LogInit: Presizing for max 16777216 objects, including 0 objects not considered by GC, pre-allocating 0 bytes for permanent pool.
LogInit: Object subsystem initialized
[2016.03.14-19.14.56:080][  0]LogInit: Selected Device Profile: [Windows]
[2016.03.14-19.14.56:080][  0]LogInit: Applying CVar settings loaded from the selected device profile: [Windows]
[2016.03.14-19.14.56:093][  0]LogInit: Computer: JACK
[2016.03.14-19.14.56:093][  0]LogInit: User: Jack
[2016.03.14-19.14.56:093][  0]LogInit: CPU Page size=65536, Cores=2
[2016.03.14-19.14.56:094][  0]LogInit: High frequency timer resolution =3.914062 MHz
[2016.03.14-19.14.56:094][  0]LogMemory: Memory total: Physical=15.9GB (16GB approx)
[2016.03.14-19.14.56:094][  0]LogMemory: Platform Memory Stats for Windows
[2016.03.14-19.14.56:094][  0]LogMemory: Process Physical Memory: 322.44 MB used, 322.44 MB peak
[2016.03.14-19.14.56:094][  0]LogMemory: Process Virtual Memory: 313.55 MB used, 313.55 MB peak
[2016.03.14-19.14.56:094][  0]LogMemory: Physical Memory: 7020.94 MB used, 16304.48 MB total
[2016.03.14-19.14.56:094][  0]LogMemory: Virtual Memory: 772.43 MB used, 134217728.00 MB total
[2016.03.14-19.14.56:201][  0]LogPhysics:Warning: PHYSX: ..\..\module\clothing\src\ModuleClothing.cpp (386) 2 : physx::apex::clothing::ModuleClothing::ModuleClothing: Failed to load the GPU dll 'APEX_ClothingGPUPROFILE_x64.dll'
[2016.03.14-19.14.56:207][  0]LogTextLocalizationManager: No specific translations for ('en-GB') exist, so ('en') translations will be used.
[2016.03.14-19.14.56:865][  0]LogD3D11RHI: D3D11 adapters:
[2016.03.14-19.14.56:931][  0]LogD3D11RHI:    0. 'NVIDIA GeForce GTX 980 Ti' (Feature Level 11_0)
[2016.03.14-19.14.56:931][  0]LogD3D11RHI:       6047MB of dedicated video memory, 0MB of dedicated system memory, and 8152MB of shared system memory, 1 output[s]
[2016.03.14-19.14.56:934][  0]LogD3D11RHI:    1. 'Microsoft Basic Render Driver' (Feature Level 11_0)
[2016.03.14-19.14.56:934][  0]LogD3D11RHI:       0MB of dedicated video memory, 0MB of dedicated system memory, and 8152MB of shared system memory, 0 output[s]
[2016.03.14-19.14.56:934][  0]LogD3D11RHI: Chosen D3D11 Adapter: 0
[2016.03.14-19.14.56:938][  0]LogD3D11RHI: Creating new Direct3DDevice
[2016.03.14-19.14.56:938][  0]LogD3D11RHI:     Adapter Name: NVIDIA GeForce GTX 980 Ti
[2016.03.14-19.14.56:938][  0]LogD3D11RHI:   Driver Version: Unknown (internal Unknown)
[2016.03.14-19.14.56:939][  0]LogD3D11RHI:      Driver Date: Unknown
[2016.03.14-19.14.56:939][  0]LogRHI: Texture pool is 1361 MB (70% of 1945 MB)
[2016.03.14-19.14.56:953][  0]LogD3D11RHI: Async texture creation enabled
[2016.03.14-19.14.56:967][  0]LogShaderCompilers: Guid format shader working directory is 21 characters bigger than the processId version (../../../../UE4/Learning/Intermediate/Shaders/WorkingDirectory/1324/).
[2016.03.14-19.14.56:967][  0]LogShaderCompilers: Cleaned the shader compiler working directory 'C:/Users/Jack/AppData/Local/Temp/UnrealShaderWorkingDir/3B1933D54BA14131AA63BBA4321EEED6/'.
[2016.03.14-19.14.56:967][  0]LogShaderCompilers:Display: Using Local Shader Compiler.
[2016.03.14-19.14.58:069][  0]LogTemp:Display: Loaded TP WindowsTargetPlatform
[2016.03.14-19.14.58:082][  0]LogTemp:Display: Loaded TP WindowsNoEditorTargetPlatform
[2016.03.14-19.14.58:096][  0]LogTemp:Display: Loaded TP WindowsServerTargetPlatform
[2016.03.14-19.14.58:110][  0]LogTemp:Display: Loaded TP WindowsClientTargetPlatform
[2016.03.14-19.14.58:124][  0]LogTemp:Display: Loaded TP AllDesktopTargetPlatform
[2016.03.14-19.14.58:136][  0]LogTemp:Display: Loaded TP AndroidTargetPlatform
[2016.03.14-19.14.58:148][  0]LogTemp:Display: Loaded TP Android_PVRTCTargetPlatform
[2016.03.14-19.14.58:161][  0]LogTemp:Display: Loaded TP Android_ATCTargetPlatform
[2016.03.14-19.14.58:172][  0]LogTemp:Display: Loaded TP Android_DXTTargetPlatform
[2016.03.14-19.14.58:184][  0]LogTemp:Display: Loaded TP Android_ETC1TargetPlatform
[2016.03.14-19.14.58:198][  0]LogTemp:Display: Loaded TP Android_ETC2TargetPlatform
[2016.03.14-19.14.58:216][  0]LogTemp:Display: Loaded TP Android_ASTCTargetPlatform
[2016.03.14-19.14.58:229][  0]LogTemp:Display: Loaded TP Android_MultiTargetPlatform
[2016.03.14-19.14.58:235][  0]LogTemp:Display: Loaded TP HTML5TargetPlatform
[2016.03.14-19.14.58:270][  0]LogTemp:Display: Loaded TP IOSTargetPlatform
[2016.03.14-19.14.58:281][  0]LogTemp:Display: Loaded TP TVOSTargetPlatform
[2016.03.14-19.14.58:281][  0]LogTargetPlatformManager:Display: Building Assets For Windows
[2016.03.14-19.14.58:492][  0]LogDerivedDataCache:Display: Max Cache Size: 512 MB
[2016.03.14-19.14.58:526][  0]LogDerivedDataCache: Loaded boot cache 0.03s 47MB ../../../../UE4/Learning/DerivedDataCache/Boot.ddc.
[2016.03.14-19.14.58:527][  0]LogDerivedDataCache:Display: Loaded Boot cache: ../../../../UE4/Learning/DerivedDataCache/Boot.ddc
[2016.03.14-19.14.58:527][  0]LogDerivedDataCache: FDerivedDataBackendGraph:  Pak pak cache file ../../../../UE4/Learning/DerivedDataCache/DDC.ddp not found, will not use a pak cache.
[2016.03.14-19.14.58:527][  0]LogDerivedDataCache: Unable to find inner node Pak for hierarchical cache Hierarchy.
[2016.03.14-19.14.58:527][  0]LogDerivedDataCache: FDerivedDataBackendGraph:  EnginePak pak cache file ../../../Engine/DerivedDataCache/DDC.ddp not found, will not use a pak cache.
[2016.03.14-19.14.58:527][  0]LogDerivedDataCache: Unable to find inner node EnginePak for hierarchical cache Hierarchy.
[2016.03.14-19.14.58:541][  0]LogDerivedDataCache: Using Local data cache path ../../../Engine/DerivedDataCache: Writable
[2016.03.14-19.14.58:541][  0]LogDerivedDataCache: Shared data cache path not found in *engine.ini, will not use an Shared cache.
[2016.03.14-19.14.58:541][  0]LogDerivedDataCache: Unable to find inner node Shared for hierarchical cache Hierarchy.
[2016.03.14-19.14.58:903][  0]LogInit: Selected Device Profile: [Windows]
[2016.03.14-19.14.58:904][  0]LogContentStreaming: Texture pool size is 0.00 MB
[2016.03.14-19.14.58:978][  0]LogMaterial: Uniform references updated for custom material expression Custom.
[2016.03.14-19.14.59:231][  0]LogMeshUtilities: No automatic mesh reduction module available
[2016.03.14-19.14.59:231][  0]LogMeshUtilities: No automatic mesh merging module available
[2016.03.14-19.14.59:231][  0]LogMeshUtilities: No distributed automatic mesh merging module available
[2016.03.14-19.14.59:610][  0]LogInit: WinSock: version 1.1 (2.2), MaxSocks=32767, MaxUdp=65467
[2016.03.14-19.14.59:953][  0]LogSlate: SlateFontCache - WITH_FREETYPE: 1, WITH_HARFBUZZ: 1
[2016.03.14-19.14.59:953][  0]LogSlate: SlateFontCache - WITH_FREETYPE: 1, WITH_HARFBUZZ: 1
[2016.03.14-19.15.00:032][  0]LogStreaming:Warning: Failed to read file '../../../Engine/Content/Editor/Slate/Common/Selection_16x.png' error.
[2016.03.14-19.15.00:032][  0]LogSlate: Could not find file for Slate resource: ../../../Engine/Content/Editor/Slate/Common/Selection_16x.png
[2016.03.14-19.15.00:032][  0]LogStreaming:Warning: Failed to read file '../../../Engine/Content/Editor/Slate/Common/Selection_16x.png' error.
[2016.03.14-19.15.00:032][  0]LogSlate: Could not find file for Slate resource: ../../../Engine/Content/Editor/Slate/Common/Selection_16x.png
[2016.03.14-19.15.00:032][  0]LogStreaming:Warning: Failed to read file '../../../Engine/Content/Editor/Slate/Common/Selection_16x.png' error.
[2016.03.14-19.15.00:032][  0]LogSlate: Could not find file for Slate resource: ../../../Engine/Content/Editor/Slate/Common/Selection_16x.png
[2016.03.14-19.15.00:584][  0]LogUdpMessaging: Initializing bridge on interface 0.0.0.0:0 to multicast group 230.0.0.1:6666.
[2016.03.14-19.15.00:747][  0]LogAssetRegistry: FAssetRegistry took 0.0253 seconds to start up
[2016.03.14-19.15.01:134][  0]SourceControl: Info Source control is disabled
[2016.03.14-19.15.01:135][  0]SourceControl: Info Source control is disabled
[2016.03.14-19.15.01:156][  0]SourceControl: Info Source control is disabled
[2016.03.14-19.15.01:178][  0]SourceControl: Info Source control is disabled
[2016.03.14-19.15.01:653][  0]LogUObjectArray: 30021 objects as part of root set at end of initial load.
[2016.03.14-19.15.01:653][  0]LogUObjectAllocator: 6411800 out of 0 bytes used by permanent object pool.
[2016.03.14-19.15.01:653][  0]LogUObjectArray: CloseDisregardForGC: 0/0 objects in disregard for GC pool
[2016.03.14-19.15.01:786][  0]LogEngine: Initializing Engine...
[2016.03.14-19.15.02:450][  0]LogHMD: SteamVR failed to initialize.  Err: 108
[2016.03.14-19.15.02:789][  0]LogAIModule: Creating AISystem for world NewWorld
[2016.03.14-19.15.02:799][  0]LogInit: XAudio2 using 'Speakers (Realtek High Definition Audio)' : 2 channels at 48 kHz using 32 bits per sample (channel mask 0x3)
[2016.03.14-19.15.02:832][  0]LogInit: FAudioDevice initialized.
[2016.03.14-19.15.02:850][  0]LogDerivedDataCache: Saved boot cache 0.02s 47MB ../../../../UE4/Learning/DerivedDataCache/Boot.ddc.
[2016.03.14-19.15.02:852][  0]LogInit: Texture streaming: Enabled
[2016.03.14-19.15.02:911][  0]LogInit: Transaction tracking system initialized
[2016.03.14-19.15.02:981][  0]BlueprintLog: New page: Editor Load
[2016.03.14-19.15.03:234][  0]LocalizationService: Info Localization service is disabled
[2016.03.14-19.15.03:409][  0]LogConsoleResponse:Display: 
[2016.03.14-19.15.03:603][  0]LogCook:Display: Max memory allowance for cook 8192mb
[2016.03.14-19.15.03:603][  0]LogCook:Display: Mobile HDR setting 1
[2016.03.14-19.15.03:603][  0]LogCook:Display: Done creating registry. It took  0.00s.
[2016.03.14-19.15.03:739][  0]LogFileCache: Scanning file cache for directory 'C:/Users/Jack/Documents/GitHub/UE4/Learning/Content/' took 0.02s
[2016.03.14-19.15.03:739][  0]SourceControl: Info Source control is disabled
[2016.03.14-19.15.03:740][  0]Cmd: MAP LOAD FILE="../../../../UE4/Learning/Content/StarterContent/Maps/Minimal_Default.umap" TEMPLATE=0 SHOWPROGRESS=1 FEATURELEVEL=3
[2016.03.14-19.15.03:740][  0]LightingResults: New page: Lighting Build
[2016.03.14-19.15.03:745][  0]MapCheck: New page: Map Check
[2016.03.14-19.15.03:745][  0]LightingResults: New page: Lighting Build
[2016.03.14-19.15.04:413][  0]LogAIModule: Creating AISystem for world Minimal_Default
[2016.03.14-19.15.04:427][  0]LogEditorServer: Finished looking for orphan Actors (0.000 secs)
[2016.03.14-19.15.04:429][  0]Cmd: MAP CHECKDEP NOCLEARLOG
[2016.03.14-19.15.04:473][  0]MapCheck: Info Map check complete: 0 Error(s), 0 Warning(s), took 43.711ms to complete.
[2016.03.14-19.15.04:473][  0]LogFileHelpers: Loading map 'Minimal_Default' took 0.733
[2016.03.14-19.15.04:626][  0]LogCollectionManager: Loaded 0 collections in 0.002906 seconds
[2016.03.14-19.15.04:674][  0]LogFileCache: Scanning file cache for directory 'C:/Users/Jack/Documents/GitHub/UE4/Learning/Saved/Collections/' took 0.01s
[2016.03.14-19.15.04:674][  0]LogFileCache: Scanning file cache for directory 'C:/Users/Jack/Documents/GitHub/UE4/Learning/Content/Developers/Jack/Collections/' took 0.01s
[2016.03.14-19.15.04:674][  0]LogFileCache: Scanning file cache for directory 'C:/Users/Jack/Documents/GitHub/UE4/Learning/Content/Collections/' took 0.01s
[2016.03.14-19.15.04:674][  0]LogCollectionManager: Rebuilt the GUID cache for 0 collections in 0.000002 seconds
[2016.03.14-19.15.04:699][  0]LogContentBrowser: Native class hierarchy populated in 0.0235 seconds. Added 1986 classes and 346 folders.
[2016.03.14-19.15.04:706][  0]LogStats: UGameplayTagsManager::ConstructGameplayTagTree: Construct from data asset -  0.000 s
[2016.03.14-19.15.04:706][  0]LogStats: UGameplayTagsManager::ConstructGameplayTagTree: GameplayTagTreeChangedEvent.Broadcast -  0.000 s
[2016.03.14-19.15.04:710][  0]LogContentBrowser: Native class hierarchy updated for 'GameplayTags' in 0.0034 seconds. Added 12 classes and 0 folders.
[2016.03.14-19.15.04:744][  0]LogContentBrowser: Native class hierarchy updated for 'WidgetCarousel' in 0.0026 seconds. Added 0 classes and 0 folders.
[2016.03.14-19.15.04:807][  0]LogContentBrowser: Native class hierarchy updated for 'AddContentDialog' in 0.0012 seconds. Added 0 classes and 0 folders.
[2016.03.14-19.15.04:821][  0]LogContentBrowser: Native class hierarchy updated for 'SceneOutliner' in 0.0012 seconds. Added 1 classes and 2 folders.
[2016.03.14-19.15.04:863][  0]LogCrashTracker: Crashtracker disabled due to settings.
[2016.03.14-19.15.04:942][  0]LogContentBrowser: Native class hierarchy updated for 'HierarchicalLODOutliner' in 0.0013 seconds. Added 1 classes and 2 folders.
[2016.03.14-19.15.04:942][  0]LogLoad: Full Startup: 10.66 seconds (BP compile: 0.10 seconds)
[2016.03.14-19.15.04:942][  0]LogExternalProfiler:Warning: No registered external profiler was matched with a command-line switch (or the DLL could not be loaded).  External profiling features will not be available.
[2016.03.14-19.15.05:283][  0]LogOcInput: OculusInput is initialized. Init status 0. Runtime version: 0.8.0.0
[2016.03.14-19.15.05:337][  0]LogContentStreaming: Texture pool size now 1000 MB
[2016.03.14-19.15.05:577][  0]LogRenderer: Reallocating scene render targets to support 1616x808 (Frame:2).
[2016.03.14-19.15.05:996][  2]LogAssetRegistry: Asset discovery search completed in 5.2741 seconds
[2016.03.14-19.15.05:996][  2]LogCollectionManager: Rebuilt the object cache for 0 collections in 0.000001 seconds (found 0 objects)
[2016.03.14-19.15.05:996][  2]LogCollectionManager: Fixed up redirectors for 0 collections in 0.000066 seconds (updated 0 objects)
[2016.03.14-19.15.49:642][201]LogBlueprintUserMessages: Early PlayInEditor Detection: Level '/Game/StarterContent/Maps/Minimal_Default.Minimal_Default:PersistentLevel' has LevelScriptBlueprint '/Game/StarterContent/Maps/Minimal_Default.Minimal_Default:PersistentLevel.Minimal_Default' with GeneratedClass '/Game/StarterContent/Maps/Minimal_Default.Minimal_Default_C' with ClassGeneratedBy '/Game/StarterContent/Maps/Minimal_Default.Minimal_Default:PersistentLevel.Minimal_Default'
[2016.03.14-19.15.49:642][201]LogPlayLevel: PlayLevel: No blueprints needed recompiling
[2016.03.14-19.15.49:643][201]PIE: New page: PIE session: Minimal_Default (14 Mar 2016 19:15:49)
[2016.03.14-19.15.49:644][201]LogPlayLevel: Creating play world package: /Game/StarterContent/Maps/UEDPIE_0_Minimal_Default
[2016.03.14-19.15.49:655][201]LogPlayLevel: PIE: StaticDuplicateObject took: (0.011363s)
[2016.03.14-19.15.49:656][201]LogAIModule: Creating AISystem for world Minimal_Default
[2016.03.14-19.15.49:656][201]LogPlayLevel: PIE: World Init took: (0.000987s)
[2016.03.14-19.15.49:657][201]LogPlayLevel: PIE: Created PIE world by copying editor world from /Game/StarterContent/Maps/Minimal_Default.Minimal_Default to /Game/StarterContent/Maps/UEDPIE_0_Minimal_Default.Minimal_Default (0.013101s)
[2016.03.14-19.15.49:746][201]LogInit: XAudio2 using 'Speakers (Realtek High Definition Audio)' : 2 channels at 48 kHz using 32 bits per sample (channel mask 0x3)
[2016.03.14-19.15.49:774][201]LogInit: FAudioDevice initialized.
[2016.03.14-19.15.49:838][201]LogWorld: Game class is 'LearningGameMode'
[2016.03.14-19.15.49:841][201]LogWorld: Bringing World /Game/StarterContent/Maps/UEDPIE_0_Minimal_Default.Minimal_Default up for play (max tick rate 0) at 2016.03.14-19.15.49
[2016.03.14-19.15.49:842][201]LogWorld: Bringing up level for play took: 0.003366
[2016.03.14-19.15.49:849][201]LogContentBrowser: Native class hierarchy updated for 'MovieSceneCapture' in 0.0013 seconds. Added 9 classes and 0 folders.
[2016.03.14-19.15.49:851][201]PIE: Info Play in editor start time for /Game/StarterContent/Maps/UEDPIE_0_Minimal_Default -0.352
[2016.03.14-19.15.49:851][201]LogBlueprintUserMessages: Late PlayInEditor Detection: Level '/Game/StarterContent/Maps/Minimal_Default.Minimal_Default:PersistentLevel' has LevelScriptBlueprint '/Game/StarterContent/Maps/Minimal_Default.Minimal_Default:PersistentLevel.Minimal_Default' with GeneratedClass '/Game/StarterContent/Maps/Minimal_Default.Minimal_Default_C' with ClassGeneratedBy '/Game/StarterContent/Maps/Minimal_Default.Minimal_Default:PersistentLevel.Minimal_Default'
[2016.03.14-19.15.55:658][581]LogBlueprintUserMessages: Early EndPlayMap Detection: Level '/Game/StarterContent/Maps/Minimal_Default.Minimal_Default:PersistentLevel' has LevelScriptBlueprint '/Game/StarterContent/Maps/Minimal_Default.Minimal_Default:PersistentLevel.Minimal_Default' with GeneratedClass '/Game/StarterContent/Maps/Minimal_Default.Minimal_Default_C' with ClassGeneratedBy '/Game/StarterContent/Maps/Minimal_Default.Minimal_Default:PersistentLevel.Minimal_Default'
[2016.03.14-19.15.55:706][581]LogBlueprintUserMessages: Late EndPlayMap Detection: Level '/Game/StarterContent/Maps/Minimal_Default.Minimal_Default:PersistentLevel' has LevelScriptBlueprint '/Game/StarterContent/Maps/Minimal_Default.Minimal_Default:PersistentLevel.Minimal_Default' with GeneratedClass '/Game/StarterContent/Maps/Minimal_Default.Minimal_Default_C' with ClassGeneratedBy '/Game/StarterContent/Maps/Minimal_Default.Minimal_Default:PersistentLevel.Minimal_Default'
[2016.03.14-19.19.38:732][705]Recompiling Learning...
[2016.03.14-19.19.38:733][705]Building UnrealBuildTool...
[2016.03.14-19.19.38:733][705]Building UnrealBuildTool in C:/Users/Jack/Documents/GitHub/UnrealEngine/...
[2016.03.14-19.19.38:734][705]Running: C:\Windows\system32\cmd.exe /c "C:\Users\Jack\Documents\GitHub\UnrealEngine\Engine\Intermediate\Build\UnrealBuildTool\BuildUBT.bat"
[2016.03.14-19.19.40:364][705]Launching UnrealBuildTool... [C:/Users/Jack/Documents/GitHub/UnrealEngine/Engine/Binaries/DotNET/UnrealBuildTool.exe Learning -ModuleWithSuffix Learning 5971 Win64 Debug -editorrecompile -canskiplink "C:/Users/Jack/Documents/GitHub/UE4/Learning/Learning.uproject"  -2015]
[2016.03.14-19.19.40:382][705]Warning: Starting HotReload took  1.7s.
[2016.03.14-19.19.50:749][266]CompilerResultsLog: New page: Compilation - 14 Mar 2016 19:19:50
[2016.03.14-19.19.50:750][266]CompilerResultsLog: Info Creating makefile for hot reloading Learning (no existing makefile)
[2016.03.14-19.19.50:750][266]CompilerResultsLog: Info Compiling game modules for hot reload
[2016.03.14-19.19.50:750][266]CompilerResultsLog: Info Building UnrealHeaderTool...
[2016.03.14-19.19.50:750][266]CompilerResultsLog: Info Target is up to date
[2016.03.14-19.19.50:750][266]CompilerResultsLog: Info Parsing headers for LearningEditor
[2016.03.14-19.19.50:750][266]CompilerResultsLog: Info   Running UnrealHeaderTool "C:\Users\Jack\Documents\GitHub\UE4\Learning\Learning.uproject" "C:\Users\Jack\Documents\GitHub\UE4\Learning\Intermediate\Build\Win64\LearningEditor\Debug\UnrealHeaderTool.manifest" -LogCmds="loginit warning, logexit warning, logdatabase error" -Unattended -WarningsAsErrors
[2016.03.14-19.19.50:751][266]CompilerResultsLog: Info Reflection code generated for LearningEditor in 3.5117803 seconds
[2016.03.14-19.19.50:751][266]CompilerResultsLog: Info Performing 2 actions (2 in parallel)
[2016.03.14-19.19.50:751][266]CompilerResultsLog: Info FloatingActor.cpp
[2016.03.14-19.19.50:751][266]CompilerResultsLog:Error: Error C:\Users\Jack\Documents\GitHub\UE4\Learning\Source\Learning\FloatingActor.cpp(27) : error C2352: 'AHUD::AddDebugText': illegal call of non-static member function
[2016.03.14-19.19.50:751][266]CompilerResultsLog:Error: Error C:\Users\Jack\Documents\GitHub\UnrealEngine\Engine\Source\Runtime\Engine\Classes\GameFramework/HUD.h(160) : note: see declaration of 'AHUD::AddDebugText'
[2016.03.14-19.19.50:751][266]CompilerResultsLog: Info -------- End Detailed Actions Stats -----------------------------------------------------------
[2016.03.14-19.19.50:751][266]CompilerResultsLog: Info ERROR: UBT ERROR: Failed to produce item: C:\Users\Jack\Documents\GitHub\UE4\Learning\Binaries\Win64\UE4Editor-Learning-5971-Win64-Debug.dll
[2016.03.14-19.19.50:751][266]CompilerResultsLog: Info Total build time: 10.29 seconds
[2016.03.14-19.19.50:751][266]LogMainFrame: MainFrame: Module compiling took 12.025 seconds
[2016.03.14-19.19.50:752][266]Warning: HotReload failed, recompile failed
[2016.03.14-19.20.25:570][812]Recompiling Learning...
[2016.03.14-19.20.25:570][812]Launching UnrealBuildTool... [C:/Users/Jack/Documents/GitHub/UnrealEngine/Engine/Binaries/DotNET/UnrealBuildTool.exe Learning -ModuleWithSuffix Learning 4876 Win64 Debug -editorrecompile -canskiplink "C:/Users/Jack/Documents/GitHub/UE4/Learning/Learning.uproject"  -2015]
[2016.03.14-19.20.25:584][812]Warning: Starting HotReload took  0.0s.
[2016.03.14-19.20.35:461][353]CompilerResultsLog: New page: Compilation - 14 Mar 2016 19:20:35
[2016.03.14-19.20.35:461][353]CompilerResultsLog: Info Creating makefile for hot reloading Learning (working set of source files changed)
[2016.03.14-19.20.35:461][353]CompilerResultsLog: Info Compiling game modules for hot reload
[2016.03.14-19.20.35:462][353]CompilerResultsLog: Info Building UnrealHeaderTool...
[2016.03.14-19.20.35:462][353]CompilerResultsLog: Info Target is up to date
[2016.03.14-19.20.35:462][353]CompilerResultsLog: Info Parsing headers for LearningEditor
[2016.03.14-19.20.35:462][353]CompilerResultsLog: Info   Running UnrealHeaderTool "C:\Users\Jack\Documents\GitHub\UE4\Learning\Learning.uproject" "C:\Users\Jack\Documents\GitHub\UE4\Learning\Intermediate\Build\Win64\LearningEditor\Debug\UnrealHeaderTool.manifest" -LogCmds="loginit warning, logexit warning, logdatabase error" -Unattended -WarningsAsErrors
[2016.03.14-19.20.35:462][353]CompilerResultsLog: Info Reflection code generated for LearningEditor in 3.2878544 seconds
[2016.03.14-19.20.35:463][353]CompilerResultsLog: Info Performing 2 actions (2 in parallel)
[2016.03.14-19.20.35:464][353]CompilerResultsLog: Info FloatingActor.cpp
[2016.03.14-19.20.35:465][353]CompilerResultsLog:Error: Error C:\Users\Jack\Documents\GitHub\UE4\Learning\Source\Learning\FloatingActor.cpp(27) : error C2352: 'AHUD::AddDebugText': illegal call of non-static member function
[2016.03.14-19.20.35:465][353]CompilerResultsLog:Error: Error C:\Users\Jack\Documents\GitHub\UnrealEngine\Engine\Source\Runtime\Engine\Classes\GameFramework/HUD.h(160) : note: see declaration of 'AHUD::AddDebugText'
[2016.03.14-19.20.35:465][353]CompilerResultsLog: Info -------- End Detailed Actions Stats -----------------------------------------------------------
[2016.03.14-19.20.35:465][353]CompilerResultsLog: Info ERROR: UBT ERROR: Failed to produce item: C:\Users\Jack\Documents\GitHub\UE4\Learning\Binaries\Win64\UE4Editor-Learning-4876-Win64-Debug.dll
[2016.03.14-19.20.35:465][353]CompilerResultsLog: Info Total build time: 9.81 seconds
[2016.03.14-19.20.35:465][353]LogMainFrame: MainFrame: Module compiling took 9.900 seconds
[2016.03.14-19.20.35:466][353]Warning: HotReload failed, recompile failed
[2016.03.14-19.32.45:298][122]Recompiling Learning...
[2016.03.14-19.32.45:299][122]Launching UnrealBuildTool... [C:/Users/Jack/Documents/GitHub/UnrealEngine/Engine/Binaries/DotNET/UnrealBuildTool.exe Learning -ModuleWithSuffix Learning 5010 Win64 Debug -editorrecompile -canskiplink "C:/Users/Jack/Documents/GitHub/UE4/Learning/Learning.uproject"  -2015]
[2016.03.14-19.32.45:318][122]Warning: Starting HotReload took  0.0s.
[2016.03.14-19.32.55:906][647]CompilerResultsLog: New page: Compilation - 14 Mar 2016 19:32:55
[2016.03.14-19.32.55:907][647]CompilerResultsLog: Info Creating makefile for hot reloading Learning (working set of source files changed)
[2016.03.14-19.32.55:907][647]CompilerResultsLog: Info Compiling game modules for hot reload
[2016.03.14-19.32.55:907][647]CompilerResultsLog: Info Building UnrealHeaderTool...
[2016.03.14-19.32.55:907][647]CompilerResultsLog: Info Target is up to date
[2016.03.14-19.32.55:907][647]CompilerResultsLog: Info Parsing headers for LearningEditor
[2016.03.14-19.32.55:907][647]CompilerResultsLog: Info   Running UnrealHeaderTool "C:\Users\Jack\Documents\GitHub\UE4\Learning\Learning.uproject" "C:\Users\Jack\Documents\GitHub\UE4\Learning\Intermediate\Build\Win64\LearningEditor\Debug\UnrealHeaderTool.manifest" -LogCmds="loginit warning, logexit warning, logdatabase error" -Unattended -WarningsAsErrors
[2016.03.14-19.32.55:907][647]CompilerResultsLog: Info Reflection code generated for LearningEditor in 3.3953498 seconds
[2016.03.14-19.32.55:908][647]CompilerResultsLog: Info Performing 2 actions (2 in parallel)
[2016.03.14-19.32.55:908][647]CompilerResultsLog: Info FloatingActor.cpp
[2016.03.14-19.32.55:908][647]CompilerResultsLog:Error: Error C:\Users\Jack\Documents\GitHub\UE4\Learning\Source\Learning\FloatingActor.cpp(27) : error C2352: 'UEngine::AddOnScreenDebugMessage': illegal call of non-static member function
[2016.03.14-19.32.55:908][647]CompilerResultsLog:Error: Error C:\Users\Jack\Documents\GitHub\UnrealEngine\Engine\Source\Runtime\Engine\Classes\Engine/Engine.h(1971) : note: see declaration of 'UEngine::AddOnScreenDebugMessage'
[2016.03.14-19.32.55:908][647]CompilerResultsLog: Info -------- End Detailed Actions Stats -----------------------------------------------------------
[2016.03.14-19.32.55:908][647]CompilerResultsLog: Info ERROR: UBT ERROR: Failed to produce item: C:\Users\Jack\Documents\GitHub\UE4\Learning\Binaries\Win64\UE4Editor-Learning-5010-Win64-Debug.dll
[2016.03.14-19.32.55:909][647]CompilerResultsLog: Info Total build time: 10.53 seconds
[2016.03.14-19.32.55:910][647]LogMainFrame: MainFrame: Module compiling took 10.616 seconds
[2016.03.14-19.32.55:911][647]Warning: HotReload failed, recompile failed
[2016.03.14-19.33.22:166][ 98]LogBlueprintUserMessages: Early PlayInEditor Detection: Level '/Game/StarterContent/Maps/Minimal_Default.Minimal_Default:PersistentLevel' has LevelScriptBlueprint '/Game/StarterContent/Maps/Minimal_Default.Minimal_Default:PersistentLevel.Minimal_Default' with GeneratedClass '/Game/StarterContent/Maps/Minimal_Default.Minimal_Default_C' with ClassGeneratedBy '/Game/StarterContent/Maps/Minimal_Default.Minimal_Default:PersistentLevel.Minimal_Default'
[2016.03.14-19.33.22:166][ 98]LogPlayLevel: PlayLevel: No blueprints needed recompiling
[2016.03.14-19.33.22:166][ 98]PIE: New page: PIE session: Minimal_Default (14 Mar 2016 19:33:22)
[2016.03.14-19.33.22:166][ 98]LogPlayLevel: Creating play world package: /Game/StarterContent/Maps/UEDPIE_0_Minimal_Default
[2016.03.14-19.33.22:178][ 98]LogPlayLevel: PIE: StaticDuplicateObject took: (0.011259s)
[2016.03.14-19.33.22:178][ 98]LogAIModule: Creating AISystem for world Minimal_Default
[2016.03.14-19.33.22:179][ 98]LogPlayLevel: PIE: World Init took: (0.001019s)
[2016.03.14-19.33.22:179][ 98]LogPlayLevel: PIE: Created PIE world by copying editor world from /Game/StarterContent/Maps/Minimal_Default.Minimal_Default to /Game/StarterContent/Maps/UEDPIE_0_Minimal_Default.Minimal_Default (0.012912s)
[2016.03.14-19.33.22:253][ 98]LogInit: XAudio2 using 'Speakers (Realtek High Definition Audio)' : 2 channels at 48 kHz using 32 bits per sample (channel mask 0x3)
[2016.03.14-19.33.22:282][ 98]LogInit: FAudioDevice initialized.
[2016.03.14-19.33.22:332][ 98]LogWorld: Game class is 'LearningGameMode'
[2016.03.14-19.33.22:335][ 98]LogWorld: Bringing World /Game/StarterContent/Maps/UEDPIE_0_Minimal_Default.Minimal_Default up for play (max tick rate 0) at 2016.03.14-19.33.22
[2016.03.14-19.33.22:336][ 98]LogWorld: Bringing up level for play took: 0.003731
[2016.03.14-19.33.22:339][ 98]PIE: Info Play in editor start time for /Game/StarterContent/Maps/UEDPIE_0_Minimal_Default 0.135
[2016.03.14-19.33.22:339][ 98]LogBlueprintUserMessages: Late PlayInEditor Detection: Level '/Game/StarterContent/Maps/Minimal_Default.Minimal_Default:PersistentLevel' has LevelScriptBlueprint '/Game/StarterContent/Maps/Minimal_Default.Minimal_Default:PersistentLevel.Minimal_Default' with GeneratedClass '/Game/StarterContent/Maps/Minimal_Default.Minimal_Default_C' with ClassGeneratedBy '/Game/StarterContent/Maps/Minimal_Default.Minimal_Default:PersistentLevel.Minimal_Default'
[2016.03.14-19.33.24:081][210]LogBlueprintUserMessages: Early EndPlayMap Detection: Level '/Game/StarterContent/Maps/Minimal_Default.Minimal_Default:PersistentLevel' has LevelScriptBlueprint '/Game/StarterContent/Maps/Minimal_Default.Minimal_Default:PersistentLevel.Minimal_Default' with GeneratedClass '/Game/StarterContent/Maps/Minimal_Default.Minimal_Default_C' with ClassGeneratedBy '/Game/StarterContent/Maps/Minimal_Default.Minimal_Default:PersistentLevel.Minimal_Default'
[2016.03.14-19.33.24:124][210]LogBlueprintUserMessages: Late EndPlayMap Detection: Level '/Game/StarterContent/Maps/Minimal_Default.Minimal_Default:PersistentLevel' has LevelScriptBlueprint '/Game/StarterContent/Maps/Minimal_Default.Minimal_Default:PersistentLevel.Minimal_Default' with GeneratedClass '/Game/StarterContent/Maps/Minimal_Default.Minimal_Default_C' with ClassGeneratedBy '/Game/StarterContent/Maps/Minimal_Default.Minimal_Default:PersistentLevel.Minimal_Default'
[2016.03.14-19.33.24:706][227]Recompiling Learning...
[2016.03.14-19.33.24:707][227]Launching UnrealBuildTool... [C:/Users/Jack/Documents/GitHub/UnrealEngine/Engine/Binaries/DotNET/UnrealBuildTool.exe Learning -ModuleWithSuffix Learning 2073 Win64 Debug -editorrecompile -canskiplink "C:/Users/Jack/Documents/GitHub/UE4/Learning/Learning.uproject"  -2015]
[2016.03.14-19.33.24:719][227]Warning: Starting HotReload took  0.0s.
[2016.03.14-19.33.34:984][690]CompilerResultsLog: New page: Compilation - 14 Mar 2016 19:33:34
[2016.03.14-19.33.34:984][690]CompilerResultsLog: Info Creating makefile for hot reloading Learning (working set of source files changed)
[2016.03.14-19.33.34:985][690]CompilerResultsLog: Info Compiling game modules for hot reload
[2016.03.14-19.33.34:985][690]CompilerResultsLog: Info Building UnrealHeaderTool...
[2016.03.14-19.33.34:985][690]CompilerResultsLog: Info Target is up to date
[2016.03.14-19.33.34:985][690]CompilerResultsLog: Info Parsing headers for LearningEditor
[2016.03.14-19.33.34:985][690]CompilerResultsLog: Info   Running UnrealHeaderTool "C:\Users\Jack\Documents\GitHub\UE4\Learning\Learning.uproject" "C:\Users\Jack\Documents\GitHub\UE4\Learning\Intermediate\Build\Win64\LearningEditor\Debug\UnrealHeaderTool.manifest" -LogCmds="loginit warning, logexit warning, logdatabase error" -Unattended -WarningsAsErrors
[2016.03.14-19.33.34:985][690]CompilerResultsLog: Info Reflection code generated for LearningEditor in 3.2116716 seconds
[2016.03.14-19.33.34:985][690]CompilerResultsLog: Info Performing 2 actions (2 in parallel)
[2016.03.14-19.33.34:985][690]CompilerResultsLog: Info FloatingActor.cpp
[2016.03.14-19.33.34:985][690]CompilerResultsLog: Info [2/2] Link UE4Editor-Learning-2073-Win64-Debug.dll
[2016.03.14-19.33.34:985][690]CompilerResultsLog: Info    Creating library C:\Users\Jack\Documents\GitHub\UE4\Learning\Intermediate\Build\Win64\UE4Editor\Debug\UE4Editor-Learning-2073-Win64-Debug.lib and object C:\Users\Jack\Documents\GitHub\UE4\Learning\Intermediate\Build\Win64\UE4Editor\Debug\UE4Editor-Learning-2073-Win64-Debug.exp
[2016.03.14-19.33.34:985][690]CompilerResultsLog: Info -------- End Detailed Actions Stats -----------------------------------------------------------
[2016.03.14-19.33.34:985][690]CompilerResultsLog: Info Total build time: 10.20 seconds
[2016.03.14-19.33.34:986][690]LogMainFrame: MainFrame: Module compiling took 10.295 seconds
[2016.03.14-19.33.35:086][690]LogContentBrowser: Native class hierarchy updated for 'Learning' in 0.0014 seconds. Added 2 classes and 2 folders.
[2016.03.14-19.33.35:089][690]Warning: HotReload successful (0 functions remapped  0 scriptstructs remapped)
[2016.03.14-19.33.35:268][690]LogContentBrowser: Native class hierarchy populated in 0.0219 seconds. Added 1988 classes and 350 folders.
[2016.03.14-19.33.35:273][690]Warning: HotReload took 10.6s.
[2016.03.14-19.33.38:178][821]LogBlueprintUserMessages: Early PlayInEditor Detection: Level '/Game/StarterContent/Maps/Minimal_Default.Minimal_Default:PersistentLevel' has LevelScriptBlueprint '/Game/StarterContent/Maps/Minimal_Default.Minimal_Default:PersistentLevel.Minimal_Default' with GeneratedClass '/Game/StarterContent/Maps/Minimal_Default.Minimal_Default_C' with ClassGeneratedBy '/Game/StarterContent/Maps/Minimal_Default.Minimal_Default:PersistentLevel.Minimal_Default'
[2016.03.14-19.33.38:178][821]LogPlayLevel: PlayLevel: No blueprints needed recompiling
[2016.03.14-19.33.38:179][821]PIE: New page: PIE session: Minimal_Default (14 Mar 2016 19:33:38)
[2016.03.14-19.33.38:179][821]LogPlayLevel: Creating play world package: /Game/StarterContent/Maps/UEDPIE_0_Minimal_Default
[2016.03.14-19.33.38:191][821]LogPlayLevel: PIE: StaticDuplicateObject took: (0.011583s)
[2016.03.14-19.33.38:191][821]LogAIModule: Creating AISystem for world Minimal_Default
[2016.03.14-19.33.38:192][821]LogPlayLevel: PIE: World Init took: (0.000987s)
[2016.03.14-19.33.38:192][821]LogPlayLevel: PIE: Created PIE world by copying editor world from /Game/StarterContent/Maps/Minimal_Default.Minimal_Default to /Game/StarterContent/Maps/UEDPIE_0_Minimal_Default.Minimal_Default (0.013502s)
[2016.03.14-19.33.38:263][821]LogInit: XAudio2 using 'Speakers (Realtek High Definition Audio)' : 2 channels at 48 kHz using 32 bits per sample (channel mask 0x3)
[2016.03.14-19.33.38:291][821]LogInit: FAudioDevice initialized.
[2016.03.14-19.33.38:338][821]LogWorld: Game class is 'LearningGameMode'
[2016.03.14-19.33.38:341][821]LogWorld: Bringing World /Game/StarterContent/Maps/UEDPIE_0_Minimal_Default.Minimal_Default up for play (max tick rate 0) at 2016.03.14-19.33.38
[2016.03.14-19.33.38:342][821]LogWorld: Bringing up level for play took: 0.003451
[2016.03.14-19.33.38:345][821]PIE: Info Play in editor start time for /Game/StarterContent/Maps/UEDPIE_0_Minimal_Default 0.141
[2016.03.14-19.33.38:345][821]LogBlueprintUserMessages: Late PlayInEditor Detection: Level '/Game/StarterContent/Maps/Minimal_Default.Minimal_Default:PersistentLevel' has LevelScriptBlueprint '/Game/StarterContent/Maps/Minimal_Default.Minimal_Default:PersistentLevel.Minimal_Default' with GeneratedClass '/Game/StarterContent/Maps/Minimal_Default.Minimal_Default_C' with ClassGeneratedBy '/Game/StarterContent/Maps/Minimal_Default.Minimal_Default:PersistentLevel.Minimal_Default'
[2016.03.14-19.33.41:189][  7]LogBlueprintUserMessages: Early EndPlayMap Detection: Level '/Game/StarterContent/Maps/Minimal_Default.Minimal_Default:PersistentLevel' has LevelScriptBlueprint '/Game/StarterContent/Maps/Minimal_Default.Minimal_Default:PersistentLevel.Minimal_Default' with GeneratedClass '/Game/StarterContent/Maps/Minimal_Default.Minimal_Default_C' with ClassGeneratedBy '/Game/StarterContent/Maps/Minimal_Default.Minimal_Default:PersistentLevel.Minimal_Default'
[2016.03.14-19.33.41:231][  7]LogBlueprintUserMessages: Late EndPlayMap Detection: Level '/Game/StarterContent/Maps/Minimal_Default.Minimal_Default:PersistentLevel' has LevelScriptBlueprint '/Game/StarterContent/Maps/Minimal_Default.Minimal_Default:PersistentLevel.Minimal_Default' with GeneratedClass '/Game/StarterContent/Maps/Minimal_Default.Minimal_Default_C' with ClassGeneratedBy '/Game/StarterContent/Maps/Minimal_Default.Minimal_Default:PersistentLevel.Minimal_Default'
[2016.03.14-19.33.58:069][176]Recompiling Learning...
[2016.03.14-19.33.58:069][176]Launching UnrealBuildTool... [C:/Users/Jack/Documents/GitHub/UnrealEngine/Engine/Binaries/DotNET/UnrealBuildTool.exe Learning -ModuleWithSuffix Learning 1360 Win64 Debug -editorrecompile -canskiplink "C:/Users/Jack/Documents/GitHub/UE4/Learning/Learning.uproject"  -2015]
[2016.03.14-19.33.58:086][176]Warning: Starting HotReload took  0.0s.
[2016.03.14-19.34.08:478][680]CompilerResultsLog: New page: Compilation - 14 Mar 2016 19:34:08
[2016.03.14-19.34.08:479][680]CompilerResultsLog: Info Creating makefile for hot reloading Learning (working set of source files changed)
[2016.03.14-19.34.08:479][680]CompilerResultsLog: Info Compiling game modules for hot reload
[2016.03.14-19.34.08:480][680]CompilerResultsLog: Info Building UnrealHeaderTool...
[2016.03.14-19.34.08:480][680]CompilerResultsLog: Info Target is up to date
[2016.03.14-19.34.08:480][680]CompilerResultsLog: Info Parsing headers for LearningEditor
[2016.03.14-19.34.08:480][680]CompilerResultsLog: Info   Running UnrealHeaderTool "C:\Users\Jack\Documents\GitHub\UE4\Learning\Learning.uproject" "C:\Users\Jack\Documents\GitHub\UE4\Learning\Intermediate\Build\Win64\LearningEditor\Debug\UnrealHeaderTool.manifest" -LogCmds="loginit warning, logexit warning, logdatabase error" -Unattended -WarningsAsErrors
[2016.03.14-19.34.08:480][680]CompilerResultsLog: Info Reflection code generated for LearningEditor in 3.1195078 seconds
[2016.03.14-19.34.08:480][680]CompilerResultsLog: Info Performing 2 actions (2 in parallel)
[2016.03.14-19.34.08:480][680]CompilerResultsLog: Info FloatingActor.cpp
[2016.03.14-19.34.08:480][680]CompilerResultsLog: Info [2/2] Link UE4Editor-Learning-1360-Win64-Debug.dll
[2016.03.14-19.34.08:480][680]CompilerResultsLog: Info    Creating library C:\Users\Jack\Documents\GitHub\UE4\Learning\Intermediate\Build\Win64\UE4Editor\Debug\UE4Editor-Learning-1360-Win64-Debug.lib and object C:\Users\Jack\Documents\GitHub\UE4\Learning\Intermediate\Build\Win64\UE4Editor\Debug\UE4Editor-Learning-1360-Win64-Debug.exp
[2016.03.14-19.34.08:480][680]CompilerResultsLog: Info -------- End Detailed Actions Stats -----------------------------------------------------------
[2016.03.14-19.34.08:480][680]CompilerResultsLog: Info Total build time: 10.33 seconds
[2016.03.14-19.34.08:480][680]LogMainFrame: MainFrame: Module compiling took 10.417 seconds
[2016.03.14-19.34.08:580][680]LogContentBrowser: Native class hierarchy updated for 'Learning' in 0.0015 seconds. Added 2 classes and 2 folders.
[2016.03.14-19.34.08:583][680]Warning: HotReload successful (0 functions remapped  0 scriptstructs remapped)
[2016.03.14-19.34.08:739][680]LogContentBrowser: Native class hierarchy populated in 0.0205 seconds. Added 1988 classes and 350 folders.
[2016.03.14-19.34.08:739][680]Warning: HotReload took 10.7s.
[2016.03.14-19.34.10:389][750]LogBlueprintUserMessages: Early PlayInEditor Detection: Level '/Game/StarterContent/Maps/Minimal_Default.Minimal_Default:PersistentLevel' has LevelScriptBlueprint '/Game/StarterContent/Maps/Minimal_Default.Minimal_Default:PersistentLevel.Minimal_Default' with GeneratedClass '/Game/StarterContent/Maps/Minimal_Default.Minimal_Default_C' with ClassGeneratedBy '/Game/StarterContent/Maps/Minimal_Default.Minimal_Default:PersistentLevel.Minimal_Default'
[2016.03.14-19.34.10:389][750]LogPlayLevel: PlayLevel: No blueprints needed recompiling
[2016.03.14-19.34.10:390][750]PIE: New page: PIE session: Minimal_Default (14 Mar 2016 19:34:10)
[2016.03.14-19.34.10:390][750]LogPlayLevel: Creating play world package: /Game/StarterContent/Maps/UEDPIE_0_Minimal_Default
[2016.03.14-19.34.10:400][750]LogPlayLevel: PIE: StaticDuplicateObject took: (0.010158s)
[2016.03.14-19.34.10:401][750]LogAIModule: Creating AISystem for world Minimal_Default
[2016.03.14-19.34.10:401][750]LogPlayLevel: PIE: World Init took: (0.001160s)
[2016.03.14-19.34.10:402][750]LogPlayLevel: PIE: Created PIE world by copying editor world from /Game/StarterContent/Maps/Minimal_Default.Minimal_Default to /Game/StarterContent/Maps/UEDPIE_0_Minimal_Default.Minimal_Default (0.012025s)
[2016.03.14-19.34.10:474][750]LogInit: XAudio2 using 'Speakers (Realtek High Definition Audio)' : 2 channels at 48 kHz using 32 bits per sample (channel mask 0x3)
[2016.03.14-19.34.10:500][750]LogInit: FAudioDevice initialized.
[2016.03.14-19.34.10:546][750]LogWorld: Game class is 'LearningGameMode'
[2016.03.14-19.34.10:550][750]LogWorld: Bringing World /Game/StarterContent/Maps/UEDPIE_0_Minimal_Default.Minimal_Default up for play (max tick rate 0) at 2016.03.14-19.34.10
[2016.03.14-19.34.10:551][750]LogWorld: Bringing up level for play took: 0.003549
[2016.03.14-19.34.10:553][750]PIE: Info Play in editor start time for /Game/StarterContent/Maps/UEDPIE_0_Minimal_Default 0.35
[2016.03.14-19.34.10:553][750]LogBlueprintUserMessages: Late PlayInEditor Detection: Level '/Game/StarterContent/Maps/Minimal_Default.Minimal_Default:PersistentLevel' has LevelScriptBlueprint '/Game/StarterContent/Maps/Minimal_Default.Minimal_Default:PersistentLevel.Minimal_Default' with GeneratedClass '/Game/StarterContent/Maps/Minimal_Default.Minimal_Default_C' with ClassGeneratedBy '/Game/StarterContent/Maps/Minimal_Default.Minimal_Default:PersistentLevel.Minimal_Default'
[2016.03.14-19.34.13:960][977]LogBlueprintUserMessages: Early EndPlayMap Detection: Level '/Game/StarterContent/Maps/Minimal_Default.Minimal_Default:PersistentLevel' has LevelScriptBlueprint '/Game/StarterContent/Maps/Minimal_Default.Minimal_Default:PersistentLevel.Minimal_Default' with GeneratedClass '/Game/StarterContent/Maps/Minimal_Default.Minimal_Default_C' with ClassGeneratedBy '/Game/StarterContent/Maps/Minimal_Default.Minimal_Default:PersistentLevel.Minimal_Default'
[2016.03.14-19.34.14:002][977]LogBlueprintUserMessages: Late EndPlayMap Detection: Level '/Game/StarterContent/Maps/Minimal_Default.Minimal_Default:PersistentLevel' has LevelScriptBlueprint '/Game/StarterContent/Maps/Minimal_Default.Minimal_Default:PersistentLevel.Minimal_Default' with GeneratedClass '/Game/StarterContent/Maps/Minimal_Default.Minimal_Default_C' with ClassGeneratedBy '/Game/StarterContent/Maps/Minimal_Default.Minimal_Default:PersistentLevel.Minimal_Default'
[2016.03.14-19.34.17:757][ 47]LogEditorViewport: Clicking on Actor (LMB): BP_Sky_Sphere_C (BP_Sky_Sphere)
[2016.03.14-19.34.18:701][ 81]Recompiling Learning...
[2016.03.14-19.34.18:702][ 81]Launching UnrealBuildTool... [C:/Users/Jack/Documents/GitHub/UnrealEngine/Engine/Binaries/DotNET/UnrealBuildTool.exe Learning -ModuleWithSuffix Learning 7305 Win64 Debug -editorrecompile -canskiplink "C:/Users/Jack/Documents/GitHub/UE4/Learning/Learning.uproject"  -2015]
[2016.03.14-19.34.18:714][ 81]Warning: Starting HotReload took  0.0s.
[2016.03.14-19.34.28:708][468]CompilerResultsLog: New page: Compilation - 14 Mar 2016 19:34:28
[2016.03.14-19.34.28:708][468]CompilerResultsLog: Info Creating makefile for hot reloading Learning (working set of source files changed)
[2016.03.14-19.34.28:708][468]CompilerResultsLog: Info Compiling game modules for hot reload
[2016.03.14-19.34.28:708][468]CompilerResultsLog: Info Building UnrealHeaderTool...
[2016.03.14-19.34.28:708][468]CompilerResultsLog: Info Target is up to date
[2016.03.14-19.34.28:708][468]CompilerResultsLog: Info Parsing headers for LearningEditor
[2016.03.14-19.34.28:708][468]CompilerResultsLog: Info   Running UnrealHeaderTool "C:\Users\Jack\Documents\GitHub\UE4\Learning\Learning.uproject" "C:\Users\Jack\Documents\GitHub\UE4\Learning\Intermediate\Build\Win64\LearningEditor\Debug\UnrealHeaderTool.manifest" -LogCmds="loginit warning, logexit warning, logdatabase error" -Unattended -WarningsAsErrors
[2016.03.14-19.34.28:709][468]CompilerResultsLog: Info Reflection code generated for LearningEditor in 3.0435136 seconds
[2016.03.14-19.34.28:709][468]CompilerResultsLog: Info Performing 2 actions (2 in parallel)
[2016.03.14-19.34.28:709][468]CompilerResultsLog: Info FloatingActor.cpp
[2016.03.14-19.34.28:709][468]CompilerResultsLog: Info [2/2] Link UE4Editor-Learning-7305-Win64-Debug.dll
[2016.03.14-19.34.28:709][468]CompilerResultsLog: Info    Creating library C:\Users\Jack\Documents\GitHub\UE4\Learning\Intermediate\Build\Win64\UE4Editor\Debug\UE4Editor-Learning-7305-Win64-Debug.lib and object C:\Users\Jack\Documents\GitHub\UE4\Learning\Intermediate\Build\Win64\UE4Editor\Debug\UE4Editor-Learning-7305-Win64-Debug.exp
[2016.03.14-19.34.28:709][468]CompilerResultsLog: Info -------- End Detailed Actions Stats -----------------------------------------------------------
[2016.03.14-19.34.28:709][468]CompilerResultsLog: Info Total build time: 9.93 seconds
[2016.03.14-19.34.28:709][468]LogMainFrame: MainFrame: Module compiling took 10.013 seconds
[2016.03.14-19.34.28:804][468]LogContentBrowser: Native class hierarchy updated for 'Learning' in 0.0013 seconds. Added 2 classes and 2 folders.
[2016.03.14-19.34.28:807][468]Warning: HotReload successful (0 functions remapped  0 scriptstructs remapped)
[2016.03.14-19.34.28:966][468]LogContentBrowser: Native class hierarchy populated in 0.0208 seconds. Added 1988 classes and 350 folders.
[2016.03.14-19.34.28:967][468]Warning: HotReload took 10.3s.
[2016.03.14-19.34.31:229][567]LogBlueprintUserMessages: Early PlayInEditor Detection: Level '/Game/StarterContent/Maps/Minimal_Default.Minimal_Default:PersistentLevel' has LevelScriptBlueprint '/Game/StarterContent/Maps/Minimal_Default.Minimal_Default:PersistentLevel.Minimal_Default' with GeneratedClass '/Game/StarterContent/Maps/Minimal_Default.Minimal_Default_C' with ClassGeneratedBy '/Game/StarterContent/Maps/Minimal_Default.Minimal_Default:PersistentLevel.Minimal_Default'
[2016.03.14-19.34.31:230][567]LogPlayLevel: PlayLevel: No blueprints needed recompiling
[2016.03.14-19.34.31:230][567]PIE: New page: PIE session: Minimal_Default (14 Mar 2016 19:34:31)
[2016.03.14-19.34.31:230][567]LogPlayLevel: Creating play world package: /Game/StarterContent/Maps/UEDPIE_0_Minimal_Default
[2016.03.14-19.34.31:241][567]LogPlayLevel: PIE: StaticDuplicateObject took: (0.010739s)
[2016.03.14-19.34.31:242][567]LogAIModule: Creating AISystem for world Minimal_Default
[2016.03.14-19.34.31:242][567]LogPlayLevel: PIE: World Init took: (0.001110s)
[2016.03.14-19.34.31:243][567]LogPlayLevel: PIE: Created PIE world by copying editor world from /Game/StarterContent/Maps/Minimal_Default.Minimal_Default to /Game/StarterContent/Maps/UEDPIE_0_Minimal_Default.Minimal_Default (0.012533s)
[2016.03.14-19.34.31:316][567]LogInit: XAudio2 using 'Speakers (Realtek High Definition Audio)' : 2 channels at 48 kHz using 32 bits per sample (channel mask 0x3)
[2016.03.14-19.34.31:344][567]LogInit: FAudioDevice initialized.
[2016.03.14-19.34.31:398][567]LogWorld: Game class is 'LearningGameMode'
[2016.03.14-19.34.31:401][567]LogWorld: Bringing World /Game/StarterContent/Maps/UEDPIE_0_Minimal_Default.Minimal_Default up for play (max tick rate 0) at 2016.03.14-19.34.31
[2016.03.14-19.34.31:402][567]LogWorld: Bringing up level for play took: 0.003288
[2016.03.14-19.34.31:404][567]PIE: Info Play in editor start time for /Game/StarterContent/Maps/UEDPIE_0_Minimal_Default -0.799
[2016.03.14-19.34.31:405][567]LogBlueprintUserMessages: Late PlayInEditor Detection: Level '/Game/StarterContent/Maps/Minimal_Default.Minimal_Default:PersistentLevel' has LevelScriptBlueprint '/Game/StarterContent/Maps/Minimal_Default.Minimal_Default:PersistentLevel.Minimal_Default' with GeneratedClass '/Game/StarterContent/Maps/Minimal_Default.Minimal_Default_C' with ClassGeneratedBy '/Game/StarterContent/Maps/Minimal_Default.Minimal_Default:PersistentLevel.Minimal_Default'
[2016.03.14-19.34.33:103][678]LogBlueprintUserMessages: Early EndPlayMap Detection: Level '/Game/StarterContent/Maps/Minimal_Default.Minimal_Default:PersistentLevel' has LevelScriptBlueprint '/Game/StarterContent/Maps/Minimal_Default.Minimal_Default:PersistentLevel.Minimal_Default' with GeneratedClass '/Game/StarterContent/Maps/Minimal_Default.Minimal_Default_C' with ClassGeneratedBy '/Game/StarterContent/Maps/Minimal_Default.Minimal_Default:PersistentLevel.Minimal_Default'
[2016.03.14-19.34.33:156][678]LogBlueprintUserMessages: Late EndPlayMap Detection: Level '/Game/StarterContent/Maps/Minimal_Default.Minimal_Default:PersistentLevel' has LevelScriptBlueprint '/Game/StarterContent/Maps/Minimal_Default.Minimal_Default:PersistentLevel.Minimal_Default' with GeneratedClass '/Game/StarterContent/Maps/Minimal_Default.Minimal_Default_C' with ClassGeneratedBy '/Game/StarterContent/Maps/Minimal_Default.Minimal_Default:PersistentLevel.Minimal_Default'
[2016.03.14-19.40.05:410][760]Recompiling Learning...
[2016.03.14-19.40.05:410][760]Launching UnrealBuildTool... [C:/Users/Jack/Documents/GitHub/UnrealEngine/Engine/Binaries/DotNET/UnrealBuildTool.exe Learning -ModuleWithSuffix Learning 5667 Win64 Debug -editorrecompile -canskiplink "C:/Users/Jack/Documents/GitHub/UE4/Learning/Learning.uproject"  -2015]
[2016.03.14-19.40.05:427][760]Warning: Starting HotReload took  0.0s.
[2016.03.14-19.40.15:626][149]CompilerResultsLog: New page: Compilation - 14 Mar 2016 19:40:15
[2016.03.14-19.40.15:626][149]CompilerResultsLog: Info Creating makefile for hot reloading Learning (working set of source files changed)
[2016.03.14-19.40.15:626][149]CompilerResultsLog: Info Compiling game modules for hot reload
[2016.03.14-19.40.15:627][149]CompilerResultsLog: Info Building UnrealHeaderTool...
[2016.03.14-19.40.15:627][149]CompilerResultsLog: Info Target is up to date
[2016.03.14-19.40.15:627][149]CompilerResultsLog: Info Parsing headers for LearningEditor
[2016.03.14-19.40.15:627][149]CompilerResultsLog: Info   Running UnrealHeaderTool "C:\Users\Jack\Documents\GitHub\UE4\Learning\Learning.uproject" "C:\Users\Jack\Documents\GitHub\UE4\Learning\Intermediate\Build\Win64\LearningEditor\Debug\UnrealHeaderTool.manifest" -LogCmds="loginit warning, logexit warning, logdatabase error" -Unattended -WarningsAsErrors
[2016.03.14-19.40.15:627][149]CompilerResultsLog: Info Reflection code generated for LearningEditor in 3.0799936 seconds
[2016.03.14-19.40.15:627][149]CompilerResultsLog: Info Performing 2 actions (2 in parallel)
[2016.03.14-19.40.15:627][149]CompilerResultsLog: Info FloatingActor.cpp
[2016.03.14-19.40.15:627][149]CompilerResultsLog: Info [2/2] Link UE4Editor-Learning-5667-Win64-Debug.dll
[2016.03.14-19.40.15:627][149]CompilerResultsLog: Info    Creating library C:\Users\Jack\Documents\GitHub\UE4\Learning\Intermediate\Build\Win64\UE4Editor\Debug\UE4Editor-Learning-5667-Win64-Debug.lib and object C:\Users\Jack\Documents\GitHub\UE4\Learning\Intermediate\Build\Win64\UE4Editor\Debug\UE4Editor-Learning-5667-Win64-Debug.exp
[2016.03.14-19.40.15:627][149]CompilerResultsLog: Info -------- End Detailed Actions Stats -----------------------------------------------------------
[2016.03.14-19.40.15:627][149]CompilerResultsLog: Info Total build time: 10.13 seconds
[2016.03.14-19.40.15:627][149]LogMainFrame: MainFrame: Module compiling took 10.222 seconds
[2016.03.14-19.40.15:725][149]LogContentBrowser: Native class hierarchy updated for 'Learning' in 0.0013 seconds. Added 2 classes and 2 folders.
[2016.03.14-19.40.15:728][149]Warning: HotReload successful (0 functions remapped  0 scriptstructs remapped)
[2016.03.14-19.40.15:888][149]LogContentBrowser: Native class hierarchy populated in 0.0233 seconds. Added 1988 classes and 350 folders.
[2016.03.14-19.40.15:888][149]Warning: HotReload took 10.5s.
[2016.03.14-19.40.17:590][220]LogBlueprintUserMessages: Early PlayInEditor Detection: Level '/Game/StarterContent/Maps/Minimal_Default.Minimal_Default:PersistentLevel' has LevelScriptBlueprint '/Game/StarterContent/Maps/Minimal_Default.Minimal_Default:PersistentLevel.Minimal_Default' with GeneratedClass '/Game/StarterContent/Maps/Minimal_Default.Minimal_Default_C' with ClassGeneratedBy '/Game/StarterContent/Maps/Minimal_Default.Minimal_Default:PersistentLevel.Minimal_Default'
[2016.03.14-19.40.17:590][220]LogPlayLevel: PlayLevel: No blueprints needed recompiling
[2016.03.14-19.40.17:590][220]PIE: New page: PIE session: Minimal_Default (14 Mar 2016 19:40:17)
[2016.03.14-19.40.17:590][220]LogPlayLevel: Creating play world package: /Game/StarterContent/Maps/UEDPIE_0_Minimal_Default
[2016.03.14-19.40.17:602][220]LogPlayLevel: PIE: StaticDuplicateObject took: (0.011181s)
[2016.03.14-19.40.17:603][220]LogAIModule: Creating AISystem for world Minimal_Default
[2016.03.14-19.40.17:603][220]LogPlayLevel: PIE: World Init took: (0.001100s)
[2016.03.14-19.40.17:603][220]LogPlayLevel: PIE: Created PIE world by copying editor world from /Game/StarterContent/Maps/Minimal_Default.Minimal_Default to /Game/StarterContent/Maps/UEDPIE_0_Minimal_Default.Minimal_Default (0.013001s)
[2016.03.14-19.40.17:674][220]LogInit: XAudio2 using 'Speakers (Realtek High Definition Audio)' : 2 channels at 48 kHz using 32 bits per sample (channel mask 0x3)
[2016.03.14-19.40.17:700][220]LogInit: FAudioDevice initialized.
[2016.03.14-19.40.17:744][220]LogWorld: Game class is 'LearningGameMode'
[2016.03.14-19.40.17:748][220]LogWorld: Bringing World /Game/StarterContent/Maps/UEDPIE_0_Minimal_Default.Minimal_Default up for play (max tick rate 0) at 2016.03.14-19.40.17
[2016.03.14-19.40.17:749][220]LogWorld: Bringing up level for play took: 0.004333
[2016.03.14-19.40.17:751][220]PIE: Info Play in editor start time for /Game/StarterContent/Maps/UEDPIE_0_Minimal_Default -0.452
[2016.03.14-19.40.17:752][220]LogBlueprintUserMessages: Late PlayInEditor Detection: Level '/Game/StarterContent/Maps/Minimal_Default.Minimal_Default:PersistentLevel' has LevelScriptBlueprint '/Game/StarterContent/Maps/Minimal_Default.Minimal_Default:PersistentLevel.Minimal_Default' with GeneratedClass '/Game/StarterContent/Maps/Minimal_Default.Minimal_Default_C' with ClassGeneratedBy '/Game/StarterContent/Maps/Minimal_Default.Minimal_Default:PersistentLevel.Minimal_Default'
[2016.03.14-19.40.21:459][456]LogBlueprintUserMessages: Early EndPlayMap Detection: Level '/Game/StarterContent/Maps/Minimal_Default.Minimal_Default:PersistentLevel' has LevelScriptBlueprint '/Game/StarterContent/Maps/Minimal_Default.Minimal_Default:PersistentLevel.Minimal_Default' with GeneratedClass '/Game/StarterContent/Maps/Minimal_Default.Minimal_Default_C' with ClassGeneratedBy '/Game/StarterContent/Maps/Minimal_Default.Minimal_Default:PersistentLevel.Minimal_Default'
[2016.03.14-19.40.21:516][456]LogBlueprintUserMessages: Late EndPlayMap Detection: Level '/Game/StarterContent/Maps/Minimal_Default.Minimal_Default:PersistentLevel' has LevelScriptBlueprint '/Game/StarterContent/Maps/Minimal_Default.Minimal_Default:PersistentLevel.Minimal_Default' with GeneratedClass '/Game/StarterContent/Maps/Minimal_Default.Minimal_Default_C' with ClassGeneratedBy '/Game/StarterContent/Maps/Minimal_Default.Minimal_Default:PersistentLevel.Minimal_Default'
[2016.03.14-19.40.25:117][582]Cmd: OBJ SAVEPACKAGE PACKAGE="/Game/StarterContent/Maps/Minimal_Default" FILE="../../../../UE4/Learning/Content/StarterContent/Maps/Minimal_Default.umap" SILENT=true AUTOSAVING=false KEEPDIRTY=false
[2016.03.14-19.40.25:410][582]LogSavePackage: Save=222.14ms
[2016.03.14-19.40.25:410][582]LogSavePackage: Moving '../../../../UE4/Learning/Saved/Minimal_Default1D112F6B435F7FA992A11CAA8DDE5431.tmp' to '../../../../UE4/Learning/Content/StarterContent/Maps/Minimal_Default.umap'
[2016.03.14-19.40.25:412][582]LogSavePackage: Total save time: 226.21ms
[2016.03.14-19.40.25:412][582]LogSavePackage:Display: Finished SavePackage ../../../../UE4/Learning/Content/StarterContent/Maps/Minimal_Default.umap
[2016.03.14-19.40.41:325][705]Recompiling Learning...
[2016.03.14-19.40.41:325][705]Launching UnrealBuildTool... [C:/Users/Jack/Documents/GitHub/UnrealEngine/Engine/Binaries/DotNET/UnrealBuildTool.exe Learning -ModuleWithSuffix Learning 1776 Win64 Debug -editorrecompile -canskiplink "C:/Users/Jack/Documents/GitHub/UE4/Learning/Learning.uproject"  -2015]
[2016.03.14-19.40.41:339][705]Warning: Starting HotReload took  0.0s.
[2016.03.14-19.40.51:333][ 89]CompilerResultsLog: New page: Compilation - 14 Mar 2016 19:40:51
[2016.03.14-19.40.51:334][ 89]CompilerResultsLog: Info Creating makefile for hot reloading Learning (working set of source files changed)
[2016.03.14-19.40.51:335][ 89]CompilerResultsLog: Info Compiling game modules for hot reload
[2016.03.14-19.40.51:335][ 89]CompilerResultsLog: Info Building UnrealHeaderTool...
[2016.03.14-19.40.51:335][ 89]CompilerResultsLog: Info Target is up to date
[2016.03.14-19.40.51:335][ 89]CompilerResultsLog: Info Parsing headers for LearningEditor
[2016.03.14-19.40.51:335][ 89]CompilerResultsLog: Info   Running UnrealHeaderTool "C:\Users\Jack\Documents\GitHub\UE4\Learning\Learning.uproject" "C:\Users\Jack\Documents\GitHub\UE4\Learning\Intermediate\Build\Win64\LearningEditor\Debug\UnrealHeaderTool.manifest" -LogCmds="loginit warning, logexit warning, logdatabase error" -Unattended -WarningsAsErrors
[2016.03.14-19.40.51:335][ 89]CompilerResultsLog: Info Reflection code generated for LearningEditor in 3.0639747 seconds
[2016.03.14-19.40.51:336][ 89]CompilerResultsLog: Info Performing 2 actions (2 in parallel)
[2016.03.14-19.40.51:336][ 89]CompilerResultsLog: Info FloatingActor.cpp
[2016.03.14-19.40.51:337][ 89]CompilerResultsLog: Info [2/2] Link UE4Editor-Learning-1776-Win64-Debug.dll
[2016.03.14-19.40.51:337][ 89]CompilerResultsLog: Info    Creating library C:\Users\Jack\Documents\GitHub\UE4\Learning\Intermediate\Build\Win64\UE4Editor\Debug\UE4Editor-Learning-1776-Win64-Debug.lib and object C:\Users\Jack\Documents\GitHub\UE4\Learning\Intermediate\Build\Win64\UE4Editor\Debug\UE4Editor-Learning-1776-Win64-Debug.exp
[2016.03.14-19.40.51:337][ 89]CompilerResultsLog: Info -------- End Detailed Actions Stats -----------------------------------------------------------
[2016.03.14-19.40.51:337][ 89]CompilerResultsLog: Info Total build time: 9.94 seconds
[2016.03.14-19.40.51:338][ 89]LogMainFrame: MainFrame: Module compiling took 10.018 seconds
[2016.03.14-19.40.51:437][ 89]LogContentBrowser: Native class hierarchy updated for 'Learning' in 0.0013 seconds. Added 2 classes and 2 folders.
[2016.03.14-19.40.51:440][ 89]Warning: HotReload successful (0 functions remapped  0 scriptstructs remapped)
[2016.03.14-19.40.51:596][ 89]LogContentBrowser: Native class hierarchy populated in 0.0212 seconds. Added 1988 classes and 350 folders.
[2016.03.14-19.40.51:596][ 89]Warning: HotReload took 10.3s.
[2016.03.14-19.40.53:336][163]LogBlueprintUserMessages: Early PlayInEditor Detection: Level '/Game/StarterContent/Maps/Minimal_Default.Minimal_Default:PersistentLevel' has LevelScriptBlueprint '/Game/StarterContent/Maps/Minimal_Default.Minimal_Default:PersistentLevel.Minimal_Default' with GeneratedClass '/Game/StarterContent/Maps/Minimal_Default.Minimal_Default_C' with ClassGeneratedBy '/Game/StarterContent/Maps/Minimal_Default.Minimal_Default:PersistentLevel.Minimal_Default'
[2016.03.14-19.40.53:336][163]LogPlayLevel: PlayLevel: No blueprints needed recompiling
[2016.03.14-19.40.53:336][163]PIE: New page: PIE session: Minimal_Default (14 Mar 2016 19:40:53)
[2016.03.14-19.40.53:336][163]LogPlayLevel: Creating play world package: /Game/StarterContent/Maps/UEDPIE_0_Minimal_Default
[2016.03.14-19.40.53:346][163]LogPlayLevel: PIE: StaticDuplicateObject took: (0.009820s)
[2016.03.14-19.40.53:347][163]LogAIModule: Creating AISystem for world Minimal_Default
[2016.03.14-19.40.53:347][163]LogPlayLevel: PIE: World Init took: (0.000914s)
[2016.03.14-19.40.53:348][163]LogPlayLevel: PIE: Created PIE world by copying editor world from /Game/StarterContent/Maps/Minimal_Default.Minimal_Default to /Game/StarterContent/Maps/UEDPIE_0_Minimal_Default.Minimal_Default (0.011395s)
[2016.03.14-19.40.53:418][163]LogInit: XAudio2 using 'Speakers (Realtek High Definition Audio)' : 2 channels at 48 kHz using 32 bits per sample (channel mask 0x3)
[2016.03.14-19.40.53:443][163]LogInit: FAudioDevice initialized.
[2016.03.14-19.40.53:495][163]LogWorld: Game class is 'LearningGameMode'
[2016.03.14-19.40.53:500][163]LogWorld: Bringing World /Game/StarterContent/Maps/UEDPIE_0_Minimal_Default.Minimal_Default up for play (max tick rate 0) at 2016.03.14-19.40.53
[2016.03.14-19.40.53:501][163]LogWorld: Bringing up level for play took: 0.004340
[2016.03.14-19.40.53:503][163]PIE: Info Play in editor start time for /Game/StarterContent/Maps/UEDPIE_0_Minimal_Default -0.7
[2016.03.14-19.40.53:504][163]LogBlueprintUserMessages: Late PlayInEditor Detection: Level '/Game/StarterContent/Maps/Minimal_Default.Minimal_Default:PersistentLevel' has LevelScriptBlueprint '/Game/StarterContent/Maps/Minimal_Default.Minimal_Default:PersistentLevel.Minimal_Default' with GeneratedClass '/Game/StarterContent/Maps/Minimal_Default.Minimal_Default_C' with ClassGeneratedBy '/Game/StarterContent/Maps/Minimal_Default.Minimal_Default:PersistentLevel.Minimal_Default'
[2016.03.14-19.40.55:961][316]LogBlueprintUserMessages: Early EndPlayMap Detection: Level '/Game/StarterContent/Maps/Minimal_Default.Minimal_Default:PersistentLevel' has LevelScriptBlueprint '/Game/StarterContent/Maps/Minimal_Default.Minimal_Default:PersistentLevel.Minimal_Default' with GeneratedClass '/Game/StarterContent/Maps/Minimal_Default.Minimal_Default_C' with ClassGeneratedBy '/Game/StarterContent/Maps/Minimal_Default.Minimal_Default:PersistentLevel.Minimal_Default'
[2016.03.14-19.40.56:018][316]LogBlueprintUserMessages: Late EndPlayMap Detection: Level '/Game/StarterContent/Maps/Minimal_Default.Minimal_Default:PersistentLevel' has LevelScriptBlueprint '/Game/StarterContent/Maps/Minimal_Default.Minimal_Default:PersistentLevel.Minimal_Default' with GeneratedClass '/Game/StarterContent/Maps/Minimal_Default.Minimal_Default_C' with ClassGeneratedBy '/Game/StarterContent/Maps/Minimal_Default.Minimal_Default:PersistentLevel.Minimal_Default'
[2016.03.14-20.07.45:624][393]LogBlueprintUserMessages: Early PlayInEditor Detection: Level '/Game/StarterContent/Maps/Minimal_Default.Minimal_Default:PersistentLevel' has LevelScriptBlueprint '/Game/StarterContent/Maps/Minimal_Default.Minimal_Default:PersistentLevel.Minimal_Default' with GeneratedClass '/Game/StarterContent/Maps/Minimal_Default.Minimal_Default_C' with ClassGeneratedBy '/Game/StarterContent/Maps/Minimal_Default.Minimal_Default:PersistentLevel.Minimal_Default'
[2016.03.14-20.07.45:624][393]LogPlayLevel: PlayLevel: No blueprints needed recompiling
[2016.03.14-20.07.45:625][393]PIE: New page: PIE session: Minimal_Default (14 Mar 2016 20:07:45)
[2016.03.14-20.07.45:625][393]LogPlayLevel: Creating play world package: /Game/StarterContent/Maps/UEDPIE_0_Minimal_Default
[2016.03.14-20.07.45:638][393]LogPlayLevel: PIE: StaticDuplicateObject took: (0.012253s)
[2016.03.14-20.07.45:639][393]LogAIModule: Creating AISystem for world Minimal_Default
[2016.03.14-20.07.45:639][393]LogPlayLevel: PIE: World Init took: (0.001223s)
[2016.03.14-20.07.45:639][393]LogPlayLevel: PIE: Created PIE world by copying editor world from /Game/StarterContent/Maps/Minimal_Default.Minimal_Default to /Game/StarterContent/Maps/UEDPIE_0_Minimal_Default.Minimal_Default (0.014188s)
[2016.03.14-20.07.45:709][393]LogInit: XAudio2 using 'Speakers (Realtek High Definition Audio)' : 2 channels at 48 kHz using 32 bits per sample (channel mask 0x3)
[2016.03.14-20.07.45:737][393]LogInit: FAudioDevice initialized.
[2016.03.14-20.07.45:782][393]LogWorld: Game class is 'LearningGameMode'
[2016.03.14-20.07.45:786][393]LogWorld: Bringing World /Game/StarterContent/Maps/UEDPIE_0_Minimal_Default.Minimal_Default up for play (max tick rate 0) at 2016.03.14-20.07.45
[2016.03.14-20.07.45:787][393]LogWorld: Bringing up level for play took: 0.003656
[2016.03.14-20.07.45:789][393]PIE: Info Play in editor start time for /Game/StarterContent/Maps/UEDPIE_0_Minimal_Default -0.414
[2016.03.14-20.07.45:790][393]LogBlueprintUserMessages: Late PlayInEditor Detection: Level '/Game/StarterContent/Maps/Minimal_Default.Minimal_Default:PersistentLevel' has LevelScriptBlueprint '/Game/StarterContent/Maps/Minimal_Default.Minimal_Default:PersistentLevel.Minimal_Default' with GeneratedClass '/Game/StarterContent/Maps/Minimal_Default.Minimal_Default_C' with ClassGeneratedBy '/Game/StarterContent/Maps/Minimal_Default.Minimal_Default:PersistentLevel.Minimal_Default'
[2016.03.14-20.07.48:746][591]LogBlueprintUserMessages: Early EndPlayMap Detection: Level '/Game/StarterContent/Maps/Minimal_Default.Minimal_Default:PersistentLevel' has LevelScriptBlueprint '/Game/StarterContent/Maps/Minimal_Default.Minimal_Default:PersistentLevel.Minimal_Default' with GeneratedClass '/Game/StarterContent/Maps/Minimal_Default.Minimal_Default_C' with ClassGeneratedBy '/Game/StarterContent/Maps/Minimal_Default.Minimal_Default:PersistentLevel.Minimal_Default'
[2016.03.14-20.07.48:801][591]LogBlueprintUserMessages: Late EndPlayMap Detection: Level '/Game/StarterContent/Maps/Minimal_Default.Minimal_Default:PersistentLevel' has LevelScriptBlueprint '/Game/StarterContent/Maps/Minimal_Default.Minimal_Default:PersistentLevel.Minimal_Default' with GeneratedClass '/Game/StarterContent/Maps/Minimal_Default.Minimal_Default_C' with ClassGeneratedBy '/Game/StarterContent/Maps/Minimal_Default.Minimal_Default:PersistentLevel.Minimal_Default'
[2016.03.14-20.07.49:856][629]Recompiling Learning...
[2016.03.14-20.07.49:856][629]Launching UnrealBuildTool... [C:/Users/Jack/Documents/GitHub/UnrealEngine/Engine/Binaries/DotNET/UnrealBuildTool.exe Learning -ModuleWithSuffix Learning 7349 Win64 Debug -editorrecompile -canskiplink "C:/Users/Jack/Documents/GitHub/UE4/Learning/Learning.uproject"  -2015]
[2016.03.14-20.07.49:872][629]Warning: Starting HotReload took  0.0s.
[2016.03.14-20.07.59:968][ 16]CompilerResultsLog: New page: Compilation - 14 Mar 2016 20:07:59
[2016.03.14-20.07.59:968][ 16]CompilerResultsLog: Info Creating makefile for hot reloading Learning (working set of source files changed)
[2016.03.14-20.07.59:968][ 16]CompilerResultsLog: Info Compiling game modules for hot reload
[2016.03.14-20.07.59:968][ 16]CompilerResultsLog: Info Building UnrealHeaderTool...
[2016.03.14-20.07.59:968][ 16]CompilerResultsLog: Info Target is up to date
[2016.03.14-20.07.59:968][ 16]CompilerResultsLog: Info Parsing headers for LearningEditor
[2016.03.14-20.07.59:968][ 16]CompilerResultsLog: Info   Running UnrealHeaderTool "C:\Users\Jack\Documents\GitHub\UE4\Learning\Learning.uproject" "C:\Users\Jack\Documents\GitHub\UE4\Learning\Intermediate\Build\Win64\LearningEditor\Debug\UnrealHeaderTool.manifest" -LogCmds="loginit warning, logexit warning, logdatabase error" -Unattended -WarningsAsErrors
[2016.03.14-20.07.59:968][ 16]CompilerResultsLog: Info Reflection code generated for LearningEditor in 3.1046802 seconds
[2016.03.14-20.07.59:968][ 16]CompilerResultsLog: Info Performing 2 actions (2 in parallel)
[2016.03.14-20.07.59:969][ 16]CompilerResultsLog: Info FloatingActor.cpp
[2016.03.14-20.07.59:969][ 16]CompilerResultsLog: Info [2/2] Link UE4Editor-Learning-7349-Win64-Debug.dll
[2016.03.14-20.07.59:969][ 16]CompilerResultsLog: Info    Creating library C:\Users\Jack\Documents\GitHub\UE4\Learning\Intermediate\Build\Win64\UE4Editor\Debug\UE4Editor-Learning-7349-Win64-Debug.lib and object C:\Users\Jack\Documents\GitHub\UE4\Learning\Intermediate\Build\Win64\UE4Editor\Debug\UE4Editor-Learning-7349-Win64-Debug.exp
[2016.03.14-20.07.59:969][ 16]CompilerResultsLog: Info -------- End Detailed Actions Stats -----------------------------------------------------------
[2016.03.14-20.07.59:969][ 16]CompilerResultsLog: Info Total build time: 10.03 seconds
[2016.03.14-20.07.59:969][ 16]LogMainFrame: MainFrame: Module compiling took 10.118 seconds
[2016.03.14-20.08.00:066][ 16]LogContentBrowser: Native class hierarchy updated for 'Learning' in 0.0013 seconds. Added 2 classes and 2 folders.
[2016.03.14-20.08.00:069][ 16]Warning: HotReload successful (0 functions remapped  0 scriptstructs remapped)
[2016.03.14-20.08.00:227][ 16]LogContentBrowser: Native class hierarchy populated in 0.0222 seconds. Added 1988 classes and 350 folders.
[2016.03.14-20.08.00:227][ 16]Warning: HotReload took 10.4s.
[2016.03.14-20.08.02:690][122]LogBlueprintUserMessages: Early PlayInEditor Detection: Level '/Game/StarterContent/Maps/Minimal_Default.Minimal_Default:PersistentLevel' has LevelScriptBlueprint '/Game/StarterContent/Maps/Minimal_Default.Minimal_Default:PersistentLevel.Minimal_Default' with GeneratedClass '/Game/StarterContent/Maps/Minimal_Default.Minimal_Default_C' with ClassGeneratedBy '/Game/StarterContent/Maps/Minimal_Default.Minimal_Default:PersistentLevel.Minimal_Default'
[2016.03.14-20.08.02:691][122]LogPlayLevel: PlayLevel: No blueprints needed recompiling
[2016.03.14-20.08.02:691][122]PIE: New page: PIE session: Minimal_Default (14 Mar 2016 20:08:02)
[2016.03.14-20.08.02:691][122]LogPlayLevel: Creating play world package: /Game/StarterContent/Maps/UEDPIE_0_Minimal_Default
[2016.03.14-20.08.02:702][122]LogPlayLevel: PIE: StaticDuplicateObject took: (0.010546s)
[2016.03.14-20.08.02:703][122]LogAIModule: Creating AISystem for world Minimal_Default
[2016.03.14-20.08.02:703][122]LogPlayLevel: PIE: World Init took: (0.001269s)
[2016.03.14-20.08.02:704][122]LogPlayLevel: PIE: Created PIE world by copying editor world from /Game/StarterContent/Maps/Minimal_Default.Minimal_Default to /Game/StarterContent/Maps/UEDPIE_0_Minimal_Default.Minimal_Default (0.012484s)
[2016.03.14-20.08.02:774][122]LogInit: XAudio2 using 'Speakers (Realtek High Definition Audio)' : 2 channels at 48 kHz using 32 bits per sample (channel mask 0x3)
[2016.03.14-20.08.02:800][122]LogInit: FAudioDevice initialized.
[2016.03.14-20.08.02:844][122]LogWorld: Game class is 'LearningGameMode'
[2016.03.14-20.08.02:847][122]LogWorld: Bringing World /Game/StarterContent/Maps/UEDPIE_0_Minimal_Default.Minimal_Default up for play (max tick rate 0) at 2016.03.14-20.08.02
[2016.03.14-20.08.02:848][122]LogWorld: Bringing up level for play took: 0.003425
[2016.03.14-20.08.02:851][122]PIE: Info Play in editor start time for /Game/StarterContent/Maps/UEDPIE_0_Minimal_Default 0.647
[2016.03.14-20.08.02:851][122]LogBlueprintUserMessages: Late PlayInEditor Detection: Level '/Game/StarterContent/Maps/Minimal_Default.Minimal_Default:PersistentLevel' has LevelScriptBlueprint '/Game/StarterContent/Maps/Minimal_Default.Minimal_Default:PersistentLevel.Minimal_Default' with GeneratedClass '/Game/StarterContent/Maps/Minimal_Default.Minimal_Default_C' with ClassGeneratedBy '/Game/StarterContent/Maps/Minimal_Default.Minimal_Default:PersistentLevel.Minimal_Default'
[2016.03.14-20.08.05:446][290]LogBlueprintUserMessages: Early EndPlayMap Detection: Level '/Game/StarterContent/Maps/Minimal_Default.Minimal_Default:PersistentLevel' has LevelScriptBlueprint '/Game/StarterContent/Maps/Minimal_Default.Minimal_Default:PersistentLevel.Minimal_Default' with GeneratedClass '/Game/StarterContent/Maps/Minimal_Default.Minimal_Default_C' with ClassGeneratedBy '/Game/StarterContent/Maps/Minimal_Default.Minimal_Default:PersistentLevel.Minimal_Default'
[2016.03.14-20.08.05:501][290]LogBlueprintUserMessages: Late EndPlayMap Detection: Level '/Game/StarterContent/Maps/Minimal_Default.Minimal_Default:PersistentLevel' has LevelScriptBlueprint '/Game/StarterContent/Maps/Minimal_Default.Minimal_Default:PersistentLevel.Minimal_Default' with GeneratedClass '/Game/StarterContent/Maps/Minimal_Default.Minimal_Default_C' with ClassGeneratedBy '/Game/StarterContent/Maps/Minimal_Default.Minimal_Default:PersistentLevel.Minimal_Default'
[2016.03.14-20.08.08:078][386]LogEditorViewport: Clicking on Actor (LMB): FloatingActor (FloatingActor)
[2016.03.14-20.08.59:331][823]Recompiling Learning...
[2016.03.14-20.08.59:331][823]Launching UnrealBuildTool... [C:/Users/Jack/Documents/GitHub/UnrealEngine/Engine/Binaries/DotNET/UnrealBuildTool.exe Learning -ModuleWithSuffix Learning 9127 Win64 Debug -editorrecompile -canskiplink "C:/Users/Jack/Documents/GitHub/UE4/Learning/Learning.uproject"  -2015]
[2016.03.14-20.08.59:342][823]Warning: Starting HotReload took  0.0s.
[2016.03.14-20.09.09:505][233]CompilerResultsLog: New page: Compilation - 14 Mar 2016 20:09:09
[2016.03.14-20.09.09:505][233]CompilerResultsLog: Info Creating makefile for hot reloading Learning (working set of source files changed)
[2016.03.14-20.09.09:505][233]CompilerResultsLog: Info Compiling game modules for hot reload
[2016.03.14-20.09.09:505][233]CompilerResultsLog: Info Building UnrealHeaderTool...
[2016.03.14-20.09.09:505][233]CompilerResultsLog: Info Target is up to date
[2016.03.14-20.09.09:506][233]CompilerResultsLog: Info Parsing headers for LearningEditor
[2016.03.14-20.09.09:506][233]CompilerResultsLog: Info   Running UnrealHeaderTool "C:\Users\Jack\Documents\GitHub\UE4\Learning\Learning.uproject" "C:\Users\Jack\Documents\GitHub\UE4\Learning\Intermediate\Build\Win64\LearningEditor\Debug\UnrealHeaderTool.manifest" -LogCmds="loginit warning, logexit warning, logdatabase error" -Unattended -WarningsAsErrors
[2016.03.14-20.09.09:506][233]CompilerResultsLog: Info Reflection code generated for LearningEditor in 3.1213358 seconds
[2016.03.14-20.09.09:506][233]CompilerResultsLog: Info Performing 2 actions (2 in parallel)
[2016.03.14-20.09.09:506][233]CompilerResultsLog: Info FloatingActor.cpp
[2016.03.14-20.09.09:506][233]CompilerResultsLog: Info [2/2] Link UE4Editor-Learning-9127-Win64-Debug.dll
[2016.03.14-20.09.09:506][233]CompilerResultsLog: Info    Creating library C:\Users\Jack\Documents\GitHub\UE4\Learning\Intermediate\Build\Win64\UE4Editor\Debug\UE4Editor-Learning-9127-Win64-Debug.lib and object C:\Users\Jack\Documents\GitHub\UE4\Learning\Intermediate\Build\Win64\UE4Editor\Debug\UE4Editor-Learning-9127-Win64-Debug.exp
[2016.03.14-20.09.09:506][233]CompilerResultsLog: Info -------- End Detailed Actions Stats -----------------------------------------------------------
[2016.03.14-20.09.09:506][233]CompilerResultsLog: Info Total build time: 10.11 seconds
[2016.03.14-20.09.09:506][233]LogMainFrame: MainFrame: Module compiling took 10.181 seconds
[2016.03.14-20.09.09:606][233]LogContentBrowser: Native class hierarchy updated for 'Learning' in 0.0013 seconds. Added 2 classes and 2 folders.
[2016.03.14-20.09.09:609][233]Warning: HotReload successful (0 functions remapped  0 scriptstructs remapped)
[2016.03.14-20.09.09:766][233]LogContentBrowser: Native class hierarchy populated in 0.0222 seconds. Added 1988 classes and 350 folders.
[2016.03.14-20.09.09:766][233]Warning: HotReload took 10.4s.
[2016.03.14-20.09.10:628][272]LogBlueprintUserMessages: Early PlayInEditor Detection: Level '/Game/StarterContent/Maps/Minimal_Default.Minimal_Default:PersistentLevel' has LevelScriptBlueprint '/Game/StarterContent/Maps/Minimal_Default.Minimal_Default:PersistentLevel.Minimal_Default' with GeneratedClass '/Game/StarterContent/Maps/Minimal_Default.Minimal_Default_C' with ClassGeneratedBy '/Game/StarterContent/Maps/Minimal_Default.Minimal_Default:PersistentLevel.Minimal_Default'
[2016.03.14-20.09.10:628][272]LogPlayLevel: PlayLevel: No blueprints needed recompiling
[2016.03.14-20.09.10:629][272]PIE: New page: PIE session: Minimal_Default (14 Mar 2016 20:09:10)
[2016.03.14-20.09.10:629][272]LogPlayLevel: Creating play world package: /Game/StarterContent/Maps/UEDPIE_0_Minimal_Default
[2016.03.14-20.09.10:639][272]LogPlayLevel: PIE: StaticDuplicateObject took: (0.009781s)
[2016.03.14-20.09.10:640][272]LogAIModule: Creating AISystem for world Minimal_Default
[2016.03.14-20.09.10:640][272]LogPlayLevel: PIE: World Init took: (0.001005s)
[2016.03.14-20.09.10:640][272]LogPlayLevel: PIE: Created PIE world by copying editor world from /Game/StarterContent/Maps/Minimal_Default.Minimal_Default to /Game/StarterContent/Maps/UEDPIE_0_Minimal_Default.Minimal_Default (0.011522s)
[2016.03.14-20.09.10:710][272]LogInit: XAudio2 using 'Speakers (Realtek High Definition Audio)' : 2 channels at 48 kHz using 32 bits per sample (channel mask 0x3)
[2016.03.14-20.09.10:737][272]LogInit: FAudioDevice initialized.
[2016.03.14-20.09.10:783][272]LogWorld: Game class is 'LearningGameMode'
[2016.03.14-20.09.10:787][272]LogWorld: Bringing World /Game/StarterContent/Maps/UEDPIE_0_Minimal_Default.Minimal_Default up for play (max tick rate 0) at 2016.03.14-20.09.10
[2016.03.14-20.09.10:788][272]LogWorld: Bringing up level for play took: 0.003573
[2016.03.14-20.09.10:791][272]PIE: Info Play in editor start time for /Game/StarterContent/Maps/UEDPIE_0_Minimal_Default 0.587
[2016.03.14-20.09.10:791][272]LogBlueprintUserMessages: Late PlayInEditor Detection: Level '/Game/StarterContent/Maps/Minimal_Default.Minimal_Default:PersistentLevel' has LevelScriptBlueprint '/Game/StarterContent/Maps/Minimal_Default.Minimal_Default:PersistentLevel.Minimal_Default' with GeneratedClass '/Game/StarterContent/Maps/Minimal_Default.Minimal_Default_C' with ClassGeneratedBy '/Game/StarterContent/Maps/Minimal_Default.Minimal_Default:PersistentLevel.Minimal_Default'
[2016.03.14-20.09.18:583][773]LogBlueprintUserMessages: Early EndPlayMap Detection: Level '/Game/StarterContent/Maps/Minimal_Default.Minimal_Default:PersistentLevel' has LevelScriptBlueprint '/Game/StarterContent/Maps/Minimal_Default.Minimal_Default:PersistentLevel.Minimal_Default' with GeneratedClass '/Game/StarterContent/Maps/Minimal_Default.Minimal_Default_C' with ClassGeneratedBy '/Game/StarterContent/Maps/Minimal_Default.Minimal_Default:PersistentLevel.Minimal_Default'
[2016.03.14-20.09.18:636][773]LogBlueprintUserMessages: Late EndPlayMap Detection: Level '/Game/StarterContent/Maps/Minimal_Default.Minimal_Default:PersistentLevel' has LevelScriptBlueprint '/Game/StarterContent/Maps/Minimal_Default.Minimal_Default:PersistentLevel.Minimal_Default' with GeneratedClass '/Game/StarterContent/Maps/Minimal_Default.Minimal_Default_C' with ClassGeneratedBy '/Game/StarterContent/Maps/Minimal_Default.Minimal_Default:PersistentLevel.Minimal_Default'
[2016.03.14-20.11.30:955][372]Recompiling Learning...
[2016.03.14-20.11.30:955][372]Launching UnrealBuildTool... [C:/Users/Jack/Documents/GitHub/UnrealEngine/Engine/Binaries/DotNET/UnrealBuildTool.exe Learning -ModuleWithSuffix Learning 225 Win64 Debug -editorrecompile -canskiplink "C:/Users/Jack/Documents/GitHub/UE4/Learning/Learning.uproject"  -2015]
[2016.03.14-20.11.30:967][372]Warning: Starting HotReload took  0.0s.
[2016.03.14-20.11.41:436][787]CompilerResultsLog: New page: Compilation - 14 Mar 2016 20:11:41
[2016.03.14-20.11.41:436][787]CompilerResultsLog: Info Creating makefile for hot reloading Learning (working set of source files changed)
[2016.03.14-20.11.41:436][787]CompilerResultsLog: Info Compiling game modules for hot reload
[2016.03.14-20.11.41:436][787]CompilerResultsLog: Info Building UnrealHeaderTool...
[2016.03.14-20.11.41:436][787]CompilerResultsLog: Info Target is up to date
[2016.03.14-20.11.41:436][787]CompilerResultsLog: Info Parsing headers for LearningEditor
[2016.03.14-20.11.41:437][787]CompilerResultsLog: Info   Running UnrealHeaderTool "C:\Users\Jack\Documents\GitHub\UE4\Learning\Learning.uproject" "C:\Users\Jack\Documents\GitHub\UE4\Learning\Intermediate\Build\Win64\LearningEditor\Debug\UnrealHeaderTool.manifest" -LogCmds="loginit warning, logexit warning, logdatabase error" -Unattended -WarningsAsErrors
[2016.03.14-20.11.41:437][787]CompilerResultsLog: Info Reflection code generated for LearningEditor in 3.3798989 seconds
[2016.03.14-20.11.41:437][787]CompilerResultsLog: Info Performing 2 actions (2 in parallel)
[2016.03.14-20.11.41:437][787]CompilerResultsLog: Info FloatingActor.cpp
[2016.03.14-20.11.41:437][787]CompilerResultsLog: Info [2/2] Link UE4Editor-Learning-225-Win64-Debug.dll
[2016.03.14-20.11.41:437][787]CompilerResultsLog: Info    Creating library C:\Users\Jack\Documents\GitHub\UE4\Learning\Intermediate\Build\Win64\UE4Editor\Debug\UE4Editor-Learning-225-Win64-Debug.lib and object C:\Users\Jack\Documents\GitHub\UE4\Learning\Intermediate\Build\Win64\UE4Editor\Debug\UE4Editor-Learning-225-Win64-Debug.exp
[2016.03.14-20.11.41:437][787]CompilerResultsLog: Info -------- End Detailed Actions Stats -----------------------------------------------------------
[2016.03.14-20.11.41:437][787]CompilerResultsLog: Info Total build time: 10.40 seconds
[2016.03.14-20.11.41:437][787]LogMainFrame: MainFrame: Module compiling took 10.487 seconds
[2016.03.14-20.11.41:549][787]LogContentBrowser: Native class hierarchy updated for 'Learning' in 0.0014 seconds. Added 2 classes and 2 folders.
[2016.03.14-20.11.41:552][787]Warning: HotReload successful (0 functions remapped  0 scriptstructs remapped)
[2016.03.14-20.11.41:711][787]LogContentBrowser: Native class hierarchy populated in 0.0204 seconds. Added 1988 classes and 350 folders.
[2016.03.14-20.11.41:711][787]Warning: HotReload took 10.8s.
[2016.03.14-20.11.42:842][837]LogBlueprintUserMessages: Early PlayInEditor Detection: Level '/Game/StarterContent/Maps/Minimal_Default.Minimal_Default:PersistentLevel' has LevelScriptBlueprint '/Game/StarterContent/Maps/Minimal_Default.Minimal_Default:PersistentLevel.Minimal_Default' with GeneratedClass '/Game/StarterContent/Maps/Minimal_Default.Minimal_Default_C' with ClassGeneratedBy '/Game/StarterContent/Maps/Minimal_Default.Minimal_Default:PersistentLevel.Minimal_Default'
[2016.03.14-20.11.42:842][837]LogPlayLevel: PlayLevel: No blueprints needed recompiling
[2016.03.14-20.11.42:842][837]PIE: New page: PIE session: Minimal_Default (14 Mar 2016 20:11:42)
[2016.03.14-20.11.42:843][837]LogPlayLevel: Creating play world package: /Game/StarterContent/Maps/UEDPIE_0_Minimal_Default
[2016.03.14-20.11.42:852][837]LogPlayLevel: PIE: StaticDuplicateObject took: (0.009229s)
[2016.03.14-20.11.42:853][837]LogAIModule: Creating AISystem for world Minimal_Default
[2016.03.14-20.11.42:853][837]LogPlayLevel: PIE: World Init took: (0.001066s)
[2016.03.14-20.11.42:854][837]LogPlayLevel: PIE: Created PIE world by copying editor world from /Game/StarterContent/Maps/Minimal_Default.Minimal_Default to /Game/StarterContent/Maps/UEDPIE_0_Minimal_Default.Minimal_Default (0.010977s)
[2016.03.14-20.11.42:925][837]LogInit: XAudio2 using 'Speakers (Realtek High Definition Audio)' : 2 channels at 48 kHz using 32 bits per sample (channel mask 0x3)
[2016.03.14-20.11.42:951][837]LogInit: FAudioDevice initialized.
[2016.03.14-20.11.42:999][837]LogWorld: Game class is 'LearningGameMode'
[2016.03.14-20.11.43:004][837]LogWorld: Bringing World /Game/StarterContent/Maps/UEDPIE_0_Minimal_Default.Minimal_Default up for play (max tick rate 0) at 2016.03.14-20.11.43
[2016.03.14-20.11.43:004][837]LogWorld: Bringing up level for play took: 0.004436
[2016.03.14-20.11.43:007][837]PIE: Info Play in editor start time for /Game/StarterContent/Maps/UEDPIE_0_Minimal_Default 0.804
[2016.03.14-20.11.43:008][837]LogBlueprintUserMessages: Late PlayInEditor Detection: Level '/Game/StarterContent/Maps/Minimal_Default.Minimal_Default:PersistentLevel' has LevelScriptBlueprint '/Game/StarterContent/Maps/Minimal_Default.Minimal_Default:PersistentLevel.Minimal_Default' with GeneratedClass '/Game/StarterContent/Maps/Minimal_Default.Minimal_Default_C' with ClassGeneratedBy '/Game/StarterContent/Maps/Minimal_Default.Minimal_Default:PersistentLevel.Minimal_Default'
[2016.03.14-20.11.45:487][992]LogBlueprintUserMessages: Early EndPlayMap Detection: Level '/Game/StarterContent/Maps/Minimal_Default.Minimal_Default:PersistentLevel' has LevelScriptBlueprint '/Game/StarterContent/Maps/Minimal_Default.Minimal_Default:PersistentLevel.Minimal_Default' with GeneratedClass '/Game/StarterContent/Maps/Minimal_Default.Minimal_Default_C' with ClassGeneratedBy '/Game/StarterContent/Maps/Minimal_Default.Minimal_Default:PersistentLevel.Minimal_Default'
[2016.03.14-20.11.45:537][992]LogBlueprintUserMessages: Late EndPlayMap Detection: Level '/Game/StarterContent/Maps/Minimal_Default.Minimal_Default:PersistentLevel' has LevelScriptBlueprint '/Game/StarterContent/Maps/Minimal_Default.Minimal_Default:PersistentLevel.Minimal_Default' with GeneratedClass '/Game/StarterContent/Maps/Minimal_Default.Minimal_Default_C' with ClassGeneratedBy '/Game/StarterContent/Maps/Minimal_Default.Minimal_Default:PersistentLevel.Minimal_Default'
[2016.03.14-20.12.10:486][148]Cmd: OBJ SAVEPACKAGE PACKAGE="/Game/StarterContent/Maps/Minimal_Default" FILE="../../../../UE4/Learning/Content/StarterConte