Log file open, 03/14/16 13:57:20
LogInit:Display: Running engine for game: Learning
LogPlatformFile: Not using cached read wrapper
LogInit:Display: RandInit(-1188721581) SRandInit(-1188721580).
LogTaskGraph: Started task graph with 4 named threads and 5 total threads.
LogStats: Stats thread started at 0.046409
LogInit:Warning: Incompatible or missing module: UE4Editor-Learning.dll
Running C:/Users/Jack/Documents/GitHub/UnrealEngine/Engine/Binaries/DotNET/UnrealBuildTool.exe Learning Development Win64 -project="C:/Users/Jack/Documents/GitHub/UE4/Learning/Learning.uproject" -editorrecompile -progress -noubtmakefiles -NoHotReloadFromIDE -2015
@progress push 5%
Building UnrealHeaderTool...
Target is up to date
Parsing headers for LearningEditor
  Running UnrealHeaderTool "C:\Users\Jack\Documents\GitHub\UE4\Learning\Learning.uproject" "C:\Users\Jack\Documents\GitHub\UE4\Learning\Intermediate\Build\Win64\LearningEditor\Development\UnrealHeaderTool.manifest" -LogCmds="loginit warning, logexit warning, logdatabase error" -Unattended -WarningsAsErrors
Reflection code generated for LearningEditor in 4.5357418 seconds
@progress pop
Performing 747 actions (2 in parallel)
[1/747] Link UE4Editor-Core.dll
LINK : fatal error LNK1104: cannot open file 'C:\Users\Jack\Documents\GitHub\UnrealEngine\Engine\Binaries\Win64\UE4Editor-Core.dll'
Module.Engine.9_of_34.cpp
Module.Engine.26_of_34.cpp
Module.Engine.11_of_34.cpp
Module.Engine.32_of_34.cpp
Module.Engine.22_of_34.cpp
Module.Engine.14_of_34.cpp
Module.Engine.12_of_34.cpp
Module.Engine.23_of_34.cpp
Module.Engine.4_of_34.cpp
Module.Engine.19_of_34.cpp
Module.Engine.24_of_34.cpp
Module.Engine.21_of_34.cpp
Module.Engine.10_of_34.cpp
Module.Engine.28_of_34.cpp
Module.Engine.3_of_34.cpp
Module.Engine.8_of_34.cpp
Module.Engine.25_of_34.cpp
Module.Engine.7_of_34.cpp
Module.Engine.31_of_34.cpp
[21/747] Link UE4Editor-Kismet.lib
[22/747] Link UE4Editor-AIModule.lib
   Creating library C:\Users\Jack\Documents\GitHub\UnrealEngine\Engine\Intermediate\Build\Win64\UE4Editor\Development\UE4Editor-Kismet.lib and object C:\Users\Jack\Documents\GitHub\UnrealEngine\Engine\Intermediate\Build\Win64\UE4Editor\Development\UE4Editor-Kismet.exp
[23/747] Link UE4Editor-Landscape.lib
   Creating library C:\Users\Jack\Documents\GitHub\UnrealEngine\Engine\Intermediate\Build\Win64\UE4Editor\Development\UE4Editor-AIModule.lib and object C:\Users\Jack\Documents\GitHub\UnrealEngine\Engine\Intermediate\Build\Win64\UE4Editor\Development\UE4Editor-AIModule.exp
   Creating library C:\Users\Jack\Documents\GitHub\UnrealEngine\Engine\Intermediate\Build\Win64\UE4Editor\Development\UE4Editor-Landscape.lib and object C:\Users\Jack\Documents\GitHub\UnrealEngine\Engine\Intermediate\Build\Win64\UE4Editor\Development\UE4Editor-Landscape.exp
[24/747] Link UE4Editor-MaterialShaderQualitySettings.lib
[25/747] Link UE4Editor-LogVisualizer.lib
   Creating library C:\Users\Jack\Documents\GitHub\UnrealEngine\Engine\Intermediate\Build\Win64\UE4Editor\Development\UE4Editor-MaterialShaderQualitySettings.lib and object C:\Users\Jack\Documents\GitHub\UnrealEngine\Engine\Intermediate\Build\Win64\UE4Editor\Development\UE4Editor-MaterialShaderQualitySettings.exp
   Creating library C:\Users\Jack\Documents\GitHub\UnrealEngine\Engine\Intermediate\Build\Win64\UE4Editor\Development\UE4Editor-LogVisualizer.lib and object C:\Users\Jack\Documents\GitHub\UnrealEngine\Engine\Intermediate\Build\Win64\UE4Editor\Development\UE4Editor-LogVisualizer.exp
[26/747] Link UE4Editor-Niagara.lib
[27/747] Link UE4Editor-UMG.lib
   Creating library C:\Users\Jack\Documents\GitHub\UnrealEngine\Engine\Intermediate\Build\Win64\UE4Editor\Development\UE4Editor-Niagara.lib and object C:\Users\Jack\Documents\GitHub\UnrealEngine\Engine\Intermediate\Build\Win64\UE4Editor\Development\UE4Editor-Niagara.exp
[28/747] Link UE4Editor-CollisionAnalyzer.lib
   Creating library C:\Users\Jack\Documents\GitHub\UnrealEngine\Engine\Intermediate\Build\Win64\UE4Editor\Development\UE4Editor-UMG.lib and object C:\Users\Jack\Documents\GitHub\UnrealEngine\Engine\Intermediate\Build\Win64\UE4Editor\Development\UE4Editor-UMG.exp
   Creating library C:\Users\Jack\Documents\GitHub\UnrealEngine\Engine\Intermediate\Build\Win64\UE4Editor\Development\UE4Editor-CollisionAnalyzer.lib and object C:\Users\Jack\Documents\GitHub\UnrealEngine\Engine\Intermediate\Build\Win64\UE4Editor\Development\UE4Editor-CollisionAnalyzer.exp
Module.DesktopPlatform.cpp
Module.EditorStyle.cpp
EditorStyle.generated.cpp
Module.PropertyEditor.2_of_2.cpp
Module.PropertyEditor.1_of_2.cpp
Module.SourceControl.cpp
[35/747] Link UE4Editor-SourceControl.lib
   Creating library C:\Users\Jack\Documents\GitHub\UnrealEngine\Engine\Intermediate\Build\Win64\UE4Editor\Development\UE4Editor-SourceControl.lib and object C:\Users\Jack\Documents\GitHub\UnrealEngine\Engine\Intermediate\Build\Win64\UE4Editor\Development\UE4Editor-SourceControl.exp
Module.TargetPlatform.cpp
Module.BlueprintGraph.3_of_4.cpp
[38/747] Link UE4Editor-PropertyEditor.lib
   Creating library C:\Users\Jack\Documents\GitHub\UnrealEngine\Engine\Intermediate\Build\Win64\UE4Editor\Development\UE4Editor-PropertyEditor.lib and object C:\Users\Jack\Documents\GitHub\UnrealEngine\Engine\Intermediate\Build\Win64\UE4Editor\Development\UE4Editor-PropertyEditor.exp
Module.BlueprintGraph.2_of_4.cpp
Module.BlueprintGraph.4_of_4.cpp
Module.BlueprintGraph.1_of_4.cpp
BlueprintGraph.generated.cpp
Module.Foliage.cpp
Foliage.generated.cpp
Module.DirectoryWatcher.cpp
[46/747] Link UE4Editor-BlueprintGraph.lib
   Creating library C:\Users\Jack\Documents\GitHub\UnrealEngine\Engine\Intermediate\Build\Win64\UE4Editor\Development\UE4Editor-BlueprintGraph.lib and object C:\Users\Jack\Documents\GitHub\UnrealEngine\Engine\Intermediate\Build\Win64\UE4Editor\Development\UE4Editor-BlueprintGraph.exp
Module.GraphEditor.cpp
GraphEditor.generated.cpp
Module.TextureEditor.cpp
TextureEditor.generated.cpp
Module.CurveAssetEditor.cpp
Module.EditorWidgets.cpp
Module.PakFile.cpp
Module.AssetTools.cpp
[55/747] Link UE4Editor-GraphEditor.lib
   Creating library C:\Users\Jack\Documents\GitHub\UnrealEngine\Engine\Intermediate\Build\Win64\UE4Editor\Development\UE4Editor-GraphEditor.lib and object C:\Users\Jack\Documents\GitHub\UnrealEngine\Engine\Intermediate\Build\Win64\UE4Editor\Development\UE4Editor-GraphEditor.exp
Module.WidgetCarousel.cpp
Module.WorkspaceMenuStructure.cpp
WidgetCarousel.generated.cpp
Module.Analytics.cpp
Module.AddContentDialog.cpp
AddContentDialog.generated.cpp
Module.SourceControlWindows.cpp
Module.ContentBrowser.1_of_3.cpp
Module.ContentBrowser.2_of_3.cpp
ContentBrowser.generated.cpp
Module.ContentBrowser.3_of_3.cpp
Module.MessageLog.cpp
Module.JsonUtilities.cpp
JsonUtilities.generated.cpp
Module.MovieScene.cpp
MovieScene.generated.cpp
Module.KismetWidgets.cpp
Module.AnimGraphRuntime.cpp
AnimGraphRuntime.generated.cpp
Module.AnimGraph.cpp
AnimGraph.generated.cpp
Module.SessionServices.cpp
Module.SessionMessages.cpp
SessionMessages.generated.cpp
Module.LevelSequence.cpp
LevelSequence.generated.cpp
Module.OnlineSubsystem.cpp
OnlineSubsystem.generated.cpp
Module.MovieSceneTools.cpp
Module.SequencerWidgets.cpp
Module.MovieSceneTracks.cpp
MovieSceneTracks.generated.cpp
Module.MovieSceneCapture.cpp
MovieSceneCapture.generated.cpp
Module.Serialization.cpp
Serialization.generated.cpp
Module.MovieSceneCaptureDialog.cpp
Module.HierarchicalLODUtilities.cpp
[94/747] Link UE4Editor-MovieSceneTools.lib
   Creating library C:\Users\Jack\Documents\GitHub\UnrealEngine\Engine\Intermediate\Build\Win64\UE4Editor\Development\UE4Editor-MovieSceneTools.lib and object C:\Users\Jack\Documents\GitHub\UnrealEngine\Engine\Intermediate\Build\Win64\UE4Editor\Development\UE4Editor-MovieSceneTools.exp
Module.Sequencer.cpp
Sequencer.generated.cpp
Module.ActorPickerMode.cpp
Module.SceneOutliner.cpp
SceneOutliner.generated.cpp
Module.Settings.cpp
Module.CEF3Utils.cpp
Module.Persona.1_of_4.cpp
Module.Persona.3_of_4.cpp
Module.Persona.2_of_4.cpp
Module.StatsViewer.cpp
Module.Persona.4_of_4.cpp
Module.HierarchicalLODOutliner.cpp
Module.DeviceProfileServices.cpp
StatsViewer.generated.cpp
HierarchicalLODOutliner.generated.cpp
Module.NewsFeed.cpp
NewsFeed.generated.cpp
Module.WebBrowser.cpp
WebBrowser.generated.cpp
Module.LevelEditor.1_of_3.cpp
Module.LevelEditor.2_of_3.cpp
Module.LevelEditor.3_of_3.cpp
Module.ClassViewer.cpp
Module.UtilityShaders.cpp
Module.ExternalImagePicker.cpp
Module.SharedSettingsWidgets.cpp
Module.SourceCodeAccess.cpp
SourceCodeAccess.generated.cpp
Module.KismetCompiler.cpp
Module.MainFrame.cpp
Module.Renderer.4_of_9.cpp
Module.Renderer.5_of_9.cpp
Module.Renderer.1_of_9.cpp
Module.Renderer.6_of_9.cpp
Module.Renderer.3_of_9.cpp
Module.Renderer.7_of_9.cpp
Module.Renderer.8_of_9.cpp
Module.Renderer.2_of_9.cpp
Module.Renderer.9_of_9.cpp
Module.AndroidDeviceDetection.cpp
[136/747] Link UE4Editor-KismetCompiler.lib
   Creating library C:\Users\Jack\Documents\GitHub\UnrealEngine\Engine\Intermediate\Build\Win64\UE4Editor\Development\UE4Editor-KismetCompiler.lib and object C:\Users\Jack\Documents\GitHub\UnrealEngine\Engine\Intermediate\Build\Win64\UE4Editor\Development\UE4Editor-KismetCompiler.exp
[137/747] Link UE4Editor-MainFrame.lib
   Creating library C:\Users\Jack\Documents\GitHub\UnrealEngine\Engine\Intermediate\Build\Win64\UE4Editor\Development\UE4Editor-MainFrame.lib and object C:\Users\Jack\Documents\GitHub\UnrealEngine\Engine\Intermediate\Build\Win64\UE4Editor\Development\UE4Editor-MainFrame.exp
Module.MaterialUtilities.cpp
Module.Localization.cpp
Module.HardwareTargeting.cpp
Localization.generated.cpp
Module.MoviePlayer.cpp
Module.HeadMountedDisplay.cpp
HeadMountedDisplay.generated.cpp
HardwareTargeting.generated.cpp
MoviePlayer.generated.cpp
AutomationMessages.generated.cpp
Module.AutomationMessages.cpp
Module.Documentation.cpp
Module.GameplayTasks.cpp
Module.GameplayTags.cpp
GameplayTasks.generated.cpp
GameplayTags.generated.cpp
Module.DesktopWidgets.cpp
UnrealEdMessages.generated.cpp
Module.UnrealEdMessages.cpp
Module.Media.cpp
[158/747] Link UE4Editor-MaterialUtilities.lib
   Creating library C:\Users\Jack\Documents\GitHub\UnrealEngine\Engine\Intermediate\Build\Win64\UE4Editor\Development\UE4Editor-MaterialUtilities.lib and object C:\Users\Jack\Documents\GitHub\UnrealEngine\Engine\Intermediate\Build\Win64\UE4Editor\Development\UE4Editor-MaterialUtilities.exp
Module.MediaAssets.cpp
MediaAssets.generated.cpp
Module.InternationalizationSettings.cpp
InternationalizationSettings.generated.cpp
Module.MeshSimplifier.cpp
Module.MeshBoneReduction.cpp
Module.XmlParser.cpp
Module.Voice.cpp
Module.GameplayTagsEditor.cpp
GameplayTagsEditor.generated.cpp
Module.GameProjectGeneration.cpp
Module.MeshPaint.cpp
Module.BspMode.cpp
Module.MeshUtilities.cpp
GameProjectGeneration.generated.cpp
Module.LocalizationService.cpp
Module.OnlineSubsystemUtils.cpp
OnlineSubsystemUtils.generated.cpp
Module.LightPropagationVolumeRuntime.cpp
PCH.Learning.h.cpp
Module.ConfigEditor.cpp
ConfigEditor.generated.cpp
ProfilerMessages.generated.cpp
Module.ProfilerMessages.cpp
LightPropagationVolumeRuntime.generated.cpp
Module.CollectionManager.cpp
Module.GameplayAbilities.cpp
Module.BlueprintCompilerCppBackend.cpp
GameplayAbilities.generated.cpp
Module.Paper2D.cpp
Module.TranslationEditor.cpp
TranslationEditor.generated.cpp
Paper2D.generated.cpp
Module.D3D11RHI.cpp
Module.VectorVM.cpp
Module.NetworkFile.cpp
LaunchDaemonMessages.generated.cpp
VectorVM.generated.cpp
Module.LaunchDaemonMessages.cpp
Module.AnalyticsET.cpp
Module.ShaderCompilerCommon.cpp
Module.ShaderPreprocessor.cpp
Module.DetailCustomizations.2_of_3.cpp
Module.DetailCustomizations.1_of_3.cpp
Module.Paper2DEditor.cpp
Module.DetailCustomizations.3_of_3.cpp
Module.BlueprintNativeCodeGen.cpp
Module.AIGraph.cpp
Module.Launch.cpp
Module.PlacementMode.cpp
Module.FunctionalTesting.cpp
Module.HotReload.cpp
Paper2DEditor.generated.cpp
Module.DistCurveEditor.cpp
AIGraph.generated.cpp
Module.AITestSuite.cpp
AITestSuite.generated.cpp
Module.SettingsEditor.cpp
Module.AutomationWorker.cpp
Module.Android_MultiTargetPlatform.cpp
FunctionalTesting.generated.cpp
BlueprintNativeCodeGen.generated.cpp
Module.ScreenShotComparisonTools.cpp
Module.InputBindingEditor.cpp
Module.TreeMap.cpp
Module.AutomationController.cpp
Module.UnrealAudio.cpp
Module.ProfilerClient.cpp
Module.StreamingFile.cpp
Module.NetworkReplayStreaming.cpp
[229/747] Link UE4Editor-LocalizationService.lib
   Creating library C:\Users\Jack\Documents\GitHub\UnrealEngine\Engine\Intermediate\Build\Win64\UE4Editor\Development\UE4Editor-LocalizationService.lib and object C:\Users\Jack\Documents\GitHub\UnrealEngine\Engine\Intermediate\Build\Win64\UE4Editor\Development\UE4Editor-LocalizationService.exp
Module.MaterialEditor.cpp
Module.LandscapeEditor.cpp
Module.GameplayDebugger.cpp
Module.IntroTutorials.cpp
Module.GameplayTasksEditor.cpp
GameplayTasksEditor.generated.cpp
Module.DeviceProfileEditor.cpp
Module.Merge.cpp
Module.SteamVR.cpp
Module.SoundCueEditor.cpp
Module.SoundClassEditor.cpp
IntroTutorials.generated.cpp
GameplayDebugger.generated.cpp
Module.GeometryCache.cpp
LandscapeEditor.generated.cpp
Module.ProjectTargetPlatformEditor.cpp
Module.PluginWarden.cpp
Module.UndoHistory.cpp
Module.ViewportSnapping.cpp
Module.OnlineBlueprintSupport.cpp
OnlineBlueprintSupport.generated.cpp
Module.Profiler.cpp
Module.OpenGLDrv.cpp
Module.IOSTargetPlatform.cpp
Module.XAudio2.cpp
Module.HTML5TargetPlatform.cpp
Module.TaskGraph.cpp
GeometryCache.generated.cpp
SteamVR.generated.cpp
Module.CrashTracker.cpp
Module.InputDevice.cpp
Module.AutomationWindow.cpp
Module.ScreenShotComparison.cpp
Module.LauncherServices.cpp
Module.NetworkFileSystem.cpp
Module.TargetDeviceServices.cpp
TargetDeviceServices.generated.cpp
Module.AndroidRuntimeSettings.cpp
PortalMessages.generated.cpp
Module.UnrealAudioXAudio2.cpp
Module.SwarmInterface.cpp
Module.IOSRuntimeSettings.cpp
IOSRuntimeSettings.generated.cpp
SwarmInterface.generated.cpp
AndroidRuntimeSettings.generated.cpp
Module.PortalMessages.cpp
Module.DerivedDataCache.cpp
[277/747] Link UE4Editor-TranslationEditor.lib
   Creating library C:\Users\Jack\Documents\GitHub\UnrealEngine\Engine\Intermediate\Build\Win64\UE4Editor\Development\UE4Editor-TranslationEditor.lib and object C:\Users\Jack\Documents\GitHub\UnrealEngine\Engine\Intermediate\Build\Win64\UE4Editor\Development\UE4Editor-TranslationEditor.exp
Module.UMGEditor.cpp
Module.BehaviorTreeEditor.cpp
Module.GameplayAbilitiesEditor.cpp
Module.EnvironmentQueryEditor.cpp
BehaviorTreeEditor.generated.cpp
Module.Matinee.cpp
EnvironmentQueryEditor.generated.cpp
Module.WorldBrowser.cpp
Module.FoliageEdit.cpp
Module.NiagaraEditor.cpp
GameplayAbilitiesEditor.generated.cpp
Module.OculusRift.cpp
Module.StaticMeshEditor.cpp
Module.Cascade.cpp
NiagaraEditor.generated.cpp
Module.MediaPlayerEditor.cpp
Module.PhAT.cpp
Module.Blutility.cpp
Module.PluginBrowser.cpp
Module.SpeedTreeImporter.cpp
Module.GeometryMode.cpp
Module.LocalizationDashboard.cpp
MediaPlayerEditor.generated.cpp
Module.ComponentVisualizers.cpp
Module.PaperSpriteSheetImporter.cpp
Module.EpicSurvey.cpp
Module.DestructibleMeshEditor.cpp
Module.MergeActors.cpp
Module.GeometryCacheEd.cpp
GeometryMode.generated.cpp
Module.ReferenceViewer.cpp
Matinee.generated.cpp
Module.HTML5PlatformEditor.cpp
Module.Layers.cpp
Module.FontEditor.cpp
HTML5PlatformEditor.generated.cpp
Module.DataTableEditor.cpp
Module.ProjectSettingsViewer.cpp
Module.LightPropagationVolumeEditor.cpp
DestructibleMeshEditor.generated.cpp
Module.CurveTableEditor.cpp
Module.SmartSnapping.cpp
Module.PaperTiledImporter.cpp
Cascade.generated.cpp
PhAT.generated.cpp
Module.SuperSearch.cpp
Module.PListEditor.cpp
Module.EditorSettingsViewer.cpp
Module.GitSourceControl.cpp
Module.SizeMap.cpp
Module.OutputLog.cpp
ReferenceViewer.generated.cpp
PluginBrowser.generated.cpp
PaperTiledImporter.generated.cpp
Module.OculusLibrary.cpp
WorldBrowser.generated.cpp
Module.EditorLiveStreaming.cpp
Module.TextureAlignMode.cpp
Module.PackagesDialog.cpp
FoliageEdit.generated.cpp
Blutility.generated.cpp
PaperSpriteSheetImporter.generated.cpp
SpeedTreeImporter.generated.cpp
Module.BlueprintProfiler.cpp
GeometryCacheEd.generated.cpp
EditorLiveStreaming.generated.cpp
Module.UserFeedback.cpp
LightPropagationVolumeEditor.generated.cpp
Module.CharacterAI.cpp
Module.NewLevelDialog.cpp
UMGEditor.generated.cpp
Module.IOSPlatformEditor.cpp
Module.AndroidPlatformEditor.cpp
Module.AllDesktopTargetPlatform.cpp
Module.D3D12RHI.cpp
Module.TVOSTargetPlatform.cpp
Module.SlateRHIRenderer.cpp
Module.ProfilerService.cpp
Module.LeapMotionController.cpp
Module.Android_PVRTCTargetPlatform.cpp
Module.AndroidTargetPlatform.cpp
Module.Android_ASTCTargetPlatform.cpp
Module.Android_ATCTargetPlatform.cpp
Module.Android_ETC2TargetPlatform.cpp
Module.Android_DXTTargetPlatform.cpp
Module.Android_ETC1TargetPlatform.cpp
Module.WindowsTargetPlatform.cpp
WindowsTargetPlatform.generated.cpp
Module.WindowsClientTargetPlatform.cpp
Module.ProceduralMeshComponent.cpp
Module.WindowsServerTargetPlatform.cpp
Module.WindowsNoEditorTargetPlatform.cpp
Module.OculusInput.cpp
Module.AudioFormatOpus.cpp
Module.PhysXFormats.cpp
ProceduralMeshComponent.generated.cpp
Module.HTML5Networking.cpp
Module.RealtimeProfiler.cpp
Module.HttpNetworkReplayStreaming.cpp
Module.SteamVRController.cpp
LeapMotionController.generated.cpp
Module.AudioFormatOgg.cpp
Module.GameLiveStreaming.cpp
Module.TextureCompressor.cpp
Module.AudioFormatADPCM.cpp
Module.GammaUI.cpp
AndroidPlatformEditor.generated.cpp
HTML5Networking.generated.cpp
Module.ModuleUI.cpp
Module.CableComponent.cpp
Module.WindowsMoviePlayer.cpp
GameLiveStreaming.generated.cpp
Module.ArchVisCharacter.cpp
OculusLibrary.generated.cpp
Module.CustomMeshComponent.cpp
Learning.generated.cpp
CableComponent.generated.cpp
ArchVisCharacter.generated.cpp
Module.StreamingPauseRendering.cpp
Module.SlateNullRenderer.cpp
Module.ExampleDeviceProfileSelector.cpp
Module.NullNetworkReplayStreaming.cpp
CustomMeshComponent.generated.cpp
FloatingActor.cpp
LearningGameMode.cpp
Learning.cpp
Module.ProjectLauncher.cpp
Module.SessionFrontend.cpp
Module.DeviceManager.cpp
Module.SlateReflector.cpp
Module.SubversionSourceControl.cpp
Module.PerforceSourceControl.cpp
Module.SlateRemote.cpp
SlateRemote.generated.cpp
Module.Toolbox.cpp
SlateReflector.generated.cpp
Module.UdpMessaging.cpp
UdpMessaging.generated.cpp
Module.PortalProxies.cpp
Module.UObjectPlugin.cpp
UObjectPlugin.generated.cpp
Module.PackageDependencyInfo.cpp
Module.ShaderFormatOpenGL.cpp
Module.MetalShaderFormat.cpp
Module.ShaderFormatD3D.cpp
Module.WmfMedia.cpp
Module.TextureFormatASTC.cpp
Module.NullDrv.cpp
Module.TextureFormatIntelISPCTexComp.cpp
Module.TextureFormatDXT.cpp
Module.TextureFormatUncompressed.cpp
Module.TextureFormatPVR.cpp
Module.Advertising.cpp
[432/747] Link UE4Editor-AITestSuite.lib
Module.BlankModule.cpp
   Creating library C:\Users\Jack\Documents\GitHub\UnrealEngine\Engine\Intermediate\Build\Win64\UE4Editor\Development\UE4Editor-AITestSuite.lib and object C:\Users\Jack\Documents\GitHub\UnrealEngine\Engine\Intermediate\Build\Win64\UE4Editor\Development\UE4Editor-AITestSuite.exp
[433/747] Resource ModuleVersionResource.rc.inl
[434/747] Resource PCLaunch.rc
[435/747] Link UE4Editor.lib
   Creating library C:\Users\Jack\Documents\GitHub\UnrealEngine\Engine\Intermediate\Build\Win64\UE4Editor\Development\UE4Editor.lib and object C:\Users\Jack\Documents\GitHub\UnrealEngine\Engine\Intermediate\Build\Win64\UE4Editor\Development\UE4Editor.exp
-------- End Detailed Actions Stats -----------------------------------------------------------
ERROR: UBT ERROR: Failed to produce item: C:\Users\Jack\Documents\GitHub\UnrealEngine\Engine\Binaries\Win64\UE4Editor-Core.pdb
Total build time: 1585.71 seconds
LogInit:Warning: Still incompatible or missing module: UE4Editor-Learning.dll
LogExit: Preparing to exit.
LogDerivedDataCache:Display: Max Cache Size: 512 MB
LogDerivedDataCache: Loaded boot cache 0.16s 47MB ../../../../UE4/Learning/DerivedDataCache/Boot.ddc.
LogDerivedDataCache:Display: Loaded Boot cache: ../../../../UE4/Learning/DerivedDataCache/Boot.ddc
LogDerivedDataCache: FDerivedDataBackendGraph:  Pak pak cache file ../../../../UE4/Learning/DerivedDataCache/DDC.ddp not found, will not use a pak cache.
LogDerivedDataCache: Unable to find inner node Pak for hierarchical cache Hierarchy.
LogDerivedDataCache: FDerivedDataBackendGraph:  EnginePak pak cache file ../../../Engine/DerivedDataCache/DDC.ddp not found, will not use a pak cache.
LogDerivedDataCache: Unable to find inner node EnginePak for hierarchical cache Hierarchy.
LogDerivedDataCache: Using Local data cache path ../../../Engine/DerivedDataCache: Writable
LogDerivedDataCache: Shared data cache path not found in *engine.ini, will not use an Shared cache.
LogDerivedDataCache: Unable to find inner node Shared for hierarchical cache Hierarchy.
LogDerivedDataCache: Shutdown
LogModuleManager: Shutting down and abandoning module CookingStats (17)
LogModuleManager: Shutting down and abandoning module DerivedDataCache (16)
LogDerivedDataCache: Shutdown
LogModuleManager: Shutting down and abandoning module DesktopPlatform (15)
LogModuleManager: Shutting down and abandoning module TextureCompressor (14)
LogModuleManager: Shutting down and abandoning module ShaderCore (13)
LogModuleManager: Shutting down and abandoning module Landscape (12)
LogModuleManager: Shutting down and abandoning module SlateRHIRenderer (11)
LogModuleManager: Shutting down and abandoning module OpenGLDrv (10)
LogModuleManager: Shutting down and abandoning module D3D11RHI (9)
LogModuleManager: Shutting down and abandoning module AnimGraphRuntime (8)
LogModuleManager: Shutting down and abandoning module Renderer (7)
LogModuleManager: Shutting down and abandoning module Engine (6)
LogModuleManager: Shutting down and abandoning module CoreUObject (5)
LogModuleManager: Shutting down and abandoning module NetworkFile (4)
LogModuleManager: Shutting down and abandoning module StreamingFile (3)
LogModuleManager: Shutting down and abandoning module SandboxFile (2)
LogModuleManager: Shutting down and abandoning module PakFile (1)
LogExit: Exiting.
Log file closed, 03/14/16 16:53:59
