Log file open, 03/15/16 12:02:42
LogInit:Display: Running engine for game: Learning
LogPlatformFile: Not using cached read wrapper
LogInit:Display: RandInit(833954577) SRandInit(833954579).
LogInit: Using version manifest at CL 0 with build ID '522db101-c336-4385-9103-ce87a654d5e1'
LogTaskGraph: Started task graph with 4 named threads and 5 total threads.
LogStats: Stats thread started at 0.139485
OCULUS: Info: 03/15/16 12:02:42: [CAPI] LibOVR module is located at C:\Windows\SYSTEM32\LibOVRRT64_0_8.dll

OCULUS: Info: 03/15/16 12:02:42: [IPC] Call Stats for SetInitialState : x1: C2S=12.7745, S2C=4.34331, Runtime=48.5429 (microseconds) C2Ssize=80, S2Csize=81 (bytes)

OCULUS: Info: 03/15/16 12:02:42: [IPC] Call Stats for IsLatencyTesterAvailable : x1: C2S=4.85429, S2C=2.55489, Runtime=0.766467 (microseconds) C2Ssize=33, S2Csize=18 (bytes)

LogInit: Version: 4.11.0-0+UE4
LogInit: API Version: 0
LogInit: Compiled (64-bit): Mar 14 2016 17:29:30
LogInit: Compiled with Visual C++: 19.00.23506.00
LogInit: Build Configuration: Debug
LogInit: Branch Name: UE4
LogInit: Command line:  -debug
LogInit: Base directory: C:/Users/Jack/Documents/GitHub/UnrealEngine/Engine/Binaries/Win64/
LogInit: Installed Engine Build: 0
LogInit: Using libcurl 7.41.0
LogInit:  - built for x86_64-pc-win32
LogInit:  - supports SSL with WinSSL
LogInit:  - other features:
LogInit:      CURL_VERSION_SSL
LogInit:      CURL_VERSION_IPV6
LogInit:      CURL_VERSION_ASYNCHDNS
LogInit:      CURL_VERSION_LARGEFILE
LogInit:      CURL_VERSION_IDN
LogInit:  CurlRequestOptions (configurable via config and command line):
LogInit:  - bVerifyPeer = true  - Libcurl will verify peer certificate
LogInit:  - bUseHttpProxy = false  - Libcurl will NOT use HTTP proxy
LogInit:  - bDontReuseConnections = false  - Libcurl will reuse connections
LogInit:  - CertBundlePath = nullptr  - Libcurl will use whatever was configured at build time.
LogInit: Presizing for max 16777216 objects, including 0 objects not considered by GC, pre-allocating 0 bytes for permanent pool.
LogInit: Object subsystem initialized
[2016.03.15-12.02.42:938][  0]LogInit: Selected Device Profile: [Windows]
[2016.03.15-12.02.42:938][  0]LogInit: Applying CVar settings loaded from the selected device profile: [Windows]
[2016.03.15-12.02.42:955][  0]LogInit: Computer: JACK
[2016.03.15-12.02.42:956][  0]LogInit: User: Jack
[2016.03.15-12.02.42:956][  0]LogInit: CPU Page size=65536, Cores=2
[2016.03.15-12.02.42:957][  0]LogInit: High frequency timer resolution =3.914062 MHz
[2016.03.15-12.02.42:958][  0]LogMemory: Memory total: Physical=15.9GB (16GB approx)
[2016.03.15-12.02.42:958][  0]LogMemory: Platform Memory Stats for Windows
[2016.03.15-12.02.42:959][  0]LogMemory: Process Physical Memory: 322.40 MB used, 322.40 MB peak
[2016.03.15-12.02.42:959][  0]LogMemory: Process Virtual Memory: 313.54 MB used, 313.54 MB peak
[2016.03.15-12.02.42:959][  0]LogMemory: Physical Memory: 7655.28 MB used, 16304.48 MB total
[2016.03.15-12.02.42:960][  0]LogMemory: Virtual Memory: 772.43 MB used, 134217728.00 MB total
[2016.03.15-12.02.43:077][  0]LogPhysics:Warning: PHYSX: ..\..\module\clothing\src\ModuleClothing.cpp (386) 2 : physx::apex::clothing::ModuleClothing::ModuleClothing: Failed to load the GPU dll 'APEX_ClothingGPUPROFILE_x64.dll'
[2016.03.15-12.02.43:081][  0]LogTextLocalizationManager: No specific translations for ('en-GB') exist, so ('en') translations will be used.
[2016.03.15-12.02.43:714][  0]LogD3D11RHI: D3D11 adapters:
[2016.03.15-12.02.43:774][  0]LogD3D11RHI:    0. 'NVIDIA GeForce GTX 980 Ti' (Feature Level 11_0)
[2016.03.15-12.02.43:774][  0]LogD3D11RHI:       6047MB of dedicated video memory, 0MB of dedicated system memory, and 8152MB of shared system memory, 1 output[s]
[2016.03.15-12.02.43:778][  0]LogD3D11RHI:    1. 'Microsoft Basic Render Driver' (Feature Level 11_0)
[2016.03.15-12.02.43:778][  0]LogD3D11RHI:       0MB of dedicated video memory, 0MB of dedicated system memory, and 8152MB of shared system memory, 0 output[s]
[2016.03.15-12.02.43:778][  0]LogD3D11RHI: Chosen D3D11 Adapter: 0
[2016.03.15-12.02.43:781][  0]LogD3D11RHI: Creating new Direct3DDevice
[2016.03.15-12.02.43:782][  0]LogD3D11RHI:     Adapter Name: NVIDIA GeForce GTX 980 Ti
[2016.03.15-12.02.43:782][  0]LogD3D11RHI:   Driver Version: Unknown (internal Unknown)
[2016.03.15-12.02.43:782][  0]LogD3D11RHI:      Driver Date: Unknown
[2016.03.15-12.02.43:782][  0]LogRHI: Texture pool is 1361 MB (70% of 1945 MB)
[2016.03.15-12.02.43:796][  0]LogD3D11RHI: Async texture creation enabled
[2016.03.15-12.02.43:811][  0]LogShaderCompilers: Guid format shader working directory is 21 characters bigger than the processId version (../../../../UE4/Learning/Intermediate/Shaders/WorkingDirectory/7980/).
[2016.03.15-12.02.43:811][  0]LogShaderCompilers: Cleaned the shader compiler working directory 'C:/Users/Jack/AppData/Local/Temp/UnrealShaderWorkingDir/547FEE894292FE01F8EE8495102DFD31/'.
[2016.03.15-12.02.43:811][  0]LogShaderCompilers:Display: Using Local Shader Compiler.
[2016.03.15-12.02.44:873][  0]LogTemp:Display: Loaded TP WindowsTargetPlatform
[2016.03.15-12.02.44:889][  0]LogTemp:Display: Loaded TP WindowsNoEditorTargetPlatform
[2016.03.15-12.02.44:905][  0]LogTemp:Display: Loaded TP WindowsServerTargetPlatform
[2016.03.15-12.02.44:923][  0]LogTemp:Display: Loaded TP WindowsClientTargetPlatform
[2016.03.15-12.02.44:938][  0]LogTemp:Display: Loaded TP AllDesktopTargetPlatform
[2016.03.15-12.02.44:952][  0]LogTemp:Display: Loaded TP AndroidTargetPlatform
[2016.03.15-12.02.44:969][  0]LogTemp:Display: Loaded TP Android_PVRTCTargetPlatform
[2016.03.15-12.02.44:981][  0]LogTemp:Display: Loaded TP Android_ATCTargetPlatform
[2016.03.15-12.02.44:994][  0]LogTemp:Display: Loaded TP Android_DXTTargetPlatform
[2016.03.15-12.02.45:006][  0]LogTemp:Display: Loaded TP Android_ETC1TargetPlatform
[2016.03.15-12.02.45:021][  0]LogTemp:Display: Loaded TP Android_ETC2TargetPlatform
[2016.03.15-12.02.45:033][  0]LogTemp:Display: Loaded TP Android_ASTCTargetPlatform
[2016.03.15-12.02.45:045][  0]LogTemp:Display: Loaded TP Android_MultiTargetPlatform
[2016.03.15-12.02.45:054][  0]LogTemp:Display: Loaded TP HTML5TargetPlatform
[2016.03.15-12.02.45:091][  0]LogTemp:Display: Loaded TP IOSTargetPlatform
[2016.03.15-12.02.45:104][  0]LogTemp:Display: Loaded TP TVOSTargetPlatform
[2016.03.15-12.02.45:104][  0]LogTargetPlatformManager:Display: Building Assets For Windows
[2016.03.15-12.02.45:332][  0]LogDerivedDataCache:Display: Max Cache Size: 512 MB
[2016.03.15-12.02.45:365][  0]LogDerivedDataCache: Loaded boot cache 0.03s 47MB ../../../../UE4/Learning/DerivedDataCache/Boot.ddc.
[2016.03.15-12.02.45:365][  0]LogDerivedDataCache:Display: Loaded Boot cache: ../../../../UE4/Learning/DerivedDataCache/Boot.ddc
[2016.03.15-12.02.45:365][  0]LogDerivedDataCache: FDerivedDataBackendGraph:  Pak pak cache file ../../../../UE4/Learning/DerivedDataCache/DDC.ddp not found, will not use a pak cache.
[2016.03.15-12.02.45:366][  0]LogDerivedDataCache: Unable to find inner node Pak for hierarchical cache Hierarchy.
[2016.03.15-12.02.45:366][  0]LogDerivedDataCache: FDerivedDataBackendGraph:  EnginePak pak cache file ../../../Engine/DerivedDataCache/DDC.ddp not found, will not use a pak cache.
[2016.03.15-12.02.45:366][  0]LogDerivedDataCache: Unable to find inner node EnginePak for hierarchical cache Hierarchy.
[2016.03.15-12.02.45:380][  0]LogDerivedDataCache: Using Local data cache path ../../../Engine/DerivedDataCache: Writable
[2016.03.15-12.02.45:380][  0]LogDerivedDataCache: Shared data cache path not found in *engine.ini, will not use an Shared cache.
[2016.03.15-12.02.45:380][  0]LogDerivedDataCache: Unable to find inner node Shared for hierarchical cache Hierarchy.
[2016.03.15-12.02.45:796][  0]LogInit: Selected Device Profile: [Windows]
[2016.03.15-12.02.45:796][  0]LogContentStreaming: Texture pool size is 0.00 MB
[2016.03.15-12.02.45:873][  0]LogMaterial: Uniform references updated for custom material expression Custom.
[2016.03.15-12.02.46:180][  0]LogMeshUtilities: No automatic mesh reduction module available
[2016.03.15-12.02.46:180][  0]LogMeshUtilities: No automatic mesh merging module available
[2016.03.15-12.02.46:180][  0]LogMeshUtilities: No distributed automatic mesh merging module available
[2016.03.15-12.02.46:634][  0]LogInit: WinSock: version 1.1 (2.2), MaxSocks=32767, MaxUdp=65467
[2016.03.15-12.02.47:000][  0]LogSlate: SlateFontCache - WITH_FREETYPE: 1, WITH_HARFBUZZ: 1
[2016.03.15-12.02.47:000][  0]LogSlate: SlateFontCache - WITH_FREETYPE: 1, WITH_HARFBUZZ: 1
[2016.03.15-12.02.47:084][  0]LogStreaming:Warning: Failed to read file '../../../Engine/Content/Editor/Slate/Common/Selection_16x.png' error.
[2016.03.15-12.02.47:084][  0]LogSlate: Could not find file for Slate resource: ../../../Engine/Content/Editor/Slate/Common/Selection_16x.png
[2016.03.15-12.02.47:084][  0]LogStreaming:Warning: Failed to read file '../../../Engine/Content/Editor/Slate/Common/Selection_16x.png' error.
[2016.03.15-12.02.47:084][  0]LogSlate: Could not find file for Slate resource: ../../../Engine/Content/Editor/Slate/Common/Selection_16x.png
[2016.03.15-12.02.47:084][  0]LogStreaming:Warning: Failed to read file '../../../Engine/Content/Editor/Slate/Common/Selection_16x.png' error.
[2016.03.15-12.02.47:084][  0]LogSlate: Could not find file for Slate resource: ../../../Engine/Content/Editor/Slate/Common/Selection_16x.png
[2016.03.15-12.02.47:686][  0]LogUdpMessaging: Initializing bridge on interface 0.0.0.0:0 to multicast group 230.0.0.1:6666.
[2016.03.15-12.02.47:859][  0]LogAssetRegistry: FAssetRegistry took 0.0248 seconds to start up
[2016.03.15-12.02.48:356][  0]SourceControl: Info Source control is disabled
[2016.03.15-12.02.48:357][  0]SourceControl: Info Source control is disabled
[2016.03.15-12.02.48:382][  0]SourceControl: Info Source control is disabled
[2016.03.15-12.02.48:410][  0]SourceControl: Info Source control is disabled
[2016.03.15-12.02.48:905][  0]LogUObjectArray: 30022 objects as part of root set at end of initial load.
[2016.03.15-12.02.48:905][  0]LogUObjectAllocator: 6411960 out of 0 bytes used by permanent object pool.
[2016.03.15-12.02.48:905][  0]LogUObjectArray: CloseDisregardForGC: 0/0 objects in disregard for GC pool
[2016.03.15-12.02.49:036][  0]LogEngine: Initializing Engine...
[2016.03.15-12.02.49:800][  0]LogHMD: SteamVR failed to initialize.  Err: 108
[2016.03.15-12.02.50:257][  0]LogAIModule: Creating AISystem for world NewWorld
[2016.03.15-12.02.50:279][  0]LogInit: XAudio2 using 'Speakers (Realtek High Definition Audio)' : 2 channels at 48 kHz using 32 bits per sample (channel mask 0x3)
[2016.03.15-12.02.50:339][  0]LogInit: FAudioDevice initialized.
[2016.03.15-12.02.50:372][  0]LogDerivedDataCache: Saved boot cache 0.03s 47MB ../../../../UE4/Learning/DerivedDataCache/Boot.ddc.
[2016.03.15-12.02.50:375][  0]LogInit: Texture streaming: Enabled
[2016.03.15-12.02.50:473][  0]LogInit: Transaction tracking system initialized
[2016.03.15-12.02.50:545][  0]BlueprintLog: New page: Editor Load
[2016.03.15-12.02.50:813][  0]LocalizationService: Info Localization service is disabled
[2016.03.15-12.02.51:047][  0]LogConsoleResponse:Display: 
[2016.03.15-12.02.51:329][  0]LogCook:Display: Max memory allowance for cook 8192mb
[2016.03.15-12.02.51:329][  0]LogCook:Display: Mobile HDR setting 1
[2016.03.15-12.02.51:329][  0]LogCook:Display: Done creating registry. It took  0.00s.
[2016.03.15-12.02.51:513][  0]LogFileCache: Scanning file cache for directory 'C:/Users/Jack/Documents/GitHub/UE4/Learning/Content/' took 0.02s
[2016.03.15-12.02.51:513][  0]SourceControl: Info Source control is disabled
[2016.03.15-12.02.51:513][  0]Cmd: MAP LOAD FILE="../../../../UE4/Learning/Content/StarterContent/Maps/Minimal_Default.umap" TEMPLATE=0 SHOWPROGRESS=1 FEATURELEVEL=3
[2016.03.15-12.02.51:514][  0]LightingResults: New page: Lighting Build
[2016.03.15-12.02.51:518][  0]MapCheck: New page: Map Check
[2016.03.15-12.02.51:518][  0]LightingResults: New page: Lighting Build
[2016.03.15-12.02.52:473][  0]LogAIModule: Creating AISystem for world Minimal_Default
[2016.03.15-12.02.52:491][  0]LogEditorServer: Finished looking for orphan Actors (0.000 secs)
[2016.03.15-12.02.52:493][  0]Cmd: MAP CHECKDEP NOCLEARLOG
[2016.03.15-12.02.52:567][  0]MapCheck: Info Map check complete: 0 Error(s), 0 Warning(s), took 72.898ms to complete.
[2016.03.15-12.02.52:567][  0]LogFileHelpers: Loading map 'Minimal_Default' took 1.054
[2016.03.15-12.02.52:753][  0]LogCollectionManager: Loaded 0 collections in 0.003791 seconds
[2016.03.15-12.02.52:804][  0]LogFileCache: Scanning file cache for directory 'C:/Users/Jack/Documents/GitHub/UE4/Learning/Saved/Collections/' took 0.01s
[2016.03.15-12.02.52:804][  0]LogFileCache: Scanning file cache for directory 'C:/Users/Jack/Documents/GitHub/UE4/Learning/Content/Developers/Jack/Collections/' took 0.01s
[2016.03.15-12.02.52:804][  0]LogFileCache: Scanning file cache for directory 'C:/Users/Jack/Documents/GitHub/UE4/Learning/Content/Collections/' took 0.01s
[2016.03.15-12.02.52:805][  0]LogCollectionManager: Rebuilt the GUID cache for 0 collections in 0.000002 seconds
[2016.03.15-12.02.52:832][  0]LogContentBrowser: Native class hierarchy populated in 0.0275 seconds. Added 1986 classes and 346 folders.
[2016.03.15-12.02.52:840][  0]LogStats: UGameplayTagsManager::ConstructGameplayTagTree: Construct from data asset -  0.000 s
[2016.03.15-12.02.52:840][  0]LogStats: UGameplayTagsManager::ConstructGameplayTagTree: GameplayTagTreeChangedEvent.Broadcast -  0.000 s
[2016.03.15-12.02.52:843][  0]LogContentBrowser: Native class hierarchy updated for 'GameplayTags' in 0.0024 seconds. Added 12 classes and 0 folders.
[2016.03.15-12.02.52:854][  0]LogContentBrowser: Native class hierarchy updated for 'WidgetCarousel' in 0.0016 seconds. Added 0 classes and 0 folders.
[2016.03.15-12.02.52:913][  0]LogContentBrowser: Native class hierarchy updated for 'AddContentDialog' in 0.0012 seconds. Added 0 classes and 0 folders.
[2016.03.15-12.02.52:934][  0]LogContentBrowser: Native class hierarchy updated for 'SceneOutliner' in 0.0017 seconds. Added 1 classes and 2 folders.
[2016.03.15-12.02.52:981][  0]LogCrashTracker: Crashtracker disabled due to settings.
[2016.03.15-12.02.53:060][  0]LogContentBrowser: Native class hierarchy updated for 'HierarchicalLODOutliner' in 0.0019 seconds. Added 1 classes and 2 folders.
[2016.03.15-12.02.53:061][  0]LogLoad: Full Startup: 12.10 seconds (BP compile: 0.14 seconds)
[2016.03.15-12.02.53:061][  0]LogExternalProfiler:Warning: No registered external profiler was matched with a command-line switch (or the DLL could not be loaded).  External profiling features will not be available.
[2016.03.15-12.02.53:400][  0]LogOcInput: OculusInput is initialized. Init status 0. Runtime version: 0.8.0.0
[2016.03.15-12.02.53:464][  0]LogContentStreaming: Texture pool size now 1000 MB
[2016.03.15-12.02.53:726][  0]LogRenderer: Reallocating scene render targets to support 1616x808 (Frame:2).
[2016.03.15-12.02.54:144][  2]LogAssetRegistry: Asset discovery search completed in 6.3101 seconds
[2016.03.15-12.02.54:144][  2]LogCollectionManager: Rebuilt the object cache for 0 collections in 0.000000 seconds (found 0 objects)
[2016.03.15-12.02.54:144][  2]LogCollectionManager: Fixed up redirectors for 0 collections in 0.000071 seconds (updated 0 objects)
[2016.03.15-12.03.44:643][229]Recompiling Learning...
[2016.03.15-12.03.44:644][229]Building UnrealBuildTool...
[2016.03.15-12.03.44:644][229]Building UnrealBuildTool in C:/Users/Jack/Documents/GitHub/UnrealEngine/...
[2016.03.15-12.03.44:644][229]Running: C:\Windows\system32\cmd.exe /c "C:\Users\Jack\Documents\GitHub\UnrealEngine\Engine\Intermediate\Build\UnrealBuildTool\BuildUBT.bat"
[2016.03.15-12.03.46:276][229]Launching UnrealBuildTool... [C:/Users/Jack/Documents/GitHub/UnrealEngine/Engine/Binaries/DotNET/UnrealBuildTool.exe Learning -ModuleWithSuffix Learning 1574 Win64 Debug -editorrecompile -canskiplink "C:/Users/Jack/Documents/GitHub/UE4/Learning/Learning.uproject"  -2015]
[2016.03.15-12.03.46:291][229]Warning: Starting HotReload took  1.7s.
[2016.03.15-12.03.51:492][467]CompilerResultsLog: New page: Compilation - 15 Mar 2016 12:03:51
[2016.03.15-12.03.51:497][467]CompilerResultsLog: Info Creating makefile for hot reloading Learning (UnrealBuildTool.exe is newer)
[2016.03.15-12.03.51:497][467]CompilerResultsLog: Info Compiling game modules for hot reload
[2016.03.15-12.03.51:498][467]CompilerResultsLog: Info Target is up to date
[2016.03.15-12.03.51:498][467]LogMainFrame: MainFrame: Module compiling took 6.859 seconds
[2016.03.15-12.03.52:992][546]LogBlueprintUserMessages: Early PlayInEditor Detection: Level '/Game/StarterContent/Maps/Minimal_Default.Minimal_Default:PersistentLevel' has LevelScriptBlueprint '/Game/StarterContent/Maps/Minimal_Default.Minimal_Default:PersistentLevel.Minimal_Default' with GeneratedClass '/Game/StarterContent/Maps/Minimal_Default.Minimal_Default_C' with ClassGeneratedBy '/Game/StarterContent/Maps/Minimal_Default.Minimal_Default:PersistentLevel.Minimal_Default'
[2016.03.15-12.03.52:992][546]LogPlayLevel: PlayLevel: No blueprints needed recompiling
[2016.03.15-12.03.52:992][546]PIE: New page: PIE session: Minimal_Default (15 Mar 2016 12:03:52)
[2016.03.15-12.03.52:993][546]LogPlayLevel: Creating play world package: /Game/StarterContent/Maps/UEDPIE_0_Minimal_Default
[2016.03.15-12.03.53:004][546]LogPlayLevel: PIE: StaticDuplicateObject took: (0.011063s)
[2016.03.15-12.03.53:005][546]LogAIModule: Creating AISystem for world Minimal_Default
[2016.03.15-12.03.53:005][546]LogPlayLevel: PIE: World Init took: (0.001033s)
[2016.03.15-12.03.53:006][546]LogPlayLevel: PIE: Created PIE world by copying editor world from /Game/StarterContent/Maps/Minimal_Default.Minimal_Default to /Game/StarterContent/Maps/UEDPIE_0_Minimal_Default.Minimal_Default (0.012917s)
[2016.03.15-12.03.53:102][546]LogInit: XAudio2 using 'Speakers (Realtek High Definition Audio)' : 2 channels at 48 kHz using 32 bits per sample (channel mask 0x3)
[2016.03.15-12.03.53:135][546]LogInit: FAudioDevice initialized.
[2016.03.15-12.03.53:204][546]LogWorld: Game class is 'LearningGameMode'
[2016.03.15-12.03.53:209][546]LogWorld: Bringing World /Game/StarterContent/Maps/UEDPIE_0_Minimal_Default.Minimal_Default up for play (max tick rate 0) at 2016.03.15-12.03.53
[2016.03.15-12.03.53:210][546]LogWorld: Bringing up level for play took: 0.003816
[2016.03.15-12.03.53:233][546]LogContentBrowser: Native class hierarchy updated for 'MovieSceneCapture' in 0.0013 seconds. Added 9 classes and 0 folders.
[2016.03.15-12.03.53:235][546]PIE: Info Play in editor start time for /Game/StarterContent/Maps/UEDPIE_0_Minimal_Default -0.078
[2016.03.15-12.03.53:236][546]LogBlueprintUserMessages: Late PlayInEditor Detection: Level '/Game/StarterContent/Maps/Minimal_Default.Minimal_Default:PersistentLevel' has LevelScriptBlueprint '/Game/StarterContent/Maps/Minimal_Default.Minimal_Default:PersistentLevel.Minimal_Default' with GeneratedClass '/Game/StarterContent/Maps/Minimal_Default.Minimal_Default_C' with ClassGeneratedBy '/Game/StarterContent/Maps/Minimal_Default.Minimal_Default:PersistentLevel.Minimal_Default'
[2016.03.15-12.04.46:282][905]LogBlueprintUserMessages: Early EndPlayMap Detection: Level '/Game/StarterContent/Maps/Minimal_Default.Minimal_Default:PersistentLevel' has LevelScriptBlueprint '/Game/StarterContent/Maps/Minimal_Default.Minimal_Default:PersistentLevel.Minimal_Default' with GeneratedClass '/Game/StarterContent/Maps/Minimal_Default.Minimal_Default_C' with ClassGeneratedBy '/Game/StarterContent/Maps/Minimal_Default.Minimal_Default:PersistentLevel.Minimal_Default'
[2016.03.15-12.04.46:333][905]LogBlueprintUserMessages: Late EndPlayMap Detection: Level '/Game/StarterContent/Maps/Minimal_Default.Minimal_Default:PersistentLevel' has LevelScriptBlueprint '/Game/StarterContent/Maps/Minimal_Default.Minimal_Default:PersistentLevel.Minimal_Default' with GeneratedClass '/Game/StarterContent/Maps/Minimal_Default.Minimal_Default_C' with ClassGeneratedBy '/Game/StarterContent/Maps/Minimal_Default.Minimal_Default:PersistentLevel.Minimal_Default'
[2016.03.15-12.06.16:391][312]LogEditorViewport: Clicking on Actor (LMB): FloatingActor (FloatingActor)
[2016.03.15-12.13.47:328][114]LogSavePackage: Save=277.90ms
[2016.03.15-12.13.47:328][114]LogSavePackage: Moving '../../../../UE4/Learning/Saved/Minimal_Default_Auto1AB8F99524B1FDDAD1C0E09B53D51265B.tmp' to '../../../../UE4/Learning/Saved/Autosaves/Game/StarterContent/Maps/Minimal_Default_Auto1.umap'
[2016.03.15-12.13.47:331][114]LogSavePackage: Total save time: 283.23ms
[2016.03.15-12.13.47:331][114]LogSavePackage:Display: Finished SavePackage ../../../../UE4/Learning/Saved/Autosaves/Game/StarterContent/Maps/Minimal_Default_Auto1.umap
[2016.03.15-12.13.47:333][114]LogFileHelpers: Editor autosave (incl. sublevels) for '/Game/StarterContent/Maps/Minimal_Default' took 0.383
[2016.03.15-12.13.47:334][114]LogFileHelpers: Editor autosave (incl. sublevels) for all levels took 0.383
[2016.03.15-12.17.08:859][740]Cmd: OBJ SAVEPACKAGE PACKAGE="/Game/StarterContent/Maps/Minimal_Default" FILE="../../../../UE4/Learning/Content/StarterContent/Maps/Minimal_Default.umap" SILENT=true AUTOSAVING=false KEEPDIRTY=false
[2016.03.15-12.17.09:201][740]LogSavePackage: Save=264.29ms
[2016.03.15-12.17.09:201][740]LogSavePackage: Moving '../../../../UE4/Learning/Saved/Minimal_Default06AD0F5348E65139D60F22A551F45F48.tmp' to '../../../../UE4/Learning/Content/StarterContent/Maps/Minimal_Default.umap'
[2016.03.15-12.17.09:204][740]LogSavePackage: Total save time: 268.25ms
[2016.03.15-12.17.09:204][740]LogSavePackage:Display: Finished SavePackage ../../../../UE4/Learning/Content/StarterContent/Maps/Minimal_Default.umap
[2016.03.15-12.17.10:517][788]Recompiling Learning...
[2016.03.15-12.17.10:517][788]Launching UnrealBuildTool... [C:/Users/Jack/Documents/GitHub/UnrealEngine/Engine/Binaries/DotNET/UnrealBuildTool.exe Learning -ModuleWithSuffix Learning 768 Win64 Debug -editorrecompile -canskiplink "C:/Users/Jack/Documents/GitHub/UE4/Learning/Learning.uproject"  -2015]
[2016.03.15-12.17.10:533][788]Warning: Starting HotReload took  0.0s.
[2016.03.15-12.17.22:036][199]CompilerResultsLog: New page: Compilation - 15 Mar 2016 12:17:22
[2016.03.15-12.17.22:037][199]CompilerResultsLog: Info Creating makefile for hot reloading Learning (working set of source files changed)
[2016.03.15-12.17.22:037][199]CompilerResultsLog: Info Compiling game modules for hot reload
[2016.03.15-12.17.22:037][199]CompilerResultsLog: Info Building UnrealHeaderTool...
[2016.03.15-12.17.22:037][199]CompilerResultsLog: Info Target is up to date
[2016.03.15-12.17.22:037][199]CompilerResultsLog: Info Parsing headers for LearningEditor
[2016.03.15-12.17.22:037][199]CompilerResultsLog: Info   Running UnrealHeaderTool "C:\Users\Jack\Documents\GitHub\UE4\Learning\Learning.uproject" "C:\Users\Jack\Documents\GitHub\UE4\Learning\Intermediate\Build\Win64\LearningEditor\Debug\UnrealHeaderTool.manifest" -LogCmds="loginit warning, logexit warning, logdatabase error" -Unattended -WarningsAsErrors
[2016.03.15-12.17.22:037][199]CompilerResultsLog: Info Reflection code generated for LearningEditor in 3.6596152 seconds
[2016.03.15-12.17.22:037][199]CompilerResultsLog: Info Performing 2 actions (2 in parallel)
[2016.03.15-12.17.22:038][199]CompilerResultsLog: Info FloatingActor.cpp
[2016.03.15-12.17.22:038][199]CompilerResultsLog: Info [2/2] Link UE4Editor-Learning-768-Win64-Debug.dll
[2016.03.15-12.17.22:038][199]CompilerResultsLog: Info    Creating library C:\Users\Jack\Documents\GitHub\UE4\Learning\Intermediate\Build\Win64\UE4Editor\Debug\UE4Editor-Learning-768-Win64-Debug.lib and object C:\Users\Jack\Documents\GitHub\UE4\Learning\Intermediate\Build\Win64\UE4Editor\Debug\UE4Editor-Learning-768-Win64-Debug.exp
[2016.03.15-12.17.22:038][199]CompilerResultsLog: Info -------- End Detailed Actions Stats -----------------------------------------------------------
[2016.03.15-12.17.22:038][199]CompilerResultsLog: Info Total build time: 11.44 seconds
[2016.03.15-12.17.22:038][199]LogMainFrame: MainFrame: Module compiling took 11.526 seconds
[2016.03.15-12.17.22:158][199]LogContentBrowser: Native class hierarchy updated for 'Learning' in 0.0015 seconds. Added 2 classes and 2 folders.
[2016.03.15-12.17.22:161][199]Warning: HotReload successful (0 functions remapped  0 scriptstructs remapped)
[2016.03.15-12.17.22:344][199]LogContentBrowser: Native class hierarchy populated in 0.0217 seconds. Added 1988 classes and 350 folders.
[2016.03.15-12.17.22:344][199]Warning: HotReload took 11.8s.
[2016.03.15-12.17.24:311][273]LogBlueprintUserMessages: Early PlayInEditor Detection: Level '/Game/StarterContent/Maps/Minimal_Default.Minimal_Default:PersistentLevel' has LevelScriptBlueprint '/Game/StarterContent/Maps/Minimal_Default.Minimal_Default:PersistentLevel.Minimal_Default' with GeneratedClass '/Game/StarterContent/Maps/Minimal_Default.Minimal_Default_C' with ClassGeneratedBy '/Game/StarterContent/Maps/Minimal_Default.Minimal_Default:PersistentLevel.Minimal_Default'
[2016.03.15-12.17.24:311][273]LogPlayLevel: PlayLevel: No blueprints needed recompiling
[2016.03.15-12.17.24:311][273]PIE: New page: PIE session: Minimal_Default (15 Mar 2016 12:17:24)
[2016.03.15-12.17.24:311][273]LogPlayLevel: Creating play world package: /Game/StarterContent/Maps/UEDPIE_0_Minimal_Default
[2016.03.15-12.17.24:323][273]LogPlayLevel: PIE: StaticDuplicateObject took: (0.010901s)
[2016.03.15-12.17.24:324][273]LogAIModule: Creating AISystem for world Minimal_Default
[2016.03.15-12.17.24:325][273]LogPlayLevel: PIE: World Init took: (0.002099s)
[2016.03.15-12.17.24:326][273]LogPlayLevel: PIE: Created PIE world by copying editor world from /Game/StarterContent/Maps/Minimal_Default.Minimal_Default to /Game/StarterContent/Maps/UEDPIE_0_Minimal_Default.Minimal_Default (0.014291s)
[2016.03.15-12.17.24:409][273]LogInit: XAudio2 using 'Speakers (Realtek High Definition Audio)' : 2 channels at 48 kHz using 32 bits per sample (channel mask 0x3)
[2016.03.15-12.17.24:441][273]LogInit: FAudioDevice initialized.
[2016.03.15-12.17.24:489][273]LogWorld: Game class is 'LearningGameMode'
[2016.03.15-12.17.24:493][273]LogWorld: Bringing World /Game/StarterContent/Maps/UEDPIE_0_Minimal_Default.Minimal_Default up for play (max tick rate 0) at 2016.03.15-12.17.24
[2016.03.15-12.17.24:494][273]LogWorld: Bringing up level for play took: 0.004011
[2016.03.15-12.17.24:497][273]PIE: Info Play in editor start time for /Game/StarterContent/Maps/UEDPIE_0_Minimal_Default 1.183
[2016.03.15-12.17.24:497][273]LogBlueprintUserMessages: Late PlayInEditor Detection: Level '/Game/StarterContent/Maps/Minimal_Default.Minimal_Default:PersistentLevel' has LevelScriptBlueprint '/Game/StarterContent/Maps/Minimal_Default.Minimal_Default:PersistentLevel.Minimal_Default' with GeneratedClass '/Game/StarterContent/Maps/Minimal_Default.Minimal_Default_C' with ClassGeneratedBy '/Game/StarterContent/Maps/Minimal_Default.Minimal_Default:PersistentLevel.Minimal_Default'
[2016.03.15-12.17.30:021][580]LogBlueprintUserMessages: Early EndPlayMap Detection: Level '/Game/StarterContent/Maps/Minimal_Default.Minimal_Default:PersistentLevel' has LevelScriptBlueprint '/Game/StarterContent/Maps/Minimal_Default.Minimal_Default:PersistentLevel.Minimal_Default' with GeneratedClass '/Game/StarterContent/Maps/Minimal_Default.Minimal_Default_C' with ClassGeneratedBy '/Game/StarterContent/Maps/Minimal_Default.Minimal_Default:PersistentLevel.Minimal_Default'
[2016.03.15-12.17.30:075][580]LogBlueprintUserMessages: Late EndPlayMap Detection: Level '/Game/StarterContent/Maps/Minimal_Default.Minimal_Default:PersistentLevel' has LevelScriptBlueprint '/Game/StarterContent/Maps/Minimal_Default.Minimal_Default:PersistentLevel.Minimal_Default' with GeneratedClass '/Game/StarterContent/Maps/Minimal_Default.Minimal_Default_C' with ClassGeneratedBy '/Game/StarterContent/Maps/Minimal_Default.Minimal_Default:PersistentLevel.Minimal_Default'
[2016.03.15-12.17.34:554][772]LogBlueprintUserMessages: Early PlayInEditor Detection: Level '/Game/StarterContent/Maps/Minimal_Default.Minimal_Default:PersistentLevel' has LevelScriptBlueprint '/Game/StarterContent/Maps/Minimal_Default.Minimal_Default:PersistentLevel.Minimal_Default' with GeneratedClass '/Game/StarterContent/Maps/Minimal_Default.Minimal_Default_C' with ClassGeneratedBy '/Game/StarterContent/Maps/Minimal_Default.Minimal_Default:PersistentLevel.Minimal_Default'
[2016.03.15-12.17.34:555][772]LogPlayLevel: PlayLevel: No blueprints needed recompiling
[2016.03.15-12.17.34:555][772]PIE: New page: PIE session: Minimal_Default (15 Mar 2016 12:17:34)
[2016.03.15-12.17.34:555][772]LogPlayLevel: Creating play world package: /Game/StarterContent/Maps/UEDPIE_0_Minimal_Default
[2016.03.15-12.17.34:567][772]LogPlayLevel: PIE: StaticDuplicateObject took: (0.011526s)
[2016.03.15-12.17.34:568][772]LogAIModule: Creating AISystem for world Minimal_Default
[2016.03.15-12.17.34:568][772]LogPlayLevel: PIE: World Init took: (0.001137s)
[2016.03.15-12.17.34:569][772]LogPlayLevel: PIE: Created PIE world by copying editor world from /Game/StarterContent/Maps/Minimal_Default.Minimal_Default to /Game/StarterContent/Maps/UEDPIE_0_Minimal_Default.Minimal_Default (0.013528s)
[2016.03.15-12.17.34:654][772]LogInit: XAudio2 using 'Speakers (Realtek High Definition Audio)' : 2 channels at 48 kHz using 32 bits per sample (channel mask 0x3)
[2016.03.15-12.17.34:687][772]LogInit: FAudioDevice initialized.
[2016.03.15-12.17.34:737][772]LogWorld: Game class is 'LearningGameMode'
[2016.03.15-12.17.34:742][772]LogWorld: Bringing World /Game/StarterContent/Maps/UEDPIE_0_Minimal_Default.Minimal_Default up for play (max tick rate 0) at 2016.03.15-12.17.34
[2016.03.15-12.17.34:743][772]LogWorld: Bringing up level for play took: 0.004638
[2016.03.15-12.17.34:746][772]PIE: Info Play in editor start time for /Game/StarterContent/Maps/UEDPIE_0_Minimal_Default -0.568
[2016.03.15-12.17.34:746][772]LogBlueprintUserMessages: Late PlayInEditor Detection: Level '/Game/StarterContent/Maps/Minimal_Default.Minimal_Default:PersistentLevel' has LevelScriptBlueprint '/Game/StarterContent/Maps/Minimal_Default.Minimal_Default:PersistentLevel.Minimal_Default' with GeneratedClass '/Game/StarterContent/Maps/Minimal_Default.Minimal_Default_C' with ClassGeneratedBy '/Game/StarterContent/Maps/Minimal_Default.Minimal_Default:PersistentLevel.Minimal_Default'
[2016.03.15-12.17.40:493][ 97]LogBlueprintUserMessages: Early EndPlayMap Detection: Level '/Game/StarterContent/Maps/Minimal_Default.Minimal_Default:PersistentLevel' has LevelScriptBlueprint '/Game/StarterContent/Maps/Minimal_Default.Minimal_Default:PersistentLevel.Minimal_Default' with GeneratedClass '/Game/StarterContent/Maps/Minimal_Default.Minimal_Default_C' with ClassGeneratedBy '/Game/StarterContent/Maps/Minimal_Default.Minimal_Default:PersistentLevel.Minimal_Default'
[2016.03.15-12.17.40:546][ 97]LogBlueprintUserMessages: Late EndPlayMap Detection: Level '/Game/StarterContent/Maps/Minimal_Default.Minimal_Default:PersistentLevel' has LevelScriptBlueprint '/Game/StarterContent/Maps/Minimal_Default.Minimal_Default:PersistentLevel.Minimal_Default' with GeneratedClass '/Game/StarterContent/Maps/Minimal_Default.Minimal_Default_C' with ClassGeneratedBy '/Game/StarterContent/Maps/Minimal_Default.Minimal_Default:PersistentLevel.Minimal_Default'
[2016.03.15-12.17.46:402][336]LogBlueprintUserMessages: Early PlayInEditor Detection: Level '/Game/StarterContent/Maps/Minimal_Default.Minimal_Default:PersistentLevel' has LevelScriptBlueprint '/Game/StarterContent/Maps/Minimal_Default.Minimal_Default:PersistentLevel.Minimal_Default' with GeneratedClass '/Game/StarterContent/Maps/Minimal_Default.Minimal_Default_C' with ClassGeneratedBy '/Game/StarterContent/Maps/Minimal_Default.Minimal_Default:PersistentLevel.Minimal_Default'
[2016.03.15-12.17.46:402][336]LogPlayLevel: PlayLevel: No blueprints needed recompiling
[2016.03.15-12.17.46:403][336]PIE: New page: PIE session: Minimal_Default (15 Mar 2016 12:17:46)
[2016.03.15-12.17.46:403][336]LogPlayLevel: Creating play world package: /Game/StarterContent/Maps/UEDPIE_0_Minimal_Default
[2016.03.15-12.17.46:413][336]LogPlayLevel: PIE: StaticDuplicateObject took: (0.009702s)
[2016.03.15-12.17.46:414][336]LogAIModule: Creating AISystem for world Minimal_Default
[2016.03.15-12.17.46:414][336]LogPlayLevel: PIE: World Init took: (0.000945s)
[2016.03.15-12.17.46:414][336]LogPlayLevel: PIE: Created PIE world by copying editor world from /Game/StarterContent/Maps/Minimal_Default.Minimal_Default to /Game/StarterContent/Maps/UEDPIE_0_Minimal_Default.Minimal_Default (0.011390s)
[2016.03.15-12.17.46:507][336]LogInit: XAudio2 using 'Speakers (Realtek High Definition Audio)' : 2 channels at 48 kHz using 32 bits per sample (channel mask 0x3)
[2016.03.15-12.17.46:541][336]LogInit: FAudioDevice initialized.
[2016.03.15-12.17.46:591][336]LogWorld: Game class is 'LearningGameMode'
[2016.03.15-12.17.46:595][336]LogWorld: Bringing World /Game/StarterContent/Maps/UEDPIE_0_Minimal_Default.Minimal_Default up for play (max tick rate 0) at 2016.03.15-12.17.46
[2016.03.15-12.17.46:596][336]LogWorld: Bringing up level for play took: 0.004512
[2016.03.15-12.17.46:599][336]PIE: Info Play in editor start time for /Game/StarterContent/Maps/UEDPIE_0_Minimal_Default -0.715
[2016.03.15-12.17.46:599][336]LogBlueprintUserMessages: Late PlayInEditor Detection: Level '/Game/StarterContent/Maps/Minimal_Default.Minimal_Default:PersistentLevel' has LevelScriptBlueprint '/Game/StarterContent/Maps/Minimal_Default.Minimal_Default:PersistentLevel.Minimal_Default' with GeneratedClass '/Game/StarterContent/Maps/Minimal_Default.Minimal_Default_C' with ClassGeneratedBy '/Game/StarterContent/Maps/Minimal_Default.Minimal_Default:PersistentLevel.Minimal_Default'
[2016.03.15-12.17.54:234][773]LogBlueprintUserMessages: Early EndPlayMap Detection: Level '/Game/StarterContent/Maps/Minimal_Default.Minimal_Default:PersistentLevel' has LevelScriptBlueprint '/Game/StarterContent/Maps/Minimal_Default.Minimal_Default:PersistentLevel.Minimal_Default' with GeneratedClass '/Game/StarterContent/Maps/Minimal_Default.Minimal_Default_C' with ClassGeneratedBy '/Game/StarterContent/Maps/Minimal_Default.Minimal_Default:PersistentLevel.Minimal_Default'
[2016.03.15-12.17.54:287][773]LogBlueprintUserMessages: Late EndPlayMap Detection: Level '/Game/StarterContent/Maps/Minimal_Default.Minimal_Default:PersistentLevel' has LevelScriptBlueprint '/Game/StarterContent/Maps/Minimal_Default.Minimal_Default:PersistentLevel.Minimal_Default' with GeneratedClass '/Game/StarterContent/Maps/Minimal_Default.Minimal_Default_C' with ClassGeneratedBy '/Game/StarterContent/Maps/Minimal_Default.Minimal_Default:PersistentLevel.Minimal_Default'
[2016.03.15-12.18.13:086][922]Recompiling Learning...
[2016.03.15-12.18.13:086][922]Launching UnrealBuildTool... [C:/Users/Jack/Documents/GitHub/UnrealEngine/Engine/Binaries/DotNET/UnrealBuildTool.exe Learning -ModuleWithSuffix Learning 5273 Win64 Debug -editorrecompile -canskiplink "C:/Users/Jack/Documents/GitHub/UE4/Learning/Learning.uproject"  -2015]
[2016.03.15-12.18.13:101][922]Warning: Starting HotReload took  0.0s.
[2016.03.15-12.18.24:944][334]CompilerResultsLog: New page: Compilation - 15 Mar 2016 12:18:24
[2016.03.15-12.18.24:945][334]CompilerResultsLog: Info Creating makefile for hot reloading Learning (working set of source files changed)
[2016.03.15-12.18.24:946][334]CompilerResultsLog: Info Compiling game modules for hot reload
[2016.03.15-12.18.24:946][334]CompilerResultsLog: Info Building UnrealHeaderTool...
[2016.03.15-12.18.24:946][334]CompilerResultsLog: Info Target is up to date
[2016.03.15-12.18.24:946][334]CompilerResultsLog: Info Parsing headers for LearningEditor
[2016.03.15-12.18.24:950][334]CompilerResultsLog: Info   Running UnrealHeaderTool "C:\Users\Jack\Documents\GitHub\UE4\Learning\Learning.uproject" "C:\Users\Jack\Documents\GitHub\UE4\Learning\Intermediate\Build\Win64\LearningEditor\Debug\UnrealHeaderTool.manifest" -LogCmds="loginit warning, logexit warning, logdatabase error" -Unattended -WarningsAsErrors
[2016.03.15-12.18.24:950][334]CompilerResultsLog: Info Reflection code generated for LearningEditor in 3.7895643 seconds
[2016.03.15-12.18.24:950][334]CompilerResultsLog: Info Performing 2 actions (2 in parallel)
[2016.03.15-12.18.24:950][334]CompilerResultsLog: Info FloatingActor.cpp
[2016.03.15-12.18.24:950][334]CompilerResultsLog: Info [2/2] Link UE4Editor-Learning-5273-Win64-Debug.dll
[2016.03.15-12.18.24:950][334]CompilerResultsLog: Info    Creating library C:\Users\Jack\Documents\GitHub\UE4\Learning\Intermediate\Build\Win64\UE4Editor\Debug\UE4Editor-Learning-5273-Win64-Debug.lib and object C:\Users\Jack\Documents\GitHub\UE4\Learning\Intermediate\Build\Win64\UE4Editor\Debug\UE4Editor-Learning-5273-Win64-Debug.exp
[2016.03.15-12.18.24:950][334]CompilerResultsLog: Info -------- End Detailed Actions Stats -----------------------------------------------------------
[2016.03.15-12.18.24:951][334]CompilerResultsLog: Info Total build time: 11.79 seconds
[2016.03.15-12.18.24:951][334]LogMainFrame: MainFrame: Module compiling took 11.872 seconds
[2016.03.15-12.18.25:072][334]LogContentBrowser: Native class hierarchy updated for 'Learning' in 0.0018 seconds. Added 2 classes and 2 folders.
[2016.03.15-12.18.25:075][334]Warning: HotReload successful (0 functions remapped  0 scriptstructs remapped)
[2016.03.15-12.18.25:278][334]LogContentBrowser: Native class hierarchy populated in 0.0294 seconds. Added 1988 classes and 350 folders.
[2016.03.15-12.18.25:278][334]Warning: HotReload took 12.2s.
[2016.03.15-12.18.26:824][392]LogBlueprintUserMessages: Early PlayInEditor Detection: Level '/Game/StarterContent/Maps/Minimal_Default.Minimal_Default:PersistentLevel' has LevelScriptBlueprint '/Game/StarterContent/Maps/Minimal_Default.Minimal_Default:PersistentLevel.Minimal_Default' with GeneratedClass '/Game/StarterContent/Maps/Minimal_Default.Minimal_Default_C' with ClassGeneratedBy '/Game/StarterContent/Maps/Minimal_Default.Minimal_Default:PersistentLevel.Minimal_Default'
[2016.03.15-12.18.26:824][392]LogPlayLevel: PlayLevel: No blueprints needed recompiling
[2016.03.15-12.18.26:824][392]PIE: New page: PIE session: Minimal_Default (15 Mar 2016 12:18:26)
[2016.03.15-12.18.26:825][392]LogPlayLevel: Creating play world package: /Game/StarterContent/Maps/UEDPIE_0_Minimal_Default
[2016.03.15-12.18.26:834][392]LogPlayLevel: PIE: StaticDuplicateObject took: (0.008963s)
[2016.03.15-12.18.26:835][392]LogAIModule: Creating AISystem for world Minimal_Default
[2016.03.15-12.18.26:835][392]LogPlayLevel: PIE: World Init took: (0.001028s)
[2016.03.15-12.18.26:836][392]LogPlayLevel: PIE: Created PIE world by copying editor world from /Game/StarterContent/Maps/Minimal_Default.Minimal_Default to /Game/StarterContent/Maps/UEDPIE_0_Minimal_Default.Minimal_Default (0.010889s)
[2016.03.15-12.18.26:919][392]LogInit: XAudio2 using 'Speakers (Realtek High Definition Audio)' : 2 channels at 48 kHz using 32 bits per sample (channel mask 0x3)
[2016.03.15-12.18.26:947][392]LogInit: FAudioDevice initialized.
[2016.03.15-12.18.26:997][392]LogWorld: Game class is 'LearningGameMode'
[2016.03.15-12.18.27:001][392]LogWorld: Bringing World /Game/StarterContent/Maps/UEDPIE_0_Minimal_Default.Minimal_Default up for play (max tick rate 0) at 2016.03.15-12.18.27
[2016.03.15-12.18.27:002][392]LogWorld: Bringing up level for play took: 0.004257
[2016.03.15-12.18.27:005][392]PIE: Info Play in editor start time for /Game/StarterContent/Maps/UEDPIE_0_Minimal_Default -0.308
[2016.03.15-12.18.27:006][392]LogBlueprintUserMessages: Late PlayInEditor Detection: Level '/Game/StarterContent/Maps/Minimal_Default.Minimal_Default:PersistentLevel' has LevelScriptBlueprint '/Game/StarterContent/Maps/Minimal_Default.Minimal_Default:PersistentLevel.Minimal_Default' with GeneratedClass '/Game/StarterContent/Maps/Minimal_Default.Minimal_Default_C' with ClassGeneratedBy '/Game/StarterContent/Maps/Minimal_Default.Minimal_Default:PersistentLevel.Minimal_Default'
[2016.03.15-12.18.50:548][830]LogBlueprintUserMessages: Early EndPlayMap Detection: Level '/Game/StarterContent/Maps/Minimal_Default.Minimal_Default:PersistentLevel' has LevelScriptBlueprint '/Game/StarterContent/Maps/Minimal_Default.Minimal_Default:PersistentLevel.Minimal_Default' with GeneratedClass '/Game/StarterContent/Maps/Minimal_Default.Minimal_Default_C' with ClassGeneratedBy '/Game/StarterContent/Maps/Minimal_Default.Minimal_Default:PersistentLevel.Minimal_Default'
[2016.03.15-12.18.50:601][830]LogBlueprintUserMessages: Late EndPlayMap Detection: Level '/Game/StarterContent/Maps/Minimal_Default.Minimal_Default:PersistentLevel' has LevelScriptBlueprint '/Game/StarterContent/Maps/Minimal_Default.Minimal_Default:PersistentLevel.Minimal_Default' with GeneratedClass '/Game/StarterContent/Maps/Minimal_Default.Minimal_Default_C' with ClassGeneratedBy '/Game/StarterContent/Maps/Minimal_Default.Minimal_Default:PersistentLevel.Minimal_Default'
[2016.03.15-12.18.57:923][939]LogBlueprintUserMessages: Early PlayInEditor Detection: Level '/Game/StarterContent/Maps/Minimal_Default.Minimal_Default:PersistentLevel' has LevelScriptBlueprint '/Game/StarterContent/Maps/Minimal_Default.Minimal_Default:PersistentLevel.Minimal_Default' with GeneratedClass '/Game/StarterContent/Maps/Minimal_Default.Minimal_Default_C' with ClassGeneratedBy '/Game/StarterContent/Maps/Minimal_Default.Minimal_Default:PersistentLevel.Minimal_Default'
[2016.03.15-12.18.57:923][939]LogPlayLevel: PlayLevel: No blueprints needed recompiling
[2016.03.15-12.18.57:923][939]PIE: New page: PIE session: Minimal_Default (15 Mar 2016 12:18:57)
[2016.03.15-12.18.57:924][939]LogPlayLevel: Creating play world package: /Game/StarterContent/Maps/UEDPIE_0_Minimal_Default
[2016.03.15-12.18.57:933][939]LogPlayLevel: PIE: StaticDuplicateObject took: (0.009035s)
[2016.03.15-12.18.57:934][939]LogAIModule: Creating AISystem for world Minimal_Default
[2016.03.15-12.18.57:934][939]LogPlayLevel: PIE: World Init took: (0.001090s)
[2016.03.15-12.18.57:935][939]LogPlayLevel: PIE: Created PIE world by copying editor world from /Game/StarterContent/Maps/Minimal_Default.Minimal_Default to /Game/StarterContent/Maps/UEDPIE_0_Minimal_Default.Minimal_Default (0.011059s)
[2016.03.15-12.18.58:017][939]LogInit: XAudio2 using 'Speakers (Realtek High Definition Audio)' : 2 channels at 48 kHz using 32 bits per sample (channel mask 0x3)
[2016.03.15-12.18.58:049][939]LogInit: FAudioDevice initialized.
[2016.03.15-12.18.58:101][939]LogWorld: Game class is 'LearningGameMode'
[2016.03.15-12.18.58:105][939]LogWorld: Bringing World /Game/StarterContent/Maps/UEDPIE_0_Minimal_Default.Minimal_Default up for play (max tick rate 0) at 2016.03.15-12.18.58
[2016.03.15-12.18.58:105][939]LogWorld: Bringing up level for play took: 0.003633
[2016.03.15-12.18.58:108][939]PIE: Info Play in editor start time for /Game/StarterContent/Maps/UEDPIE_0_Minimal_Default 0.794
[2016.03.15-12.18.58:108][939]LogBlueprintUserMessages: Late PlayInEditor Detection: Level '/Game/StarterContent/Maps/Minimal_Default.Minimal_Default:PersistentLevel' has LevelScriptBlueprint '/Game/StarterContent/Maps/Minimal_Default.Minimal_Default:PersistentLevel.Minimal_Default' with GeneratedClass '/Game/StarterContent/Maps/Minimal_Default.Minimal_Default_C' with ClassGeneratedBy '/Game/StarterContent/Maps/Minimal_Default.Minimal_Default:PersistentLevel.Minimal_Default'
[2016.03.15-12.19.11:876][766]LogBlueprintUserMessages: Early EndPlayMap Detection: Level '/Game/StarterContent/Maps/Minimal_Default.Minimal_Default:PersistentLevel' has LevelScriptBlueprint '/Game/StarterContent/Maps/Minimal_Default.Minimal_Default:PersistentLevel.Minimal_Default' with GeneratedClass '/Game/StarterContent/Maps/Minimal_Default.Minimal_Default_C' with ClassGeneratedBy '/Game/StarterContent/Maps/Minimal_Default.Minimal_Default:PersistentLevel.Minimal_Default'
[2016.03.15-12.19.11:927][766]LogBlueprintUserMessages: Late EndPlayMap Detection: Level '/Game/StarterContent/Maps/Minimal_Default.Minimal_Default:PersistentLevel' has LevelScriptBlueprint '/Game/StarterContent/Maps/Minimal_Default.Minimal_Default:PersistentLevel.Minimal_Default' with GeneratedClass '/Game/StarterContent/Maps/Minimal_Default.Minimal_Default_C' with ClassGeneratedBy '/Game/StarterContent/Maps/Minimal_Default.Minimal_Default:PersistentLevel.Minimal_Default'
[2016.03.15-12.20.56:680][188]Recompiling Learning...
[2016.03.15-12.20.56:681][188]Launching UnrealBuildTool... [C:/Users/Jack/Documents/GitHub/UnrealEngine/Engine/Binaries/DotNET/UnrealBuildTool.exe Learning -ModuleWithSuffix Learning 2658 Win64 Debug -editorrecompile -canskiplink "C:/Users/Jack/Documents/GitHub/UE4/Learning/Learning.uproject"  -2015]
[2016.03.15-12.20.56:693][188]Warning: Starting HotReload took  0.0s.
[2016.03.15-12.21.08:107][592]CompilerResultsLog: New page: Compilation - 15 Mar 2016 12:21:08
[2016.03.15-12.21.08:107][592]CompilerResultsLog: Info Creating makefile for hot reloading Learning (working set of source files changed)
[2016.03.15-12.21.08:107][592]CompilerResultsLog: Info Compiling game modules for hot reload
[2016.03.15-12.21.08:107][592]CompilerResultsLog: Info Building UnrealHeaderTool...
[2016.03.15-12.21.08:107][592]CompilerResultsLog: Info Target is up to date
[2016.03.15-12.21.08:107][592]CompilerResultsLog: Info Parsing headers for LearningEditor
[2016.03.15-12.21.08:107][592]CompilerResultsLog: Info   Running UnrealHeaderTool "C:\Users\Jack\Documents\GitHub\UE4\Learning\Learning.uproject" "C:\Users\Jack\Documents\GitHub\UE4\Learning\Intermediate\Build\Win64\LearningEditor\Debug\UnrealHeaderTool.manifest" -LogCmds="loginit warning, logexit warning, logdatabase error" -Unattended -WarningsAsErrors
[2016.03.15-12.21.08:108][592]CompilerResultsLog: Info Reflection code generated for LearningEditor in 3.4667662 seconds
[2016.03.15-12.21.08:108][592]CompilerResultsLog: Info Performing 2 actions (2 in parallel)
[2016.03.15-12.21.08:108][592]CompilerResultsLog: Info FloatingActor.cpp
[2016.03.15-12.21.08:108][592]CompilerResultsLog: Info [2/2] Link UE4Editor-Learning-2658-Win64-Debug.dll
[2016.03.15-12.21.08:108][592]CompilerResultsLog: Info    Creating library C:\Users\Jack\Documents\GitHub\UE4\Learning\Intermediate\Build\Win64\UE4Editor\Debug\UE4Editor-Learning-2658-Win64-Debug.lib and object C:\Users\Jack\Documents\GitHub\UE4\Learning\Intermediate\Build\Win64\UE4Editor\Debug\UE4Editor-Learning-2658-Win64-Debug.exp
[2016.03.15-12.21.08:108][592]CompilerResultsLog: Info -------- End Detailed Actions Stats -----------------------------------------------------------
[2016.03.15-12.21.08:108][592]CompilerResultsLog: Info Total build time: 11.34 seconds
[2016.03.15-12.21.08:108][592]LogMainFrame: MainFrame: Module compiling took 11.434 seconds
[2016.03.15-12.21.08:221][592]LogContentBrowser: Native class hierarchy updated for 'Learning' in 0.0013 seconds. Added 2 classes and 2 folders.
[2016.03.15-12.21.08:224][592]Warning: HotReload successful (0 functions remapped  0 scriptstructs remapped)
[2016.03.15-12.21.08:398][592]LogContentBrowser: Native class hierarchy populated in 0.0223 seconds. Added 1988 classes and 350 folders.
[2016.03.15-12.21.08:398][592]Warning: HotReload took 11.7s.
[2016.03.15-12.21.09:643][639]LogBlueprintUserMessages: Early PlayInEditor Detection: Level '/Game/StarterContent/Maps/Minimal_Default.Minimal_Default:PersistentLevel' has LevelScriptBlueprint '/Game/StarterContent/Maps/Minimal_Default.Minimal_Default:PersistentLevel.Minimal_Default' with GeneratedClass '/Game/StarterContent/Maps/Minimal_Default.Minimal_Default_C' with ClassGeneratedBy '/Game/StarterContent/Maps/Minimal_Default.Minimal_Default:PersistentLevel.Minimal_Default'
[2016.03.15-12.21.09:643][639]LogPlayLevel: PlayLevel: No blueprints needed recompiling
[2016.03.15-12.21.09:643][639]PIE: New page: PIE session: Minimal_Default (15 Mar 2016 12:21:09)
[2016.03.15-12.21.09:643][639]LogPlayLevel: Creating play world package: /Game/StarterContent/Maps/UEDPIE_0_Minimal_Default
[2016.03.15-12.21.09:653][639]LogPlayLevel: PIE: StaticDuplicateObject took: (0.009797s)
[2016.03.15-12.21.09:654][639]LogAIModule: Creating AISystem for world Minimal_Default
[2016.03.15-12.21.09:655][639]LogPlayLevel: PIE: World Init took: (0.001843s)
[2016.03.15-12.21.09:656][639]LogPlayLevel: PIE: Created PIE world by copying editor world from /Game/StarterContent/Maps/Minimal_Default.Minimal_Default to /Game/StarterContent/Maps/UEDPIE_0_Minimal_Default.Minimal_Default (0.012566s)
[2016.03.15-12.21.09:729][639]LogInit: XAudio2 using 'Speakers (Realtek High Definition Audio)' : 2 channels at 48 kHz using 32 bits per sample (channel mask 0x3)
[2016.03.15-12.21.09:757][639]LogInit: FAudioDevice initialized.
[2016.03.15-12.21.09:806][639]LogWorld: Game class is 'LearningGameMode'
[2016.03.15-12.21.09:810][639]LogWorld: Bringing World /Game/StarterContent/Maps/UEDPIE_0_Minimal_Default.Minimal_Default up for play (max tick rate 0) at 2016.03.15-12.21.09
[2016.03.15-12.21.09:811][639]LogWorld: Bringing up level for play took: 0.003523
[2016.03.15-12.21.09:814][639]PIE: Info Play in editor start time for /Game/StarterContent/Maps/UEDPIE_0_Minimal_Default 0.5
[2016.03.15-12.21.09:814][639]LogBlueprintUserMessages: Late PlayInEditor Detection: Level '/Game/StarterContent/Maps/Minimal_Default.Minimal_Default:PersistentLevel' has LevelScriptBlueprint '/Game/StarterContent/Maps/Minimal_Default.Minimal_Default:PersistentLevel.Minimal_Default' with GeneratedClass '/Game/StarterContent/Maps/Minimal_Default.Minimal_Default_C' with ClassGeneratedBy '/Game/StarterContent/Maps/Minimal_Default.Minimal_Default:PersistentLevel.Minimal_Default'
[2016.03.15-12.21.30:022][850]LogBlueprintUserMessages: Early EndPlayMap Detection: Level '/Game/StarterContent/Maps/Minimal_Default.Minimal_Default:PersistentLevel' has LevelScriptBlueprint '/Game/StarterContent/Maps/Minimal_Default.Minimal_Default:PersistentLevel.Minimal_Default' with GeneratedClass '/Game/StarterContent/Maps/Minimal_Default.Minimal_Default_C' with ClassGeneratedBy '/Game/StarterContent/Maps/Minimal_Default.Minimal_Default:PersistentLevel.Minimal_Default'
[2016.03.15-12.21.30:072][850]LogBlueprintUserMessages: Late EndPlayMap Detection: Level '/Game/StarterContent/Maps/Minimal_Default.Minimal_Default:PersistentLevel' has LevelScriptBlueprint '/Game/StarterContent/Maps/Minimal_Default.Minimal_Default:PersistentLevel.Minimal_Default' with GeneratedClass '/Game/StarterContent/Maps/Minimal_Default.Minimal_Default_C' with ClassGeneratedBy '/Game/StarterContent/Maps/Minimal_Default.Minimal_Default:PersistentLevel.Minimal_Default'
[2016.03.15-12.21.40:560][975]Recompiling Learning...
[2016.03.15-12.21.40:561][975]Launching UnrealBuildTool... [C:/Users/Jack/Documents/GitHub/UnrealEngine/Engine/Binaries/DotNET/UnrealBuildTool.exe Learning -ModuleWithSuffix Learning 8150 Win64 Debug -editorrecompile -canskiplink "C:/Users/Jack/Documents/GitHub/UE4/Learning/Learning.uproject"  -2015]
[2016.03.15-12.21.40:577][975]Warning: Starting HotReload took  0.0s.
[2016.03.15-12.21.52:216][386]CompilerResultsLog: New page: Compilation - 15 Mar 2016 12:21:52
[2016.03.15-12.21.52:216][386]CompilerResultsLog: Info Creating makefile for hot reloading Learning (working set of source files changed)
[2016.03.15-12.21.52:217][386]CompilerResultsLog: Info Compiling game modules for hot reload
[2016.03.15-12.21.52:217][386]CompilerResultsLog: Info Building UnrealHeaderTool...
[2016.03.15-12.21.52:217][386]CompilerResultsLog: Info Target is up to date
[2016.03.15-12.21.52:217][386]CompilerResultsLog: Info Parsing headers for LearningEditor
[2016.03.15-12.21.52:218][386]CompilerResultsLog: Info   Running UnrealHeaderTool "C:\Users\Jack\Documents\GitHub\UE4\Learning\Learning.uproject" "C:\Users\Jack\Documents\GitHub\UE4\Learning\Intermediate\Build\Win64\LearningEditor\Debug\UnrealHeaderTool.manifest" -LogCmds="loginit warning, logexit warning, logdatabase error" -Unattended -WarningsAsErrors
[2016.03.15-12.21.52:218][386]CompilerResultsLog: Info Reflection code generated for LearningEditor in 3.6315055 seconds
[2016.03.15-12.21.52:218][386]CompilerResultsLog: Info Performing 2 actions (2 in parallel)
[2016.03.15-12.21.52:218][386]CompilerResultsLog: Info FloatingActor.cpp
[2016.03.15-12.21.52:218][386]CompilerResultsLog: Info [2/2] Link UE4Editor-Learning-8150-Win64-Debug.dll
[2016.03.15-12.21.52:218][386]CompilerResultsLog: Info    Creating library C:\Users\Jack\Documents\GitHub\UE4\Learning\Intermediate\Build\Win64\UE4Editor\Debug\UE4Editor-Learning-8150-Win64-Debug.lib and object C:\Users\Jack\Documents\GitHub\UE4\Learning\Intermediate\Build\Win64\UE4Editor\Debug\UE4Editor-Learning-8150-Win64-Debug.exp
[2016.03.15-12.21.52:218][386]CompilerResultsLog: Info -------- End Detailed Actions Stats -----------------------------------------------------------
[2016.03.15-12.21.52:218][386]CompilerResultsLog: Info Total build time: 11.52 seconds
[2016.03.15-12.21.52:218][386]LogMainFrame: MainFrame: Module compiling took 11.664 seconds
[2016.03.15-12.21.52:330][386]LogContentBrowser: Native class hierarchy updated for 'Learning' in 0.0013 seconds. Added 2 classes and 2 folders.
[2016.03.15-12.21.52:333][386]Warning: HotReload successful (0 functions remapped  0 scriptstructs remapped)
[2016.03.15-12.21.52:538][386]LogContentBrowser: Native class hierarchy populated in 0.0315 seconds. Added 1988 classes and 350 folders.
[2016.03.15-12.21.52:538][386]Warning: HotReload took 12.0s.
[2016.03.15-12.23.04:111][578]LogBlueprintUserMessages: Early PlayInEditor Detection: Level '/Game/StarterContent/Maps/Minimal_Default.Minimal_Default:PersistentLevel' has LevelScriptBlueprint '/Game/StarterContent/Maps/Minimal_Default.Minimal_Default:PersistentLevel.Minimal_Default' with GeneratedClass '/Game/StarterContent/Maps/Minimal_Default.Minimal_Default_C' with ClassGeneratedBy '/Game/StarterContent/Maps/Minimal_Default.Minimal_Default:PersistentLevel.Minimal_Default'
[2016.03.15-12.23.04:111][578]LogPlayLevel: PlayLevel: No blueprints needed recompiling
[2016.03.15-12.23.04:112][578]PIE: New page: PIE session: Minimal_Default (15 Mar 2016 12:23:04)
[2016.03.15-12.23.04:112][578]LogPlayLevel: Creating play world package: /Game/StarterContent/Maps/UEDPIE_0_Minimal_Default
[2016.03.15-12.23.04:122][578]LogPlayLevel: PIE: StaticDuplicateObject took: (0.010379s)
[2016.03.15-12.23.04:123][578]LogAIModule: Creating AISystem for world Minimal_Default
[2016.03.15-12.23.04:124][578]LogPlayLevel: PIE: World Init took: (0.001186s)
[2016.03.15-12.23.04:124][578]LogPlayLevel: PIE: Created PIE world by copying editor world from /Game/StarterContent/Maps/Minimal_Default.Minimal_Default to /Game/StarterContent/Maps/UEDPIE_0_Minimal_Default.Minimal_Default (0.012227s)
[2016.03.15-12.23.04:212][578]LogInit: XAudio2 using 'Speakers (Realtek High Definition Audio)' : 2 channels at 48 kHz using 32 bits per sample (channel mask 0x3)
[2016.03.15-12.23.04:242][578]LogInit: FAudioDevice initialized.
[2016.03.15-12.23.04:292][578]LogWorld: Game class is 'LearningGameMode'
[2016.03.15-12.23.04:296][578]LogWorld: Bringing World /Game/StarterContent/Maps/UEDPIE_0_Minimal_Default.Minimal_Default up for play (max tick rate 0) at 2016.03.15-12.23.04
[2016.03.15-12.23.04:297][578]LogWorld: Bringing up level for play took: 0.003707
[2016.03.15-12.23.04:300][578]PIE: Info Play in editor start time for /Game/StarterContent/Maps/UEDPIE_0_Minimal_Default 0.986
[2016.03.15-12.23.04:300][578]LogBlueprintUserMessages: Late PlayInEditor Detection: Level '/Game/StarterContent/Maps/Minimal_Default.Minimal_Default:PersistentLevel' has LevelScriptBlueprint '/Game/StarterContent/Maps/Minimal_Default.Minimal_Default:PersistentLevel.Minimal_Default' with GeneratedClass '/Game/StarterContent/Maps/Minimal_Default.Minimal_Default_C' with ClassGeneratedBy '/Game/StarterContent/Maps/Minimal_Default.Minimal_Default:PersistentLevel.Minimal_Default'
[2016.03.15-12.23.21:529][640]LogBlueprintUserMessages: Early EndPlayMap Detection: Level '/Game/StarterContent/Maps/Minimal_Default.Minimal_Default:PersistentLevel' has LevelScriptBlueprint '/Game/StarterContent/Maps/Minimal_Default.Minimal_Default:PersistentLevel.Minimal_Default' with GeneratedClass '/Game/StarterContent/Maps/Minimal_Default.Minimal_Default_C' with ClassGeneratedBy '/Game/StarterContent/Maps/Minimal_Default.Minimal_Default:PersistentLevel.Minimal_Default'
[2016.03.15-12.23.21:578][640]LogBlueprintUserMessages: Late EndPlayMap Detection: Level '/Game/StarterContent/Maps/Minimal_Default.Minimal_Default:PersistentLevel' has LevelScriptBlueprint '/Game/StarterContent/Maps/Minimal_Default.Minimal_Default:PersistentLevel.Minimal_Default' with GeneratedClass '/Game/StarterContent/Maps/Minimal_Default.Minimal_Default_C' with ClassGeneratedBy '/Game/StarterContent/Maps/Minimal_Default.Minimal_Default:PersistentLevel.Minimal_Default'
[2016.03.15-12.24.01:720][978]Recompiling Learning...
[2016.03.15-12.24.01:720][978]Launching UnrealBuildTool... [C:/Users/Jack/Documents/GitHub/UnrealEngine/Engine/Binaries/DotNET/UnrealBuildTool.exe Learning -ModuleWithSuffix Learning 1376 Win64 Debug -editorrecompile -canskiplink "C:/Users/Jack/Documents/GitHub/UE4/Learning/Learning.uproject"  -2015]
[2016.03.15-12.24.01:739][978]Warning: Starting HotReload took  0.0s.
[2016.03.15-12.24.13:100][380]CompilerResultsLog: New page: Compilation - 15 Mar 2016 12:24:13
[2016.03.15-12.24.13:101][380]CompilerResultsLog: Info Creating makefile for hot reloading Learning (working set of source files changed)
[2016.03.15-12.24.13:101][380]CompilerResultsLog: Info Compiling game modules for hot reload
[2016.03.15-12.24.13:101][380]CompilerResultsLog: Info Building UnrealHeaderTool...
[2016.03.15-12.24.13:101][380]CompilerResultsLog: Info Target is up to date
[2016.03.15-12.24.13:101][380]CompilerResultsLog: Info Parsing headers for LearningEditor
[2016.03.15-12.24.13:101][380]CompilerResultsLog: Info   Running UnrealHeaderTool "C:\Users\Jack\Documents\GitHub\UE4\Learning\Learning.uproject" "C:\Users\Jack\Documents\GitHub\UE4\Learning\Intermediate\Build\Win64\LearningEditor\Debug\UnrealHeaderTool.manifest" -LogCmds="loginit warning, logexit warning, logdatabase error" -Unattended -WarningsAsErrors
[2016.03.15-12.24.13:101][380]CompilerResultsLog: Info Reflection code generated for LearningEditor in 3.6072749 seconds
[2016.03.15-12.24.13:102][380]CompilerResultsLog: Info Performing 2 actions (2 in parallel)
[2016.03.15-12.24.13:102][380]CompilerResultsLog: Info FloatingActor.cpp
[2016.03.15-12.24.13:102][380]CompilerResultsLog: Info [2/2] Link UE4Editor-Learning-1376-Win64-Debug.dll
[2016.03.15-12.24.13:102][380]CompilerResultsLog: Info    Creating library C:\Users\Jack\Documents\GitHub\UE4\Learning\Intermediate\Build\Win64\UE4Editor\Debug\UE4Editor-Learning-1376-Win64-Debug.lib and object C:\Users\Jack\Documents\GitHub\UE4\Learning\Intermediate\Build\Win64\UE4Editor\Debug\UE4Editor-Learning-1376-Win64-Debug.exp
[2016.03.15-12.24.13:102][380]CompilerResultsLog: Info -------- End Detailed Actions Stats -----------------------------------------------------------
[2016.03.15-12.24.13:102][380]CompilerResultsLog: Info Total build time: 11.29 seconds
[2016.03.15-12.24.13:102][380]LogMainFrame: MainFrame: Module compiling took 11.389 seconds
[2016.03.15-12.24.13:216][380]LogContentBrowser: Native class hierarchy updated for 'Learning' in 0.0013 seconds. Added 2 classes and 2 folders.
[2016.03.15-12.24.13:219][380]Warning: HotReload successful (0 functions remapped  0 scriptstructs remapped)
[2016.03.15-12.24.13:419][380]LogContentBrowser: Native class hierarchy populated in 0.0223 seconds. Added 1988 classes and 350 folders.
[2016.03.15-12.24.13:419][380]Warning: HotReload took 11.7s.
[2016.03.15-12.24.14:898][433]LogBlueprintUserMessages: Early PlayInEditor Detection: Level '/Game/StarterContent/Maps/Minimal_Default.Minimal_Default:PersistentLevel' has LevelScriptBlueprint '/Game/StarterContent/Maps/Minimal_Default.Minimal_Default:PersistentLevel.Minimal_Default' with GeneratedClass '/Game/StarterContent/Maps/Minimal_Default.Minimal_Default_C' with ClassGeneratedBy '/Game/StarterContent/Maps/Minimal_Default.Minimal_Default:PersistentLevel.Minimal_Default'
[2016.03.15-12.24.14:899][433]LogPlayLevel: PlayLevel: No blueprints needed recompiling
[2016.03.15-12.24.14:899][433]PIE: New page: PIE session: Minimal_Default (15 Mar 2016 12:24:14)
[2016.03.15-12.24.14:899][433]LogPlayLevel: Creating play world package: /Game/StarterContent/Maps/UEDPIE_0_Minimal_Default
[2016.03.15-12.24.14:910][433]LogPlayLevel: PIE: StaticDuplicateObject took: (0.010610s)
[2016.03.15-12.24.14:911][433]LogAIModule: Creating AISystem for world Minimal_Default
[2016.03.15-12.24.14:912][433]LogPlayLevel: PIE: World Init took: (0.001107s)
[2016.03.15-12.24.14:912][433]LogPlayLevel: PIE: Created PIE world by copying editor world from /Game/StarterContent/Maps/Minimal_Default.Minimal_Default to /Game/StarterContent/Maps/UEDPIE_0_Minimal_Default.Minimal_Default (0.012520s)
[2016.03.15-12.24.14:995][433]LogInit: XAudio2 using 'Speakers (Realtek High Definition Audio)' : 2 channels at 48 kHz using 32 bits per sample (channel mask 0x3)
[2016.03.15-12.24.15:025][433]LogInit: FAudioDevice initialized.
[2016.03.15-12.24.15:072][433]LogWorld: Game class is 'LearningGameMode'
[2016.03.15-12.24.15:076][433]LogWorld: Bringing World /Game/StarterContent/Maps/UEDPIE_0_Minimal_Default.Minimal_Default up for play (max tick rate 0) at 2016.03.15-12.24.15
[2016.03.15-12.24.15:077][433]LogWorld: Bringing up level for play took: 0.004629
[2016.03.15-12.24.15:080][433]PIE: Info Play in editor start time for /Game/StarterContent/Maps/UEDPIE_0_Minimal_Default -0.234
[2016.03.15-12.24.15:080][433]LogBlueprintUserMessages: Late PlayInEditor Detection: Level '/Game/StarterContent/Maps/Minimal_Default.Minimal_Default:PersistentLevel' has LevelScriptBlueprint '/Game/StarterContent/Maps/Minimal_Default.Minimal_Default:PersistentLevel.Minimal_Default' with GeneratedClass '/Game/StarterContent/Maps/Minimal_Default.Minimal_Default_C' with ClassGeneratedBy '/Game/StarterContent/Maps/Minimal_Default.Minimal_Default:PersistentLevel.Minimal_Default'
[2016.03.15-12.24.26:717][ 85]LogBlueprintUserMessages: Early EndPlayMap Detection: Level '/Game/StarterContent/Maps/Minimal_Default.Minimal_Default:PersistentLevel' has LevelScriptBlueprint '/Game/StarterContent/Maps/Minimal_Default.Minimal_Default:PersistentLevel.Minimal_Default' with GeneratedClass '/Game/StarterContent/Maps/Minimal_Default.Minimal_Default_C' with ClassGeneratedBy '/Game/StarterContent/Maps/Minimal_Default.Minimal_Default:PersistentLevel.Minimal_Default'
[2016.03.15-12.24.26:772][ 85]LogBlueprintUserMessages: Late EndPlayMap Detection: Level '/Game/StarterContent/Maps/Minimal_Default.Minimal_Default:PersistentLevel' has LevelScriptBlueprint '/Game/StarterContent/Maps/Minimal_Default.Minimal_Default:PersistentLevel.Minimal_Default' with GeneratedClass '/Game/StarterContent/Maps/Minimal_Default.Minimal_Default_C' with ClassGeneratedBy '/Game/StarterContent/Maps/Minimal_Default.Minimal_Default:PersistentLevel.Minimal_Default'
[2016.03.15-12.24.57:635][285]Recompiling Learning...
[2016.03.15-12.24.57:635][285]Launching UnrealBuildTool... [C:/Users/Jack/Documents/GitHub/UnrealEngine/Engine/Binaries/DotNET/UnrealBuildTool.exe Learning -ModuleWithSuffix Learning 8414 Win64 Debug -editorrecompile -canskiplink "C:/Users/Jack/Documents/GitHub/UE4/Learning/Learning.uproject"  -2015]
[2016.03.15-12.24.57:647][285]Warning: Starting HotReload took  0.0s.
[2016.03.15-12.25.09:137][688]CompilerResultsLog: New page: Compilation - 15 Mar 2016 12:25:09
[2016.03.15-12.25.09:138][688]CompilerResultsLog: Info Creating makefile for hot reloading Learning (working set of source files changed)
[2016.03.15-12.25.09:138][688]CompilerResultsLog: Info Compiling game modules for hot reload
[2016.03.15-12.25.09:138][688]CompilerResultsLog: Info Building UnrealHeaderTool...
[2016.03.15-12.25.09:138][688]CompilerResultsLog: Info Target is up to date
[2016.03.15-12.25.09:138][688]CompilerResultsLog: Info Parsing headers for LearningEditor
[2016.03.15-12.25.09:138][688]CompilerResultsLog: Info   Running UnrealHeaderTool "C:\Users\Jack\Documents\GitHub\UE4\Learning\Learning.uproject" "C:\Users\Jack\Documents\GitHub\UE4\Learning\Intermediate\Build\Win64\LearningEditor\Debug\UnrealHeaderTool.manifest" -LogCmds="loginit warning, logexit warning, logdatabase error" -Unattended -WarningsAsErrors
[2016.03.15-12.25.09:138][688]CompilerResultsLog: Info Reflection code generated for LearningEditor in 3.6592218 seconds
[2016.03.15-12.25.09:138][688]CompilerResultsLog: Info Performing 2 actions (2 in parallel)
[2016.03.15-12.25.09:138][688]CompilerResultsLog: Info FloatingActor.cpp
[2016.03.15-12.25.09:139][688]CompilerResultsLog: Info [2/2] Link UE4Editor-Learning-8414-Win64-Debug.dll
[2016.03.15-12.25.09:139][688]CompilerResultsLog: Info    Creating library C:\Users\Jack\Documents\GitHub\UE4\Learning\Intermediate\Build\Win64\UE4Editor\Debug\UE4Editor-Learning-8414-Win64-Debug.lib and object C:\Users\Jack\Documents\GitHub\UE4\Learning\Intermediate\Build\Win64\UE4Editor\Debug\UE4Editor-Learning-8414-Win64-Debug.exp
[2016.03.15-12.25.09:139][688]CompilerResultsLog: Info -------- End Detailed Actions Stats -----------------------------------------------------------
[2016.03.15-12.25.09:139][688]CompilerResultsLog: Info Total build time: 11.41 seconds
[2016.03.15-12.25.09:139][688]LogMainFrame: MainFrame: Module compiling took 11.511 seconds
[2016.03.15-12.25.09:253][688]LogContentBrowser: Native class hierarchy updated for 'Learning' in 0.0013 seconds. Added 2 classes and 2 folders.
[2016.03.15-12.25.09:257][688]Warning: HotReload successful (0 functions remapped  0 scriptstructs remapped)
[2016.03.15-12.25.09:439][688]LogContentBrowser: Native class hierarchy populated in 0.0284 seconds. Added 1988 classes and 350 folders.
[2016.03.15-12.25.09:439][688]Warning: HotReload took 11.8s.
[2016.03.15-12.25.14:139][869]LogBlueprintUserMessages: Early PlayInEditor Detection: Level '/Game/StarterContent/Maps/Minimal_Default.Minimal_Default:PersistentLevel' has LevelScriptBlueprint '/Game/StarterContent/Maps/Minimal_Default.Minimal_Default:PersistentLevel.Minimal_Default' with GeneratedClass '/Game/StarterContent/Maps/Minimal_Default.Minimal_Default_C' with ClassGeneratedBy '/Game/StarterContent/Maps/Minimal_Default.Minimal_Default:PersistentLevel.Minimal_Default'
[2016.03.15-12.25.14:139][869]LogPlayLevel: PlayLevel: No blueprints needed recompiling
[2016.03.15-12.25.14:139][869]PIE: New page: PIE session: Minimal_Default (15 Mar 2016 12:25:14)
[2016.03.15-12.25.14:140][869]LogPlayLevel: Creating play world package: /Game/StarterContent/Maps/UEDPIE_0_Minimal_Default
[2016.03.15-12.25.14:150][869]LogPlayLevel: PIE: StaticDuplicateObject took: (0.010619s)
[2016.03.15-12.25.14:152][869]LogAIModule: Creating AISystem for world Minimal_Default
[2016.03.15-12.25.14:152][869]LogPlayLevel: PIE: World Init took: (0.001111s)
[2016.03.15-12.25.14:152][869]LogPlayLevel: PIE: Created PIE world by copying editor world from /Game/StarterContent/Maps/Minimal_Default.Minimal_Default to /Game/StarterContent/Maps/UEDPIE_0_Minimal_Default.Minimal_Default (0.012794s)
[2016.03.15-12.25.14:245][869]LogInit: XAudio2 using 'Speakers (Realtek High Definition Audio)' : 2 channels at 48 kHz using 32 bits per sample (channel mask 0x3)
[2016.03.15-12.25.14:273][869]LogInit: FAudioDevice initialized.
[2016.03.15-12.25.14:319][869]LogWorld: Game class is 'LearningGameMode'
[2016.03.15-12.25.14:323][869]LogWorld: Bringing World /Game/StarterContent/Maps/UEDPIE_0_Minimal_Default.Minimal_Default up for play (max tick rate 0) at 2016.03.15-12.25.14
[2016.03.15-12.25.14:324][869]LogWorld: Bringing up level for play took: 0.004515
[2016.03.15-12.25.14:327][869]PIE: Info Play in editor start time for /Game/StarterContent/Maps/UEDPIE_0_Minimal_Default 1.014
[2016.03.15-12.25.14:328][869]LogBlueprintUserMessages: Late PlayInEditor Detection: Level '/Game/StarterContent/Maps/Minimal_Default.Minimal_Default:PersistentLevel' has LevelScriptBlueprint '/Game/StarterContent/Maps/Minimal_Default.Minimal_Default:PersistentLevel.Minimal_Default' with GeneratedClass '/Game/StarterContent/Maps/Minimal_Default.Minimal_Default_C' with ClassGeneratedBy '/Game/StarterContent/Maps/Minimal_Default.Minimal_Default:PersistentLevel.Minimal_Default'
[2016.03.15-12.25.49:334][ 67]LogBlueprintUserMessages: Early EndPlayMap Detection: Level '/Game/StarterContent/Maps/Minimal_Default.Minimal_Default:PersistentLevel' has LevelScriptBlueprint '/Game/StarterContent/Maps/Minimal_Default.Minimal_Default:PersistentLevel.Minimal_Default' with GeneratedClass '/Game/StarterContent/Maps/Minimal_Default.Minimal_Default_C' with ClassGeneratedBy '/Game/StarterContent/Maps/Minimal_Default.Minimal_Default:PersistentLevel.Minimal_Default'
[2016.03.15-12.25.49:386][ 67]LogBlueprintUserMessages: Late EndPlayMap Detection: Level '/Game/StarterContent/Maps/Minimal_Default.Minimal_Default:PersistentLevel' has LevelScriptBlueprint '/Game/StarterContent/Maps/Minimal_Default.Minimal_Default:PersistentLevel.Minimal_Default' with GeneratedClass '/Game/StarterContent/Maps/Minimal_Default.Minimal_Default_C' with ClassGeneratedBy '/Game/StarterContent/Maps/Minimal_Default.Minimal_Default:PersistentLevel.Minimal_Default'
[2016.03.15-12.26.27:247][271]Recompiling Learning...
[2016.03.15-12.26.27:247][271]Launching UnrealBuildTool... [C:/Users/Jack/Documents/GitHub/UnrealEngine/Engine/Binaries/DotNET/UnrealBuildTool.exe Learning -ModuleWithSuffix Learning 5816 Win64 Debug -editorrecompile -canskiplink "C:/Users/Jack/Documents/GitHub/UE4/Learning/Learning.uproject"  -2015]
[2016.03.15-12.26.27:261][271]Warning: Starting HotReload took  0.0s.
[2016.03.15-12.26.38:828][673]CompilerResultsLog: New page: Compilation - 15 Mar 2016 12:26:38
[2016.03.15-12.26.38:829][673]CompilerResultsLog: Info Creating makefile for hot reloading Learning (working set of source files changed)
[2016.03.15-12.26.38:829][673]CompilerResultsLog: Info Compiling game modules for hot reload
[2016.03.15-12.26.38:829][673]CompilerResultsLog: Info Building UnrealHeaderTool...
[2016.03.15-12.26.38:829][673]CompilerResultsLog: Info Target is up to date
[2016.03.15-12.26.38:829][673]CompilerResultsLog: Info Parsing headers for LearningEditor
[2016.03.15-12.26.38:830][673]CompilerResultsLog: Info   Running UnrealHeaderTool "C:\Users\Jack\Documents\GitHub\UE4\Learning\Learning.uproject" "C:\Users\Jack\Documents\GitHub\UE4\Learning\Intermediate\Build\Win64\LearningEditor\Debug\UnrealHeaderTool.manifest" -LogCmds="loginit warning, logexit warning, logdatabase error" -Unattended -WarningsAsErrors
[2016.03.15-12.26.38:830][673]CompilerResultsLog: Info Reflection code generated for LearningEditor in 3.6045438 seconds
[2016.03.15-12.26.38:830][673]CompilerResultsLog: Info Performing 2 actions (2 in parallel)
[2016.03.15-12.26.38:830][673]CompilerResultsLog: Info FloatingActor.cpp
[2016.03.15-12.26.38:830][673]CompilerResultsLog: Info [2/2] Link UE4Editor-Learning-5816-Win64-Debug.dll
[2016.03.15-12.26.38:830][673]CompilerResultsLog: Info    Creating library C:\Users\Jack\Documents\GitHub\UE4\Learning\Intermediate\Build\Win64\UE4Editor\Debug\UE4Editor-Learning-5816-Win64-Debug.lib and object C:\Users\Jack\Documents\GitHub\UE4\Learning\Intermediate\Build\Win64\UE4Editor\Debug\UE4Editor-Learning-5816-Win64-Debug.exp
[2016.03.15-12.26.38:830][673]CompilerResultsLog: Info -------- End Detailed Actions Stats -----------------------------------------------------------
[2016.03.15-12.26.38:830][673]CompilerResultsLog: Info Total build time: 11.50 seconds
[2016.03.15-12.26.38:830][673]LogMainFrame: MainFrame: Module compiling took 11.589 seconds
[2016.03.15-12.26.38:931][673]LogContentBrowser: Native class hierarchy updated for 'Learning' in 0.0014 seconds. Added 2 classes and 2 folders.
[2016.03.15-12.26.38:934][673]Warning: HotReload successful (0 functions remapped  0 scriptstructs remapped)
[2016.03.15-12.26.39:098][673]LogContentBrowser: Native class hierarchy populated in 0.0208 seconds. Added 1988 classes and 350 folders.
[2016.03.15-12.26.39:098][673]Warning: HotReload took 11.9s.
[2016.03.15-12.26.41:530][771]LogBlueprintUserMessages: Early PlayInEditor Detection: Level '/Game/StarterContent/Maps/Minimal_Default.Minimal_Default:PersistentLevel' has LevelScriptBlueprint '/Game/StarterContent/Maps/Minimal_Default.Minimal_Default:PersistentLevel.Minimal_Default' with GeneratedClass '/Game/StarterContent/Maps/Minimal_Default.Minimal_Default_C' with ClassGeneratedBy '/Game/StarterContent/Maps/Minimal_Default.Minimal_Default:PersistentLevel.Minimal_Default'
[2016.03.15-12.26.41:530][771]LogPlayLevel: PlayLevel: No blueprints needed recompiling
[2016.03.15-12.26.41:530][771]PIE: New page: PIE session: Minimal_Default (15 Mar 2016 12:26:41)
[2016.03.15-12.26.41:530][771]LogPlayLevel: Creating play world package: /Game/StarterContent/Maps/UEDPIE_0_Minimal_Default
[2016.03.15-12.26.41:541][771]LogPlayLevel: PIE: StaticDuplicateObject took: (0.010685s)
[2016.03.15-12.26.41:543][771]LogAIModule: Creating AISystem for world Minimal_Default
[2016.03.15-12.26.41:545][771]LogPlayLevel: PIE: World Init took: (0.002626s)
[2016.03.15-12.26.41:545][771]LogPlayLevel: PIE: Created PIE world by copying editor world from /Game/StarterContent/Maps/Minimal_Default.Minimal_Default to /Game/StarterContent/Maps/UEDPIE_0_Minimal_Default.Minimal_Default (0.014793s)
[2016.03.15-12.26.41:628][771]LogInit: XAudio2 using 'Speakers (Realtek High Definition Audio)' : 2 channels at 48 kHz using 32 bits per sample (channel mask 0x3)
[2016.03.15-12.26.41:659][771]LogInit: FAudioDevice initialized.
[2016.03.15-12.26.41:708][771]LogWorld: Game class is 'LearningGameMode'
[2016.03.15-12.26.41:712][771]LogWorld: Bringing World /Game/StarterContent/Maps/UEDPIE_0_Minimal_Default.Minimal_Default up for play (max tick rate 0) at 2016.03.15-12.26.41
[2016.03.15-12.26.41:713][771]LogWorld: Bringing up level for play took: 0.004080
[2016.03.15-12.26.41:716][771]PIE: Info Play in editor start time for /Game/StarterContent/Maps/UEDPIE_0_Minimal_Default 0.402
[2016.03.15-12.26.41:716][771]LogBlueprintUserMessages: Late PlayInEditor Detection: Level '/Game/StarterContent/Maps/Minimal_Default.Minimal_Default:PersistentLevel' has LevelScriptBlueprint '/Game/StarterContent/Maps/Minimal_Default.Minimal_Default:PersistentLevel.Minimal_Default' with GeneratedClass '/Game/StarterContent/Maps/Minimal_Default.Minimal_Default_C' with ClassGeneratedBy '/Game/StarterContent/Maps/Minimal_Default.Minimal_Default:PersistentLevel.Minimal_Default'
[2016.03.15-12.26.51:755][334]LogBlueprintUserMessages: Early EndPlayMap Detection: Level '/Game/StarterContent/Maps/Minimal_Default.Minimal_Default:PersistentLevel' has LevelScriptBlueprint '/Game/StarterContent/Maps/Minimal_Default.Minimal_Default:PersistentLevel.Minimal_Default' with GeneratedClass '/Game/StarterContent/Maps/Minimal_Default.Minimal_Default_C' with ClassGeneratedBy '/Game/StarterContent/Maps/Minimal_Default.Minimal_Default:PersistentLevel.Minimal_Default'
[2016.03.15-12.26.51:812][334]LogBlueprintUserMessages: Late EndPlayMap Detection: Level '/Game/StarterContent/Maps/Minimal_Default.Minimal_Default:PersistentLevel' has LevelScriptBlueprint '/Game/StarterContent/Maps/Minimal_Default.Minimal_Default:PersistentLevel.Minimal_Default' with GeneratedClass '/Game/StarterContent/Maps/Minimal_Default.Minimal_Default_C' with ClassGeneratedBy '/Game/StarterContent/Maps/Minimal_Default.Minimal_Default:PersistentLevel.Minimal_Default'
[2016.03.15-12.27.23:544][498]Recompiling Learning...
[2016.03.15-12.27.23:544][498]Launching UnrealBuildTool... [C:/Users/Jack/Documents/GitHub/UnrealEngine/Engine/Binaries/DotNET/UnrealBuildTool.exe Learning -ModuleWithSuffix Learning 5665 Win64 Debug -editorrecompile -canskiplink "C:/Users/Jack/Documents/GitHub/UE4/Learning/Learning.uproject"  -2015]
[2016.03.15-12.27.23:556][498]Warning: Starting HotReload took  0.0s.
[2016.03.15-12.27.35:065][898]CompilerResultsLog: New page: Compilation - 15 Mar 2016 12:27:35
[2016.03.15-12.27.35:065][898]CompilerResultsLog: Info Creating makefile for hot reloading Learning (working set of source files changed)
[2016.03.15-12.27.35:066][898]CompilerResultsLog: Info Compiling game modules for hot reload
[2016.03.15-12.27.35:066][898]CompilerResultsLog: Info Building UnrealHeaderTool...
[2016.03.15-12.27.35:066][898]CompilerResultsLog: Info Target is up to date
[2016.03.15-12.27.35:066][898]CompilerResultsLog: Info Parsing headers for LearningEditor
[2016.03.15-12.27.35:067][898]CompilerResultsLog: Info   Running UnrealHeaderTool "C:\Users\Jack\Documents\GitHub\UE4\Learning\Learning.uproject" "C:\Users\Jack\Documents\GitHub\UE4\Learning\Intermediate\Build\Win64\LearningEditor\Debug\UnrealHeaderTool.manifest" -LogCmds="loginit warning, logexit warning, logdatabase error" -Unattended -WarningsAsErrors
[2016.03.15-12.27.35:067][898]CompilerResultsLog: Info Reflection code generated for LearningEditor in 3.5584985 seconds
[2016.03.15-12.27.35:068][898]CompilerResultsLog: Info Performing 2 actions (2 in parallel)
[2016.03.15-12.27.35:068][898]CompilerResultsLog: Info FloatingActor.cpp
[2016.03.15-12.27.35:068][898]CompilerResultsLog: Info [2/2] Link UE4Editor-Learning-5665-Win64-Debug.dll
[2016.03.15-12.27.35:068][898]CompilerResultsLog: Info    Creating library C:\Users\Jack\Documents\GitHub\UE4\Learning\Intermediate\Build\Win64\UE4Editor\Debug\UE4Editor-Learning-5665-Win64-Debug.lib and object C:\Users\Jack\Documents\GitHub\UE4\Learning\Intermediate\Build\Win64\UE4Editor\Debug\UE4Editor-Learning-5665-Win64-Debug.exp
[2016.03.15-12.27.35:068][898]CompilerResultsLog: Info -------- End Detailed Actions Stats -----------------------------------------------------------
[2016.03.15-12.27.35:068][898]CompilerResultsLog: Info Total build time: 11.45 seconds
[2016.03.15-12.27.35:068][898]LogMainFrame: MainFrame: Module compiling took 11.532 seconds
[2016.03.15-12.27.35:169][898]LogContentBrowser: Native class hierarchy updated for 'Learning' in 0.0013 seconds. Added 2 classes and 2 folders.
[2016.03.15-12.27.35:172][898]Warning: HotReload successful (0 functions remapped  0 scriptstructs remapped)
[2016.03.15-12.27.35:335][898]LogContentBrowser: Native class hierarchy populated in 0.0211 seconds. Added 1988 classes and 350 folders.
[2016.03.15-12.27.35:335][898]Warning: HotReload took 11.8s.
[2016.03.15-12.27.40:015][ 84]LogBlueprintUserMessages: Early PlayInEditor Detection: Level '/Game/StarterContent/Maps/Minimal_Default.Minimal_Default:PersistentLevel' has LevelScriptBlueprint '/Game/StarterContent/Maps/Minimal_Default.Minimal_Default:PersistentLevel.Minimal_Default' with GeneratedClass '/Game/StarterContent/Maps/Minimal_Default.Minimal_Default_C' with ClassGeneratedBy '/Game/StarterContent/Maps/Minimal_Default.Minimal_Default:PersistentLevel.Minimal_Default'
[2016.03.15-12.27.40:015][ 84]LogPlayLevel: PlayLevel: No blueprints needed recompiling
[2016.03.15-12.27.40:016][ 84]PIE: New page: PIE session: Minimal_Default (15 Mar 2016 12:27:40)
[2016.03.15-12.27.40:016][ 84]LogPlayLevel: Creating play world package: /Game/StarterContent/Maps/UEDPIE_0_Minimal_Default
[2016.03.15-12.27.40:027][ 84]LogPlayLevel: PIE: StaticDuplicateObject took: (0.011079s)
[2016.03.15-12.27.40:028][ 84]LogAIModule: Creating AISystem for world Minimal_Default
[2016.03.15-12.27.40:028][ 84]LogPlayLevel: PIE: World Init took: (0.001057s)
[2016.03.15-12.27.40:029][ 84]LogPlayLevel: PIE: Created PIE world by copying editor world from /Game/StarterContent/Maps/Minimal_Default.Minimal_Default to /Game/StarterContent/Maps/UEDPIE_0_Minimal_Default.Minimal_Default (0.013246s)
[2016.03.15-12.27.40:108][ 84]LogInit: XAudio2 using 'Speakers (Realtek High Definition Audio)' : 2 channels at 48 kHz using 32 bits per sample (channel mask 0x3)
[2016.03.15-12.27.40:141][ 84]LogInit: FAudioDevice initialized.
[2016.03.15-12.27.40:193][ 84]LogWorld: Game class is 'LearningGameMode'
[2016.03.15-12.27.40:196][ 84]LogWorld: Bringing World /Game/StarterContent/Maps/UEDPIE_0_Minimal_Default.Minimal_Default up for play (max tick rate 0) at 2016.03.15-12.27.40
[2016.03.15-12.27.40:197][ 84]LogWorld: Bringing up level for play took: 0.003631
[2016.03.15-12.27.40:200][ 84]PIE: Info Play in editor start time for /Game/StarterContent/Maps/UEDPIE_0_Minimal_Default 0.886
[2016.03.15-12.27.40:200][ 84]LogBlueprintUserMessages: Late PlayInEditor Detection: Level '/Game/StarterContent/Maps/Minimal_Default.Minimal_Default:PersistentLevel' has LevelScriptBlueprint '/Game/StarterContent/Maps/Minimal_Default.Minimal_Default:PersistentLevel.Minimal_Default' with GeneratedClass '/Game/StarterContent/Maps/Minimal_Default.Minimal_Default_C' with ClassGeneratedBy '/Game/StarterContent/Maps/Minimal_Default.Minimal_Default:PersistentLevel.Minimal_Default'
[2016.03.15-12.28.13:805][188]LogBlueprintUserMessages: Early EndPlayMap Detection: Level '/Game/StarterContent/Maps/Minimal_Default.Minimal_Default:PersistentLevel' has LevelScriptBlueprint '/Game/StarterContent/Maps/Minimal_Default.Minimal_Default:PersistentLevel.Minimal_Default' with GeneratedClass '/Game/StarterContent/Maps/Minimal_Default.Minimal_Default_C' with ClassGeneratedBy '/Game/StarterContent/Maps/Minimal_Default.Minimal_Default:PersistentLevel.Minimal_Default'
[2016.03.15-12.28.13:856][188]LogBlueprintUserMessages: Late EndPlayMap Detection: Level '/Game/StarterContent/Maps/Minimal_Default.Minimal_Default:PersistentLevel' has LevelScriptBlueprint '/Game/StarterContent/Maps/Minimal_Default.Minimal_Default:PersistentLevel.Minimal_Default' with GeneratedClass '/Game/StarterContent/Maps/Minimal_Default.Minimal_Default_C' with ClassGeneratedBy '/Game/StarterContent/Maps/Minimal_Default.Minimal_Default:PersistentLevel.Minimal_Default'
[2016.03.15-12.28.17:740][303]LogEditorViewport: Clicking on Actor (LMB): BP_Sky_Sphere_C (BP_Sky_Sphere)
[2016.03.15-12.28.19:573][373]LogEditorViewport: Clicking on Actor (LMB): FloatingActor (FloatingActor)
[2016.03.15-12.28.36:007][796]Recompiling Learning...
[2016.03.15-12.28.36:008][796]Launching UnrealBuildTool... [C:/Users/Jack/Documents/GitHub/UnrealEngine/Engine/Binaries/DotNET/UnrealBuildTool.exe Learning -ModuleWithSuffix Learning 6881 Win64 Debug -editorrecompile -canskiplink "C:/Users/Jack/Documents/GitHub/UE4/Learning/Learning.uproject"  -2015]
[2016.03.15-12.28.36:019][796]Warning: Starting HotReload took  0.0s.
[2016.03.15-12.28.47:577][197]CompilerResultsLog: New page: Compilation - 15 Mar 2016 12:28:47
[2016.03.15-12.28.47:577][197]CompilerResultsLog: Info Creating makefile for hot reloading Learning (working set of source files changed)
[2016.03.15-12.28.47:578][197]CompilerResultsLog: Info Compiling game modules for hot reload
[2016.03.15-12.28.47:578][197]CompilerResultsLog: Info Building UnrealHeaderTool...
[2016.03.15-12.28.47:578][197]CompilerResultsLog: Info Target is up to date
[2016.03.15-12.28.47:578][197]CompilerResultsLog: Info Parsing headers for LearningEditor
[2016.03.15-12.28.47:578][197]CompilerResultsLog: Info   Running UnrealHeaderTool "C:\Users\Jack\Documents\GitHub\UE4\Learning\Learning.uproject" "C:\Users\Jack\Documents\GitHub\UE4\Learning\Intermediate\Build\Win64\LearningEditor\Debug\UnrealHeaderTool.manifest" -LogCmds="loginit warning, logexit warning, logdatabase error" -Unattended -WarningsAsErrors
[2016.03.15-12.28.47:578][197]CompilerResultsLog: Info Reflection code generated for LearningEditor in 3.6352587 seconds
[2016.03.15-12.28.47:578][197]CompilerResultsLog: Info Performing 2 actions (2 in parallel)
[2016.03.15-12.28.47:578][197]CompilerResultsLog: Info FloatingActor.cpp
[2016.03.15-12.28.47:578][197]CompilerResultsLog: Info [2/2] Link UE4Editor-Learning-6881-Win64-Debug.dll
[2016.03.15-12.28.47:578][197]CompilerResultsLog: Info    Creating library C:\Users\Jack\Documents\GitHub\UE4\Learning\Intermediate\Build\Win64\UE4Editor\Debug\UE4Editor-Learning-6881-Win64-Debug.lib and object C:\Users\Jack\Documents\GitHub\UE4\Learning\Intermediate\Build\Win64\UE4Editor\Debug\UE4Editor-Learning-6881-Win64-Debug.exp
[2016.03.15-12.28.47:579][197]CompilerResultsLog: Info -------- End Detailed Actions Stats -----------------------------------------------------------
[2016.03.15-12.28.47:579][197]CompilerResultsLog: Info Total build time: 11.49 seconds
[2016.03.15-12.28.47:579][197]LogMainFrame: MainFrame: Module compiling took 11.579 seconds
[2016.03.15-12.28.47:696][197]LogContentBrowser: Native class hierarchy updated for 'Learning' in 0.0018 seconds. Added 2 classes and 2 folders.
[2016.03.15-12.28.47:700][197]Warning: HotReload successful (0 functions remapped  0 scriptstructs remapped)
[2016.03.15-12.28.47:893][197]LogContentBrowser: Native class hierarchy populated in 0.0248 seconds. Added 1988 classes and 350 folders.
[2016.03.15-12.28.47:893][197]Warning: HotReload took 11.9s.
[2016.03.15-12.30.15:483][ 96]LogSavePackage: Save=249.17ms
[2016.03.15-12.30.15:483][ 96]LogSavePackage: Moving '../../../../UE4/Learning/Saved/Minimal_Default_Auto296EE1C344D02D80F03C858B2A6D0F3A1.tmp' to '../../../../UE4/Learning/Saved/Autosaves/Game/StarterContent/Maps/Minimal_Default_Auto2.umap'
[2016.03.15-12.30.15:484][ 96]LogSavePackage: Total save time: 253.55ms
[2016.03.15-12.30.15:484][ 96]LogSavePackage:Display: Finished SavePackage ../../../../UE4/Learning/Saved/Autosaves/Game/StarterContent/Maps/Minimal_Default_Auto2.umap
[2016.03.15-12.30.15:486][ 96]LogFileHelpers: Editor autosave (incl. sublevels) for '/Game/StarterContent/Maps/Minimal_Default' took 0.343
[2016.03.15-12.30.15:486][ 96]LogFileHelpers: Editor autosave (incl. sublevels) for all levels took 0.343
[2016.03.15-12.30.32:722][789]LogBlueprintUserMessages: Early PlayInEditor Detection: Level '/Game/StarterContent/Maps/Minimal_Default.Minimal_Default:PersistentLevel' has LevelScriptBlueprint '/Game/StarterContent/Maps/Minimal_Default.Minimal_Default:PersistentLevel.Minimal_Default' with GeneratedClass '/Game/StarterContent/Maps/Minimal_Default.Minimal_Default_C' with ClassGeneratedBy '/Game/StarterContent/Maps/Minimal_Default.Minimal_Default:PersistentLevel.Minimal_Default'
[2016.03.15-12.30.32:722][789]LogPlayLevel: PlayLevel: No blueprints needed recompiling
[2016.03.15-12.30.32:722][789]PIE: New page: PIE session: Minimal_Default (15 Mar 2016 12:30:32)
[2016.03.15-12.30.32:723][789]LogPlayLevel: Creating play world package: /Game/StarterContent/Maps/UEDPIE_0_Minimal_Default
[2016.03.15-12.30.32:734][789]LogPlayLevel: PIE: StaticDuplicateObject took: (0.011123s)
[2016.03.15-12.30.32:735][789]LogAIModule: Creating AISystem for world Minimal_Default
[2016.03.15-12.30.32:735][789]LogPlayLevel: PIE: World Init took: (0.001193s)
[2016.03.15-12.30.32:736][789]LogPlayLevel: PIE: Created PIE world by copying editor world from /Game/StarterContent/Maps/Minimal_Default.Minimal_Default to /Game/StarterContent/Maps/UEDPIE_0_Minimal_Default.Minimal_Default (0.013221s)
[2016.03.15-12.30.32:829][789]LogInit: XAudio2 using 'Speakers (Realtek High Definition Audio)' : 2 channels at 48 kHz using 32 bits per sample (channel mask 0x3)
[2016.03.15-12.30.32:862][789]LogInit: FAudioDevice initialized.
[2016.03.15-12.30.32:910][789]LogWorld: Game class is 'LearningGameMode'
[2016.03.15-12.30.32:915][789]LogWorld: Bringing World /Game/StarterContent/Maps/UEDPIE_0_Minimal_Default.Minimal_Default up for play (max tick rate 0) at 2016.03.15-12.30.32
[2016.03.15-12.30.32:916][789]LogWorld: Bringing up level for play took: 0.004694
[2016.03.15-12.30.32:919][789]PIE: Info Play in editor start time for /Game/StarterContent/Maps/UEDPIE_0_Minimal_Default -0.394
[2016.03.15-12.30.32:920][789]LogBlueprintUserMessages: Late PlayInEditor Detection: Level '/Game/StarterContent/Maps/Minimal_Default.Minimal_Default:PersistentLevel' has LevelScriptBlueprint '/Game/StarterContent/Maps/Minimal_Default.Minimal_Default:PersistentLevel.Minimal_Default' with GeneratedClass '/Game/StarterContent/Maps/Minimal_Default.Minimal_Default_C' with ClassGeneratedBy '/Game/StarterContent/Maps/Minimal_Default.Minimal_Default:PersistentLevel.Minimal_Default'
[2016.03.15-12.31.14:142][329]LogBlueprintUserMessages: Early EndPlayMap Detection: Level '/Game/StarterContent/Maps/Minimal_Default.Minimal_Default:PersistentLevel' has LevelScriptBlueprint '/Game/StarterContent/Maps/Minimal_Default.Minimal_Default:PersistentLevel.Minimal_Default' with GeneratedClass '/Game/StarterContent/Maps/Minimal_Default.Minimal_Default_C' with ClassGeneratedBy '/Game/StarterContent/Maps/Minimal_Default.Minimal_Default:PersistentLevel.Minimal_Default'
[2016.03.15-12.31.14:197][329]LogBlueprintUserMessages: Late EndPlayMap Detection: Level '/Game/StarterContent/Maps/Minimal_Default.Minimal_Default:PersistentLevel' has LevelScriptBlueprint '/Game/StarterContent/Maps/Minimal_Default.Minimal_Default:PersistentLevel.Minimal_Default' with GeneratedClass '/Game/StarterContent/Maps/Minimal_Default.Minimal_Default_C' with ClassGeneratedBy '/Game/StarterContent/Maps/Minimal_Default.Minimal_Default:PersistentLevel.Minimal_Default'
[2016.03.15-12.31.37:277][515]Cmd: OBJ SAVEPACKAGE PACKAGE="/Game/StarterContent/Maps/Minimal_Default" FILE="../../../../UE4/Learning/Content/StarterContent/Maps/Minimal_Default.umap" SILENT=true AUTOSAVING=false KEEPDIRTY=false
[2016.03.15-12.31.37:612][515]LogSavePackage: Save=260.79ms
[2016.03.15-12.31.37:612][515]LogSavePackage: Moving '../../../../UE4/Learning/Saved/Minimal_DefaultD563F86042D851993039F8AF341391D9.tmp' to '../../../../UE4/Learning/Content/StarterContent/Maps/Minimal_Default.umap'
[2016.03.15-12.31.37:614][515]LogSavePackage: Total save time: 264.65ms
[2016.03.15-12.31.37:615][515]LogSavePackage:Display: Finished SavePackage ../../../../UE4/Learning/Content/StarterContent/Maps/Minimal_Default.umap
[2016.03.15-12.41.40:713][450]LogEditorViewport: Clicking on Actor (LMB): BP_Sky_Sphere_C (BP_Sky_Sphere)
[2016.03.15-12.49.56:382][218]Running C:/Users/Jack/Documents/GitHub/UnrealEngine/Engine/Binaries/DotNET/UnrealBuildTool.exe Learning Win64 Debug -editorrecompile "C:/Users/Jack/Documents/GitHub/UE4/Learning/Learning.uproject" -invalidatemakefilesonly -2015
[2016.03.15-12.49.56:697][218]Invalidating makefiles only in this run.
[2016.03.15-12.49.56:818][218]Recompiling Learning...
[2016.03.15-12.49.56:819][218]Launching UnrealBuildTool... [C:/Users/Jack/Documents/GitHub/UnrealEngine/Engine/Binaries/DotNET/UnrealBuildTool.exe Learning -ModuleWithSuffix Learning 1797 Win64 Debug -editorrecompile -canskiplink "C:/Users/Jack/Documents/GitHub/UE4/Learning/Learning.uproject"  -2015]
[2016.03.15-12.50.09:401][218]CompilerResultsLog: New page: Compilation - 15 Mar 2016 12:50:09
[2016.03.15-12.50.09:404][218]CompilerResultsLog: Info Creating makefile for hot reloading Learning (no existing makefile)
[2016.03.15-12.50.09:404][218]CompilerResultsLog: Info Compiling game modules for hot reload
[2016.03.15-12.50.09:404][218]CompilerResultsLog: Info Building UnrealHeaderTool...
[2016.03.15-12.50.09:404][218]CompilerResultsLog: Info Target is up to date
[2016.03.15-12.50.09:404][218]CompilerResultsLog: Info Parsing headers for LearningEditor
[2016.03.15-12.50.09:404][218]CompilerResultsLog: Info   Running UnrealHeaderTool "C:\Users\Jack\Documents\GitHub\UE4\Learning\Learning.uproject" "C:\Users\Jack\Documents\GitHub\UE4\Learning\Intermediate\Build\Win64\LearningEditor\Debug\UnrealHeaderTool.manifest" -LogCmds="loginit warning, logexit warning, logdatabase error" -Unattended -WarningsAsErrors
[2016.03.15-12.50.09:405][218]CompilerResultsLog: Info Reflection code generated for LearningEditor in 3.8278854 seconds
[2016.03.15-12.50.09:407][218]CompilerResultsLog: Info Performing 4 actions (2 in parallel)
[2016.03.15-12.50.09:410][218]CompilerResultsLog: Info FloatingActor.cpp
[2016.03.15-12.50.09:410][218]CompilerResultsLog: Info MyActor.cpp
[2016.03.15-12.50.09:410][218]CompilerResultsLog: Info Learning.generated.cpp
[2016.03.15-12.50.09:410][218]CompilerResultsLog: Info [4/4] Link UE4Editor-Learning-1797-Win64-Debug.dll
[2016.03.15-12.50.09:410][218]CompilerResultsLog: Info    Creating library C:\Users\Jack\Documents\GitHub\UE4\Learning\Intermediate\Build\Win64\UE4Editor\Debug\UE4Editor-Learning-1797-Win64-Debug.lib and object C:\Users\Jack\Documents\GitHub\UE4\Learning\Intermediate\Build\Win64\UE4Editor\Debug\UE4Editor-Learning-1797-Win64-Debug.exp
[2016.03.15-12.50.09:410][218]CompilerResultsLog: Info -------- End Detailed Actions Stats -----------------------------------------------------------
[2016.03.15-12.50.09:410][218]CompilerResultsLog: Info Total build time: 12.51 seconds
[2016.03.15-12.50.09:411][218]LogMainFrame: MainFrame: Module compiling took 12.597 seconds
[2016.03.15-12.50.09:527][218]LogClass: Could not find existing class FloatingActor in package /Script/Learning for HotReload, assuming new class
[2016.03.15-12.50.09:530][218]LogClass: Could not find existing class MyActor in package /Script/Learning for HotReload, assuming new class
[2016.03.15-12.50.09:535][218]LogHotReload: Re-instancing FloatingActor after hot-reload.
[2016.03.15-12.50.09:537][218]LogContentBrowser: Native class hierarchy updated for 'Learning' in 0.0014 seconds. Added 3 classes and 2 folders.
[2016.03.15-12.50.09:542][218]Warning: HotReload successful (0 functions remapped  0 scriptstructs remapped)
[2016.03.15-12.50.09:748][218]LogContentBrowser: Native class hierarchy populated in 0.0296 seconds. Added 1989 classes and 350 folders.
[2016.03.15-12.50.09:748][218]Warning: HotReload took 12.9s.
[2016.03.15-12.50.09:750][218]Warning: HotReload operation took 12.9s.
[2016.03.15-12.50.09:875][218]LogVSAccessor:Warning: Couldn't goto line number '0' in 'C:/Users/Jack/Documents/GitHub/UE4/Learning/Source/Learning/MyActor.h'
[2016.03.15-12.50.09:967][218]LogVSAccessor:Warning: Couldn't goto line number '0' in 'C:/Users/Jack/Documents/GitHub/UE4/Learning/Source/Learning/MyActor.cpp'
[2016.03.15-12.50.10:005][218]LogHotReload: New module detected: UE4Editor-Learning-1797-Win64-Debug.dll
[2016.03.15-12.50.10:061][219]LogHotReload: Starting Hot-Reload from IDE
[2016.03.15-12.50.10:325][219]LogContentBrowser: Native class hierarchy updated for 'Learning' in 0.0013 seconds. Added 3 classes and 2 folders.
[2016.03.15-12.50.10:330][219]Warning: HotReload successful (0 functions remapped  0 scriptstructs remapped)
[2016.03.15-12.50.10:374][219]LogContentBrowser: Native class hierarchy populated in 0.0340 seconds. Added 1989 classes and 350 folders.
[2016.03.15-12.50.10:379][219]Warning: HotReload took 13.6s.
[2016.03.15-12.51.10:923][446]LogEditorViewport: Clicking on Actor (LMB): HOTRELOADED_FloatingActor_0 (FloatingActor)
[2016.03.15-12.54.13:399][455]LogEditor: Attempting to add actor of class 'MyActor' to level at 320.00,80.00,-260.00
[2016.03.15-12.54.14:182][490]LogEditor: Attempting to add actor of class 'MyActor' to level at -30.00,200.00,-150.00
[2016.03.15-12.54.20:445][751]Recompiling Learning...
[2016.03.15-12.54.20:446][751]Launching UnrealBuildTool... [C:/Users/Jack/Documents/GitHub/UnrealEngine/Engine/Binaries/DotNET/UnrealBuildTool.exe Learning -ModuleWithSuffix Learning 4464 Win64 Debug -editorrecompile -canskiplink "C:/Users/Jack/Documents/GitHub/UE4/Learning/Learning.uproject"  -2015]
[2016.03.15-12.54.20:461][751]Warning: Starting HotReload took  0.0s.
[2016.03.15-12.54.27:963][ 60]CompilerResultsLog: New page: Compilation - 15 Mar 2016 12:54:27
[2016.03.15-12.54.27:965][ 60]CompilerResultsLog: Info Compiling game modules for hot reload
[2016.03.15-12.54.27:966][ 60]CompilerResultsLog: Info Parsing headers for LearningEditor
[2016.03.15-12.54.27:966][ 60]CompilerResultsLog: Info   Running UnrealHeaderTool "C:\Users\Jack\Documents\GitHub\UE4\Learning\Learning.uproject" "C:\Users\Jack\Documents\GitHub\UE4\Learning\Intermediate\Build\Win64\LearningEditor\Debug\UnrealHeaderTool.manifest" -LogCmds="loginit warning, logexit warning, logdatabase error" -Unattended -WarningsAsErrors
[2016.03.15-12.54.27:966][ 60]CompilerResultsLog: Info Reflection code generated for LearningEditor in 3.5950306 seconds
[2016.03.15-12.54.27:966][ 60]CompilerResultsLog: Info Performing 4 actions (2 in parallel)
[2016.03.15-12.54.27:966][ 60]CompilerResultsLog: Info FloatingActor.cpp
[2016.03.15-12.54.27:966][ 60]CompilerResultsLog: Info MyActor.cpp
[2016.03.15-12.54.27:966][ 60]CompilerResultsLog: Info Learning.generated.cpp
[2016.03.15-12.54.27:966][ 60]CompilerResultsLog: Info [4/4] Link UE4Editor-Learning-4464-Win64-Debug.dll
[2016.03.15-12.54.27:966][ 60]CompilerResultsLog: Info    Creating library C:\Users\Jack\Documents\GitHub\UE4\Learning\Intermediate\Build\Win64\UE4Editor\Debug\UE4Editor-Learning-4464-Win64-Debug.lib and object C:\Users\Jack\Documents\GitHub\UE4\Learning\Intermediate\Build\Win64\UE4Editor\Debug\UE4Editor-Learning-4464-Win64-Debug.exp
[2016.03.15-12.54.27:966][ 60]CompilerResultsLog: Info -------- End Detailed Actions Stats -----------------------------------------------------------
[2016.03.15-12.54.27:967][ 60]CompilerResultsLog: Info Total build time: 7.45 seconds
[2016.03.15-12.54.27:967][ 60]LogMainFrame: MainFrame: Module compiling took 7.526 seconds
[2016.03.15-12.54.28:099][ 60]LogClass: Could not find 